000 (9400801.000.000) 07/13 16:34:14 Job submitted from host: <137.138.120.116:9618?addrs=137.138.120.116-9618+[2001-1458-d00-16--17b]-9618&alias=bigbird12.cern.ch&noUDP&sock=schedd_8624_ecd7>
...
040 (9400801.000.000) 07/13 16:36:11 Started transferring input files
	Transferring to host: <128.142.52.11:9618?addrs=128.142.52.11-9618+[2001-1458-301-1b--100-8]-9618&alias=b7g02p9274.cern.ch&noUDP&sock=slot1_18_3695_362f_97426>
...
040 (9400801.000.000) 07/13 16:36:11 Finished transferring input files
...
001 (9400801.000.000) 07/13 16:36:12 Job executing on host: <128.142.52.11:9618?addrs=128.142.52.11-9618+[2001-1458-301-1b--100-8]-9618&alias=b7g02p9274.cern.ch&noUDP&sock=startd_2982_fb81>
...
006 (9400801.000.000) 07/13 16:36:20 Image size of job updated: 370380
	119  -  MemoryUsage of job (MB)
	121156  -  ResidentSetSize of job (KB)
...
006 (9400801.000.000) 07/13 16:41:20 Image size of job updated: 1453212
	304  -  MemoryUsage of job (MB)
	310640  -  ResidentSetSize of job (KB)
...
006 (9400801.000.000) 07/13 16:46:21 Image size of job updated: 1453212
	313  -  MemoryUsage of job (MB)
	319628  -  ResidentSetSize of job (KB)
...
006 (9400801.000.000) 07/13 16:51:21 Image size of job updated: 1453212
	316  -  MemoryUsage of job (MB)
	322768  -  ResidentSetSize of job (KB)
...
006 (9400801.000.000) 07/13 16:56:21 Image size of job updated: 1453212
	317  -  MemoryUsage of job (MB)
	324376  -  ResidentSetSize of job (KB)
...
040 (9400801.000.000) 07/13 16:56:57 Started transferring output files
...
040 (9400801.000.000) 07/13 16:56:57 Finished transferring output files
...
005 (9400801.000.000) 07/13 16:56:57 Job terminated.
	(1) Normal termination (return value 0)
		Usr 0 00:01:45, Sys 0 00:00:07  -  Run Remote Usage
		Usr 0 00:00:00, Sys 0 00:00:00  -  Run Local Usage
		Usr 0 00:01:45, Sys 0 00:00:07  -  Total Remote Usage
		Usr 0 00:00:00, Sys 0 00:00:00  -  Total Local Usage
	6793  -  Run Bytes Sent By Job
	10610  -  Run Bytes Received By Job
	6793  -  Total Bytes Sent By Job
	10610  -  Total Bytes Received By Job
	Partitionable Resources :    Usage  Request Allocated 
	   Cpus                 :     0.07        1         1 
	   Disk (KB)            :    39          12   1316463 
	   Memory (MB)          :   317        2000      2000 

	Job terminated of its own accord at 2023-07-13T14:56:56Z.
...
