000 (9400795.000.000) 07/13 16:33:44 Job submitted from host: <137.138.120.116:9618?addrs=137.138.120.116-9618+[2001-1458-d00-16--17b]-9618&alias=bigbird12.cern.ch&noUDP&sock=schedd_8624_ecd7>
...
040 (9400795.000.000) 07/13 16:36:09 Started transferring input files
	Transferring to host: <188.184.163.200:9618?addrs=188.184.163.200-9618+[2001-1458-301-4d--100-c2]-9618&alias=b7s12p4390.cern.ch&noUDP&sock=slot1_16_186358_d1d3_778>
...
040 (9400795.000.000) 07/13 16:36:09 Finished transferring input files
...
001 (9400795.000.000) 07/13 16:36:10 Job executing on host: <188.184.163.200:9618?addrs=188.184.163.200-9618+[2001-1458-301-4d--100-c2]-9618&alias=b7s12p4390.cern.ch&noUDP&sock=startd_186316_db7c>
...
006 (9400795.000.000) 07/13 16:36:19 Image size of job updated: 109116
	63  -  MemoryUsage of job (MB)
	64452  -  ResidentSetSize of job (KB)
...
006 (9400795.000.000) 07/13 16:41:20 Image size of job updated: 1464668
	329  -  MemoryUsage of job (MB)
	336236  -  ResidentSetSize of job (KB)
...
006 (9400795.000.000) 07/13 16:46:21 Image size of job updated: 1464668
	332  -  MemoryUsage of job (MB)
	339008  -  ResidentSetSize of job (KB)
...
040 (9400795.000.000) 07/13 16:46:39 Started transferring output files
...
040 (9400795.000.000) 07/13 16:46:39 Finished transferring output files
...
005 (9400795.000.000) 07/13 16:46:39 Job terminated.
	(1) Normal termination (return value 0)
		Usr 0 00:01:35, Sys 0 00:00:05  -  Run Remote Usage
		Usr 0 00:00:00, Sys 0 00:00:00  -  Run Local Usage
		Usr 0 00:01:35, Sys 0 00:00:05  -  Total Remote Usage
		Usr 0 00:00:00, Sys 0 00:00:00  -  Total Local Usage
	7000  -  Run Bytes Sent By Job
	10610  -  Run Bytes Received By Job
	7000  -  Total Bytes Sent By Job
	10610  -  Total Bytes Received By Job
	Partitionable Resources :    Usage  Request Allocated 
	   Cpus                 :                 1         1 
	   Disk (KB)            :       31       12   2998816 
	   Memory (MB)          :      332     2000      2000 

	Job terminated of its own accord at 2023-07-13T14:46:38Z.
...
