000 (9400797.000.000) 07/13 16:33:53 Job submitted from host: <137.138.120.116:9618?addrs=137.138.120.116-9618+[2001-1458-d00-16--17b]-9618&alias=bigbird12.cern.ch&noUDP&sock=schedd_8624_ecd7>
...
040 (9400797.000.000) 07/13 16:36:10 Started transferring input files
	Transferring to host: <188.184.162.58:9618?addrs=188.184.162.58-9618+[2001-1458-301-4a--100-34]-9618&alias=b7s11p5148.cern.ch&noUDP&sock=slot1_8_4991_5c64_54987>
...
040 (9400797.000.000) 07/13 16:36:10 Finished transferring input files
...
001 (9400797.000.000) 07/13 16:36:11 Job executing on host: <188.184.162.58:9618?addrs=188.184.162.58-9618+[2001-1458-301-4a--100-34]-9618&alias=b7s11p5148.cern.ch&noUDP&sock=startd_3749_14a5>
...
006 (9400797.000.000) 07/13 16:36:20 Image size of job updated: 7112
	5  -  MemoryUsage of job (MB)
	4836  -  ResidentSetSize of job (KB)
...
006 (9400797.000.000) 07/13 16:41:21 Image size of job updated: 1452928
	299  -  MemoryUsage of job (MB)
	305508  -  ResidentSetSize of job (KB)
...
006 (9400797.000.000) 07/13 16:46:21 Image size of job updated: 1452936
	314  -  MemoryUsage of job (MB)
	321424  -  ResidentSetSize of job (KB)
...
006 (9400797.000.000) 07/13 16:51:21 Image size of job updated: 1452936
	320  -  MemoryUsage of job (MB)
	327152  -  ResidentSetSize of job (KB)
...
006 (9400797.000.000) 07/13 16:56:22 Image size of job updated: 1453192
	322  -  MemoryUsage of job (MB)
	329188  -  ResidentSetSize of job (KB)
...
006 (9400797.000.000) 07/13 17:01:23 Image size of job updated: 1453192
	323  -  MemoryUsage of job (MB)
	329832  -  ResidentSetSize of job (KB)
...
006 (9400797.000.000) 07/13 17:06:23 Image size of job updated: 1453192
	323  -  MemoryUsage of job (MB)
	330200  -  ResidentSetSize of job (KB)
...
006 (9400797.000.000) 07/13 17:11:24 Image size of job updated: 1453360
	323  -  MemoryUsage of job (MB)
	330304  -  ResidentSetSize of job (KB)
...
006 (9400797.000.000) 07/13 17:16:25 Image size of job updated: 1453360
	323  -  MemoryUsage of job (MB)
	330320  -  ResidentSetSize of job (KB)
...
006 (9400797.000.000) 07/13 17:21:25 Image size of job updated: 1453360
	323  -  MemoryUsage of job (MB)
	330324  -  ResidentSetSize of job (KB)
...
006 (9400797.000.000) 07/13 17:26:26 Image size of job updated: 1453360
	323  -  MemoryUsage of job (MB)
	330332  -  ResidentSetSize of job (KB)
...
006 (9400797.000.000) 07/13 17:31:27 Image size of job updated: 1453360
	323  -  MemoryUsage of job (MB)
	330344  -  ResidentSetSize of job (KB)
...
006 (9400797.000.000) 07/13 17:41:27 Image size of job updated: 1453360
	323  -  MemoryUsage of job (MB)
	330348  -  ResidentSetSize of job (KB)
...
006 (9400797.000.000) 07/13 17:51:28 Image size of job updated: 1453360
	323  -  MemoryUsage of job (MB)
	330352  -  ResidentSetSize of job (KB)
...
006 (9400797.000.000) 07/13 18:01:29 Image size of job updated: 1453360
	323  -  MemoryUsage of job (MB)
	330380  -  ResidentSetSize of job (KB)
...
006 (9400797.000.000) 07/13 18:06:29 Image size of job updated: 1453360
	323  -  MemoryUsage of job (MB)
	330384  -  ResidentSetSize of job (KB)
...
006 (9400797.000.000) 07/13 18:21:31 Image size of job updated: 1453524
	323  -  MemoryUsage of job (MB)
	330588  -  ResidentSetSize of job (KB)
...
006 (9400797.000.000) 07/13 18:41:33 Image size of job updated: 1453524
	323  -  MemoryUsage of job (MB)
	330600  -  ResidentSetSize of job (KB)
...
006 (9400797.000.000) 07/13 18:56:35 Image size of job updated: 1453524
	323  -  MemoryUsage of job (MB)
	330604  -  ResidentSetSize of job (KB)
...
006 (9400797.000.000) 07/13 19:11:37 Image size of job updated: 1453524
	323  -  MemoryUsage of job (MB)
	330612  -  ResidentSetSize of job (KB)
...
040 (9400797.000.000) 07/13 19:42:53 Started transferring output files
...
040 (9400797.000.000) 07/13 19:42:53 Finished transferring output files
...
005 (9400797.000.000) 07/13 19:42:53 Job terminated.
	(1) Normal termination (return value 0)
		Usr 0 02:13:53, Sys 0 00:00:22  -  Run Remote Usage
		Usr 0 00:00:00, Sys 0 00:00:00  -  Run Local Usage
		Usr 0 02:13:53, Sys 0 00:00:22  -  Total Remote Usage
		Usr 0 00:00:00, Sys 0 00:00:00  -  Total Local Usage
	15484  -  Run Bytes Sent By Job
	10610  -  Run Bytes Received By Job
	15484  -  Total Bytes Sent By Job
	10610  -  Total Bytes Received By Job
	Partitionable Resources :    Usage  Request Allocated 
	   Cpus                 :     0.76        1         1 
	   Disk (KB)            :    47          12   2902574 
	   Memory (MB)          :   323        2000      2000 

	Job terminated of its own accord at 2023-07-13T17:42:53Z.
...
