000 (9400804.000.000) 07/13 16:34:28 Job submitted from host: <137.138.120.116:9618?addrs=137.138.120.116-9618+[2001-1458-d00-16--17b]-9618&alias=bigbird12.cern.ch&noUDP&sock=schedd_8624_ecd7>
...
040 (9400804.000.000) 07/13 16:36:12 Started transferring input files
	Transferring to host: <188.184.163.184:9618?addrs=188.184.163.184-9618&alias=b7s12p7289.cern.ch&noUDP&sock=slot1_17_41325_f36a_29269>
...
040 (9400804.000.000) 07/13 16:36:12 Finished transferring input files
...
001 (9400804.000.000) 07/13 16:36:13 Job executing on host: <188.184.163.184:9618?addrs=188.184.163.184-9618&alias=b7s12p7289.cern.ch&noUDP&sock=startd_2977_8d88>
...
006 (9400804.000.000) 07/13 16:36:22 Image size of job updated: 33748
	18  -  MemoryUsage of job (MB)
	17740  -  ResidentSetSize of job (KB)
...
006 (9400804.000.000) 07/13 16:41:23 Image size of job updated: 1452196
	296  -  MemoryUsage of job (MB)
	302472  -  ResidentSetSize of job (KB)
...
006 (9400804.000.000) 07/13 16:46:24 Image size of job updated: 1452196
	306  -  MemoryUsage of job (MB)
	313048  -  ResidentSetSize of job (KB)
...
006 (9400804.000.000) 07/13 16:51:24 Image size of job updated: 1452196
	312  -  MemoryUsage of job (MB)
	318888  -  ResidentSetSize of job (KB)
...
040 (9400804.000.000) 07/13 16:51:32 Started transferring output files
...
040 (9400804.000.000) 07/13 16:51:32 Finished transferring output files
...
005 (9400804.000.000) 07/13 16:51:32 Job terminated.
	(1) Normal termination (return value 0)
		Usr 0 00:00:15, Sys 0 00:00:04  -  Run Remote Usage
		Usr 0 00:00:00, Sys 0 00:00:00  -  Run Local Usage
		Usr 0 00:00:15, Sys 0 00:00:04  -  Total Remote Usage
		Usr 0 00:00:00, Sys 0 00:00:00  -  Total Local Usage
	6377  -  Run Bytes Sent By Job
	10610  -  Run Bytes Received By Job
	6377  -  Total Bytes Sent By Job
	10610  -  Total Bytes Received By Job
	Partitionable Resources :    Usage  Request Allocated 
	   Cpus                 :     0.02        1         1 
	   Disk (KB)            :    37          12   2943180 
	   Memory (MB)          :   312        2000      2000 

	Job terminated of its own accord at 2023-07-13T14:51:32Z.
...
