000 (9400805.000.000) 07/13 16:34:33 Job submitted from host: <137.138.120.116:9618?addrs=137.138.120.116-9618+[2001-1458-d00-16--17b]-9618&alias=bigbird12.cern.ch&noUDP&sock=schedd_8624_ecd7>
...
040 (9400805.000.000) 07/13 16:36:12 Started transferring input files
	Transferring to host: <188.184.163.33:9618?addrs=188.184.163.33-9618&alias=b7s12p4730.cern.ch&noUDP&sock=slot1_1_5298_ab91_122831>
...
040 (9400805.000.000) 07/13 16:36:12 Finished transferring input files
...
001 (9400805.000.000) 07/13 16:36:13 Job executing on host: <188.184.163.33:9618?addrs=188.184.163.33-9618&alias=b7s12p4730.cern.ch&noUDP&sock=startd_4815_449a>
...
006 (9400805.000.000) 07/13 16:36:22 Image size of job updated: 577900
	143  -  MemoryUsage of job (MB)
	145884  -  ResidentSetSize of job (KB)
...
006 (9400805.000.000) 07/13 16:39:45 Image size of job updated: 1455540
	143  -  MemoryUsage of job (MB)
	145924  -  ResidentSetSize of job (KB)
...
040 (9400805.000.000) 07/13 16:39:45 Started transferring output files
...
040 (9400805.000.000) 07/13 16:39:45 Finished transferring output files
...
005 (9400805.000.000) 07/13 16:39:45 Job terminated.
	(1) Normal termination (return value 0)
		Usr 0 00:00:16, Sys 0 00:00:03  -  Run Remote Usage
		Usr 0 00:00:00, Sys 0 00:00:00  -  Run Local Usage
		Usr 0 00:00:16, Sys 0 00:00:03  -  Total Remote Usage
		Usr 0 00:00:00, Sys 0 00:00:00  -  Total Local Usage
	5597  -  Run Bytes Sent By Job
	10610  -  Run Bytes Received By Job
	5597  -  Total Bytes Sent By Job
	10610  -  Total Bytes Received By Job
	Partitionable Resources :    Usage  Request Allocated 
	   Cpus                 :                 1         1 
	   Disk (KB)            :       30       12   3008921 
	   Memory (MB)          :      143     2000      2000 

	Job terminated of its own accord at 2023-07-13T14:39:45Z.
...
