000 (9400803.000.000) 07/13 16:34:23 Job submitted from host: <137.138.120.116:9618?addrs=137.138.120.116-9618+[2001-1458-d00-16--17b]-9618&alias=bigbird12.cern.ch&noUDP&sock=schedd_8624_ecd7>
...
040 (9400803.000.000) 07/13 16:36:13 Started transferring input files
	Transferring to host: <188.184.162.130:9618?addrs=188.184.162.130-9618+[2001-1458-301-4a--100-7c]-9618&alias=b7s11p9757.cern.ch&noUDP&sock=slot1_26_223638_f3bf_114520>
...
040 (9400803.000.000) 07/13 16:36:13 Finished transferring input files
...
001 (9400803.000.000) 07/13 16:36:14 Job executing on host: <188.184.162.130:9618?addrs=188.184.162.130-9618+[2001-1458-301-4a--100-7c]-9618&alias=b7s11p9757.cern.ch&noUDP&sock=startd_223577_cddc>
...
006 (9400803.000.000) 07/13 16:36:23 Image size of job updated: 820556
	143  -  MemoryUsage of job (MB)
	146400  -  ResidentSetSize of job (KB)
...
006 (9400803.000.000) 07/13 16:41:24 Image size of job updated: 1451940
	299  -  MemoryUsage of job (MB)
	306132  -  ResidentSetSize of job (KB)
...
006 (9400803.000.000) 07/13 16:46:24 Image size of job updated: 1451940
	308  -  MemoryUsage of job (MB)
	314860  -  ResidentSetSize of job (KB)
...
006 (9400803.000.000) 07/13 16:51:24 Image size of job updated: 1451940
	313  -  MemoryUsage of job (MB)
	319668  -  ResidentSetSize of job (KB)
...
006 (9400803.000.000) 07/13 16:56:25 Image size of job updated: 1451940
	314  -  MemoryUsage of job (MB)
	321388  -  ResidentSetSize of job (KB)
...
040 (9400803.000.000) 07/13 16:58:04 Started transferring output files
...
040 (9400803.000.000) 07/13 16:58:04 Finished transferring output files
...
005 (9400803.000.000) 07/13 16:58:04 Job terminated.
	(1) Normal termination (return value 0)
		Usr 0 00:00:33, Sys 0 00:00:06  -  Run Remote Usage
		Usr 0 00:00:00, Sys 0 00:00:00  -  Run Local Usage
		Usr 0 00:00:33, Sys 0 00:00:06  -  Total Remote Usage
		Usr 0 00:00:00, Sys 0 00:00:00  -  Total Local Usage
	6819  -  Run Bytes Sent By Job
	10610  -  Run Bytes Received By Job
	6819  -  Total Bytes Sent By Job
	10610  -  Total Bytes Received By Job
	Partitionable Resources :    Usage  Request Allocated 
	   Cpus                 :     0.05        1         1 
	   Disk (KB)            :    39          12   3046960 
	   Memory (MB)          :   314        2000      2000 

	Job terminated of its own accord at 2023-07-13T14:58:04Z.
...
