000 (9400807.000.000) 07/13 16:34:46 Job submitted from host: <137.138.120.116:9618?addrs=137.138.120.116-9618+[2001-1458-d00-16--17b]-9618&alias=bigbird12.cern.ch&noUDP&sock=schedd_8624_ecd7>
...
040 (9400807.000.000) 07/13 16:36:13 Started transferring input files
	Transferring to host: <188.184.160.150:9618?addrs=188.184.160.150-9618+[2001-1458-301-48--100-90]-9618&alias=b7s09p5770.cern.ch&noUDP&sock=slot1_18_231283_8bd6_113816>
...
040 (9400807.000.000) 07/13 16:36:13 Finished transferring input files
...
001 (9400807.000.000) 07/13 16:36:14 Job executing on host: <188.184.160.150:9618?addrs=188.184.160.150-9618+[2001-1458-301-48--100-90]-9618&alias=b7s09p5770.cern.ch&noUDP&sock=startd_231245_6a12>
...
006 (9400807.000.000) 07/13 16:36:23 Image size of job updated: 217776
	91  -  MemoryUsage of job (MB)
	92220  -  ResidentSetSize of job (KB)
...
006 (9400807.000.000) 07/13 16:41:24 Image size of job updated: 1453660
	311  -  MemoryUsage of job (MB)
	318380  -  ResidentSetSize of job (KB)
...
006 (9400807.000.000) 07/13 16:46:25 Image size of job updated: 1453660
	320  -  MemoryUsage of job (MB)
	327636  -  ResidentSetSize of job (KB)
...
006 (9400807.000.000) 07/13 16:51:25 Image size of job updated: 1453660
	321  -  MemoryUsage of job (MB)
	328564  -  ResidentSetSize of job (KB)
...
006 (9400807.000.000) 07/13 16:56:26 Image size of job updated: 1453660
	322  -  MemoryUsage of job (MB)
	329364  -  ResidentSetSize of job (KB)
...
006 (9400807.000.000) 07/13 17:01:27 Image size of job updated: 1453660
	322  -  MemoryUsage of job (MB)
	329656  -  ResidentSetSize of job (KB)
...
040 (9400807.000.000) 07/13 17:04:38 Entered queue to transfer output files
...
040 (9400807.000.000) 07/13 17:04:58 Started transferring output files
...
040 (9400807.000.000) 07/13 17:04:58 Finished transferring output files
...
005 (9400807.000.000) 07/13 17:04:58 Job terminated.
	(1) Normal termination (return value 0)
		Usr 0 00:18:00, Sys 0 00:00:06  -  Run Remote Usage
		Usr 0 00:00:00, Sys 0 00:00:00  -  Run Local Usage
		Usr 0 00:18:00, Sys 0 00:00:06  -  Total Remote Usage
		Usr 0 00:00:00, Sys 0 00:00:00  -  Total Local Usage
	6675  -  Run Bytes Sent By Job
	10610  -  Run Bytes Received By Job
	6675  -  Total Bytes Sent By Job
	10610  -  Total Bytes Received By Job
	Partitionable Resources :    Usage  Request Allocated 
	   Cpus                 :     0.48        1         1 
	   Disk (KB)            :    38          12   2820774 
	   Memory (MB)          :   322        2000      2000 

	Job terminated of its own accord at 2023-07-13T15:04:33Z.
...
