000 (9399646.000.000) 07/12 17:05:21 Job submitted from host: <137.138.120.116:9618?addrs=137.138.120.116-9618+[2001-1458-d00-16--17b]-9618&alias=bigbird12.cern.ch&noUDP&sock=schedd_8624_ecd7>
...
040 (9399646.000.000) 07/12 17:07:33 Started transferring input files
	Transferring to host: <128.142.131.54:9618?addrs=128.142.131.54-9618+[2001-1458-301-59--100-2a]-9618&alias=b7g11p2902.cern.ch&noUDP&sock=slot1_15_4548_3a32_99008>
...
040 (9399646.000.000) 07/12 17:07:33 Finished transferring input files
...
001 (9399646.000.000) 07/12 17:07:34 Job executing on host: <128.142.131.54:9618?addrs=128.142.131.54-9618+[2001-1458-301-59--100-2a]-9618&alias=b7g11p2902.cern.ch&noUDP&sock=startd_3233_25c6>
...
006 (9399646.000.000) 07/12 17:07:43 Image size of job updated: 370376
	60  -  MemoryUsage of job (MB)
	60680  -  ResidentSetSize of job (KB)
...
006 (9399646.000.000) 07/12 17:12:44 Image size of job updated: 1422896
	292  -  MemoryUsage of job (MB)
	298236  -  ResidentSetSize of job (KB)
...
006 (9399646.000.000) 07/12 17:17:45 Image size of job updated: 1423152
	303  -  MemoryUsage of job (MB)
	309800  -  ResidentSetSize of job (KB)
...
006 (9399646.000.000) 07/12 17:22:45 Image size of job updated: 1423152
	308  -  MemoryUsage of job (MB)
	314704  -  ResidentSetSize of job (KB)
...
006 (9399646.000.000) 07/12 17:27:45 Image size of job updated: 1423152
	310  -  MemoryUsage of job (MB)
	316884  -  ResidentSetSize of job (KB)
...
040 (9399646.000.000) 07/12 17:29:41 Started transferring output files
...
040 (9399646.000.000) 07/12 17:29:41 Finished transferring output files
...
005 (9399646.000.000) 07/12 17:29:41 Job terminated.
	(1) Normal termination (return value 1)
		Usr 0 00:01:01, Sys 0 00:00:08  -  Run Remote Usage
		Usr 0 00:00:00, Sys 0 00:00:00  -  Run Local Usage
		Usr 0 00:01:01, Sys 0 00:00:08  -  Total Remote Usage
		Usr 0 00:00:00, Sys 0 00:00:00  -  Total Local Usage
	10345  -  Run Bytes Sent By Job
	11161  -  Run Bytes Received By Job
	10345  -  Total Bytes Sent By Job
	11161  -  Total Bytes Received By Job
	Partitionable Resources :    Usage  Request Allocated 
	   Cpus                 :     0.04        1         1 
	   Disk (KB)            :    42          12   1624330 
	   Memory (MB)          :   310        2000      2000 

	Job terminated of its own accord at 2023-07-12T15:29:41Z.
...
000 (9399802.000.000) 07/12 19:50:23 Job submitted from host: <137.138.120.116:9618?addrs=137.138.120.116-9618+[2001-1458-d00-16--17b]-9618&alias=bigbird12.cern.ch&noUDP&sock=schedd_8624_ecd7>
...
000 (9399842.000.000) 07/12 19:55:35 Job submitted from host: <137.138.120.116:9618?addrs=137.138.120.116-9618+[2001-1458-d00-16--17b]-9618&alias=bigbird12.cern.ch&noUDP&sock=schedd_8624_ecd7>
...
040 (9399802.000.000) 07/12 20:10:16 Started transferring input files
	Transferring to host: <128.142.192.139:9618?addrs=128.142.192.139-9618+[2001-1458-301-56--100-7]-9618&alias=b7g18p0348.cern.ch&noUDP&sock=slot1_24_12433_ec53_49671>
...
040 (9399802.000.000) 07/12 20:10:16 Finished transferring input files
...
001 (9399802.000.000) 07/12 20:10:17 Job executing on host: <128.142.192.139:9618?addrs=128.142.192.139-9618+[2001-1458-301-56--100-7]-9618&alias=b7g18p0348.cern.ch&noUDP&sock=startd_11497_906f>
...
006 (9399802.000.000) 07/12 20:10:25 Image size of job updated: 370376
	33  -  MemoryUsage of job (MB)
	33328  -  ResidentSetSize of job (KB)
...
006 (9399802.000.000) 07/12 20:15:25 Image size of job updated: 1422900
	291  -  MemoryUsage of job (MB)
	297196  -  ResidentSetSize of job (KB)
...
040 (9399842.000.000) 07/12 20:17:35 Started transferring input files
	Transferring to host: <128.142.60.73:9618?addrs=128.142.60.73-9618+[2001-1458-301-22--100-48]-9618&alias=b7s05p9440.cern.ch&noUDP&sock=slot1_9_35666_ac63_29094>
...
040 (9399842.000.000) 07/12 20:17:35 Finished transferring input files
...
001 (9399842.000.000) 07/12 20:17:36 Job executing on host: <128.142.60.73:9618?addrs=128.142.60.73-9618+[2001-1458-301-22--100-48]-9618&alias=b7s05p9440.cern.ch&noUDP&sock=startd_35627_bcb5>
...
006 (9399842.000.000) 07/12 20:17:45 Image size of job updated: 968168
	237  -  MemoryUsage of job (MB)
	242100  -  ResidentSetSize of job (KB)
...
006 (9399802.000.000) 07/12 20:20:26 Image size of job updated: 1423156
	302  -  MemoryUsage of job (MB)
	309164  -  ResidentSetSize of job (KB)
...
006 (9399842.000.000) 07/12 20:22:46 Image size of job updated: 1422904
	292  -  MemoryUsage of job (MB)
	298900  -  ResidentSetSize of job (KB)
...
006 (9399802.000.000) 07/12 20:25:27 Image size of job updated: 1423156
	307  -  MemoryUsage of job (MB)
	314312  -  ResidentSetSize of job (KB)
...
006 (9399842.000.000) 07/12 20:27:46 Image size of job updated: 1423160
	304  -  MemoryUsage of job (MB)
	310352  -  ResidentSetSize of job (KB)
...
006 (9399802.000.000) 07/12 20:30:27 Image size of job updated: 1423156
	310  -  MemoryUsage of job (MB)
	317000  -  ResidentSetSize of job (KB)
...
006 (9399842.000.000) 07/12 20:32:47 Image size of job updated: 1423160
	308  -  MemoryUsage of job (MB)
	315036  -  ResidentSetSize of job (KB)
...
040 (9399802.000.000) 07/12 20:32:54 Started transferring output files
...
040 (9399802.000.000) 07/12 20:32:54 Finished transferring output files
...
005 (9399802.000.000) 07/12 20:32:54 Job terminated.
	(1) Normal termination (return value 0)
		Usr 0 00:01:05, Sys 0 00:00:07  -  Run Remote Usage
		Usr 0 00:00:00, Sys 0 00:00:00  -  Run Local Usage
		Usr 0 00:01:05, Sys 0 00:00:07  -  Total Remote Usage
		Usr 0 00:00:00, Sys 0 00:00:00  -  Total Local Usage
	8117  -  Run Bytes Sent By Job
	11193  -  Run Bytes Received By Job
	8117  -  Total Bytes Sent By Job
	11193  -  Total Bytes Received By Job
	Partitionable Resources :    Usage  Request Allocated 
	   Cpus                 :     0.05        1         1 
	   Disk (KB)            :    41          12   3215084 
	   Memory (MB)          :   310        2000      2000 

	Job terminated of its own accord at 2023-07-12T18:32:54Z.
...
006 (9399842.000.000) 07/12 20:37:48 Image size of job updated: 1423160
	310  -  MemoryUsage of job (MB)
	317244  -  ResidentSetSize of job (KB)
...
040 (9399842.000.000) 07/12 20:38:33 Started transferring output files
...
040 (9399842.000.000) 07/12 20:38:33 Finished transferring output files
...
005 (9399842.000.000) 07/12 20:38:33 Job terminated.
	(1) Normal termination (return value 0)
		Usr 0 00:00:35, Sys 0 00:00:06  -  Run Remote Usage
		Usr 0 00:00:00, Sys 0 00:00:00  -  Run Local Usage
		Usr 0 00:00:35, Sys 0 00:00:06  -  Total Remote Usage
		Usr 0 00:00:00, Sys 0 00:00:00  -  Total Local Usage
	8117  -  Run Bytes Sent By Job
	11193  -  Run Bytes Received By Job
	8117  -  Total Bytes Sent By Job
	11193  -  Total Bytes Received By Job
	Partitionable Resources :    Usage  Request Allocated 
	   Cpus                 :     0.01        1         1 
	   Disk (KB)            :    40          12   1230395 
	   Memory (MB)          :   310        2000      2000 

	Job terminated of its own accord at 2023-07-12T18:38:33Z.
...
