000 (9399649.000.000) 07/12 17:05:28 Job submitted from host: <137.138.120.116:9618?addrs=137.138.120.116-9618+[2001-1458-d00-16--17b]-9618&alias=bigbird12.cern.ch&noUDP&sock=schedd_8624_ecd7>
...
040 (9399649.000.000) 07/12 17:07:33 Started transferring input files
	Transferring to host: <128.142.131.104:9618?addrs=128.142.131.104-9618+[2001-1458-301-59--100-5c]-9618&alias=b7g11p8354.cern.ch&noUDP&sock=slot1_13_3225_0ddc_46228>
...
040 (9399649.000.000) 07/12 17:07:33 Finished transferring input files
...
001 (9399649.000.000) 07/12 17:07:34 Job executing on host: <128.142.131.104:9618?addrs=128.142.131.104-9618+[2001-1458-301-59--100-5c]-9618&alias=b7g11p8354.cern.ch&noUDP&sock=startd_2754_97e9>
...
006 (9399649.000.000) 07/12 17:07:43 Image size of job updated: 702868
	72  -  MemoryUsage of job (MB)
	72948  -  ResidentSetSize of job (KB)
...
006 (9399649.000.000) 07/12 17:12:44 Image size of job updated: 1422676
	292  -  MemoryUsage of job (MB)
	298368  -  ResidentSetSize of job (KB)
...
006 (9399649.000.000) 07/12 17:17:45 Image size of job updated: 1422676
	301  -  MemoryUsage of job (MB)
	307512  -  ResidentSetSize of job (KB)
...
006 (9399649.000.000) 07/12 17:22:45 Image size of job updated: 1422676
	304  -  MemoryUsage of job (MB)
	311232  -  ResidentSetSize of job (KB)
...
006 (9399649.000.000) 07/12 17:27:46 Image size of job updated: 1422676
	306  -  MemoryUsage of job (MB)
	313048  -  ResidentSetSize of job (KB)
...
040 (9399649.000.000) 07/12 17:28:16 Started transferring output files
...
040 (9399649.000.000) 07/12 17:28:16 Finished transferring output files
...
005 (9399649.000.000) 07/12 17:28:16 Job terminated.
	(1) Normal termination (return value 1)
		Usr 0 00:00:39, Sys 0 00:00:08  -  Run Remote Usage
		Usr 0 00:00:00, Sys 0 00:00:00  -  Run Local Usage
		Usr 0 00:00:39, Sys 0 00:00:08  -  Total Remote Usage
		Usr 0 00:00:00, Sys 0 00:00:00  -  Total Local Usage
	10162  -  Run Bytes Sent By Job
	11161  -  Run Bytes Received By Job
	10162  -  Total Bytes Sent By Job
	11161  -  Total Bytes Received By Job
	Partitionable Resources :    Usage  Request Allocated 
	   Cpus                 :     0.04        1         1 
	   Disk (KB)            :    42          12   1705187 
	   Memory (MB)          :   306        2000      2000 

	Job terminated of its own accord at 2023-07-12T15:28:16Z.
...
000 (9399803.000.000) 07/12 19:50:30 Job submitted from host: <137.138.120.116:9618?addrs=137.138.120.116-9618+[2001-1458-d00-16--17b]-9618&alias=bigbird12.cern.ch&noUDP&sock=schedd_8624_ecd7>
...
000 (9399843.000.000) 07/12 19:55:40 Job submitted from host: <137.138.120.116:9618?addrs=137.138.120.116-9618+[2001-1458-d00-16--17b]-9618&alias=bigbird12.cern.ch&noUDP&sock=schedd_8624_ecd7>
...
040 (9399803.000.000) 07/12 20:17:24 Started transferring input files
	Transferring to host: <128.142.137.84:9618?addrs=128.142.137.84-9618+[2001-1458-301-5e--100-48]-9618&alias=b7g19p7086.cern.ch&noUDP&sock=slot1_1_3170_4d3a_75598>
...
040 (9399803.000.000) 07/12 20:17:24 Finished transferring input files
...
001 (9399803.000.000) 07/12 20:17:25 Job executing on host: <128.142.137.84:9618?addrs=128.142.137.84-9618+[2001-1458-301-5e--100-48]-9618&alias=b7g19p7086.cern.ch&noUDP&sock=startd_2818_7df9>
...
006 (9399803.000.000) 07/12 20:17:33 Image size of job updated: 370376
	74  -  MemoryUsage of job (MB)
	74820  -  ResidentSetSize of job (KB)
...
040 (9399843.000.000) 07/12 20:17:35 Started transferring input files
	Transferring to host: <128.142.57.104:9618?addrs=128.142.57.104-9618+[2001-1458-301-7--100-67]-9618&alias=b7s02p1336.cern.ch&noUDP&sock=slot1_10_4110_9de0_95403>
...
040 (9399843.000.000) 07/12 20:17:35 Finished transferring input files
...
001 (9399843.000.000) 07/12 20:17:36 Job executing on host: <128.142.57.104:9618?addrs=128.142.57.104-9618+[2001-1458-301-7--100-67]-9618&alias=b7s02p1336.cern.ch&noUDP&sock=startd_2896_fe5c>
...
006 (9399843.000.000) 07/12 20:17:45 Image size of job updated: 285588
	237  -  MemoryUsage of job (MB)
	242260  -  ResidentSetSize of job (KB)
...
006 (9399803.000.000) 07/12 20:22:33 Image size of job updated: 1422772
	290  -  MemoryUsage of job (MB)
	296856  -  ResidentSetSize of job (KB)
...
006 (9399843.000.000) 07/12 20:22:46 Image size of job updated: 1422676
	291  -  MemoryUsage of job (MB)
	297764  -  ResidentSetSize of job (KB)
...
006 (9399803.000.000) 07/12 20:27:34 Image size of job updated: 1422772
	299  -  MemoryUsage of job (MB)
	305700  -  ResidentSetSize of job (KB)
...
006 (9399843.000.000) 07/12 20:27:46 Image size of job updated: 1422676
	300  -  MemoryUsage of job (MB)
	306764  -  ResidentSetSize of job (KB)
...
006 (9399803.000.000) 07/12 20:32:35 Image size of job updated: 1422772
	303  -  MemoryUsage of job (MB)
	309648  -  ResidentSetSize of job (KB)
...
006 (9399843.000.000) 07/12 20:32:47 Image size of job updated: 1422676
	304  -  MemoryUsage of job (MB)
	310520  -  ResidentSetSize of job (KB)
...
040 (9399843.000.000) 07/12 20:37:06 Started transferring output files
...
040 (9399843.000.000) 07/12 20:37:06 Finished transferring output files
...
005 (9399843.000.000) 07/12 20:37:06 Job terminated.
	(1) Normal termination (return value 0)
		Usr 0 00:00:19, Sys 0 00:00:05  -  Run Remote Usage
		Usr 0 00:00:00, Sys 0 00:00:00  -  Run Local Usage
		Usr 0 00:00:19, Sys 0 00:00:05  -  Total Remote Usage
		Usr 0 00:00:00, Sys 0 00:00:00  -  Total Local Usage
	7935  -  Run Bytes Sent By Job
	11193  -  Run Bytes Received By Job
	7935  -  Total Bytes Sent By Job
	11193  -  Total Bytes Received By Job
	Partitionable Resources :    Usage  Request Allocated 
	   Cpus                 :     0.01        1         1 
	   Disk (KB)            :    40          12   1309065 
	   Memory (MB)          :   304        2000      2000 

	Job terminated of its own accord at 2023-07-12T18:37:06Z.
...
040 (9399803.000.000) 07/12 20:37:22 Started transferring output files
...
040 (9399803.000.000) 07/12 20:37:22 Finished transferring output files
...
005 (9399803.000.000) 07/12 20:37:22 Job terminated.
	(1) Normal termination (return value 0)
		Usr 0 00:00:39, Sys 0 00:00:07  -  Run Remote Usage
		Usr 0 00:00:00, Sys 0 00:00:00  -  Run Local Usage
		Usr 0 00:00:39, Sys 0 00:00:07  -  Total Remote Usage
		Usr 0 00:00:00, Sys 0 00:00:00  -  Total Local Usage
	7935  -  Run Bytes Sent By Job
	11193  -  Run Bytes Received By Job
	7935  -  Total Bytes Sent By Job
	11193  -  Total Bytes Received By Job
	Partitionable Resources :    Usage  Request Allocated 
	   Cpus                 :     0.02        1         1 
	   Disk (KB)            :    40          12   1660336 
	   Memory (MB)          :   303        2000      2000 

	Job terminated of its own accord at 2023-07-12T18:37:22Z.
...
