000 (9399660.000.000) 07/12 17:05:50 Job submitted from host: <137.138.120.116:9618?addrs=137.138.120.116-9618+[2001-1458-d00-16--17b]-9618&alias=bigbird12.cern.ch&noUDP&sock=schedd_8624_ecd7>
...
040 (9399660.000.000) 07/12 17:07:38 Started transferring input files
	Transferring to host: <188.184.163.87:9618?addrs=188.184.163.87-9618+[2001-1458-301-4d--100-51]-9618&alias=b7s12p6316.cern.ch&noUDP&sock=slot1_23_128343_00fc_5749>
...
040 (9399660.000.000) 07/12 17:07:38 Finished transferring input files
...
001 (9399660.000.000) 07/12 17:07:39 Job executing on host: <188.184.163.87:9618?addrs=188.184.163.87-9618+[2001-1458-301-4d--100-51]-9618&alias=b7s12p6316.cern.ch&noUDP&sock=startd_128305_22f3>
...
006 (9399660.000.000) 07/12 17:07:47 Image size of job updated: 823276
	199  -  MemoryUsage of job (MB)
	203060  -  ResidentSetSize of job (KB)
...
006 (9399660.000.000) 07/12 17:12:47 Image size of job updated: 1423300
	309  -  MemoryUsage of job (MB)
	315440  -  ResidentSetSize of job (KB)
...
006 (9399660.000.000) 07/12 17:17:48 Image size of job updated: 1423836
	312  -  MemoryUsage of job (MB)
	319200  -  ResidentSetSize of job (KB)
...
006 (9399660.000.000) 07/12 17:22:49 Image size of job updated: 1423836
	313  -  MemoryUsage of job (MB)
	319980  -  ResidentSetSize of job (KB)
...
006 (9399660.000.000) 07/12 17:27:49 Image size of job updated: 1423836
	313  -  MemoryUsage of job (MB)
	320120  -  ResidentSetSize of job (KB)
...
040 (9399660.000.000) 07/12 17:28:00 Started transferring output files
...
040 (9399660.000.000) 07/12 17:28:00 Finished transferring output files
...
005 (9399660.000.000) 07/12 17:28:00 Job terminated.
	(1) Normal termination (return value 1)
		Usr 0 00:13:53, Sys 0 00:00:09  -  Run Remote Usage
		Usr 0 00:00:00, Sys 0 00:00:00  -  Run Local Usage
		Usr 0 00:13:53, Sys 0 00:00:09  -  Total Remote Usage
		Usr 0 00:00:00, Sys 0 00:00:00  -  Total Local Usage
	9091  -  Run Bytes Sent By Job
	11161  -  Run Bytes Received By Job
	9091  -  Total Bytes Sent By Job
	11161  -  Total Bytes Received By Job
	Partitionable Resources :    Usage  Request Allocated 
	   Cpus                 :     0.84        1         1 
	   Disk (KB)            :    41          12   3045830 
	   Memory (MB)          :   313        2000      2000 

	Job terminated of its own accord at 2023-07-12T15:28:00Z.
...
000 (9399808.000.000) 07/12 19:50:54 Job submitted from host: <137.138.120.116:9618?addrs=137.138.120.116-9618+[2001-1458-d00-16--17b]-9618&alias=bigbird12.cern.ch&noUDP&sock=schedd_8624_ecd7>
...
000 (9399848.000.000) 07/12 19:56:05 Job submitted from host: <137.138.120.116:9618?addrs=137.138.120.116-9618+[2001-1458-d00-16--17b]-9618&alias=bigbird12.cern.ch&noUDP&sock=schedd_8624_ecd7>
...
040 (9399808.000.000) 07/12 20:17:24 Started transferring input files
	Transferring to host: <188.184.163.156:9618?addrs=188.184.163.156-9618+[2001-1458-301-4d--100-96]-9618&alias=b7s12p4078.cern.ch&noUDP&sock=slot1_1_135692_0a07_127992>
...
040 (9399808.000.000) 07/12 20:17:24 Finished transferring input files
...
001 (9399808.000.000) 07/12 20:17:25 Job executing on host: <188.184.163.156:9618?addrs=188.184.163.156-9618+[2001-1458-301-4d--100-96]-9618&alias=b7s12p4078.cern.ch&noUDP&sock=startd_41373_03e5>
...
006 (9399808.000.000) 07/12 20:17:34 Image size of job updated: 371900
	151  -  MemoryUsage of job (MB)
	153756  -  ResidentSetSize of job (KB)
...
040 (9399848.000.000) 07/12 20:17:37 Started transferring input files
	Transferring to host: <128.142.59.105:9618?addrs=128.142.59.105-9618+[2001-1458-301-21--100-68]-9618&alias=b7s04p0552.cern.ch&noUDP&sock=slot1_13_30211_21e6_28675>
...
040 (9399848.000.000) 07/12 20:17:37 Finished transferring input files
...
001 (9399848.000.000) 07/12 20:17:38 Job executing on host: <128.142.59.105:9618?addrs=128.142.59.105-9618+[2001-1458-301-21--100-68]-9618&alias=b7s04p0552.cern.ch&noUDP&sock=startd_30173_bf2d>
...
006 (9399848.000.000) 07/12 20:17:46 Image size of job updated: 840764
	239  -  MemoryUsage of job (MB)
	244304  -  ResidentSetSize of job (KB)
...
006 (9399808.000.000) 07/12 20:22:35 Image size of job updated: 1423452
	309  -  MemoryUsage of job (MB)
	316104  -  ResidentSetSize of job (KB)
...
006 (9399848.000.000) 07/12 20:22:46 Image size of job updated: 1423596
	309  -  MemoryUsage of job (MB)
	315812  -  ResidentSetSize of job (KB)
...
006 (9399808.000.000) 07/12 20:27:35 Image size of job updated: 1423856
	312  -  MemoryUsage of job (MB)
	319404  -  ResidentSetSize of job (KB)
...
006 (9399848.000.000) 07/12 20:27:46 Image size of job updated: 1423852
	313  -  MemoryUsage of job (MB)
	320092  -  ResidentSetSize of job (KB)
...
040 (9399848.000.000) 07/12 20:31:07 Started transferring output files
...
040 (9399848.000.000) 07/12 20:31:07 Finished transferring output files
...
005 (9399848.000.000) 07/12 20:31:07 Job terminated.
	(1) Normal termination (return value 0)
		Usr 0 00:07:13, Sys 0 00:00:03  -  Run Remote Usage
		Usr 0 00:00:00, Sys 0 00:00:00  -  Run Local Usage
		Usr 0 00:07:13, Sys 0 00:00:03  -  Total Remote Usage
		Usr 0 00:00:00, Sys 0 00:00:00  -  Total Local Usage
	6865  -  Run Bytes Sent By Job
	11193  -  Run Bytes Received By Job
	6865  -  Total Bytes Sent By Job
	11193  -  Total Bytes Received By Job
	Partitionable Resources :    Usage  Request Allocated 
	   Cpus                 :     0.88        1         1 
	   Disk (KB)            :    39          12   1231728 
	   Memory (MB)          :   313        2000      2000 

	Job terminated of its own accord at 2023-07-12T18:31:07Z.
...
006 (9399808.000.000) 07/12 20:32:35 Image size of job updated: 1423856
	313  -  MemoryUsage of job (MB)
	320068  -  ResidentSetSize of job (KB)
...
040 (9399808.000.000) 07/12 20:33:28 Started transferring output files
...
040 (9399808.000.000) 07/12 20:33:28 Finished transferring output files
...
005 (9399808.000.000) 07/12 20:33:28 Job terminated.
	(1) Normal termination (return value 0)
		Usr 0 00:09:40, Sys 0 00:00:03  -  Run Remote Usage
		Usr 0 00:00:00, Sys 0 00:00:00  -  Run Local Usage
		Usr 0 00:09:40, Sys 0 00:00:03  -  Total Remote Usage
		Usr 0 00:00:00, Sys 0 00:00:00  -  Total Local Usage
	6865  -  Run Bytes Sent By Job
	11193  -  Run Bytes Received By Job
	6865  -  Total Bytes Sent By Job
	11193  -  Total Bytes Received By Job
	Partitionable Resources :    Usage  Request Allocated 
	   Cpus                 :     0.94        1         1 
	   Disk (KB)            :    39          12   2990943 
	   Memory (MB)          :   313        2000      2000 

	Job terminated of its own accord at 2023-07-12T18:33:28Z.
...
