000 (9399658.000.000) 07/12 17:05:46 Job submitted from host: <137.138.120.116:9618?addrs=137.138.120.116-9618+[2001-1458-d00-16--17b]-9618&alias=bigbird12.cern.ch&noUDP&sock=schedd_8624_ecd7>
...
040 (9399658.000.000) 07/12 17:07:35 Started transferring input files
	Transferring to host: <128.142.132.42:9618?addrs=128.142.132.42-9618+[2001-1458-301-5a--100-1e]-9618&alias=b7g12p2658.cern.ch&noUDP&sock=slot1_2_4880_26c0_87899>
...
040 (9399658.000.000) 07/12 17:07:35 Finished transferring input files
...
001 (9399658.000.000) 07/12 17:07:36 Job executing on host: <128.142.132.42:9618?addrs=128.142.132.42-9618+[2001-1458-301-5a--100-1e]-9618&alias=b7g12p2658.cern.ch&noUDP&sock=startd_4223_3489>
...
006 (9399658.000.000) 07/12 17:07:45 Image size of job updated: 370376
	11  -  MemoryUsage of job (MB)
	10912  -  ResidentSetSize of job (KB)
...
006 (9399658.000.000) 07/12 17:12:46 Image size of job updated: 1423916
	290  -  MemoryUsage of job (MB)
	296024  -  ResidentSetSize of job (KB)
...
006 (9399658.000.000) 07/12 17:17:46 Image size of job updated: 1424180
	304  -  MemoryUsage of job (MB)
	311076  -  ResidentSetSize of job (KB)
...
006 (9399658.000.000) 07/12 17:22:47 Image size of job updated: 1424180
	311  -  MemoryUsage of job (MB)
	318448  -  ResidentSetSize of job (KB)
...
006 (9399658.000.000) 07/12 17:27:48 Image size of job updated: 1424180
	313  -  MemoryUsage of job (MB)
	319516  -  ResidentSetSize of job (KB)
...
006 (9399658.000.000) 07/12 17:32:48 Image size of job updated: 1424180
	313  -  MemoryUsage of job (MB)
	319972  -  ResidentSetSize of job (KB)
...
006 (9399658.000.000) 07/12 17:37:49 Image size of job updated: 1424180
	313  -  MemoryUsage of job (MB)
	320188  -  ResidentSetSize of job (KB)
...
006 (9399658.000.000) 07/12 17:42:50 Image size of job updated: 1424180
	313  -  MemoryUsage of job (MB)
	320300  -  ResidentSetSize of job (KB)
...
040 (9399658.000.000) 07/12 17:42:59 Started transferring output files
...
040 (9399658.000.000) 07/12 17:42:59 Finished transferring output files
...
005 (9399658.000.000) 07/12 17:42:59 Job terminated.
	(1) Normal termination (return value 1)
		Usr 0 00:28:06, Sys 0 00:00:08  -  Run Remote Usage
		Usr 0 00:00:00, Sys 0 00:00:00  -  Run Local Usage
		Usr 0 00:28:06, Sys 0 00:00:08  -  Total Remote Usage
		Usr 0 00:00:00, Sys 0 00:00:00  -  Total Local Usage
	9192  -  Run Bytes Sent By Job
	11161  -  Run Bytes Received By Job
	9192  -  Total Bytes Sent By Job
	11161  -  Total Bytes Received By Job
	Partitionable Resources :    Usage  Request Allocated 
	   Cpus                 :     0.94        1         1 
	   Disk (KB)            :    41          12   1668336 
	   Memory (MB)          :   313        2000      2000 

	Job terminated of its own accord at 2023-07-12T15:42:59Z.
...
000 (9399807.000.000) 07/12 19:50:49 Job submitted from host: <137.138.120.116:9618?addrs=137.138.120.116-9618+[2001-1458-d00-16--17b]-9618&alias=bigbird12.cern.ch&noUDP&sock=schedd_8624_ecd7>
...
000 (9399847.000.000) 07/12 19:56:00 Job submitted from host: <137.138.120.116:9618?addrs=137.138.120.116-9618+[2001-1458-d00-16--17b]-9618&alias=bigbird12.cern.ch&noUDP&sock=schedd_8624_ecd7>
...
040 (9399807.000.000) 07/12 20:17:25 Started transferring input files
	Transferring to host: <188.184.163.184:9618?addrs=188.184.163.184-9618&alias=b7s12p7289.cern.ch&noUDP&sock=slot1_13_41325_f36a_27969>
...
040 (9399807.000.000) 07/12 20:17:25 Finished transferring input files
...
001 (9399807.000.000) 07/12 20:17:26 Job executing on host: <188.184.163.184:9618?addrs=188.184.163.184-9618&alias=b7s12p7289.cern.ch&noUDP&sock=startd_2977_8d88>
...
006 (9399807.000.000) 07/12 20:17:35 Image size of job updated: 370372
	11  -  MemoryUsage of job (MB)
	10924  -  ResidentSetSize of job (KB)
...
040 (9399847.000.000) 07/12 20:17:37 Started transferring input files
	Transferring to host: <188.184.163.156:9618?addrs=188.184.163.156-9618+[2001-1458-301-4d--100-96]-9618&alias=b7s12p4078.cern.ch&noUDP&sock=slot1_4_135692_0a07_127994>
...
040 (9399847.000.000) 07/12 20:17:37 Finished transferring input files
...
001 (9399847.000.000) 07/12 20:17:38 Job executing on host: <188.184.163.156:9618?addrs=188.184.163.156-9618+[2001-1458-301-4d--100-96]-9618&alias=b7s12p4078.cern.ch&noUDP&sock=startd_41373_03e5>
...
006 (9399847.000.000) 07/12 20:17:46 Image size of job updated: 223380
	219  -  MemoryUsage of job (MB)
	223380  -  ResidentSetSize of job (KB)
...
006 (9399807.000.000) 07/12 20:22:36 Image size of job updated: 1423948
	290  -  MemoryUsage of job (MB)
	296008  -  ResidentSetSize of job (KB)
...
006 (9399847.000.000) 07/12 20:22:46 Image size of job updated: 1424208
	306  -  MemoryUsage of job (MB)
	312540  -  ResidentSetSize of job (KB)
...
006 (9399807.000.000) 07/12 20:27:37 Image size of job updated: 1424204
	308  -  MemoryUsage of job (MB)
	314688  -  ResidentSetSize of job (KB)
...
006 (9399847.000.000) 07/12 20:27:47 Image size of job updated: 1424208
	312  -  MemoryUsage of job (MB)
	318672  -  ResidentSetSize of job (KB)
...
006 (9399807.000.000) 07/12 20:32:37 Image size of job updated: 1424212
	311  -  MemoryUsage of job (MB)
	318212  -  ResidentSetSize of job (KB)
...
006 (9399847.000.000) 07/12 20:32:48 Image size of job updated: 1424208
	314  -  MemoryUsage of job (MB)
	320536  -  ResidentSetSize of job (KB)
...
040 (9399847.000.000) 07/12 20:37:38 Started transferring output files
...
040 (9399847.000.000) 07/12 20:37:38 Finished transferring output files
...
005 (9399847.000.000) 07/12 20:37:38 Job terminated.
	(1) Normal termination (return value 0)
		Usr 0 00:13:45, Sys 0 00:00:03  -  Run Remote Usage
		Usr 0 00:00:00, Sys 0 00:00:00  -  Run Local Usage
		Usr 0 00:13:45, Sys 0 00:00:03  -  Total Remote Usage
		Usr 0 00:00:00, Sys 0 00:00:00  -  Total Local Usage
	6965  -  Run Bytes Sent By Job
	11193  -  Run Bytes Received By Job
	6965  -  Total Bytes Sent By Job
	11193  -  Total Bytes Received By Job
	Partitionable Resources :    Usage  Request Allocated 
	   Cpus                 :     0.92        1         1 
	   Disk (KB)            :    39          12   2990901 
	   Memory (MB)          :   314        2000      2000 

	Job terminated of its own accord at 2023-07-12T18:37:38Z.
...
006 (9399807.000.000) 07/12 20:37:38 Image size of job updated: 1424212
	313  -  MemoryUsage of job (MB)
	319532  -  ResidentSetSize of job (KB)
...
006 (9399807.000.000) 07/12 20:42:39 Image size of job updated: 1424212
	313  -  MemoryUsage of job (MB)
	320088  -  ResidentSetSize of job (KB)
...
006 (9399807.000.000) 07/12 20:46:19 Image size of job updated: 1556308
	313  -  MemoryUsage of job (MB)
	320088  -  ResidentSetSize of job (KB)
...
040 (9399807.000.000) 07/12 20:46:19 Started transferring output files
...
040 (9399807.000.000) 07/12 20:46:19 Finished transferring output files
...
005 (9399807.000.000) 07/12 20:46:19 Job terminated.
	(1) Normal termination (return value 0)
		Usr 0 00:21:33, Sys 0 00:00:05  -  Run Remote Usage
		Usr 0 00:00:00, Sys 0 00:00:00  -  Run Local Usage
		Usr 0 00:21:33, Sys 0 00:00:05  -  Total Remote Usage
		Usr 0 00:00:00, Sys 0 00:00:00  -  Total Local Usage
	6965  -  Run Bytes Sent By Job
	11193  -  Run Bytes Received By Job
	6965  -  Total Bytes Sent By Job
	11193  -  Total Bytes Received By Job
	Partitionable Resources :    Usage  Request Allocated 
	   Cpus                 :     0.94        1         1 
	   Disk (KB)            :    38          12   3030227 
	   Memory (MB)          :   313        2000      2000 

	Job terminated of its own accord at 2023-07-12T18:46:19Z.
...
