000 (9399624.000.000) 07/12 17:04:40 Job submitted from host: <137.138.120.116:9618?addrs=137.138.120.116-9618+[2001-1458-d00-16--17b]-9618&alias=bigbird12.cern.ch&noUDP&sock=schedd_8624_ecd7>
...
040 (9399624.000.000) 07/12 17:07:30 Started transferring input files
	Transferring to host: <188.184.162.165:9618?addrs=188.184.162.165-9618+[2001-1458-301-4a--100-9f]-9618&alias=b7s11p6116.cern.ch&noUDP&sock=slot1_53_183274_dcd6_2834>
...
040 (9399624.000.000) 07/12 17:07:30 Finished transferring input files
...
001 (9399624.000.000) 07/12 17:07:31 Job executing on host: <188.184.162.165:9618?addrs=188.184.162.165-9618+[2001-1458-301-4a--100-9f]-9618&alias=b7s11p6116.cern.ch&noUDP&sock=startd_3102_4ade>
...
006 (9399624.000.000) 07/12 17:07:40 Image size of job updated: 719488
	130  -  MemoryUsage of job (MB)
	132460  -  ResidentSetSize of job (KB)
...
006 (9399624.000.000) 07/12 17:12:41 Image size of job updated: 1429664
	294  -  MemoryUsage of job (MB)
	300772  -  ResidentSetSize of job (KB)
...
006 (9399624.000.000) 07/12 17:17:41 Image size of job updated: 1429664
	295  -  MemoryUsage of job (MB)
	301500  -  ResidentSetSize of job (KB)
...
006 (9399624.000.000) 07/12 17:22:41 Image size of job updated: 1429664
	295  -  MemoryUsage of job (MB)
	301600  -  ResidentSetSize of job (KB)
...
006 (9399624.000.000) 07/12 17:27:42 Image size of job updated: 1429664
	295  -  MemoryUsage of job (MB)
	301724  -  ResidentSetSize of job (KB)
...
006 (9399624.000.000) 07/12 17:32:43 Image size of job updated: 1429664
	296  -  MemoryUsage of job (MB)
	302748  -  ResidentSetSize of job (KB)
...
006 (9399624.000.000) 07/12 17:37:43 Image size of job updated: 1429672
	313  -  MemoryUsage of job (MB)
	319500  -  ResidentSetSize of job (KB)
...
006 (9399624.000.000) 07/12 17:42:44 Image size of job updated: 1429672
	313  -  MemoryUsage of job (MB)
	319792  -  ResidentSetSize of job (KB)
...
006 (9399624.000.000) 07/12 17:45:18 Image size of job updated: 1429928
	313  -  MemoryUsage of job (MB)
	319792  -  ResidentSetSize of job (KB)
...
040 (9399624.000.000) 07/12 17:45:18 Started transferring output files
...
040 (9399624.000.000) 07/12 17:45:18 Finished transferring output files
...
005 (9399624.000.000) 07/12 17:45:18 Job terminated.
	(1) Normal termination (return value 1)
		Usr 0 00:31:25, Sys 0 00:00:05  -  Run Remote Usage
		Usr 0 00:00:00, Sys 0 00:00:00  -  Run Local Usage
		Usr 0 00:31:25, Sys 0 00:00:05  -  Total Remote Usage
		Usr 0 00:00:00, Sys 0 00:00:00  -  Total Local Usage
	9283  -  Run Bytes Sent By Job
	11161  -  Run Bytes Received By Job
	9283  -  Total Bytes Sent By Job
	11161  -  Total Bytes Received By Job
	Partitionable Resources :    Usage  Request Allocated 
	   Cpus                 :     0.89        1         1 
	   Disk (KB)            :    41          12   2925017 
	   Memory (MB)          :   313        2000      2000 

	Job terminated of its own accord at 2023-07-12T15:45:18Z.
...
000 (9399794.000.000) 07/12 19:49:45 Job submitted from host: <137.138.120.116:9618?addrs=137.138.120.116-9618+[2001-1458-d00-16--17b]-9618&alias=bigbird12.cern.ch&noUDP&sock=schedd_8624_ecd7>
...
040 (9399794.000.000) 07/12 19:50:17 Started transferring input files
	Transferring to host: <128.142.61.129:9618?addrs=128.142.61.129-9618+[2001-1458-301-23--100-80]-9618&alias=b7s06p7405.cern.ch&noUDP&sock=slot1_14_3281_82de_141700>
...
040 (9399794.000.000) 07/12 19:50:17 Finished transferring input files
...
001 (9399794.000.000) 07/12 19:50:18 Job executing on host: <128.142.61.129:9618?addrs=128.142.61.129-9618+[2001-1458-301-23--100-80]-9618&alias=b7s06p7405.cern.ch&noUDP&sock=startd_2846_b2a0>
...
006 (9399794.000.000) 07/12 19:50:27 Image size of job updated: 31088
	15  -  MemoryUsage of job (MB)
	15076  -  ResidentSetSize of job (KB)
...
000 (9399834.000.000) 07/12 19:54:55 Job submitted from host: <137.138.120.116:9618?addrs=137.138.120.116-9618+[2001-1458-d00-16--17b]-9618&alias=bigbird12.cern.ch&noUDP&sock=schedd_8624_ecd7>
...
006 (9399794.000.000) 07/12 19:55:28 Image size of job updated: 1430012
	294  -  MemoryUsage of job (MB)
	300984  -  ResidentSetSize of job (KB)
...
006 (9399794.000.000) 07/12 20:00:29 Image size of job updated: 1430012
	295  -  MemoryUsage of job (MB)
	301584  -  ResidentSetSize of job (KB)
...
006 (9399794.000.000) 07/12 20:05:29 Image size of job updated: 1430012
	295  -  MemoryUsage of job (MB)
	301696  -  ResidentSetSize of job (KB)
...
006 (9399794.000.000) 07/12 20:10:30 Image size of job updated: 1430012
	296  -  MemoryUsage of job (MB)
	302824  -  ResidentSetSize of job (KB)
...
006 (9399794.000.000) 07/12 20:15:30 Image size of job updated: 1430012
	313  -  MemoryUsage of job (MB)
	319948  -  ResidentSetSize of job (KB)
...
040 (9399834.000.000) 07/12 20:17:32 Started transferring input files
	Transferring to host: <188.184.163.30:9618?addrs=188.184.163.30-9618+[2001-1458-301-4d--100-18]-9618&alias=b7s12p6418.cern.ch&noUDP&sock=slot1_9_2303_6bf7_354>
...
040 (9399834.000.000) 07/12 20:17:32 Finished transferring input files
...
001 (9399834.000.000) 07/12 20:17:33 Job executing on host: <188.184.163.30:9618?addrs=188.184.163.30-9618+[2001-1458-301-4d--100-18]-9618&alias=b7s12p6418.cern.ch&noUDP&sock=startd_2264_7e81>
...
006 (9399834.000.000) 07/12 20:17:42 Image size of job updated: 845236
	180  -  MemoryUsage of job (MB)
	184144  -  ResidentSetSize of job (KB)
...
006 (9399794.000.000) 07/12 20:19:36 Image size of job updated: 1430152
	313  -  MemoryUsage of job (MB)
	319948  -  ResidentSetSize of job (KB)
...
040 (9399794.000.000) 07/12 20:19:37 Started transferring output files
...
040 (9399794.000.000) 07/12 20:19:37 Finished transferring output files
...
005 (9399794.000.000) 07/12 20:19:37 Job terminated.
	(1) Normal termination (return value 0)
		Usr 0 00:22:23, Sys 0 00:00:05  -  Run Remote Usage
		Usr 0 00:00:00, Sys 0 00:00:00  -  Run Local Usage
		Usr 0 00:22:23, Sys 0 00:00:05  -  Total Remote Usage
		Usr 0 00:00:00, Sys 0 00:00:00  -  Total Local Usage
	7048  -  Run Bytes Sent By Job
	11192  -  Run Bytes Received By Job
	7048  -  Total Bytes Sent By Job
	11192  -  Total Bytes Received By Job
	Partitionable Resources :    Usage  Request Allocated 
	   Cpus                 :     0.89        1         1 
	   Disk (KB)            :    39          12   1323456 
	   Memory (MB)          :   313        2000      2000 

	Job terminated of its own accord at 2023-07-12T18:19:36Z.
...
006 (9399834.000.000) 07/12 20:22:43 Image size of job updated: 1429792
	294  -  MemoryUsage of job (MB)
	301024  -  ResidentSetSize of job (KB)
...
006 (9399834.000.000) 07/12 20:27:44 Image size of job updated: 1429792
	295  -  MemoryUsage of job (MB)
	301632  -  ResidentSetSize of job (KB)
...
006 (9399834.000.000) 07/12 20:32:44 Image size of job updated: 1429792
	295  -  MemoryUsage of job (MB)
	301672  -  ResidentSetSize of job (KB)
...
006 (9399834.000.000) 07/12 20:37:44 Image size of job updated: 1429792
	295  -  MemoryUsage of job (MB)
	301744  -  ResidentSetSize of job (KB)
...
006 (9399834.000.000) 07/12 20:42:46 Image size of job updated: 1429792
	296  -  MemoryUsage of job (MB)
	302804  -  ResidentSetSize of job (KB)
...
006 (9399834.000.000) 07/12 20:47:46 Image size of job updated: 1429800
	312  -  MemoryUsage of job (MB)
	319476  -  ResidentSetSize of job (KB)
...
006 (9399834.000.000) 07/12 20:52:46 Image size of job updated: 1429800
	313  -  MemoryUsage of job (MB)
	319776  -  ResidentSetSize of job (KB)
...
006 (9399834.000.000) 07/12 20:56:27 Image size of job updated: 1430056
	313  -  MemoryUsage of job (MB)
	319776  -  ResidentSetSize of job (KB)
...
040 (9399834.000.000) 07/12 20:56:27 Started transferring output files
...
040 (9399834.000.000) 07/12 20:56:27 Finished transferring output files
...
005 (9399834.000.000) 07/12 20:56:27 Job terminated.
	(1) Normal termination (return value 0)
		Usr 0 00:33:08, Sys 0 00:00:09  -  Run Remote Usage
		Usr 0 00:00:00, Sys 0 00:00:00  -  Run Local Usage
		Usr 0 00:33:08, Sys 0 00:00:09  -  Total Remote Usage
		Usr 0 00:00:00, Sys 0 00:00:00  -  Total Local Usage
	7048  -  Run Bytes Sent By Job
	11193  -  Run Bytes Received By Job
	7048  -  Total Bytes Sent By Job
	11193  -  Total Bytes Received By Job
	Partitionable Resources :    Usage  Request Allocated 
	   Cpus                 :     0.89        1         1 
	   Disk (KB)            :    39          12   2762250 
	   Memory (MB)          :   313        2000      2000 

	Job terminated of its own accord at 2023-07-12T18:56:27Z.
...
