000 (9400750.000.000) 07/13 16:27:49 Job submitted from host: <137.138.120.116:9618?addrs=137.138.120.116-9618+[2001-1458-d00-16--17b]-9618&alias=bigbird12.cern.ch&noUDP&sock=schedd_8624_ecd7>
...
040 (9400750.000.000) 07/13 16:30:18 Started transferring input files
	Transferring to host: <128.142.192.171:9618?addrs=128.142.192.171-9618+[2001-1458-301-56--100-27]-9618&alias=b7g18p9732.cern.ch&noUDP&sock=slot1_12_30917_92c2_6481>
...
040 (9400750.000.000) 07/13 16:30:18 Finished transferring input files
...
001 (9400750.000.000) 07/13 16:30:19 Job executing on host: <128.142.192.171:9618?addrs=128.142.192.171-9618+[2001-1458-301-56--100-27]-9618&alias=b7g18p9732.cern.ch&noUDP&sock=startd_30879_010a>
...
006 (9400750.000.000) 07/13 16:30:28 Image size of job updated: 285332
	11  -  MemoryUsage of job (MB)
	10916  -  ResidentSetSize of job (KB)
...
006 (9400750.000.000) 07/13 16:35:29 Image size of job updated: 1459764
	304  -  MemoryUsage of job (MB)
	310864  -  ResidentSetSize of job (KB)
...
006 (9400750.000.000) 07/13 16:40:29 Image size of job updated: 1459764
	305  -  MemoryUsage of job (MB)
	311328  -  ResidentSetSize of job (KB)
...
006 (9400750.000.000) 07/13 16:45:30 Image size of job updated: 1459764
	305  -  MemoryUsage of job (MB)
	311492  -  ResidentSetSize of job (KB)
...
006 (9400750.000.000) 07/13 16:50:31 Image size of job updated: 1460020
	305  -  MemoryUsage of job (MB)
	311568  -  ResidentSetSize of job (KB)
...
006 (9400750.000.000) 07/13 16:55:31 Image size of job updated: 1460020
	305  -  MemoryUsage of job (MB)
	311616  -  ResidentSetSize of job (KB)
...
006 (9400750.000.000) 07/13 17:00:32 Image size of job updated: 1460020
	305  -  MemoryUsage of job (MB)
	311672  -  ResidentSetSize of job (KB)
...
006 (9400750.000.000) 07/13 17:05:33 Image size of job updated: 1460020
	305  -  MemoryUsage of job (MB)
	311692  -  ResidentSetSize of job (KB)
...
006 (9400750.000.000) 07/13 17:10:33 Image size of job updated: 1460020
	305  -  MemoryUsage of job (MB)
	311700  -  ResidentSetSize of job (KB)
...
006 (9400750.000.000) 07/13 17:15:34 Image size of job updated: 1460020
	305  -  MemoryUsage of job (MB)
	311704  -  ResidentSetSize of job (KB)
...
006 (9400750.000.000) 07/13 17:20:35 Image size of job updated: 1460020
	305  -  MemoryUsage of job (MB)
	311720  -  ResidentSetSize of job (KB)
...
006 (9400750.000.000) 07/13 17:30:35 Image size of job updated: 1460028
	320  -  MemoryUsage of job (MB)
	327528  -  ResidentSetSize of job (KB)
...
006 (9400750.000.000) 07/13 17:35:36 Image size of job updated: 1460028
	321  -  MemoryUsage of job (MB)
	328300  -  ResidentSetSize of job (KB)
...
006 (9400750.000.000) 07/13 17:40:36 Image size of job updated: 1460028
	321  -  MemoryUsage of job (MB)
	328356  -  ResidentSetSize of job (KB)
...
006 (9400750.000.000) 07/13 17:45:36 Image size of job updated: 1460028
	321  -  MemoryUsage of job (MB)
	328372  -  ResidentSetSize of job (KB)
...
006 (9400750.000.000) 07/13 17:50:37 Image size of job updated: 1460028
	321  -  MemoryUsage of job (MB)
	328420  -  ResidentSetSize of job (KB)
...
006 (9400750.000.000) 07/13 18:00:37 Image size of job updated: 1460028
	321  -  MemoryUsage of job (MB)
	328472  -  ResidentSetSize of job (KB)
...
006 (9400750.000.000) 07/13 18:05:38 Image size of job updated: 1460028
	321  -  MemoryUsage of job (MB)
	328496  -  ResidentSetSize of job (KB)
...
006 (9400750.000.000) 07/13 18:10:39 Image size of job updated: 1460028
	321  -  MemoryUsage of job (MB)
	328532  -  ResidentSetSize of job (KB)
...
006 (9400750.000.000) 07/13 18:15:39 Image size of job updated: 1460028
	327  -  MemoryUsage of job (MB)
	334296  -  ResidentSetSize of job (KB)
...
006 (9400750.000.000) 07/13 18:20:40 Image size of job updated: 1460028
	327  -  MemoryUsage of job (MB)
	334556  -  ResidentSetSize of job (KB)
...
006 (9400750.000.000) 07/13 18:25:41 Image size of job updated: 1460028
	327  -  MemoryUsage of job (MB)
	334588  -  ResidentSetSize of job (KB)
...
006 (9400750.000.000) 07/13 18:30:41 Image size of job updated: 1460028
	327  -  MemoryUsage of job (MB)
	334604  -  ResidentSetSize of job (KB)
...
006 (9400750.000.000) 07/13 18:45:42 Image size of job updated: 1460028
	327  -  MemoryUsage of job (MB)
	334652  -  ResidentSetSize of job (KB)
...
006 (9400750.000.000) 07/13 18:50:42 Image size of job updated: 1460028
	329  -  MemoryUsage of job (MB)
	336092  -  ResidentSetSize of job (KB)
...
006 (9400750.000.000) 07/13 18:55:43 Image size of job updated: 1460028
	329  -  MemoryUsage of job (MB)
	336128  -  ResidentSetSize of job (KB)
...
006 (9400750.000.000) 07/13 19:05:44 Image size of job updated: 1460028
	329  -  MemoryUsage of job (MB)
	336144  -  ResidentSetSize of job (KB)
...
006 (9400750.000.000) 07/13 19:40:48 Image size of job updated: 1460028
	329  -  MemoryUsage of job (MB)
	336604  -  ResidentSetSize of job (KB)
...
006 (9400750.000.000) 07/13 19:45:49 Image size of job updated: 1460028
	329  -  MemoryUsage of job (MB)
	336624  -  ResidentSetSize of job (KB)
...
006 (9400750.000.000) 07/13 20:05:50 Image size of job updated: 1460028
	329  -  MemoryUsage of job (MB)
	336636  -  ResidentSetSize of job (KB)
...
006 (9400750.000.000) 07/13 20:10:51 Image size of job updated: 1460028
	329  -  MemoryUsage of job (MB)
	336656  -  ResidentSetSize of job (KB)
...
006 (9400750.000.000) 07/13 20:15:52 Image size of job updated: 1460028
	329  -  MemoryUsage of job (MB)
	336776  -  ResidentSetSize of job (KB)
...
006 (9400750.000.000) 07/13 20:20:52 Image size of job updated: 1460028
	329  -  MemoryUsage of job (MB)
	336864  -  ResidentSetSize of job (KB)
...
006 (9400750.000.000) 07/13 20:40:54 Image size of job updated: 1460028
	330  -  MemoryUsage of job (MB)
	336920  -  ResidentSetSize of job (KB)
...
006 (9400750.000.000) 07/13 20:45:55 Image size of job updated: 1460028
	330  -  MemoryUsage of job (MB)
	336932  -  ResidentSetSize of job (KB)
...
006 (9400750.000.000) 07/13 21:00:56 Image size of job updated: 1460028
	330  -  MemoryUsage of job (MB)
	336944  -  ResidentSetSize of job (KB)
...
006 (9400750.000.000) 07/13 21:51:01 Image size of job updated: 1460028
	330  -  MemoryUsage of job (MB)
	336980  -  ResidentSetSize of job (KB)
...
006 (9400750.000.000) 07/13 22:16:04 Image size of job updated: 1460028
	330  -  MemoryUsage of job (MB)
	336992  -  ResidentSetSize of job (KB)
...
006 (9400750.000.000) 07/13 23:01:09 Image size of job updated: 1460028
	330  -  MemoryUsage of job (MB)
	337012  -  ResidentSetSize of job (KB)
...
006 (9400750.000.000) 07/13 23:21:11 Image size of job updated: 1460028
	330  -  MemoryUsage of job (MB)
	337016  -  ResidentSetSize of job (KB)
...
040 (9400750.000.000) 07/13 23:36:49 Started transferring output files
...
040 (9400750.000.000) 07/13 23:36:50 Finished transferring output files
...
005 (9400750.000.000) 07/13 23:36:50 Job terminated.
	(1) Normal termination (return value 0)
		Usr 0 04:42:15, Sys 0 00:01:25  -  Run Remote Usage
		Usr 0 00:00:00, Sys 0 00:00:00  -  Run Local Usage
		Usr 0 04:42:15, Sys 0 00:01:25  -  Total Remote Usage
		Usr 0 00:00:00, Sys 0 00:00:00  -  Total Local Usage
	57676  -  Run Bytes Sent By Job
	10609  -  Run Bytes Received By Job
	57676  -  Total Bytes Sent By Job
	10609  -  Total Bytes Received By Job
	Partitionable Resources :    Usage  Request Allocated 
	   Cpus                 :     0.78        1         1 
	   Disk (KB)            :    88          12   3045587 
	   Memory (MB)          :   330        2000      2000 

	Job terminated of its own accord at 2023-07-13T21:36:49Z.
...
