000 (9400755.000.000) 07/13 16:28:13 Job submitted from host: <137.138.120.116:9618?addrs=137.138.120.116-9618+[2001-1458-d00-16--17b]-9618&alias=bigbird12.cern.ch&noUDP&sock=schedd_8624_ecd7>
...
040 (9400755.000.000) 07/13 16:30:19 Started transferring input files
	Transferring to host: <128.142.192.161:9618?addrs=128.142.192.161-9618+[2001-1458-301-56--100-1d]-9618&alias=b7g18p5785.cern.ch&noUDP&sock=slot1_12_25689_f96e_25155>
...
040 (9400755.000.000) 07/13 16:30:19 Finished transferring input files
...
001 (9400755.000.000) 07/13 16:30:20 Job executing on host: <128.142.192.161:9618?addrs=128.142.192.161-9618+[2001-1458-301-56--100-1d]-9618&alias=b7g18p5785.cern.ch&noUDP&sock=startd_4739_2367>
...
006 (9400755.000.000) 07/13 16:30:29 Image size of job updated: 962792
	11  -  MemoryUsage of job (MB)
	10916  -  ResidentSetSize of job (KB)
...
006 (9400755.000.000) 07/13 16:35:30 Image size of job updated: 1464584
	330  -  MemoryUsage of job (MB)
	337016  -  ResidentSetSize of job (KB)
...
040 (9400755.000.000) 07/13 16:39:58 Started transferring output files
...
040 (9400755.000.000) 07/13 16:39:58 Finished transferring output files
...
005 (9400755.000.000) 07/13 16:39:58 Job terminated.
	(1) Normal termination (return value 0)
		Usr 0 00:01:38, Sys 0 00:00:04  -  Run Remote Usage
		Usr 0 00:00:00, Sys 0 00:00:00  -  Run Local Usage
		Usr 0 00:01:38, Sys 0 00:00:04  -  Total Remote Usage
		Usr 0 00:00:00, Sys 0 00:00:00  -  Total Local Usage
	7000  -  Run Bytes Sent By Job
	10609  -  Run Bytes Received By Job
	7000  -  Total Bytes Sent By Job
	10609  -  Total Bytes Received By Job
	Partitionable Resources :    Usage  Request Allocated 
	   Cpus                 :     0.13        1         1 
	   Disk (KB)            :    39          12   3106439 
	   Memory (MB)          :   330        2000      2000 

	Job terminated of its own accord at 2023-07-13T14:39:58Z.
...
