000 (9400768.000.000) 07/13 16:29:19 Job submitted from host: <137.138.120.116:9618?addrs=137.138.120.116-9618+[2001-1458-d00-16--17b]-9618&alias=bigbird12.cern.ch&noUDP&sock=schedd_8624_ecd7>
...
040 (9400768.000.000) 07/13 16:30:24 Started transferring input files
	Transferring to host: <128.142.137.130:9618?addrs=128.142.137.130-9618+[2001-1458-301-5e--100-76]-9618&alias=b7g19p4489.cern.ch&noUDP&sock=slot1_8_3584_008b_107175>
...
040 (9400768.000.000) 07/13 16:30:24 Finished transferring input files
...
001 (9400768.000.000) 07/13 16:30:25 Job executing on host: <128.142.137.130:9618?addrs=128.142.137.130-9618+[2001-1458-301-5e--100-76]-9618&alias=b7g19p4489.cern.ch&noUDP&sock=startd_2886_2269>
...
006 (9400768.000.000) 07/13 16:30:34 Image size of job updated: 285332
	67  -  MemoryUsage of job (MB)
	68332  -  ResidentSetSize of job (KB)
...
006 (9400768.000.000) 07/13 16:35:35 Image size of job updated: 1452072
	315  -  MemoryUsage of job (MB)
	322232  -  ResidentSetSize of job (KB)
...
006 (9400768.000.000) 07/13 16:40:36 Image size of job updated: 1452924
	321  -  MemoryUsage of job (MB)
	328328  -  ResidentSetSize of job (KB)
...
006 (9400768.000.000) 07/13 16:45:37 Image size of job updated: 1452924
	322  -  MemoryUsage of job (MB)
	329644  -  ResidentSetSize of job (KB)
...
006 (9400768.000.000) 07/13 16:50:38 Image size of job updated: 1452924
	323  -  MemoryUsage of job (MB)
	329940  -  ResidentSetSize of job (KB)
...
040 (9400768.000.000) 07/13 16:52:34 Started transferring output files
...
040 (9400768.000.000) 07/13 16:52:34 Finished transferring output files
...
005 (9400768.000.000) 07/13 16:52:34 Job terminated.
	(1) Normal termination (return value 0)
		Usr 0 00:15:26, Sys 0 00:00:05  -  Run Remote Usage
		Usr 0 00:00:00, Sys 0 00:00:00  -  Run Local Usage
		Usr 0 00:15:26, Sys 0 00:00:05  -  Total Remote Usage
		Usr 0 00:00:00, Sys 0 00:00:00  -  Total Local Usage
	6532  -  Run Bytes Sent By Job
	10609  -  Run Bytes Received By Job
	6532  -  Total Bytes Sent By Job
	10609  -  Total Bytes Received By Job
	Partitionable Resources :    Usage  Request Allocated 
	   Cpus                 :     0.02        1         1 
	   Disk (KB)            :    38          12   1576187 
	   Memory (MB)          :   323        2000      2000 

	Job terminated of its own accord at 2023-07-13T14:52:34Z.
...
