000 (9400761.000.000) 07/13 16:28:44 Job submitted from host: <137.138.120.116:9618?addrs=137.138.120.116-9618+[2001-1458-d00-16--17b]-9618&alias=bigbird12.cern.ch&noUDP&sock=schedd_8624_ecd7>
...
040 (9400761.000.000) 07/13 16:30:21 Started transferring input files
	Transferring to host: <128.142.192.152:9618?addrs=128.142.192.152-9618+[2001-1458-301-56--100-14]-9618&alias=b7g18p2250.cern.ch&noUDP&sock=slot1_9_29963_64dc_84300>
...
040 (9400761.000.000) 07/13 16:30:21 Finished transferring input files
...
001 (9400761.000.000) 07/13 16:30:22 Job executing on host: <128.142.192.152:9618?addrs=128.142.192.152-9618+[2001-1458-301-56--100-14]-9618&alias=b7g18p2250.cern.ch&noUDP&sock=startd_7006_1c9b>
...
006 (9400761.000.000) 07/13 16:30:31 Image size of job updated: 370380
	83  -  MemoryUsage of job (MB)
	84092  -  ResidentSetSize of job (KB)
...
006 (9400761.000.000) 07/13 16:35:32 Image size of job updated: 1453212
	303  -  MemoryUsage of job (MB)
	310056  -  ResidentSetSize of job (KB)
...
006 (9400761.000.000) 07/13 16:40:32 Image size of job updated: 1453212
	312  -  MemoryUsage of job (MB)
	318804  -  ResidentSetSize of job (KB)
...
006 (9400761.000.000) 07/13 16:45:33 Image size of job updated: 1453212
	315  -  MemoryUsage of job (MB)
	321792  -  ResidentSetSize of job (KB)
...
006 (9400761.000.000) 07/13 16:50:34 Image size of job updated: 1453212
	316  -  MemoryUsage of job (MB)
	323216  -  ResidentSetSize of job (KB)
...
040 (9400761.000.000) 07/13 16:51:42 Started transferring output files
...
040 (9400761.000.000) 07/13 16:51:42 Finished transferring output files
...
005 (9400761.000.000) 07/13 16:51:42 Job terminated.
	(1) Normal termination (return value 0)
		Usr 0 00:02:03, Sys 0 00:00:08  -  Run Remote Usage
		Usr 0 00:00:00, Sys 0 00:00:00  -  Run Local Usage
		Usr 0 00:02:03, Sys 0 00:00:08  -  Total Remote Usage
		Usr 0 00:00:00, Sys 0 00:00:00  -  Total Local Usage
	6793  -  Run Bytes Sent By Job
	10609  -  Run Bytes Received By Job
	6793  -  Total Bytes Sent By Job
	10609  -  Total Bytes Received By Job
	Partitionable Resources :    Usage  Request Allocated 
	   Cpus                 :     0.02        1         1 
	   Disk (KB)            :    38          12   1382293 
	   Memory (MB)          :   316        2000      2000 

	Job terminated of its own accord at 2023-07-13T14:51:42Z.
...
