000 (9400766.000.000) 07/13 16:29:09 Job submitted from host: <137.138.120.116:9618?addrs=137.138.120.116-9618+[2001-1458-d00-16--17b]-9618&alias=bigbird12.cern.ch&noUDP&sock=schedd_8624_ecd7>
...
040 (9400766.000.000) 07/13 16:30:23 Started transferring input files
	Transferring to host: <128.142.132.41:9618?addrs=128.142.132.41-9618+[2001-1458-301-5a--100-1d]-9618&alias=b7g12p3394.cern.ch&noUDP&sock=slot1_6_3640_758d_5500>
...
040 (9400766.000.000) 07/13 16:30:23 Finished transferring input files
...
001 (9400766.000.000) 07/13 16:30:24 Job executing on host: <128.142.132.41:9618?addrs=128.142.132.41-9618+[2001-1458-301-5a--100-1d]-9618&alias=b7g12p3394.cern.ch&noUDP&sock=startd_3006_71c7>
...
006 (9400766.000.000) 07/13 16:30:33 Image size of job updated: 206072
	84  -  MemoryUsage of job (MB)
	85596  -  ResidentSetSize of job (KB)
...
006 (9400766.000.000) 07/13 16:35:34 Image size of job updated: 1453796
	300  -  MemoryUsage of job (MB)
	306584  -  ResidentSetSize of job (KB)
...
006 (9400766.000.000) 07/13 16:40:35 Image size of job updated: 1456656
	305  -  MemoryUsage of job (MB)
	311328  -  ResidentSetSize of job (KB)
...
006 (9400766.000.000) 07/13 16:45:36 Image size of job updated: 1457216
	305  -  MemoryUsage of job (MB)
	311916  -  ResidentSetSize of job (KB)
...
006 (9400766.000.000) 07/13 16:50:37 Image size of job updated: 1457224
	320  -  MemoryUsage of job (MB)
	327488  -  ResidentSetSize of job (KB)
...
006 (9400766.000.000) 07/13 16:55:37 Image size of job updated: 1457224
	321  -  MemoryUsage of job (MB)
	328268  -  ResidentSetSize of job (KB)
...
006 (9400766.000.000) 07/13 17:00:37 Image size of job updated: 1457480
	325  -  MemoryUsage of job (MB)
	332072  -  ResidentSetSize of job (KB)
...
040 (9400766.000.000) 07/13 17:01:18 Started transferring output files
...
040 (9400766.000.000) 07/13 17:01:18 Finished transferring output files
...
005 (9400766.000.000) 07/13 17:01:18 Job terminated.
	(1) Normal termination (return value 0)
		Usr 0 00:23:27, Sys 0 00:00:09  -  Run Remote Usage
		Usr 0 00:00:00, Sys 0 00:00:00  -  Run Local Usage
		Usr 0 00:23:27, Sys 0 00:00:09  -  Total Remote Usage
		Usr 0 00:00:00, Sys 0 00:00:00  -  Total Local Usage
	6706  -  Run Bytes Sent By Job
	10609  -  Run Bytes Received By Job
	6706  -  Total Bytes Sent By Job
	10609  -  Total Bytes Received By Job
	Partitionable Resources :    Usage  Request Allocated 
	   Cpus                 :     0.92        1         1 
	   Disk (KB)            :    38          12   1662259 
	   Memory (MB)          :   325        2000      2000 

	Job terminated of its own accord at 2023-07-13T15:01:18Z.
...
