000 (9400763.000.000) 07/13 16:28:54 Job submitted from host: <137.138.120.116:9618?addrs=137.138.120.116-9618+[2001-1458-d00-16--17b]-9618&alias=bigbird12.cern.ch&noUDP&sock=schedd_8624_ecd7>
...
040 (9400763.000.000) 07/13 16:30:22 Started transferring input files
	Transferring to host: <128.142.192.185:9618?addrs=128.142.192.185-9618+[2001-1458-301-56--100-35]-9618&alias=b7g18p4729.cern.ch&noUDP&sock=slot1_11_33478_078a_1028>
...
040 (9400763.000.000) 07/13 16:30:22 Finished transferring input files
...
001 (9400763.000.000) 07/13 16:30:23 Job executing on host: <128.142.192.185:9618?addrs=128.142.192.185-9618+[2001-1458-301-56--100-35]-9618&alias=b7g18p4729.cern.ch&noUDP&sock=startd_33439_f37d>
...
006 (9400763.000.000) 07/13 16:30:32 Image size of job updated: 126248
	18  -  MemoryUsage of job (MB)
	18152  -  ResidentSetSize of job (KB)
...
006 (9400763.000.000) 07/13 16:35:34 Image size of job updated: 1451944
	298  -  MemoryUsage of job (MB)
	304744  -  ResidentSetSize of job (KB)
...
006 (9400763.000.000) 07/13 16:40:34 Image size of job updated: 1451944
	305  -  MemoryUsage of job (MB)
	311804  -  ResidentSetSize of job (KB)
...
006 (9400763.000.000) 07/13 16:45:35 Image size of job updated: 1452200
	308  -  MemoryUsage of job (MB)
	315272  -  ResidentSetSize of job (KB)
...
006 (9400763.000.000) 07/13 16:50:36 Image size of job updated: 1452200
	310  -  MemoryUsage of job (MB)
	317024  -  ResidentSetSize of job (KB)
...
040 (9400763.000.000) 07/13 16:53:15 Started transferring output files
...
040 (9400763.000.000) 07/13 16:53:15 Finished transferring output files
...
005 (9400763.000.000) 07/13 16:53:15 Job terminated.
	(1) Normal termination (return value 0)
		Usr 0 00:00:32, Sys 0 00:00:06  -  Run Remote Usage
		Usr 0 00:00:00, Sys 0 00:00:00  -  Run Local Usage
		Usr 0 00:00:32, Sys 0 00:00:06  -  Total Remote Usage
		Usr 0 00:00:00, Sys 0 00:00:00  -  Total Local Usage
	6819  -  Run Bytes Sent By Job
	10609  -  Run Bytes Received By Job
	6819  -  Total Bytes Sent By Job
	10609  -  Total Bytes Received By Job
	Partitionable Resources :    Usage  Request Allocated 
	   Cpus                 :     0.03        1         1 
	   Disk (KB)            :    38          12   3053909 
	   Memory (MB)          :   310        2000      2000 

	Job terminated of its own accord at 2023-07-13T14:53:15Z.
...
