000 (9400753.000.000) 07/13 16:28:05 Job submitted from host: <137.138.120.116:9618?addrs=137.138.120.116-9618+[2001-1458-d00-16--17b]-9618&alias=bigbird12.cern.ch&noUDP&sock=schedd_8624_ecd7>
...
040 (9400753.000.000) 07/13 16:30:19 Started transferring input files
	Transferring to host: <128.142.192.213:9618?addrs=128.142.192.213-9618+[2001-1458-301-56--100-51]-9618&alias=b7g18p6924.cern.ch&noUDP&sock=slot1_34_30986_30a5_4769>
...
040 (9400753.000.000) 07/13 16:30:19 Finished transferring input files
...
001 (9400753.000.000) 07/13 16:30:20 Job executing on host: <128.142.192.213:9618?addrs=128.142.192.213-9618+[2001-1458-301-56--100-51]-9618&alias=b7g18p6924.cern.ch&noUDP&sock=startd_30948_5513>
...
006 (9400753.000.000) 07/13 16:30:28 Image size of job updated: 971840
	98  -  MemoryUsage of job (MB)
	100072  -  ResidentSetSize of job (KB)
...
006 (9400753.000.000) 07/13 16:35:28 Image size of job updated: 1457280
	318  -  MemoryUsage of job (MB)
	325396  -  ResidentSetSize of job (KB)
...
006 (9400753.000.000) 07/13 16:40:29 Image size of job updated: 1457828
	320  -  MemoryUsage of job (MB)
	326668  -  ResidentSetSize of job (KB)
...
006 (9400753.000.000) 07/13 16:45:29 Image size of job updated: 1460332
	322  -  MemoryUsage of job (MB)
	329308  -  ResidentSetSize of job (KB)
...
006 (9400753.000.000) 07/13 16:50:30 Image size of job updated: 1460628
	322  -  MemoryUsage of job (MB)
	329640  -  ResidentSetSize of job (KB)
...
006 (9400753.000.000) 07/13 16:55:31 Image size of job updated: 1461600
	323  -  MemoryUsage of job (MB)
	330560  -  ResidentSetSize of job (KB)
...
006 (9400753.000.000) 07/13 17:00:31 Image size of job updated: 1461600
	323  -  MemoryUsage of job (MB)
	330588  -  ResidentSetSize of job (KB)
...
006 (9400753.000.000) 07/13 17:04:53 Image size of job updated: 1462008
	323  -  MemoryUsage of job (MB)
	330588  -  ResidentSetSize of job (KB)
...
040 (9400753.000.000) 07/13 17:04:58 Entered queue to transfer output files
...
040 (9400753.000.000) 07/13 17:04:58 Started transferring output files
...
040 (9400753.000.000) 07/13 17:04:58 Finished transferring output files
...
005 (9400753.000.000) 07/13 17:04:58 Job terminated.
	(1) Normal termination (return value 0)
		Usr 0 00:28:54, Sys 0 00:00:06  -  Run Remote Usage
		Usr 0 00:00:00, Sys 0 00:00:00  -  Run Local Usage
		Usr 0 00:28:54, Sys 0 00:00:06  -  Total Remote Usage
		Usr 0 00:00:00, Sys 0 00:00:00  -  Total Local Usage
	6915  -  Run Bytes Sent By Job
	10609  -  Run Bytes Received By Job
	6915  -  Total Bytes Sent By Job
	10609  -  Total Bytes Received By Job
	Partitionable Resources :    Usage  Request Allocated 
	   Cpus                 :     0.92        1         1 
	   Disk (KB)            :    38          12   2949295 
	   Memory (MB)          :   323        2000      2000 

	Job terminated of its own accord at 2023-07-13T15:04:53Z.
...
