000 (9400756.000.000) 07/13 16:28:19 Job submitted from host: <137.138.120.116:9618?addrs=137.138.120.116-9618+[2001-1458-d00-16--17b]-9618&alias=bigbird12.cern.ch&noUDP&sock=schedd_8624_ecd7>
...
040 (9400756.000.000) 07/13 16:30:20 Started transferring input files
	Transferring to host: <128.142.192.154:9618?addrs=128.142.192.154-9618+[2001-1458-301-56--100-16]-9618&alias=b7g18p8720.cern.ch&noUDP&sock=slot1_11_27800_5d64_5654>
...
040 (9400756.000.000) 07/13 16:30:20 Finished transferring input files
...
001 (9400756.000.000) 07/13 16:30:21 Job executing on host: <128.142.192.154:9618?addrs=128.142.192.154-9618+[2001-1458-301-56--100-16]-9618&alias=b7g18p8720.cern.ch&noUDP&sock=startd_3265_18ce>
...
006 (9400756.000.000) 07/13 16:30:29 Image size of job updated: 279888
	135  -  MemoryUsage of job (MB)
	137376  -  ResidentSetSize of job (KB)
...
006 (9400756.000.000) 07/13 16:35:29 Image size of job updated: 1452544
	314  -  MemoryUsage of job (MB)
	320776  -  ResidentSetSize of job (KB)
...
006 (9400756.000.000) 07/13 16:40:30 Image size of job updated: 1452800
	320  -  MemoryUsage of job (MB)
	327592  -  ResidentSetSize of job (KB)
...
006 (9400756.000.000) 07/13 16:45:30 Image size of job updated: 1452800
	322  -  MemoryUsage of job (MB)
	328976  -  ResidentSetSize of job (KB)
...
006 (9400756.000.000) 07/13 16:50:30 Image size of job updated: 1453392
	322  -  MemoryUsage of job (MB)
	329720  -  ResidentSetSize of job (KB)
...
006 (9400756.000.000) 07/13 16:55:31 Image size of job updated: 1453392
	323  -  MemoryUsage of job (MB)
	330064  -  ResidentSetSize of job (KB)
...
006 (9400756.000.000) 07/13 17:00:31 Image size of job updated: 1453392
	323  -  MemoryUsage of job (MB)
	330212  -  ResidentSetSize of job (KB)
...
006 (9400756.000.000) 07/13 17:05:31 Image size of job updated: 1453392
	323  -  MemoryUsage of job (MB)
	330252  -  ResidentSetSize of job (KB)
...
006 (9400756.000.000) 07/13 17:15:33 Image size of job updated: 1453392
	323  -  MemoryUsage of job (MB)
	330260  -  ResidentSetSize of job (KB)
...
006 (9400756.000.000) 07/13 17:25:34 Image size of job updated: 1453392
	323  -  MemoryUsage of job (MB)
	330316  -  ResidentSetSize of job (KB)
...
006 (9400756.000.000) 07/13 17:30:35 Image size of job updated: 1453648
	323  -  MemoryUsage of job (MB)
	330440  -  ResidentSetSize of job (KB)
...
006 (9400756.000.000) 07/13 17:50:36 Image size of job updated: 1453648
	323  -  MemoryUsage of job (MB)
	330520  -  ResidentSetSize of job (KB)
...
006 (9400756.000.000) 07/13 17:55:36 Image size of job updated: 1453648
	323  -  MemoryUsage of job (MB)
	330552  -  ResidentSetSize of job (KB)
...
006 (9400756.000.000) 07/13 18:05:38 Image size of job updated: 1453904
	324  -  MemoryUsage of job (MB)
	330792  -  ResidentSetSize of job (KB)
...
040 (9400756.000.000) 07/13 19:07:17 Started transferring output files
...
040 (9400756.000.000) 07/13 19:07:17 Finished transferring output files
...
005 (9400756.000.000) 07/13 19:07:17 Job terminated.
	(1) Normal termination (return value 0)
		Usr 0 01:58:44, Sys 0 00:00:24  -  Run Remote Usage
		Usr 0 00:00:00, Sys 0 00:00:00  -  Run Local Usage
		Usr 0 01:58:44, Sys 0 00:00:24  -  Total Remote Usage
		Usr 0 00:00:00, Sys 0 00:00:00  -  Total Local Usage
	13366  -  Run Bytes Sent By Job
	10609  -  Run Bytes Received By Job
	13366  -  Total Bytes Sent By Job
	10609  -  Total Bytes Received By Job
	Partitionable Resources :    Usage  Request Allocated 
	   Cpus                 :     0.01        1         1 
	   Disk (KB)            :    44          12   3215493 
	   Memory (MB)          :   324        2000      2000 

	Job terminated of its own accord at 2023-07-13T17:07:17Z.
...
