000 (9400767.000.000) 07/13 16:29:14 Job submitted from host: <137.138.120.116:9618?addrs=137.138.120.116-9618+[2001-1458-d00-16--17b]-9618&alias=bigbird12.cern.ch&noUDP&sock=schedd_8624_ecd7>
...
040 (9400767.000.000) 07/13 16:30:23 Started transferring input files
	Transferring to host: <128.142.131.155:9618?addrs=128.142.131.155-9618+[2001-1458-301-59--100-8f]-9618&alias=b7g11p7665.cern.ch&noUDP&sock=slot1_13_3241_53dd_5844>
...
040 (9400767.000.000) 07/13 16:30:23 Finished transferring input files
...
001 (9400767.000.000) 07/13 16:30:24 Job executing on host: <128.142.131.155:9618?addrs=128.142.131.155-9618+[2001-1458-301-59--100-8f]-9618&alias=b7g11p7665.cern.ch&noUDP&sock=startd_2791_f8ea>
...
006 (9400767.000.000) 07/13 16:30:33 Image size of job updated: 126248
	12  -  MemoryUsage of job (MB)
	12140  -  ResidentSetSize of job (KB)
...
006 (9400767.000.000) 07/13 16:35:34 Image size of job updated: 1453192
	299  -  MemoryUsage of job (MB)
	305772  -  ResidentSetSize of job (KB)
...
006 (9400767.000.000) 07/13 16:40:34 Image size of job updated: 1453456
	314  -  MemoryUsage of job (MB)
	320596  -  ResidentSetSize of job (KB)
...
006 (9400767.000.000) 07/13 16:45:35 Image size of job updated: 1453456
	320  -  MemoryUsage of job (MB)
	327592  -  ResidentSetSize of job (KB)
...
006 (9400767.000.000) 07/13 16:50:36 Image size of job updated: 1453456
	321  -  MemoryUsage of job (MB)
	328544  -  ResidentSetSize of job (KB)
...
006 (9400767.000.000) 07/13 16:55:36 Image size of job updated: 1453456
	322  -  MemoryUsage of job (MB)
	329420  -  ResidentSetSize of job (KB)
...
006 (9400767.000.000) 07/13 17:00:37 Image size of job updated: 1453456
	323  -  MemoryUsage of job (MB)
	330016  -  ResidentSetSize of job (KB)
...
040 (9400767.000.000) 07/13 17:04:36 Entered queue to transfer output files
...
040 (9400767.000.000) 07/13 17:04:58 Started transferring output files
...
040 (9400767.000.000) 07/13 17:04:58 Finished transferring output files
...
005 (9400767.000.000) 07/13 17:04:58 Job terminated.
	(1) Normal termination (return value 0)
		Usr 0 00:24:20, Sys 0 00:00:05  -  Run Remote Usage
		Usr 0 00:00:00, Sys 0 00:00:00  -  Run Local Usage
		Usr 0 00:24:20, Sys 0 00:00:05  -  Total Remote Usage
		Usr 0 00:00:00, Sys 0 00:00:00  -  Total Local Usage
	6675  -  Run Bytes Sent By Job
	10609  -  Run Bytes Received By Job
	6675  -  Total Bytes Sent By Job
	10609  -  Total Bytes Received By Job
	Partitionable Resources :    Usage  Request Allocated 
	   Cpus                 :     0.07        1         1 
	   Disk (KB)            :    38          12   1553476 
	   Memory (MB)          :   323        2000      2000 

	Job terminated of its own accord at 2023-07-13T15:04:31Z.
...
