000 (9400759.000.000) 07/13 16:28:35 Job submitted from host: <137.138.120.116:9618?addrs=137.138.120.116-9618+[2001-1458-d00-16--17b]-9618&alias=bigbird12.cern.ch&noUDP&sock=schedd_8624_ecd7>
...
040 (9400759.000.000) 07/13 16:30:21 Started transferring input files
	Transferring to host: <128.142.192.192:9618?addrs=128.142.192.192-9618+[2001-1458-301-56--100-3c]-9618&alias=b7g18p9095.cern.ch&noUDP&sock=slot1_28_44157_59dd_25044>
...
040 (9400759.000.000) 07/13 16:30:21 Finished transferring input files
...
001 (9400759.000.000) 07/13 16:30:22 Job executing on host: <128.142.192.192:9618?addrs=128.142.192.192-9618+[2001-1458-301-56--100-3c]-9618&alias=b7g18p9095.cern.ch&noUDP&sock=startd_36553_e568>
...
006 (9400759.000.000) 07/13 16:30:31 Image size of job updated: 28500
	13  -  MemoryUsage of job (MB)
	12488  -  ResidentSetSize of job (KB)
...
006 (9400759.000.000) 07/13 16:35:32 Image size of job updated: 1453612
	303  -  MemoryUsage of job (MB)
	309396  -  ResidentSetSize of job (KB)
...
006 (9400759.000.000) 07/13 16:40:32 Image size of job updated: 1454132
	321  -  MemoryUsage of job (MB)
	327812  -  ResidentSetSize of job (KB)
...
006 (9400759.000.000) 07/13 16:45:33 Image size of job updated: 1454132
	323  -  MemoryUsage of job (MB)
	329900  -  ResidentSetSize of job (KB)
...
006 (9400759.000.000) 07/13 16:50:33 Image size of job updated: 1454132
	323  -  MemoryUsage of job (MB)
	330556  -  ResidentSetSize of job (KB)
...
006 (9400759.000.000) 07/13 16:55:33 Image size of job updated: 1454132
	323  -  MemoryUsage of job (MB)
	330708  -  ResidentSetSize of job (KB)
...
006 (9400759.000.000) 07/13 17:00:34 Image size of job updated: 1454132
	324  -  MemoryUsage of job (MB)
	330768  -  ResidentSetSize of job (KB)
...
006 (9400759.000.000) 07/13 17:05:35 Image size of job updated: 1454132
	324  -  MemoryUsage of job (MB)
	330868  -  ResidentSetSize of job (KB)
...
006 (9400759.000.000) 07/13 17:10:35 Image size of job updated: 1454132
	324  -  MemoryUsage of job (MB)
	330932  -  ResidentSetSize of job (KB)
...
006 (9400759.000.000) 07/13 17:15:36 Image size of job updated: 1454132
	324  -  MemoryUsage of job (MB)
	330936  -  ResidentSetSize of job (KB)
...
006 (9400759.000.000) 07/13 17:20:37 Image size of job updated: 1454132
	324  -  MemoryUsage of job (MB)
	330948  -  ResidentSetSize of job (KB)
...
006 (9400759.000.000) 07/13 17:25:37 Image size of job updated: 1454132
	324  -  MemoryUsage of job (MB)
	330960  -  ResidentSetSize of job (KB)
...
006 (9400759.000.000) 07/13 17:30:38 Image size of job updated: 1454132
	324  -  MemoryUsage of job (MB)
	330964  -  ResidentSetSize of job (KB)
...
006 (9400759.000.000) 07/13 17:55:40 Image size of job updated: 1454132
	324  -  MemoryUsage of job (MB)
	330972  -  ResidentSetSize of job (KB)
...
006 (9400759.000.000) 07/13 18:10:41 Image size of job updated: 1454132
	324  -  MemoryUsage of job (MB)
	331032  -  ResidentSetSize of job (KB)
...
006 (9400759.000.000) 07/13 18:15:41 Image size of job updated: 1454132
	324  -  MemoryUsage of job (MB)
	331036  -  ResidentSetSize of job (KB)
...
006 (9400759.000.000) 07/13 18:40:45 Image size of job updated: 1454132
	324  -  MemoryUsage of job (MB)
	331040  -  ResidentSetSize of job (KB)
...
006 (9400759.000.000) 07/13 19:05:47 Image size of job updated: 1454132
	324  -  MemoryUsage of job (MB)
	331044  -  ResidentSetSize of job (KB)
...
006 (9400759.000.000) 07/13 19:25:49 Image size of job updated: 1454132
	324  -  MemoryUsage of job (MB)
	331048  -  ResidentSetSize of job (KB)
...
006 (9400759.000.000) 07/13 20:00:52 Image size of job updated: 1454132
	324  -  MemoryUsage of job (MB)
	331052  -  ResidentSetSize of job (KB)
...
006 (9400759.000.000) 07/13 20:30:55 Image size of job updated: 1454132
	324  -  MemoryUsage of job (MB)
	331056  -  ResidentSetSize of job (KB)
...
006 (9400759.000.000) 07/13 20:50:58 Image size of job updated: 1454132
	324  -  MemoryUsage of job (MB)
	331188  -  ResidentSetSize of job (KB)
...
006 (9400759.000.000) 07/13 20:55:59 Image size of job updated: 1454132
	324  -  MemoryUsage of job (MB)
	331192  -  ResidentSetSize of job (KB)
...
006 (9400759.000.000) 07/13 21:00:59 Image size of job updated: 1454132
	324  -  MemoryUsage of job (MB)
	331208  -  ResidentSetSize of job (KB)
...
006 (9400759.000.000) 07/13 21:21:00 Image size of job updated: 1454388
	324  -  MemoryUsage of job (MB)
	331208  -  ResidentSetSize of job (KB)
...
040 (9400759.000.000) 07/13 21:44:56 Started transferring output files
...
040 (9400759.000.000) 07/13 21:44:56 Finished transferring output files
...
005 (9400759.000.000) 07/13 21:44:56 Job terminated.
	(1) Normal termination (return value 0)
		Usr 0 03:52:37, Sys 0 00:00:34  -  Run Remote Usage
		Usr 0 00:00:00, Sys 0 00:00:00  -  Run Local Usage
		Usr 0 03:52:37, Sys 0 00:00:34  -  Total Remote Usage
		Usr 0 00:00:00, Sys 0 00:00:00  -  Total Local Usage
	21120  -  Run Bytes Sent By Job
	10609  -  Run Bytes Received By Job
	21120  -  Total Bytes Sent By Job
	10609  -  Total Bytes Received By Job
	Partitionable Resources :    Usage  Request Allocated 
	   Cpus                 :     0.86        1         1 
	   Disk (KB)            :    52          12   2810802 
	   Memory (MB)          :   324        2000      2000 

	Job terminated of its own accord at 2023-07-13T19:44:56Z.
...
