000 (9400754.000.000) 07/13 16:28:08 Job submitted from host: <137.138.120.116:9618?addrs=137.138.120.116-9618+[2001-1458-d00-16--17b]-9618&alias=bigbird12.cern.ch&noUDP&sock=schedd_8624_ecd7>
...
040 (9400754.000.000) 07/13 16:30:19 Started transferring input files
	Transferring to host: <128.142.192.160:9618?addrs=128.142.192.160-9618+[2001-1458-301-56--100-1c]-9618&alias=b7g18p9660.cern.ch&noUDP&sock=slot1_12_1111_8cc6_6841>
...
040 (9400754.000.000) 07/13 16:30:19 Finished transferring input files
...
001 (9400754.000.000) 07/13 16:30:20 Job executing on host: <128.142.192.160:9618?addrs=128.142.192.160-9618+[2001-1458-301-56--100-1c]-9618&alias=b7g18p9660.cern.ch&noUDP&sock=startd_1066_c40c>
...
006 (9400754.000.000) 07/13 16:30:29 Image size of job updated: 293204
	83  -  MemoryUsage of job (MB)
	84088  -  ResidentSetSize of job (KB)
...
006 (9400754.000.000) 07/13 16:35:30 Image size of job updated: 1459260
	304  -  MemoryUsage of job (MB)
	310844  -  ResidentSetSize of job (KB)
...
006 (9400754.000.000) 07/13 16:40:31 Image size of job updated: 1459260
	305  -  MemoryUsage of job (MB)
	311536  -  ResidentSetSize of job (KB)
...
006 (9400754.000.000) 07/13 16:45:31 Image size of job updated: 1459260
	305  -  MemoryUsage of job (MB)
	311596  -  ResidentSetSize of job (KB)
...
006 (9400754.000.000) 07/13 16:50:32 Image size of job updated: 1459260
	305  -  MemoryUsage of job (MB)
	311704  -  ResidentSetSize of job (KB)
...
006 (9400754.000.000) 07/13 16:55:33 Image size of job updated: 1459260
	306  -  MemoryUsage of job (MB)
	312756  -  ResidentSetSize of job (KB)
...
006 (9400754.000.000) 07/13 17:00:33 Image size of job updated: 1459268
	322  -  MemoryUsage of job (MB)
	329196  -  ResidentSetSize of job (KB)
...
006 (9400754.000.000) 07/13 17:05:34 Image size of job updated: 1459524
	322  -  MemoryUsage of job (MB)
	329700  -  ResidentSetSize of job (KB)
...
040 (9400754.000.000) 07/13 17:07:03 Started transferring output files
...
040 (9400754.000.000) 07/13 17:07:03 Finished transferring output files
...
005 (9400754.000.000) 07/13 17:07:03 Job terminated.
	(1) Normal termination (return value 0)
		Usr 0 00:30:58, Sys 0 00:00:09  -  Run Remote Usage
		Usr 0 00:00:00, Sys 0 00:00:00  -  Run Local Usage
		Usr 0 00:30:58, Sys 0 00:00:09  -  Total Remote Usage
		Usr 0 00:00:00, Sys 0 00:00:00  -  Total Local Usage
	6944  -  Run Bytes Sent By Job
	10609  -  Run Bytes Received By Job
	6944  -  Total Bytes Sent By Job
	10609  -  Total Bytes Received By Job
	Partitionable Resources :    Usage  Request Allocated 
	   Cpus                 :     0.88        1         1 
	   Disk (KB)            :    38          12   2661076 
	   Memory (MB)          :   322        2000      2000 

	Job terminated of its own accord at 2023-07-13T15:07:03Z.
...
