000 (9399952.000.000) 07/13 10:18:34 Job submitted from host: <137.138.120.116:9618?addrs=137.138.120.116-9618+[2001-1458-d00-16--17b]-9618&alias=bigbird12.cern.ch&noUDP&sock=schedd_8624_ecd7>
...
040 (9399952.000.000) 07/13 10:44:18 Started transferring input files
	Transferring to host: <128.142.132.152:9618?addrs=128.142.132.152-9618+[2001-1458-301-5a--100-8c]-9618&alias=b7g12p9557.cern.ch&noUDP&sock=slot1_5_3500_d107_90902>
...
040 (9399952.000.000) 07/13 10:44:18 Finished transferring input files
...
001 (9399952.000.000) 07/13 10:44:19 Job executing on host: <128.142.132.152:9618?addrs=128.142.132.152-9618+[2001-1458-301-5a--100-8c]-9618&alias=b7g12p9557.cern.ch&noUDP&sock=startd_2883_13a1>
...
006 (9399952.000.000) 07/13 10:44:28 Image size of job updated: 960272
	46  -  MemoryUsage of job (MB)
	46436  -  ResidentSetSize of job (KB)
...
006 (9399952.000.000) 07/13 10:47:45 Image size of job updated: 1426112
	46  -  MemoryUsage of job (MB)
	46436  -  ResidentSetSize of job (KB)
...
040 (9399952.000.000) 07/13 10:47:45 Started transferring output files
...
040 (9399952.000.000) 07/13 10:47:45 Finished transferring output files
...
005 (9399952.000.000) 07/13 10:47:45 Job terminated.
	(1) Normal termination (return value 0)
		Usr 0 00:00:12, Sys 0 00:00:03  -  Run Remote Usage
		Usr 0 00:00:00, Sys 0 00:00:00  -  Run Local Usage
		Usr 0 00:00:12, Sys 0 00:00:03  -  Total Remote Usage
		Usr 0 00:00:00, Sys 0 00:00:00  -  Total Local Usage
	7299  -  Run Bytes Sent By Job
	10623  -  Run Bytes Received By Job
	7299  -  Total Bytes Sent By Job
	10623  -  Total Bytes Received By Job
	Partitionable Resources :    Usage  Request Allocated 
	   Cpus                 :                 1         1 
	   Disk (KB)            :       31       12   1624156 
	   Memory (MB)          :       46     2000      2000 

	Job terminated of its own accord at 2023-07-13T08:47:45Z.
...
