000 (9399948.000.000) 07/13 10:18:14 Job submitted from host: <137.138.120.116:9618?addrs=137.138.120.116-9618+[2001-1458-d00-16--17b]-9618&alias=bigbird12.cern.ch&noUDP&sock=schedd_8624_ecd7>
...
040 (9399948.000.000) 07/13 10:44:17 Started transferring input files
	Transferring to host: <128.142.59.14:9618?addrs=128.142.59.14-9618+[2001-1458-301-21--100-d]-9618&alias=b7s04p3770.cern.ch&noUDP&sock=slot1_7_4250_4266_45433>
...
040 (9399948.000.000) 07/13 10:44:17 Finished transferring input files
...
001 (9399948.000.000) 07/13 10:44:18 Job executing on host: <128.142.59.14:9618?addrs=128.142.59.14-9618+[2001-1458-301-21--100-d]-9618&alias=b7s04p3770.cern.ch&noUDP&sock=startd_2939_7cee>
...
006 (9399948.000.000) 07/13 10:44:26 Image size of job updated: 297804
	143  -  MemoryUsage of job (MB)
	146112  -  ResidentSetSize of job (KB)
...
006 (9399948.000.000) 07/13 10:49:26 Image size of job updated: 1423724
	295  -  MemoryUsage of job (MB)
	301232  -  ResidentSetSize of job (KB)
...
006 (9399948.000.000) 07/13 10:54:27 Image size of job updated: 1423724
	302  -  MemoryUsage of job (MB)
	308780  -  ResidentSetSize of job (KB)
...
006 (9399948.000.000) 07/13 10:59:28 Image size of job updated: 1423724
	304  -  MemoryUsage of job (MB)
	310928  -  ResidentSetSize of job (KB)
...
006 (9399948.000.000) 07/13 11:04:28 Image size of job updated: 1423724
	305  -  MemoryUsage of job (MB)
	311792  -  ResidentSetSize of job (KB)
...
040 (9399948.000.000) 07/13 11:04:54 Started transferring output files
...
040 (9399948.000.000) 07/13 11:04:54 Finished transferring output files
...
005 (9399948.000.000) 07/13 11:04:54 Job terminated.
	(1) Normal termination (return value 0)
		Usr 0 00:01:13, Sys 0 00:00:05  -  Run Remote Usage
		Usr 0 00:00:00, Sys 0 00:00:00  -  Run Local Usage
		Usr 0 00:01:13, Sys 0 00:00:05  -  Total Remote Usage
		Usr 0 00:00:00, Sys 0 00:00:00  -  Total Local Usage
	7896  -  Run Bytes Sent By Job
	10623  -  Run Bytes Received By Job
	7896  -  Total Bytes Sent By Job
	10623  -  Total Bytes Received By Job
	Partitionable Resources :    Usage  Request Allocated 
	   Cpus                 :     0.01        1         1 
	   Disk (KB)            :    39          12   1145756 
	   Memory (MB)          :   305        2000      2000 

	Job terminated of its own accord at 2023-07-13T09:04:54Z.
...
