000 (9397652.000.000) 07/12 09:27:59 Job submitted from host: <137.138.120.116:9618?addrs=137.138.120.116-9618+[2001-1458-d00-16--17b]-9618&alias=bigbird12.cern.ch&noUDP&sock=schedd_8624_ecd7>
...
040 (9397652.000.000) 07/12 09:29:52 Started transferring input files
	Transferring to host: <188.184.162.172:9618?addrs=188.184.162.172-9618+[2001-1458-301-4a--100-a6]-9618&alias=b7s11p8469.cern.ch&noUDP&sock=slot1_39_122961_e5e1_178692>
...
040 (9397652.000.000) 07/12 09:29:52 Finished transferring input files
...
001 (9397652.000.000) 07/12 09:29:53 Job executing on host: <188.184.162.172:9618?addrs=188.184.162.172-9618+[2001-1458-301-4a--100-a6]-9618&alias=b7s11p8469.cern.ch&noUDP&sock=startd_28736_1595>
...
006 (9397652.000.000) 07/12 09:30:02 Image size of job updated: 285328
	5  -  MemoryUsage of job (MB)
	4832  -  ResidentSetSize of job (KB)
...
006 (9397652.000.000) 07/12 09:35:03 Image size of job updated: 1422680
	298  -  MemoryUsage of job (MB)
	304452  -  ResidentSetSize of job (KB)
...
006 (9397652.000.000) 07/12 09:40:03 Image size of job updated: 1423516
	309  -  MemoryUsage of job (MB)
	315416  -  ResidentSetSize of job (KB)
...
006 (9397652.000.000) 07/12 09:45:03 Image size of job updated: 1423656
	311  -  MemoryUsage of job (MB)
	318416  -  ResidentSetSize of job (KB)
...
006 (9397652.000.000) 07/12 09:50:05 Image size of job updated: 1423656
	313  -  MemoryUsage of job (MB)
	319548  -  ResidentSetSize of job (KB)
...
006 (9397652.000.000) 07/12 09:55:05 Image size of job updated: 1423912
	313  -  MemoryUsage of job (MB)
	319984  -  ResidentSetSize of job (KB)
...
040 (9397652.000.000) 07/12 09:57:58 Started transferring output files
...
040 (9397652.000.000) 07/12 09:57:58 Finished transferring output files
...
005 (9397652.000.000) 07/12 09:57:58 Job terminated.
	(1) Normal termination (return value 0)
		Usr 0 00:18:48, Sys 0 00:00:06  -  Run Remote Usage
		Usr 0 00:00:00, Sys 0 00:00:00  -  Run Local Usage
		Usr 0 00:18:48, Sys 0 00:00:06  -  Total Remote Usage
		Usr 0 00:00:00, Sys 0 00:00:00  -  Total Local Usage
	6865  -  Run Bytes Sent By Job
	11191  -  Run Bytes Received By Job
	6865  -  Total Bytes Sent By Job
	11191  -  Total Bytes Received By Job
	Partitionable Resources :    Usage  Request Allocated 
	   Cpus                 :     0.88        1         1 
	   Disk (KB)            :    39          12   2993513 
	   Memory (MB)          :   313        2000      2000 

	Job terminated of its own accord at 2023-07-12T07:57:58Z.
...
000 (9399955.000.000) 07/13 10:18:49 Job submitted from host: <137.138.120.116:9618?addrs=137.138.120.116-9618+[2001-1458-d00-16--17b]-9618&alias=bigbird12.cern.ch&noUDP&sock=schedd_8624_ecd7>
...
040 (9399955.000.000) 07/13 10:44:19 Started transferring input files
	Transferring to host: <128.142.56.32:9618?addrs=128.142.56.32-9618+[2001-1458-301-6--100-1f]-9618&alias=b7s01p8147.cern.ch&noUDP&sock=slot1_4_4394_b86c_97968>
...
040 (9399955.000.000) 07/13 10:44:19 Finished transferring input files
...
001 (9399955.000.000) 07/13 10:44:20 Job executing on host: <128.142.56.32:9618?addrs=128.142.56.32-9618+[2001-1458-301-6--100-1f]-9618&alias=b7s01p8147.cern.ch&noUDP&sock=startd_3191_56cc>
...
006 (9399955.000.000) 07/13 10:44:29 Image size of job updated: 294284
	132  -  MemoryUsage of job (MB)
	134524  -  ResidentSetSize of job (KB)
...
006 (9399955.000.000) 07/13 10:49:30 Image size of job updated: 1423504
	309  -  MemoryUsage of job (MB)
	315560  -  ResidentSetSize of job (KB)
...
006 (9399955.000.000) 07/13 10:54:30 Image size of job updated: 1423760
	313  -  MemoryUsage of job (MB)
	319512  -  ResidentSetSize of job (KB)
...
006 (9399955.000.000) 07/13 10:59:31 Image size of job updated: 1423760
	313  -  MemoryUsage of job (MB)
	319988  -  ResidentSetSize of job (KB)
...
040 (9399955.000.000) 07/13 11:00:37 Started transferring output files
...
040 (9399955.000.000) 07/13 11:00:37 Finished transferring output files
...
005 (9399955.000.000) 07/13 11:00:37 Job terminated.
	(1) Normal termination (return value 0)
		Usr 0 00:09:30, Sys 0 00:00:04  -  Run Remote Usage
		Usr 0 00:00:00, Sys 0 00:00:00  -  Run Local Usage
		Usr 0 00:09:30, Sys 0 00:00:04  -  Total Remote Usage
		Usr 0 00:00:00, Sys 0 00:00:00  -  Total Local Usage
	6865  -  Run Bytes Sent By Job
	10623  -  Run Bytes Received By Job
	6865  -  Total Bytes Sent By Job
	10623  -  Total Bytes Received By Job
	Partitionable Resources :    Usage  Request Allocated 
	   Cpus                 :     0.48        1         1 
	   Disk (KB)            :    39          12   1331276 
	   Memory (MB)          :   313        2000      2000 

	Job terminated of its own accord at 2023-07-13T09:00:37Z.
...
