000 (9399953.000.000) 07/13 10:18:39 Job submitted from host: <137.138.120.116:9618?addrs=137.138.120.116-9618+[2001-1458-d00-16--17b]-9618&alias=bigbird12.cern.ch&noUDP&sock=schedd_8624_ecd7>
...
040 (9399953.000.000) 07/13 10:44:19 Started transferring input files
	Transferring to host: <128.142.193.136:9618?addrs=128.142.193.136-9618+[2001-1458-301-8--100-4]-9618&alias=b7g21p8306.cern.ch&noUDP&sock=slot1_13_12131_2306_84464>
...
040 (9399953.000.000) 07/13 10:44:19 Finished transferring input files
...
001 (9399953.000.000) 07/13 10:44:20 Job executing on host: <128.142.193.136:9618?addrs=128.142.193.136-9618+[2001-1458-301-8--100-4]-9618&alias=b7g21p8306.cern.ch&noUDP&sock=startd_12092_af48>
...
006 (9399953.000.000) 07/13 10:44:29 Image size of job updated: 268896
	122  -  MemoryUsage of job (MB)
	123968  -  ResidentSetSize of job (KB)
...
006 (9399953.000.000) 07/13 10:49:30 Image size of job updated: 1424292
	290  -  MemoryUsage of job (MB)
	296568  -  ResidentSetSize of job (KB)
...
006 (9399953.000.000) 07/13 10:54:30 Image size of job updated: 1427420
	295  -  MemoryUsage of job (MB)
	301616  -  ResidentSetSize of job (KB)
...
006 (9399953.000.000) 07/13 10:59:31 Image size of job updated: 1427984
	296  -  MemoryUsage of job (MB)
	302208  -  ResidentSetSize of job (KB)
...
006 (9399953.000.000) 07/13 11:04:32 Image size of job updated: 1427992
	310  -  MemoryUsage of job (MB)
	316764  -  ResidentSetSize of job (KB)
...
006 (9399953.000.000) 07/13 11:09:32 Image size of job updated: 1427992
	312  -  MemoryUsage of job (MB)
	319292  -  ResidentSetSize of job (KB)
...
040 (9399953.000.000) 07/13 11:13:52 Started transferring output files
...
040 (9399953.000.000) 07/13 11:13:53 Finished transferring output files
...
005 (9399953.000.000) 07/13 11:13:53 Job terminated.
	(1) Normal termination (return value 0)
		Usr 0 00:22:33, Sys 0 00:00:08  -  Run Remote Usage
		Usr 0 00:00:00, Sys 0 00:00:00  -  Run Local Usage
		Usr 0 00:22:33, Sys 0 00:00:08  -  Total Remote Usage
		Usr 0 00:00:00, Sys 0 00:00:00  -  Total Local Usage
	6967  -  Run Bytes Sent By Job
	10623  -  Run Bytes Received By Job
	6967  -  Total Bytes Sent By Job
	10623  -  Total Bytes Received By Job
	Partitionable Resources :    Usage  Request Allocated 
	   Cpus                 :     0.68        1         1 
	   Disk (KB)            :    39          12   1392786 
	   Memory (MB)          :   312        2000      2000 

	Job terminated of its own accord at 2023-07-13T09:13:52Z.
...
