000 (9400786.000.000) 07/13 16:31:29 Job submitted from host: <137.138.120.116:9618?addrs=137.138.120.116-9618+[2001-1458-d00-16--17b]-9618&alias=bigbird12.cern.ch&noUDP&sock=schedd_8624_ecd7>
...
040 (9400786.000.000) 07/13 16:31:51 Started transferring input files
	Transferring to host: <128.142.57.74:9618?addrs=128.142.57.74-9618+[2001-1458-301-7--100-49]-9618&alias=b7s02p6933.cern.ch&noUDP&sock=slot1_10_3827_37b5_116744>
...
040 (9400786.000.000) 07/13 16:31:51 Finished transferring input files
...
001 (9400786.000.000) 07/13 16:31:52 Job executing on host: <128.142.57.74:9618?addrs=128.142.57.74-9618+[2001-1458-301-7--100-49]-9618&alias=b7s02p6933.cern.ch&noUDP&sock=startd_2965_5265>
...
006 (9400786.000.000) 07/13 16:32:00 Image size of job updated: 199888
	83  -  MemoryUsage of job (MB)
	84088  -  ResidentSetSize of job (KB)
...
006 (9400786.000.000) 07/13 16:37:00 Image size of job updated: 1455552
	303  -  MemoryUsage of job (MB)
	309292  -  ResidentSetSize of job (KB)
...
006 (9400786.000.000) 07/13 16:42:01 Image size of job updated: 1457224
	305  -  MemoryUsage of job (MB)
	312228  -  ResidentSetSize of job (KB)
...
006 (9400786.000.000) 07/13 16:47:01 Image size of job updated: 1457232
	323  -  MemoryUsage of job (MB)
	330428  -  ResidentSetSize of job (KB)
...
006 (9400786.000.000) 07/13 16:50:01 Image size of job updated: 1457488
	323  -  MemoryUsage of job (MB)
	330428  -  ResidentSetSize of job (KB)
...
040 (9400786.000.000) 07/13 16:50:01 Started transferring output files
...
040 (9400786.000.000) 07/13 16:50:01 Finished transferring output files
...
005 (9400786.000.000) 07/13 16:50:01 Job terminated.
	(1) Normal termination (return value 0)
		Usr 0 00:11:09, Sys 0 00:00:05  -  Run Remote Usage
		Usr 0 00:00:00, Sys 0 00:00:00  -  Run Local Usage
		Usr 0 00:11:09, Sys 0 00:00:05  -  Total Remote Usage
		Usr 0 00:00:00, Sys 0 00:00:00  -  Total Local Usage
	6706  -  Run Bytes Sent By Job
	10609  -  Run Bytes Received By Job
	6706  -  Total Bytes Sent By Job
	10609  -  Total Bytes Received By Job
	Partitionable Resources :    Usage  Request Allocated 
	   Cpus                 :     0.88        1         1 
	   Disk (KB)            :    38          12   1224697 
	   Memory (MB)          :   323        2000      2000 

	Job terminated of its own accord at 2023-07-13T14:50:01Z.
...
