000 (9400774.000.000) 07/13 16:30:30 Job submitted from host: <137.138.120.116:9618?addrs=137.138.120.116-9618+[2001-1458-d00-16--17b]-9618&alias=bigbird12.cern.ch&noUDP&sock=schedd_8624_ecd7>
...
040 (9400774.000.000) 07/13 16:31:47 Started transferring input files
	Transferring to host: <128.142.57.133:9618?addrs=128.142.57.133-9618+[2001-1458-301-7--100-84]-9618&alias=b7s02p9702.cern.ch&noUDP&sock=slot1_5_4128_4ca1_108370>
...
040 (9400774.000.000) 07/13 16:31:47 Finished transferring input files
...
001 (9400774.000.000) 07/13 16:31:48 Job executing on host: <128.142.57.133:9618?addrs=128.142.57.133-9618+[2001-1458-301-7--100-84]-9618&alias=b7s02p9702.cern.ch&noUDP&sock=startd_2899_0d25>
...
006 (9400774.000.000) 07/13 16:31:57 Image size of job updated: 856320
	199  -  MemoryUsage of job (MB)
	203504  -  ResidentSetSize of job (KB)
...
006 (9400774.000.000) 07/13 16:36:58 Image size of job updated: 1459192
	304  -  MemoryUsage of job (MB)
	311068  -  ResidentSetSize of job (KB)
...
006 (9400774.000.000) 07/13 16:41:59 Image size of job updated: 1459192
	305  -  MemoryUsage of job (MB)
	311580  -  ResidentSetSize of job (KB)
...
006 (9400774.000.000) 07/13 16:46:59 Image size of job updated: 1459192
	305  -  MemoryUsage of job (MB)
	311828  -  ResidentSetSize of job (KB)
...
006 (9400774.000.000) 07/13 16:52:01 Image size of job updated: 1459200
	323  -  MemoryUsage of job (MB)
	329908  -  ResidentSetSize of job (KB)
...
040 (9400774.000.000) 07/13 16:55:55 Started transferring output files
...
040 (9400774.000.000) 07/13 16:55:55 Finished transferring output files
...
005 (9400774.000.000) 07/13 16:55:55 Job terminated.
	(1) Normal termination (return value 0)
		Usr 0 00:18:18, Sys 0 00:00:04  -  Run Remote Usage
		Usr 0 00:00:00, Sys 0 00:00:00  -  Run Local Usage
		Usr 0 00:18:18, Sys 0 00:00:04  -  Total Remote Usage
		Usr 0 00:00:00, Sys 0 00:00:00  -  Total Local Usage
	6944  -  Run Bytes Sent By Job
	10609  -  Run Bytes Received By Job
	6944  -  Total Bytes Sent By Job
	10609  -  Total Bytes Received By Job
	Partitionable Resources :    Usage  Request Allocated 
	   Cpus                 :     0.83        1         1 
	   Disk (KB)            :    39          12   1187579 
	   Memory (MB)          :   323        2000      2000 

	Job terminated of its own accord at 2023-07-13T14:55:55Z.
...
