000 (9400788.000.000) 07/13 16:31:40 Job submitted from host: <137.138.120.116:9618?addrs=137.138.120.116-9618+[2001-1458-d00-16--17b]-9618&alias=bigbird12.cern.ch&noUDP&sock=schedd_8624_ecd7>
...
040 (9400788.000.000) 07/13 16:31:52 Started transferring input files
	Transferring to host: <188.184.163.34:9618?addrs=188.184.163.34-9618+[2001-1458-301-4d--100-1c]-9618&alias=b7s12p7560.cern.ch&noUDP&sock=slot1_18_30600_37d5_92767>
...
040 (9400788.000.000) 07/13 16:31:52 Finished transferring input files
...
001 (9400788.000.000) 07/13 16:31:53 Job executing on host: <188.184.163.34:9618?addrs=188.184.163.34-9618+[2001-1458-301-4d--100-1c]-9618&alias=b7s12p7560.cern.ch&noUDP&sock=startd_30547_4799>
...
006 (9400788.000.000) 07/13 16:32:02 Image size of job updated: 286856
	46  -  MemoryUsage of job (MB)
	46324  -  ResidentSetSize of job (KB)
...
006 (9400788.000.000) 07/13 16:37:03 Image size of job updated: 1452768
	316  -  MemoryUsage of job (MB)
	323324  -  ResidentSetSize of job (KB)
...
006 (9400788.000.000) 07/13 16:42:04 Image size of job updated: 1453032
	321  -  MemoryUsage of job (MB)
	328076  -  ResidentSetSize of job (KB)
...
006 (9400788.000.000) 07/13 16:47:04 Image size of job updated: 1453032
	322  -  MemoryUsage of job (MB)
	329264  -  ResidentSetSize of job (KB)
...
040 (9400788.000.000) 07/13 16:51:27 Started transferring output files
...
040 (9400788.000.000) 07/13 16:51:27 Finished transferring output files
...
005 (9400788.000.000) 07/13 16:51:27 Job terminated.
	(1) Normal termination (return value 0)
		Usr 0 00:12:54, Sys 0 00:00:07  -  Run Remote Usage
		Usr 0 00:00:00, Sys 0 00:00:00  -  Run Local Usage
		Usr 0 00:12:54, Sys 0 00:00:07  -  Total Remote Usage
		Usr 0 00:00:00, Sys 0 00:00:00  -  Total Local Usage
	6532  -  Run Bytes Sent By Job
	10609  -  Run Bytes Received By Job
	6532  -  Total Bytes Sent By Job
	10609  -  Total Bytes Received By Job
	Partitionable Resources :    Usage  Request Allocated 
	   Cpus                 :     0.86        1         1 
	   Disk (KB)            :    38          12   2988860 
	   Memory (MB)          :   322        2000      2000 

	Job terminated of its own accord at 2023-07-13T14:51:27Z.
...
