000 (9400783.000.000) 07/13 16:31:14 Job submitted from host: <137.138.120.116:9618?addrs=137.138.120.116-9618+[2001-1458-d00-16--17b]-9618&alias=bigbird12.cern.ch&noUDP&sock=schedd_8624_ecd7>
...
040 (9400783.000.000) 07/13 16:31:50 Started transferring input files
	Transferring to host: <128.142.195.32:9618?addrs=128.142.195.32-9618+[2001-1458-301-26--100-20]-9618&alias=b7g31p5747.cern.ch&noUDP&sock=slot1_6_3443_a7a5_96824>
...
040 (9400783.000.000) 07/13 16:31:50 Finished transferring input files
...
001 (9400783.000.000) 07/13 16:31:51 Job executing on host: <128.142.195.32:9618?addrs=128.142.195.32-9618+[2001-1458-301-26--100-20]-9618&alias=b7g31p5747.cern.ch&noUDP&sock=startd_2861_fc8b>
...
006 (9400783.000.000) 07/13 16:31:59 Image size of job updated: 285332
	17  -  MemoryUsage of job (MB)
	16788  -  ResidentSetSize of job (KB)
...
006 (9400783.000.000) 07/13 16:37:00 Image size of job updated: 1451944
	300  -  MemoryUsage of job (MB)
	306344  -  ResidentSetSize of job (KB)
...
006 (9400783.000.000) 07/13 16:42:01 Image size of job updated: 1451944
	308  -  MemoryUsage of job (MB)
	315280  -  ResidentSetSize of job (KB)
...
006 (9400783.000.000) 07/13 16:47:01 Image size of job updated: 1452200
	312  -  MemoryUsage of job (MB)
	318784  -  ResidentSetSize of job (KB)
...
006 (9400783.000.000) 07/13 16:52:02 Image size of job updated: 1452200
	314  -  MemoryUsage of job (MB)
	320748  -  ResidentSetSize of job (KB)
...
040 (9400783.000.000) 07/13 16:52:17 Started transferring output files
...
040 (9400783.000.000) 07/13 16:52:17 Finished transferring output files
...
005 (9400783.000.000) 07/13 16:52:17 Job terminated.
	(1) Normal termination (return value 0)
		Usr 0 00:00:25, Sys 0 00:00:06  -  Run Remote Usage
		Usr 0 00:00:00, Sys 0 00:00:00  -  Run Local Usage
		Usr 0 00:00:25, Sys 0 00:00:06  -  Total Remote Usage
		Usr 0 00:00:00, Sys 0 00:00:00  -  Total Local Usage
	6819  -  Run Bytes Sent By Job
	10609  -  Run Bytes Received By Job
	6819  -  Total Bytes Sent By Job
	10609  -  Total Bytes Received By Job
	Partitionable Resources :    Usage  Request Allocated 
	   Cpus                 :     0.04        1         1 
	   Disk (KB)            :    38          12   1227111 
	   Memory (MB)          :   314        2000      2000 

	Job terminated of its own accord at 2023-07-13T14:52:17Z.
...
