000 (9400780.000.000) 07/13 16:31:00 Job submitted from host: <137.138.120.116:9618?addrs=137.138.120.116-9618+[2001-1458-d00-16--17b]-9618&alias=bigbird12.cern.ch&noUDP&sock=schedd_8624_ecd7>
...
040 (9400780.000.000) 07/13 16:31:49 Started transferring input files
	Transferring to host: <128.142.59.88:9618?addrs=128.142.59.88-9618+[2001-1458-301-21--100-57]-9618&alias=b7s04p0166.cern.ch&noUDP&sock=slot1_6_61455_5b5c_826>
...
040 (9400780.000.000) 07/13 16:31:49 Finished transferring input files
...
001 (9400780.000.000) 07/13 16:31:50 Job executing on host: <128.142.59.88:9618?addrs=128.142.59.88-9618+[2001-1458-301-21--100-57]-9618&alias=b7s04p0166.cern.ch&noUDP&sock=startd_2913_a778>
...
006 (9400780.000.000) 07/13 16:31:59 Image size of job updated: 351960
	189  -  MemoryUsage of job (MB)
	193044  -  ResidentSetSize of job (KB)
...
006 (9400780.000.000) 07/13 16:37:00 Image size of job updated: 1453616
	309  -  MemoryUsage of job (MB)
	316008  -  ResidentSetSize of job (KB)
...
006 (9400780.000.000) 07/13 16:42:01 Image size of job updated: 1453872
	318  -  MemoryUsage of job (MB)
	325192  -  ResidentSetSize of job (KB)
...
006 (9400780.000.000) 07/13 16:47:01 Image size of job updated: 1453872
	321  -  MemoryUsage of job (MB)
	328268  -  ResidentSetSize of job (KB)
...
040 (9400780.000.000) 07/13 16:48:50 Started transferring output files
...
040 (9400780.000.000) 07/13 16:48:50 Finished transferring output files
...
005 (9400780.000.000) 07/13 16:48:50 Job terminated.
	(1) Normal termination (return value 0)
		Usr 0 00:01:24, Sys 0 00:00:05  -  Run Remote Usage
		Usr 0 00:00:00, Sys 0 00:00:00  -  Run Local Usage
		Usr 0 00:01:24, Sys 0 00:00:05  -  Total Remote Usage
		Usr 0 00:00:00, Sys 0 00:00:00  -  Total Local Usage
	6533  -  Run Bytes Sent By Job
	10609  -  Run Bytes Received By Job
	6533  -  Total Bytes Sent By Job
	10609  -  Total Bytes Received By Job
	Partitionable Resources :    Usage  Request Allocated 
	   Cpus                 :     0.10        1         1 
	   Disk (KB)            :    38          12   1262224 
	   Memory (MB)          :   321        2000      2000 

	Job terminated of its own accord at 2023-07-13T14:48:50Z.
...
