000 (9400781.000.000) 07/13 16:31:05 Job submitted from host: <137.138.120.116:9618?addrs=137.138.120.116-9618+[2001-1458-d00-16--17b]-9618&alias=bigbird12.cern.ch&noUDP&sock=schedd_8624_ecd7>
...
040 (9400781.000.000) 07/13 16:31:50 Started transferring input files
	Transferring to host: <128.142.59.48:9618?addrs=128.142.59.48-9618+[2001-1458-301-21--100-2f]-9618&alias=b7s04p2230.cern.ch&noUDP&sock=slot1_33_4256_7ca6_107408>
...
040 (9400781.000.000) 07/13 16:31:50 Finished transferring input files
...
001 (9400781.000.000) 07/13 16:31:51 Job executing on host: <128.142.59.48:9618?addrs=128.142.59.48-9618+[2001-1458-301-21--100-2f]-9618&alias=b7s04p2230.cern.ch&noUDP&sock=startd_2978_3d20>
...
006 (9400781.000.000) 07/13 16:31:59 Image size of job updated: 35328
	18  -  MemoryUsage of job (MB)
	18148  -  ResidentSetSize of job (KB)
...
006 (9400781.000.000) 07/13 16:36:59 Image size of job updated: 1453212
	304  -  MemoryUsage of job (MB)
	310644  -  ResidentSetSize of job (KB)
...
006 (9400781.000.000) 07/13 16:42:00 Image size of job updated: 1453212
	313  -  MemoryUsage of job (MB)
	319612  -  ResidentSetSize of job (KB)
...
006 (9400781.000.000) 07/13 16:47:00 Image size of job updated: 1453212
	315  -  MemoryUsage of job (MB)
	322496  -  ResidentSetSize of job (KB)
...
006 (9400781.000.000) 07/13 16:52:01 Image size of job updated: 1453212
	317  -  MemoryUsage of job (MB)
	323840  -  ResidentSetSize of job (KB)
...
040 (9400781.000.000) 07/13 16:52:24 Started transferring output files
...
040 (9400781.000.000) 07/13 16:52:24 Finished transferring output files
...
005 (9400781.000.000) 07/13 16:52:24 Job terminated.
	(1) Normal termination (return value 0)
		Usr 0 00:01:15, Sys 0 00:00:06  -  Run Remote Usage
		Usr 0 00:00:00, Sys 0 00:00:00  -  Run Local Usage
		Usr 0 00:01:15, Sys 0 00:00:06  -  Total Remote Usage
		Usr 0 00:00:00, Sys 0 00:00:00  -  Total Local Usage
	6793  -  Run Bytes Sent By Job
	10609  -  Run Bytes Received By Job
	6793  -  Total Bytes Sent By Job
	10609  -  Total Bytes Received By Job
	Partitionable Resources :    Usage  Request Allocated 
	   Cpus                 :     0.02        1         1 
	   Disk (KB)            :    38          12   1156600 
	   Memory (MB)          :   317        2000      2000 

	Job terminated of its own accord at 2023-07-13T14:52:24Z.
...
