000 (9400772.000.000) 07/13 16:30:27 Job submitted from host: <137.138.120.116:9618?addrs=137.138.120.116-9618+[2001-1458-d00-16--17b]-9618&alias=bigbird12.cern.ch&noUDP&sock=schedd_8624_ecd7>
...
000 (9400773.000.000) 07/13 16:30:28 Job submitted from host: <137.138.120.116:9618?addrs=137.138.120.116-9618+[2001-1458-d00-16--17b]-9618&alias=bigbird12.cern.ch&noUDP&sock=schedd_8624_ecd7>
...
040 (9400772.000.000) 07/13 16:31:47 Started transferring input files
	Transferring to host: <128.142.195.188:9618?addrs=128.142.195.188-9618+[2001-1458-301-50--100-35]-9618&alias=b7g33p0218.cern.ch&noUDP&sock=slot1_10_4216_4da5_112407>
...
040 (9400772.000.000) 07/13 16:31:47 Finished transferring input files
...
040 (9400773.000.000) 07/13 16:31:47 Started transferring input files
	Transferring to host: <128.142.60.112:9618?addrs=128.142.60.112-9618+[2001-1458-301-22--100-6f]-9618&alias=b7s05p0973.cern.ch&noUDP&sock=slot1_18_4378_726b_104741>
...
040 (9400773.000.000) 07/13 16:31:47 Finished transferring input files
...
001 (9400772.000.000) 07/13 16:31:48 Job executing on host: <128.142.195.188:9618?addrs=128.142.195.188-9618+[2001-1458-301-50--100-35]-9618&alias=b7g33p0218.cern.ch&noUDP&sock=startd_2937_1dbe>
...
001 (9400773.000.000) 07/13 16:31:48 Job executing on host: <128.142.60.112:9618?addrs=128.142.60.112-9618+[2001-1458-301-22--100-6f]-9618&alias=b7s05p0973.cern.ch&noUDP&sock=startd_3178_6c11>
...
006 (9400772.000.000) 07/13 16:31:57 Image size of job updated: 157044
	73  -  MemoryUsage of job (MB)
	74152  -  ResidentSetSize of job (KB)
...
006 (9400773.000.000) 07/13 16:31:57 Image size of job updated: 13228
	8  -  MemoryUsage of job (MB)
	7444  -  ResidentSetSize of job (KB)
...
006 (9400773.000.000) 07/13 16:36:58 Image size of job updated: 1457464
	319  -  MemoryUsage of job (MB)
	325808  -  ResidentSetSize of job (KB)
...
006 (9400772.000.000) 07/13 16:36:58 Image size of job updated: 1457552
	320  -  MemoryUsage of job (MB)
	327384  -  ResidentSetSize of job (KB)
...
006 (9400773.000.000) 07/13 16:41:58 Image size of job updated: 1458716
	321  -  MemoryUsage of job (MB)
	327872  -  ResidentSetSize of job (KB)
...
006 (9400772.000.000) 07/13 16:41:59 Image size of job updated: 1460252
	323  -  MemoryUsage of job (MB)
	330736  -  ResidentSetSize of job (KB)
...
006 (9400773.000.000) 07/13 16:46:59 Image size of job updated: 1460528
	323  -  MemoryUsage of job (MB)
	329768  -  ResidentSetSize of job (KB)
...
006 (9400772.000.000) 07/13 16:47:00 Image size of job updated: 1461104
	325  -  MemoryUsage of job (MB)
	331916  -  ResidentSetSize of job (KB)
...
006 (9400773.000.000) 07/13 16:51:59 Image size of job updated: 1461444
	323  -  MemoryUsage of job (MB)
	330672  -  ResidentSetSize of job (KB)
...
006 (9400772.000.000) 07/13 16:52:01 Image size of job updated: 1461696
	325  -  MemoryUsage of job (MB)
	332136  -  ResidentSetSize of job (KB)
...
006 (9400772.000.000) 07/13 16:55:27 Image size of job updated: 1461952
	325  -  MemoryUsage of job (MB)
	332136  -  ResidentSetSize of job (KB)
...
040 (9400772.000.000) 07/13 16:55:27 Started transferring output files
...
040 (9400772.000.000) 07/13 16:55:27 Finished transferring output files
...
005 (9400772.000.000) 07/13 16:55:27 Job terminated.
	(1) Normal termination (return value 0)
		Usr 0 00:17:49, Sys 0 00:00:10  -  Run Remote Usage
		Usr 0 00:00:00, Sys 0 00:00:00  -  Run Local Usage
		Usr 0 00:17:49, Sys 0 00:00:10  -  Total Remote Usage
		Usr 0 00:00:00, Sys 0 00:00:00  -  Total Local Usage
	6915  -  Run Bytes Sent By Job
	10609  -  Run Bytes Received By Job
	6915  -  Total Bytes Sent By Job
	10609  -  Total Bytes Received By Job
	Partitionable Resources :    Usage  Request Allocated 
	   Cpus                 :     0.70        1         1 
	   Disk (KB)            :    39          12   3021430 
	   Memory (MB)          :   325        2000      2000 

	Job terminated of its own accord at 2023-07-13T14:55:27Z.
...
006 (9400773.000.000) 07/13 16:56:59 Image size of job updated: 1461956
	324  -  MemoryUsage of job (MB)
	331232  -  ResidentSetSize of job (KB)
...
040 (9400773.000.000) 07/13 16:59:29 Started transferring output files
...
040 (9400773.000.000) 07/13 16:59:29 Finished transferring output files
...
005 (9400773.000.000) 07/13 16:59:29 Job terminated.
	(1) Normal termination (return value 0)
		Usr 0 00:20:06, Sys 0 00:00:04  -  Run Remote Usage
		Usr 0 00:00:00, Sys 0 00:00:00  -  Run Local Usage
		Usr 0 00:20:06, Sys 0 00:00:04  -  Total Remote Usage
		Usr 0 00:00:00, Sys 0 00:00:00  -  Total Local Usage
	6915  -  Run Bytes Sent By Job
	10609  -  Run Bytes Received By Job
	6915  -  Total Bytes Sent By Job
	10609  -  Total Bytes Received By Job
	Partitionable Resources :    Usage  Request Allocated 
	   Cpus                 :     0.76        1         1 
	   Disk (KB)            :    39          12   1027164 
	   Memory (MB)          :   324        2000      2000 

	Job terminated of its own accord at 2023-07-13T14:59:29Z.
...
