000 (9400787.000.000) 07/13 16:31:34 Job submitted from host: <137.138.120.116:9618?addrs=137.138.120.116-9618+[2001-1458-d00-16--17b]-9618&alias=bigbird12.cern.ch&noUDP&sock=schedd_8624_ecd7>
...
040 (9400787.000.000) 07/13 16:31:52 Started transferring input files
	Transferring to host: <128.142.60.30:9618?addrs=128.142.60.30-9618+[2001-1458-301-22--100-1d]-9618&alias=b7s05p7485.cern.ch&noUDP&sock=slot1_9_12340_656f_4912>
...
040 (9400787.000.000) 07/13 16:31:52 Finished transferring input files
...
001 (9400787.000.000) 07/13 16:31:53 Job executing on host: <128.142.60.30:9618?addrs=128.142.60.30-9618+[2001-1458-301-22--100-1d]-9618&alias=b7s05p7485.cern.ch&noUDP&sock=startd_12298_fbcb>
...
006 (9400787.000.000) 07/13 16:32:01 Image size of job updated: 229668
	101  -  MemoryUsage of job (MB)
	102916  -  ResidentSetSize of job (KB)
...
006 (9400787.000.000) 07/13 16:37:01 Image size of job updated: 1453696
	315  -  MemoryUsage of job (MB)
	321564  -  ResidentSetSize of job (KB)
...
006 (9400787.000.000) 07/13 16:42:02 Image size of job updated: 1453696
	321  -  MemoryUsage of job (MB)
	328132  -  ResidentSetSize of job (KB)
...
006 (9400787.000.000) 07/13 16:47:02 Image size of job updated: 1453696
	323  -  MemoryUsage of job (MB)
	329992  -  ResidentSetSize of job (KB)
...
040 (9400787.000.000) 07/13 16:51:45 Started transferring output files
...
040 (9400787.000.000) 07/13 16:51:45 Finished transferring output files
...
005 (9400787.000.000) 07/13 16:51:45 Job terminated.
	(1) Normal termination (return value 0)
		Usr 0 00:13:03, Sys 0 00:00:05  -  Run Remote Usage
		Usr 0 00:00:00, Sys 0 00:00:00  -  Run Local Usage
		Usr 0 00:13:03, Sys 0 00:00:05  -  Total Remote Usage
		Usr 0 00:00:00, Sys 0 00:00:00  -  Total Local Usage
	6675  -  Run Bytes Sent By Job
	10609  -  Run Bytes Received By Job
	6675  -  Total Bytes Sent By Job
	10609  -  Total Bytes Received By Job
	Partitionable Resources :    Usage  Request Allocated 
	   Cpus                 :     0.01        1         1 
	   Disk (KB)            :    38          12   2881096 
	   Memory (MB)          :   323        2000      2000 

	Job terminated of its own accord at 2023-07-13T14:51:45Z.
...
