000 (9400775.000.000) 07/13 16:30:35 Job submitted from host: <137.138.120.116:9618?addrs=137.138.120.116-9618+[2001-1458-d00-16--17b]-9618&alias=bigbird12.cern.ch&noUDP&sock=schedd_8624_ecd7>
...
040 (9400775.000.000) 07/13 16:31:48 Started transferring input files
	Transferring to host: <128.142.195.106:9618?addrs=128.142.195.106-9618+[2001-1458-301-26--100-6a]-9618&alias=b7g31p8004.cern.ch&noUDP&sock=slot1_16_4082_e35f_97523>
...
040 (9400775.000.000) 07/13 16:31:48 Finished transferring input files
...
001 (9400775.000.000) 07/13 16:31:49 Job executing on host: <128.142.195.106:9618?addrs=128.142.195.106-9618+[2001-1458-301-26--100-6a]-9618&alias=b7g31p8004.cern.ch&noUDP&sock=startd_2788_ea21>
...
006 (9400775.000.000) 07/13 16:31:58 Image size of job updated: 126248
	11  -  MemoryUsage of job (MB)
	10912  -  ResidentSetSize of job (KB)
...
006 (9400775.000.000) 07/13 16:36:59 Image size of job updated: 1464676
	331  -  MemoryUsage of job (MB)
	337964  -  ResidentSetSize of job (KB)
...
040 (9400775.000.000) 07/13 16:40:40 Started transferring output files
...
040 (9400775.000.000) 07/13 16:40:40 Finished transferring output files
...
005 (9400775.000.000) 07/13 16:40:40 Job terminated.
	(1) Normal termination (return value 0)
		Usr 0 00:01:03, Sys 0 00:00:04  -  Run Remote Usage
		Usr 0 00:00:00, Sys 0 00:00:00  -  Run Local Usage
		Usr 0 00:01:03, Sys 0 00:00:04  -  Total Remote Usage
		Usr 0 00:00:00, Sys 0 00:00:00  -  Total Local Usage
	7000  -  Run Bytes Sent By Job
	10609  -  Run Bytes Received By Job
	7000  -  Total Bytes Sent By Job
	10609  -  Total Bytes Received By Job
	Partitionable Resources :    Usage  Request Allocated 
	   Cpus                 :                 1         1 
	   Disk (KB)            :       31       12   1270994 
	   Memory (MB)          :      331     2000      2000 

	Job terminated of its own accord at 2023-07-13T14:40:39Z.
...
