000 (9400785.000.000) 07/13 16:31:24 Job submitted from host: <137.138.120.116:9618?addrs=137.138.120.116-9618+[2001-1458-d00-16--17b]-9618&alias=bigbird12.cern.ch&noUDP&sock=schedd_8624_ecd7>
...
040 (9400785.000.000) 07/13 16:31:51 Started transferring input files
	Transferring to host: <128.142.33.221:9618?addrs=128.142.33.221-9618+[2001-1458-301-39--100-1a]-9618&alias=b7g24p1710.cern.ch&noUDP&sock=slot1_23_7252_70a0_103601>
...
040 (9400785.000.000) 07/13 16:31:51 Finished transferring input files
...
001 (9400785.000.000) 07/13 16:31:52 Job executing on host: <128.142.33.221:9618?addrs=128.142.33.221-9618+[2001-1458-301-39--100-1a]-9618&alias=b7g24p1710.cern.ch&noUDP&sock=startd_5788_aa40>
...
006 (9400785.000.000) 07/13 16:32:01 Image size of job updated: 374960
	129  -  MemoryUsage of job (MB)
	132040  -  ResidentSetSize of job (KB)
...
006 (9400785.000.000) 07/13 16:35:15 Image size of job updated: 1455464
	129  -  MemoryUsage of job (MB)
	132040  -  ResidentSetSize of job (KB)
...
040 (9400785.000.000) 07/13 16:35:15 Started transferring output files
...
040 (9400785.000.000) 07/13 16:35:15 Finished transferring output files
...
005 (9400785.000.000) 07/13 16:35:15 Job terminated.
	(1) Normal termination (return value 0)
		Usr 0 00:00:08, Sys 0 00:00:02  -  Run Remote Usage
		Usr 0 00:00:00, Sys 0 00:00:00  -  Run Local Usage
		Usr 0 00:00:08, Sys 0 00:00:02  -  Total Remote Usage
		Usr 0 00:00:00, Sys 0 00:00:00  -  Total Local Usage
	5597  -  Run Bytes Sent By Job
	10609  -  Run Bytes Received By Job
	5597  -  Total Bytes Sent By Job
	10609  -  Total Bytes Received By Job
	Partitionable Resources :    Usage  Request Allocated 
	   Cpus                 :                 1         1 
	   Disk (KB)            :       30       12   2767810 
	   Memory (MB)          :      129     2000      2000 

	Job terminated of its own accord at 2023-07-13T14:35:15Z.
...
