000 (9400784.000.000) 07/13 16:31:20 Job submitted from host: <137.138.120.116:9618?addrs=137.138.120.116-9618+[2001-1458-d00-16--17b]-9618&alias=bigbird12.cern.ch&noUDP&sock=schedd_8624_ecd7>
...
040 (9400784.000.000) 07/13 16:31:51 Started transferring input files
	Transferring to host: <128.142.61.152:9618?addrs=128.142.61.152-9618+[2001-1458-301-23--100-97]-9618&alias=b7s06p3046.cern.ch&noUDP&sock=slot1_11_4572_2333_96380>
...
040 (9400784.000.000) 07/13 16:31:51 Finished transferring input files
...
001 (9400784.000.000) 07/13 16:31:52 Job executing on host: <128.142.61.152:9618?addrs=128.142.61.152-9618+[2001-1458-301-23--100-97]-9618&alias=b7s06p3046.cern.ch&noUDP&sock=startd_3155_a563>
...
006 (9400784.000.000) 07/13 16:32:00 Image size of job updated: 288244
	137  -  MemoryUsage of job (MB)
	140132  -  ResidentSetSize of job (KB)
...
006 (9400784.000.000) 07/13 16:37:00 Image size of job updated: 1452256
	293  -  MemoryUsage of job (MB)
	299072  -  ResidentSetSize of job (KB)
...
006 (9400784.000.000) 07/13 16:42:01 Image size of job updated: 1452256
	299  -  MemoryUsage of job (MB)
	305232  -  ResidentSetSize of job (KB)
...
040 (9400784.000.000) 07/13 16:45:39 Started transferring output files
...
040 (9400784.000.000) 07/13 16:45:39 Finished transferring output files
...
005 (9400784.000.000) 07/13 16:45:39 Job terminated.
	(1) Normal termination (return value 0)
		Usr 0 00:00:15, Sys 0 00:00:05  -  Run Remote Usage
		Usr 0 00:00:00, Sys 0 00:00:00  -  Run Local Usage
		Usr 0 00:00:15, Sys 0 00:00:05  -  Total Remote Usage
		Usr 0 00:00:00, Sys 0 00:00:00  -  Total Local Usage
	6377  -  Run Bytes Sent By Job
	10609  -  Run Bytes Received By Job
	6377  -  Total Bytes Sent By Job
	10609  -  Total Bytes Received By Job
	Partitionable Resources :    Usage  Request Allocated 
	   Cpus                 :     0.01        1         1 
	   Disk (KB)            :    38          12   1268132 
	   Memory (MB)          :   299        2000      2000 

	Job terminated of its own accord at 2023-07-13T14:45:39Z.
...
