000 (9399498.000.000) 07/12 16:46:51 Job submitted from host: <137.138.120.116:9618?addrs=137.138.120.116-9618+[2001-1458-d00-16--17b]-9618&alias=bigbird12.cern.ch&noUDP&sock=schedd_8624_ecd7>
...
040 (9399498.000.000) 07/12 16:48:57 Started transferring input files
	Transferring to host: <128.142.132.183:9618?addrs=128.142.132.183-9618+[2001-1458-301-5a--100-ab]-9618&alias=b7g12p2609.cern.ch&noUDP&sock=slot1_15_5287_eb70_86432>
...
040 (9399498.000.000) 07/12 16:48:57 Finished transferring input files
...
001 (9399498.000.000) 07/12 16:48:58 Job executing on host: <128.142.132.183:9618?addrs=128.142.132.183-9618+[2001-1458-301-5a--100-ab]-9618&alias=b7g12p2609.cern.ch&noUDP&sock=startd_4613_b678>
...
006 (9399498.000.000) 07/12 16:49:07 Image size of job updated: 632752
	74  -  MemoryUsage of job (MB)
	75512  -  ResidentSetSize of job (KB)
...
000 (9399518.000.000) 07/12 16:49:28 Job submitted from host: <137.138.120.116:9618?addrs=137.138.120.116-9618+[2001-1458-d00-16--17b]-9618&alias=bigbird12.cern.ch&noUDP&sock=schedd_8624_ecd7>
...
006 (9399498.000.000) 07/12 16:49:41 Image size of job updated: 1415600
	74  -  MemoryUsage of job (MB)
	75520  -  ResidentSetSize of job (KB)
...
040 (9399498.000.000) 07/12 16:49:41 Started transferring output files
...
040 (9399498.000.000) 07/12 16:49:41 Finished transferring output files
...
005 (9399498.000.000) 07/12 16:49:41 Job terminated.
	(1) Normal termination (return value 1)
		Usr 0 00:00:08, Sys 0 00:00:02  -  Run Remote Usage
		Usr 0 00:00:00, Sys 0 00:00:00  -  Run Local Usage
		Usr 0 00:00:08, Sys 0 00:00:02  -  Total Remote Usage
		Usr 0 00:00:00, Sys 0 00:00:00  -  Total Local Usage
	465  -  Run Bytes Sent By Job
	11160  -  Run Bytes Received By Job
	465  -  Total Bytes Sent By Job
	11160  -  Total Bytes Received By Job
	Partitionable Resources :    Usage  Request Allocated 
	   Cpus                 :                 1         1 
	   Disk (KB)            :       28       12   1674478 
	   Memory (MB)          :       74     2000      2000 

	Job terminated of its own accord at 2023-07-12T14:49:41Z.
...
040 (9399518.000.000) 07/12 16:49:43 Started transferring input files
	Transferring to host: <128.142.132.36:9618?addrs=128.142.132.36-9618+[2001-1458-301-5a--100-18]-9618&alias=b7g12p3473.cern.ch&noUDP&sock=slot1_25_4850_037e_98538>
...
040 (9399518.000.000) 07/12 16:49:43 Finished transferring input files
...
001 (9399518.000.000) 07/12 16:49:44 Job executing on host: <128.142.132.36:9618?addrs=128.142.132.36-9618+[2001-1458-301-5a--100-18]-9618&alias=b7g12p3473.cern.ch&noUDP&sock=startd_4166_1ba3>
...
006 (9399518.000.000) 07/12 16:49:53 Image size of job updated: 202040
	198  -  MemoryUsage of job (MB)
	202040  -  ResidentSetSize of job (KB)
...
006 (9399518.000.000) 07/12 16:50:20 Image size of job updated: 1406660
	198  -  MemoryUsage of job (MB)
	202040  -  ResidentSetSize of job (KB)
...
040 (9399518.000.000) 07/12 16:50:20 Started transferring output files
...
040 (9399518.000.000) 07/12 16:50:20 Finished transferring output files
...
005 (9399518.000.000) 07/12 16:50:20 Job terminated.
	(1) Normal termination (return value 1)
		Usr 0 00:00:07, Sys 0 00:00:02  -  Run Remote Usage
		Usr 0 00:00:00, Sys 0 00:00:00  -  Run Local Usage
		Usr 0 00:00:07, Sys 0 00:00:02  -  Total Remote Usage
		Usr 0 00:00:00, Sys 0 00:00:00  -  Total Local Usage
	465  -  Run Bytes Sent By Job
	11160  -  Run Bytes Received By Job
	465  -  Total Bytes Sent By Job
	11160  -  Total Bytes Received By Job
	Partitionable Resources :    Usage  Request Allocated 
	   Cpus                 :                 1         1 
	   Disk (KB)            :       29       12   1684470 
	   Memory (MB)          :      198     2000      2000 

	Job terminated of its own accord at 2023-07-12T14:50:20Z.
...
000 (9399538.000.000) 07/12 16:51:28 Job submitted from host: <137.138.120.116:9618?addrs=137.138.120.116-9618+[2001-1458-d00-16--17b]-9618&alias=bigbird12.cern.ch&noUDP&sock=schedd_8624_ecd7>
...
040 (9399538.000.000) 07/12 16:55:06 Started transferring input files
	Transferring to host: <128.142.195.182:9618?addrs=128.142.195.182-9618+[2001-1458-301-50--100-2f]-9618&alias=b7g33p4742.cern.ch&noUDP&sock=slot1_28_4523_9cd1_104319>
...
040 (9399538.000.000) 07/12 16:55:06 Finished transferring input files
...
001 (9399538.000.000) 07/12 16:55:07 Job executing on host: <128.142.195.182:9618?addrs=128.142.195.182-9618+[2001-1458-301-50--100-2f]-9618&alias=b7g33p4742.cern.ch&noUDP&sock=startd_3273_9590>
...
006 (9399538.000.000) 07/12 16:55:16 Image size of job updated: 829560
	139  -  MemoryUsage of job (MB)
	141660  -  ResidentSetSize of job (KB)
...
006 (9399538.000.000) 07/12 16:55:52 Image size of job updated: 1413524
	139  -  MemoryUsage of job (MB)
	141660  -  ResidentSetSize of job (KB)
...
040 (9399538.000.000) 07/12 16:55:52 Started transferring output files
...
040 (9399538.000.000) 07/12 16:55:52 Finished transferring output files
...
005 (9399538.000.000) 07/12 16:55:52 Job terminated.
	(1) Normal termination (return value 1)
		Usr 0 00:00:07, Sys 0 00:00:01  -  Run Remote Usage
		Usr 0 00:00:00, Sys 0 00:00:00  -  Run Local Usage
		Usr 0 00:00:07, Sys 0 00:00:01  -  Total Remote Usage
		Usr 0 00:00:00, Sys 0 00:00:00  -  Total Local Usage
	465  -  Run Bytes Sent By Job
	11161  -  Run Bytes Received By Job
	465  -  Total Bytes Sent By Job
	11161  -  Total Bytes Received By Job
	Partitionable Resources :    Usage  Request Allocated 
	   Cpus                 :                 1         1 
	   Disk (KB)            :       28       12   3005394 
	   Memory (MB)          :      139     2000      2000 

	Job terminated of its own accord at 2023-07-12T14:55:52Z.
...
000 (9399558.000.000) 07/12 17:00:46 Job submitted from host: <137.138.120.116:9618?addrs=137.138.120.116-9618+[2001-1458-d00-16--17b]-9618&alias=bigbird12.cern.ch&noUDP&sock=schedd_8624_ecd7>
...
040 (9399558.000.000) 07/12 17:01:34 Started transferring input files
	Transferring to host: <128.142.60.122:9618?addrs=128.142.60.122-9618+[2001-1458-301-22--100-79]-9618&alias=b7s05p7068.cern.ch&noUDP&sock=slot1_11_4312_f1a8_91724>
...
040 (9399558.000.000) 07/12 17:01:34 Finished transferring input files
...
001 (9399558.000.000) 07/12 17:01:35 Job executing on host: <128.142.60.122:9618?addrs=128.142.60.122-9618+[2001-1458-301-22--100-79]-9618&alias=b7s05p7068.cern.ch&noUDP&sock=startd_2917_65d9>
...
006 (9399558.000.000) 07/12 17:01:44 Image size of job updated: 965456
	5  -  MemoryUsage of job (MB)
	4832  -  ResidentSetSize of job (KB)
...
000 (9399578.000.000) 07/12 17:02:59 Job submitted from host: <137.138.120.116:9618?addrs=137.138.120.116-9618+[2001-1458-d00-16--17b]-9618&alias=bigbird12.cern.ch&noUDP&sock=schedd_8624_ecd7>
...
006 (9399558.000.000) 07/12 17:06:45 Image size of job updated: 1423972
	282  -  MemoryUsage of job (MB)
	287876  -  ResidentSetSize of job (KB)
...
040 (9399578.000.000) 07/12 17:07:36 Started transferring input files
	Transferring to host: <188.184.162.226:9618?addrs=188.184.162.226-9618+[2001-1458-301-4a--100-dc]-9618&alias=b7s11p6625.cern.ch&noUDP&sock=slot1_19_125324_d861_4468>
...
040 (9399578.000.000) 07/12 17:07:36 Finished transferring input files
...
001 (9399578.000.000) 07/12 17:07:37 Job executing on host: <188.184.162.226:9618?addrs=188.184.162.226-9618+[2001-1458-301-4a--100-dc]-9618&alias=b7s11p6625.cern.ch&noUDP&sock=startd_125286_5a87>
...
006 (9399578.000.000) 07/12 17:07:46 Image size of job updated: 866820
	168  -  MemoryUsage of job (MB)
	171020  -  ResidentSetSize of job (KB)
...
006 (9399558.000.000) 07/12 17:11:45 Image size of job updated: 1424228
	303  -  MemoryUsage of job (MB)
	309468  -  ResidentSetSize of job (KB)
...
006 (9399578.000.000) 07/12 17:12:47 Image size of job updated: 1423964
	296  -  MemoryUsage of job (MB)
	302904  -  ResidentSetSize of job (KB)
...
006 (9399558.000.000) 07/12 17:16:46 Image size of job updated: 1424484
	308  -  MemoryUsage of job (MB)
	315348  -  ResidentSetSize of job (KB)
...
006 (9399578.000.000) 07/12 17:17:48 Image size of job updated: 1424476
	307  -  MemoryUsage of job (MB)
	314164  -  ResidentSetSize of job (KB)
...
006 (9399558.000.000) 07/12 17:21:46 Image size of job updated: 1424484
	311  -  MemoryUsage of job (MB)
	318188  -  ResidentSetSize of job (KB)
...
006 (9399578.000.000) 07/12 17:22:48 Image size of job updated: 1424476
	311  -  MemoryUsage of job (MB)
	317944  -  ResidentSetSize of job (KB)
...
040 (9399558.000.000) 07/12 17:25:12 Started transferring output files
...
040 (9399558.000.000) 07/12 17:25:12 Finished transferring output files
...
005 (9399558.000.000) 07/12 17:25:12 Job terminated.
	(1) Normal termination (return value 1)
		Usr 0 00:01:52, Sys 0 00:00:02  -  Run Remote Usage
		Usr 0 00:00:00, Sys 0 00:00:00  -  Run Local Usage
		Usr 0 00:01:52, Sys 0 00:00:02  -  Total Remote Usage
		Usr 0 00:00:00, Sys 0 00:00:00  -  Total Local Usage
	9649  -  Run Bytes Sent By Job
	11160  -  Run Bytes Received By Job
	9649  -  Total Bytes Sent By Job
	11160  -  Total Bytes Received By Job
	Partitionable Resources :    Usage  Request Allocated 
	   Cpus                 :     0.01        1         1 
	   Disk (KB)            :    42          12   1189572 
	   Memory (MB)          :   311        2000      2000 

	Job terminated of its own accord at 2023-07-12T15:25:12Z.
...
040 (9399578.000.000) 07/12 17:26:58 Started transferring output files
...
040 (9399578.000.000) 07/12 17:26:58 Finished transferring output files
...
005 (9399578.000.000) 07/12 17:26:58 Job terminated.
	(1) Normal termination (return value 1)
		Usr 0 00:02:38, Sys 0 00:00:05  -  Run Remote Usage
		Usr 0 00:00:00, Sys 0 00:00:00  -  Run Local Usage
		Usr 0 00:02:38, Sys 0 00:00:05  -  Total Remote Usage
		Usr 0 00:00:00, Sys 0 00:00:00  -  Total Local Usage
	9650  -  Run Bytes Sent By Job
	11161  -  Run Bytes Received By Job
	9650  -  Total Bytes Sent By Job
	11161  -  Total Bytes Received By Job
	Partitionable Resources :    Usage  Request Allocated 
	   Cpus                 :     0.02        1         1 
	   Disk (KB)            :    41          12   3027925 
	   Memory (MB)          :   311        2000      2000 

	Job terminated of its own accord at 2023-07-12T15:26:58Z.
...
000 (9399820.000.000) 07/12 19:52:22 Job submitted from host: <137.138.120.116:9618?addrs=137.138.120.116-9618+[2001-1458-d00-16--17b]-9618&alias=bigbird12.cern.ch&noUDP&sock=schedd_8624_ecd7>
...
040 (9399820.000.000) 07/12 20:17:28 Started transferring input files
	Transferring to host: <128.142.61.133:9618?addrs=128.142.61.133-9618+[2001-1458-301-23--100-84]-9618&alias=b7s06p0228.cern.ch&noUDP&sock=slot1_4_63350_8e49_4166>
...
040 (9399820.000.000) 07/12 20:17:28 Finished transferring input files
...
001 (9399820.000.000) 07/12 20:17:29 Job executing on host: <128.142.61.133:9618?addrs=128.142.61.133-9618+[2001-1458-301-23--100-84]-9618&alias=b7s06p0228.cern.ch&noUDP&sock=startd_62482_088f>
...
006 (9399820.000.000) 07/12 20:17:38 Image size of job updated: 832860
	183  -  MemoryUsage of job (MB)
	187016  -  ResidentSetSize of job (KB)
...
006 (9399820.000.000) 07/12 20:22:39 Image size of job updated: 1424228
	300  -  MemoryUsage of job (MB)
	306320  -  ResidentSetSize of job (KB)
...
006 (9399820.000.000) 07/12 20:27:40 Image size of job updated: 1424484
	309  -  MemoryUsage of job (MB)
	315548  -  ResidentSetSize of job (KB)
...
006 (9399820.000.000) 07/12 20:32:40 Image size of job updated: 1424484
	312  -  MemoryUsage of job (MB)
	318796  -  ResidentSetSize of job (KB)
...
040 (9399820.000.000) 07/12 20:34:17 Started transferring output files
...
040 (9399820.000.000) 07/12 20:34:17 Finished transferring output files
...
005 (9399820.000.000) 07/12 20:34:17 Job terminated.
	(1) Normal termination (return value 0)
		Usr 0 00:01:19, Sys 0 00:00:06  -  Run Remote Usage
		Usr 0 00:00:00, Sys 0 00:00:00  -  Run Local Usage
		Usr 0 00:01:19, Sys 0 00:00:06  -  Total Remote Usage
		Usr 0 00:00:00, Sys 0 00:00:00  -  Total Local Usage
	7423  -  Run Bytes Sent By Job
	11193  -  Run Bytes Received By Job
	7423  -  Total Bytes Sent By Job
	11193  -  Total Bytes Received By Job
	Partitionable Resources :    Usage  Request Allocated 
	   Cpus                 :     0.04        1         1 
	   Disk (KB)            :    39          12   1286868 
	   Memory (MB)          :   312        2000      2000 

	Job terminated of its own accord at 2023-07-12T18:34:17Z.
...
000 (9399939.000.000) 07/13 10:16:24 Job submitted from host: <137.138.120.116:9618?addrs=137.138.120.116-9618+[2001-1458-d00-16--17b]-9618&alias=bigbird12.cern.ch&noUDP&sock=schedd_8624_ecd7>
...
040 (9399939.000.000) 07/13 10:44:14 Started transferring input files
	Transferring to host: <188.184.162.185:9618?addrs=188.184.162.185-9618+[2001-1458-301-4a--100-b3]-9618&alias=b7s11p4678.cern.ch&noUDP&sock=slot1_5_130865_fb23_4938>
...
040 (9399939.000.000) 07/13 10:44:14 Finished transferring input files
...
001 (9399939.000.000) 07/13 10:44:15 Job executing on host: <188.184.162.185:9618?addrs=188.184.162.185-9618+[2001-1458-301-4a--100-b3]-9618&alias=b7s11p4678.cern.ch&noUDP&sock=startd_2995_e63c>
...
006 (9399939.000.000) 07/13 10:44:24 Image size of job updated: 285324
	11  -  MemoryUsage of job (MB)
	10920  -  ResidentSetSize of job (KB)
...
006 (9399939.000.000) 07/13 10:49:24 Image size of job updated: 1424220
	298  -  MemoryUsage of job (MB)
	304756  -  ResidentSetSize of job (KB)
...
006 (9399939.000.000) 07/13 10:54:24 Image size of job updated: 1424476
	307  -  MemoryUsage of job (MB)
	314108  -  ResidentSetSize of job (KB)
...
006 (9399939.000.000) 07/13 10:59:25 Image size of job updated: 1424476
	311  -  MemoryUsage of job (MB)
	317564  -  ResidentSetSize of job (KB)
...
006 (9399939.000.000) 07/13 11:04:26 Image size of job updated: 1556572
	313  -  MemoryUsage of job (MB)
	320156  -  ResidentSetSize of job (KB)
...
040 (9399939.000.000) 07/13 11:04:56 Started transferring output files
...
040 (9399939.000.000) 07/13 11:04:56 Finished transferring output files
...
005 (9399939.000.000) 07/13 11:04:56 Job terminated.
	(1) Normal termination (return value 0)
		Usr 0 00:02:38, Sys 0 00:00:05  -  Run Remote Usage
		Usr 0 00:00:00, Sys 0 00:00:00  -  Run Local Usage
		Usr 0 00:02:38, Sys 0 00:00:05  -  Total Remote Usage
		Usr 0 00:00:00, Sys 0 00:00:00  -  Total Local Usage
	7423  -  Run Bytes Sent By Job
	10623  -  Run Bytes Received By Job
	7423  -  Total Bytes Sent By Job
	10623  -  Total Bytes Received By Job
	Partitionable Resources :    Usage  Request Allocated 
	   Cpus                 :     0.01        1         1 
	   Disk (KB)            :    39          12   2860975 
	   Memory (MB)          :   313        2000      2000 

	Job terminated of its own accord at 2023-07-13T09:04:56Z.
...
000 (9401084.000.000) 07/13 19:52:10 Job submitted from host: <137.138.120.116:9618?addrs=137.138.120.116-9618+[2001-1458-d00-16--17b]-9618&alias=bigbird12.cern.ch&noUDP&sock=schedd_8624_ecd7>
...
040 (9401084.000.000) 07/13 19:52:19 Started transferring input files
	Transferring to host: <128.142.131.20:9618?addrs=128.142.131.20-9618+[2001-1458-301-59--100-8]-9618&alias=b7g11p6198.cern.ch&noUDP&sock=slot1_13_45001_067f_1843>
...
040 (9401084.000.000) 07/13 19:52:19 Finished transferring input files
...
001 (9401084.000.000) 07/13 19:52:20 Job executing on host: <128.142.131.20:9618?addrs=128.142.131.20-9618+[2001-1458-301-59--100-8]-9618&alias=b7g11p6198.cern.ch&noUDP&sock=startd_8501_8eb1>
...
006 (9401084.000.000) 07/13 19:52:29 Image size of job updated: 818544
	135  -  MemoryUsage of job (MB)
	137268  -  ResidentSetSize of job (KB)
...
006 (9401084.000.000) 07/13 19:57:30 Image size of job updated: 1424228
	298  -  MemoryUsage of job (MB)
	304724  -  ResidentSetSize of job (KB)
...
006 (9401084.000.000) 07/13 20:02:31 Image size of job updated: 1424484
	308  -  MemoryUsage of job (MB)
	315052  -  ResidentSetSize of job (KB)
...
006 (9401084.000.000) 07/13 20:07:31 Image size of job updated: 1424484
	312  -  MemoryUsage of job (MB)
	318628  -  ResidentSetSize of job (KB)
...
040 (9401084.000.000) 07/13 20:10:33 Started transferring output files
...
040 (9401084.000.000) 07/13 20:10:34 Finished transferring output files
...
005 (9401084.000.000) 07/13 20:10:34 Job terminated.
	(1) Normal termination (return value 0)
		Usr 0 00:02:27, Sys 0 00:00:08  -  Run Remote Usage
		Usr 0 00:00:00, Sys 0 00:00:00  -  Run Local Usage
		Usr 0 00:02:27, Sys 0 00:00:08  -  Total Remote Usage
		Usr 0 00:00:00, Sys 0 00:00:00  -  Total Local Usage
	7423  -  Run Bytes Sent By Job
	10624  -  Run Bytes Received By Job
	7423  -  Total Bytes Sent By Job
	10624  -  Total Bytes Received By Job
	Partitionable Resources :    Usage  Request Allocated 
	   Cpus                 :     0.29        1         1 
	   Disk (KB)            :    39          12   1603287 
	   Memory (MB)          :   312        2000      2000 

	Job terminated of its own accord at 2023-07-13T18:10:33Z.
...
000 (9401128.000.000) 07/13 22:10:06 Job submitted from host: <137.138.120.116:9618?addrs=137.138.120.116-9618+[2001-1458-d00-16--17b]-9618&alias=bigbird12.cern.ch&noUDP&sock=schedd_8624_ecd7>
...
040 (9401128.000.000) 07/13 22:10:58 Started transferring input files
	Transferring to host: <128.142.192.199:9618?addrs=128.142.192.199-9618+[2001-1458-301-56--100-43]-9618&alias=b7g18p1473.cern.ch&noUDP&sock=slot1_16_29706_5071_28476>
...
040 (9401128.000.000) 07/13 22:10:58 Finished transferring input files
...
001 (9401128.000.000) 07/13 22:10:59 Job executing on host: <128.142.192.199:9618?addrs=128.142.192.199-9618+[2001-1458-301-56--100-43]-9618&alias=b7g18p1473.cern.ch&noUDP&sock=startd_12702_180e>
...
006 (9401128.000.000) 07/13 22:11:08 Image size of job updated: 126248
	11  -  MemoryUsage of job (MB)
	10916  -  ResidentSetSize of job (KB)
...
006 (9401128.000.000) 07/13 22:16:09 Image size of job updated: 1424228
	297  -  MemoryUsage of job (MB)
	303748  -  ResidentSetSize of job (KB)
...
006 (9401128.000.000) 07/13 22:21:09 Image size of job updated: 1424484
	308  -  MemoryUsage of job (MB)
	314376  -  ResidentSetSize of job (KB)
...
006 (9401128.000.000) 07/13 22:26:09 Image size of job updated: 1424484
	311  -  MemoryUsage of job (MB)
	318036  -  ResidentSetSize of job (KB)
...
040 (9401128.000.000) 07/13 22:29:17 Started transferring output files
...
040 (9401128.000.000) 07/13 22:29:17 Finished transferring output files
...
005 (9401128.000.000) 07/13 22:29:17 Job terminated.
	(1) Normal termination (return value 0)
		Usr 0 00:02:16, Sys 0 00:00:07  -  Run Remote Usage
		Usr 0 00:00:00, Sys 0 00:00:00  -  Run Local Usage
		Usr 0 00:02:16, Sys 0 00:00:07  -  Total Remote Usage
		Usr 0 00:00:00, Sys 0 00:00:00  -  Total Local Usage
	7423  -  Run Bytes Sent By Job
	10627  -  Run Bytes Received By Job
	7423  -  Total Bytes Sent By Job
	10627  -  Total Bytes Received By Job
	Partitionable Resources :    Usage  Request Allocated 
	   Cpus                 :     0.02        1         1 
	   Disk (KB)            :    39          12   3105604 
	   Memory (MB)          :   311        2000      2000 

	Job terminated of its own accord at 2023-07-13T20:29:16Z.
...
