000 (9399497.000.000) 07/12 16:46:46 Job submitted from host: <137.138.120.116:9618?addrs=137.138.120.116-9618+[2001-1458-d00-16--17b]-9618&alias=bigbird12.cern.ch&noUDP&sock=schedd_8624_ecd7>
...
040 (9399497.000.000) 07/12 16:48:56 Started transferring input files
	Transferring to host: <128.142.137.151:9618?addrs=128.142.137.151-9618+[2001-1458-301-5e--100-8b]-9618&alias=b7g19p4059.cern.ch&noUDP&sock=slot1_36_3264_887e_89956>
...
040 (9399497.000.000) 07/12 16:48:56 Finished transferring input files
...
001 (9399497.000.000) 07/12 16:48:57 Job executing on host: <128.142.137.151:9618?addrs=128.142.137.151-9618+[2001-1458-301-5e--100-8b]-9618&alias=b7g19p4059.cern.ch&noUDP&sock=startd_3023_1ae3>
...
006 (9399497.000.000) 07/12 16:49:06 Image size of job updated: 169740
	74  -  MemoryUsage of job (MB)
	75588  -  ResidentSetSize of job (KB)
...
000 (9399517.000.000) 07/12 16:49:24 Job submitted from host: <137.138.120.116:9618?addrs=137.138.120.116-9618+[2001-1458-d00-16--17b]-9618&alias=bigbird12.cern.ch&noUDP&sock=schedd_8624_ecd7>
...
040 (9399517.000.000) 07/12 16:49:42 Started transferring input files
	Transferring to host: <128.142.132.183:9618?addrs=128.142.132.183-9618+[2001-1458-301-5a--100-ab]-9618&alias=b7g12p2609.cern.ch&noUDP&sock=slot1_15_5287_eb70_86435>
...
040 (9399517.000.000) 07/12 16:49:42 Finished transferring input files
...
001 (9399517.000.000) 07/12 16:49:43 Job executing on host: <128.142.132.183:9618?addrs=128.142.132.183-9618+[2001-1458-301-5a--100-ab]-9618&alias=b7g12p2609.cern.ch&noUDP&sock=startd_4613_b678>
...
006 (9399497.000.000) 07/12 16:49:44 Image size of job updated: 1412396
	74  -  MemoryUsage of job (MB)
	75596  -  ResidentSetSize of job (KB)
...
040 (9399497.000.000) 07/12 16:49:44 Started transferring output files
...
040 (9399497.000.000) 07/12 16:49:44 Finished transferring output files
...
005 (9399497.000.000) 07/12 16:49:44 Job terminated.
	(1) Normal termination (return value 1)
		Usr 0 00:00:09, Sys 0 00:00:02  -  Run Remote Usage
		Usr 0 00:00:00, Sys 0 00:00:00  -  Run Local Usage
		Usr 0 00:00:09, Sys 0 00:00:02  -  Total Remote Usage
		Usr 0 00:00:00, Sys 0 00:00:00  -  Total Local Usage
	461  -  Run Bytes Sent By Job
	11160  -  Run Bytes Received By Job
	461  -  Total Bytes Sent By Job
	11160  -  Total Bytes Received By Job
	Partitionable Resources :    Usage  Request Allocated 
	   Cpus                 :                 1         1 
	   Disk (KB)            :       28       12   1628617 
	   Memory (MB)          :       74     2000      2000 

	Job terminated of its own accord at 2023-07-12T14:49:44Z.
...
006 (9399517.000.000) 07/12 16:49:51 Image size of job updated: 176684
	173  -  MemoryUsage of job (MB)
	176684  -  ResidentSetSize of job (KB)
...
006 (9399517.000.000) 07/12 16:50:20 Image size of job updated: 1405060
	173  -  MemoryUsage of job (MB)
	176684  -  ResidentSetSize of job (KB)
...
040 (9399517.000.000) 07/12 16:50:20 Started transferring output files
...
040 (9399517.000.000) 07/12 16:50:20 Finished transferring output files
...
005 (9399517.000.000) 07/12 16:50:20 Job terminated.
	(1) Normal termination (return value 1)
		Usr 0 00:00:09, Sys 0 00:00:02  -  Run Remote Usage
		Usr 0 00:00:00, Sys 0 00:00:00  -  Run Local Usage
		Usr 0 00:00:09, Sys 0 00:00:02  -  Total Remote Usage
		Usr 0 00:00:00, Sys 0 00:00:00  -  Total Local Usage
	461  -  Run Bytes Sent By Job
	11160  -  Run Bytes Received By Job
	461  -  Total Bytes Sent By Job
	11160  -  Total Bytes Received By Job
	Partitionable Resources :    Usage  Request Allocated 
	   Cpus                 :                 1         1 
	   Disk (KB)            :       29       12   1673256 
	   Memory (MB)          :      173     2000      2000 

	Job terminated of its own accord at 2023-07-12T14:50:20Z.
...
000 (9399537.000.000) 07/12 16:51:24 Job submitted from host: <137.138.120.116:9618?addrs=137.138.120.116-9618+[2001-1458-d00-16--17b]-9618&alias=bigbird12.cern.ch&noUDP&sock=schedd_8624_ecd7>
...
040 (9399537.000.000) 07/12 16:54:03 Started transferring input files
	Transferring to host: <128.142.137.146:9618?addrs=128.142.137.146-9618+[2001-1458-301-5e--100-86]-9618&alias=b7g19p3479.cern.ch&noUDP&sock=slot1_36_4600_ddb4_22056>
...
040 (9399537.000.000) 07/12 16:54:03 Finished transferring input files
...
001 (9399537.000.000) 07/12 16:54:04 Job executing on host: <128.142.137.146:9618?addrs=128.142.137.146-9618+[2001-1458-301-5e--100-86]-9618&alias=b7g19p3479.cern.ch&noUDP&sock=startd_3178_6c11>
...
006 (9399537.000.000) 07/12 16:54:12 Image size of job updated: 578072
	135  -  MemoryUsage of job (MB)
	138164  -  ResidentSetSize of job (KB)
...
006 (9399537.000.000) 07/12 16:55:26 Image size of job updated: 1419180
	135  -  MemoryUsage of job (MB)
	138176  -  ResidentSetSize of job (KB)
...
040 (9399537.000.000) 07/12 16:55:26 Started transferring output files
...
040 (9399537.000.000) 07/12 16:55:27 Finished transferring output files
...
005 (9399537.000.000) 07/12 16:55:27 Job terminated.
	(1) Normal termination (return value 1)
		Usr 0 00:00:08, Sys 0 00:00:02  -  Run Remote Usage
		Usr 0 00:00:00, Sys 0 00:00:00  -  Run Local Usage
		Usr 0 00:00:08, Sys 0 00:00:02  -  Total Remote Usage
		Usr 0 00:00:00, Sys 0 00:00:00  -  Total Local Usage
	461  -  Run Bytes Sent By Job
	11161  -  Run Bytes Received By Job
	461  -  Total Bytes Sent By Job
	11161  -  Total Bytes Received By Job
	Partitionable Resources :    Usage  Request Allocated 
	   Cpus                 :     0.01        1         1 
	   Disk (KB)            :    36          12   1647166 
	   Memory (MB)          :   135        2000      2000 

	Job terminated of its own accord at 2023-07-12T14:55:26Z.
...
000 (9399557.000.000) 07/12 17:00:41 Job submitted from host: <137.138.120.116:9618?addrs=137.138.120.116-9618+[2001-1458-d00-16--17b]-9618&alias=bigbird12.cern.ch&noUDP&sock=schedd_8624_ecd7>
...
040 (9399557.000.000) 07/12 17:01:34 Started transferring input files
	Transferring to host: <128.142.33.205:9618?addrs=128.142.33.205-9618+[2001-1458-301-39--100-a]-9618&alias=b7g24p4468.cern.ch&noUDP&sock=slot1_3_45379_5c4e_21648>
...
040 (9399557.000.000) 07/12 17:01:34 Finished transferring input files
...
001 (9399557.000.000) 07/12 17:01:35 Job executing on host: <128.142.33.205:9618?addrs=128.142.33.205-9618+[2001-1458-301-39--100-a]-9618&alias=b7g24p4468.cern.ch&noUDP&sock=startd_45341_bbb1>
...
006 (9399557.000.000) 07/12 17:01:43 Image size of job updated: 285332
	130  -  MemoryUsage of job (MB)
	132308  -  ResidentSetSize of job (KB)
...
000 (9399577.000.000) 07/12 17:02:54 Job submitted from host: <137.138.120.116:9618?addrs=137.138.120.116-9618+[2001-1458-d00-16--17b]-9618&alias=bigbird12.cern.ch&noUDP&sock=schedd_8624_ecd7>
...
006 (9399557.000.000) 07/12 17:06:43 Image size of job updated: 1424624
	307  -  MemoryUsage of job (MB)
	314208  -  ResidentSetSize of job (KB)
...
040 (9399577.000.000) 07/12 17:07:27 Started transferring input files
	Transferring to host: <128.142.59.40:9618?addrs=128.142.59.40-9618&alias=b7s04p4925.cern.ch&noUDP&sock=slot1_26_9389_2657_22422>
...
040 (9399577.000.000) 07/12 17:07:27 Finished transferring input files
...
001 (9399577.000.000) 07/12 17:07:28 Job executing on host: <128.142.59.40:9618?addrs=128.142.59.40-9618&alias=b7s04p4925.cern.ch&noUDP&sock=startd_8369_0430>
...
006 (9399577.000.000) 07/12 17:07:37 Image size of job updated: 711716
	130  -  MemoryUsage of job (MB)
	132396  -  ResidentSetSize of job (KB)
...
006 (9399557.000.000) 07/12 17:11:44 Image size of job updated: 1424624
	312  -  MemoryUsage of job (MB)
	319356  -  ResidentSetSize of job (KB)
...
006 (9399577.000.000) 07/12 17:12:38 Image size of job updated: 1424624
	307  -  MemoryUsage of job (MB)
	313752  -  ResidentSetSize of job (KB)
...
006 (9399557.000.000) 07/12 17:16:44 Image size of job updated: 1424624
	313  -  MemoryUsage of job (MB)
	319984  -  ResidentSetSize of job (KB)
...
006 (9399577.000.000) 07/12 17:17:38 Image size of job updated: 1424624
	313  -  MemoryUsage of job (MB)
	319684  -  ResidentSetSize of job (KB)
...
006 (9399557.000.000) 07/12 17:21:45 Image size of job updated: 1424624
	313  -  MemoryUsage of job (MB)
	320120  -  ResidentSetSize of job (KB)
...
006 (9399577.000.000) 07/12 17:22:39 Image size of job updated: 1424624
	313  -  MemoryUsage of job (MB)
	320392  -  ResidentSetSize of job (KB)
...
006 (9399557.000.000) 07/12 17:26:46 Image size of job updated: 1424624
	313  -  MemoryUsage of job (MB)
	320156  -  ResidentSetSize of job (KB)
...
006 (9399577.000.000) 07/12 17:27:40 Image size of job updated: 1424624
	314  -  MemoryUsage of job (MB)
	320632  -  ResidentSetSize of job (KB)
...
006 (9399557.000.000) 07/12 17:31:46 Image size of job updated: 1424624
	314  -  MemoryUsage of job (MB)
	320576  -  ResidentSetSize of job (KB)
...
006 (9399577.000.000) 07/12 17:32:40 Image size of job updated: 1424624
	314  -  MemoryUsage of job (MB)
	320824  -  ResidentSetSize of job (KB)
...
006 (9399557.000.000) 07/12 17:36:47 Image size of job updated: 1424624
	314  -  MemoryUsage of job (MB)
	320892  -  ResidentSetSize of job (KB)
...
006 (9399577.000.000) 07/12 17:37:40 Image size of job updated: 1424624
	314  -  MemoryUsage of job (MB)
	320924  -  ResidentSetSize of job (KB)
...
006 (9399557.000.000) 07/12 17:41:47 Image size of job updated: 1424624
	314  -  MemoryUsage of job (MB)
	320896  -  ResidentSetSize of job (KB)
...
006 (9399557.000.000) 07/12 17:46:54 Image size of job updated: 1424624
	314  -  MemoryUsage of job (MB)
	320984  -  ResidentSetSize of job (KB)
...
006 (9399557.000.000) 07/12 17:51:48 Image size of job updated: 1424624
	314  -  MemoryUsage of job (MB)
	321160  -  ResidentSetSize of job (KB)
...
006 (9399577.000.000) 07/12 17:52:41 Image size of job updated: 1424624
	314  -  MemoryUsage of job (MB)
	320936  -  ResidentSetSize of job (KB)
...
006 (9399557.000.000) 07/12 17:56:48 Image size of job updated: 1424624
	314  -  MemoryUsage of job (MB)
	321164  -  ResidentSetSize of job (KB)
...
006 (9399577.000.000) 07/12 17:57:42 Image size of job updated: 1424624
	314  -  MemoryUsage of job (MB)
	320940  -  ResidentSetSize of job (KB)
...
006 (9399557.000.000) 07/12 18:01:49 Image size of job updated: 1424624
	314  -  MemoryUsage of job (MB)
	321176  -  ResidentSetSize of job (KB)
...
006 (9399557.000.000) 07/12 18:06:50 Image size of job updated: 1424760
	314  -  MemoryUsage of job (MB)
	321284  -  ResidentSetSize of job (KB)
...
006 (9399577.000.000) 07/12 18:07:42 Image size of job updated: 1424624
	314  -  MemoryUsage of job (MB)
	320944  -  ResidentSetSize of job (KB)
...
006 (9399557.000.000) 07/12 18:11:50 Image size of job updated: 1424932
	314  -  MemoryUsage of job (MB)
	321360  -  ResidentSetSize of job (KB)
...
006 (9399577.000.000) 07/12 18:12:43 Image size of job updated: 1424624
	314  -  MemoryUsage of job (MB)
	320952  -  ResidentSetSize of job (KB)
...
006 (9399557.000.000) 07/12 18:21:51 Image size of job updated: 1424932
	314  -  MemoryUsage of job (MB)
	321364  -  ResidentSetSize of job (KB)
...
006 (9399577.000.000) 07/12 18:22:44 Image size of job updated: 1424672
	314  -  MemoryUsage of job (MB)
	321244  -  ResidentSetSize of job (KB)
...
006 (9399577.000.000) 07/12 18:32:46 Image size of job updated: 1424928
	314  -  MemoryUsage of job (MB)
	321244  -  ResidentSetSize of job (KB)
...
006 (9399577.000.000) 07/12 19:07:49 Image size of job updated: 1424928
	314  -  MemoryUsage of job (MB)
	321248  -  ResidentSetSize of job (KB)
...
006 (9399577.000.000) 07/12 19:12:49 Image size of job updated: 1424928
	314  -  MemoryUsage of job (MB)
	321256  -  ResidentSetSize of job (KB)
...
040 (9399557.000.000) 07/12 19:30:19 Started transferring output files
...
040 (9399557.000.000) 07/12 19:30:19 Finished transferring output files
...
004 (9399557.000.000) 07/12 19:30:19 Job was evicted.
	(0) CPU times
		Usr 0 01:44:32, Sys 0 00:00:23  -  Run Remote Usage
		Usr 0 00:00:00, Sys 0 00:00:00  -  Run Local Usage
	8167  -  Run Bytes Sent By Job
	11160  -  Run Bytes Received By Job
	Partitionable Resources :    Usage  Request Allocated 
	   Cpus                 :     0.02        1         1 
	   Disk (KB)            :    43          12   2871968 
	   Memory (MB)          :   314        2000      2000 
...
009 (9399557.000.000) 07/12 19:30:19 Job was aborted.
	via condor_rm (by user jbonetti)
...
040 (9399577.000.000) 07/12 19:31:05 Started transferring output files
...
040 (9399577.000.000) 07/12 19:31:05 Finished transferring output files
...
004 (9399577.000.000) 07/12 19:31:05 Job was evicted.
	(0) CPU times
		Usr 0 01:44:02, Sys 0 00:00:22  -  Run Remote Usage
		Usr 0 00:00:00, Sys 0 00:00:00  -  Run Local Usage
	8167  -  Run Bytes Sent By Job
	11161  -  Run Bytes Received By Job
	Partitionable Resources :    Usage  Request Allocated 
	   Cpus                 :     0.74        1         1 
	   Disk (KB)            :    43          12   1257519 
	   Memory (MB)          :   314        2000      2000 
...
009 (9399577.000.000) 07/12 19:31:05 Job was aborted.
	via condor_rm (by user jbonetti)
...
000 (9399819.000.000) 07/12 19:52:17 Job submitted from host: <137.138.120.116:9618?addrs=137.138.120.116-9618+[2001-1458-d00-16--17b]-9618&alias=bigbird12.cern.ch&noUDP&sock=schedd_8624_ecd7>
...
040 (9399819.000.000) 07/12 20:17:28 Started transferring input files
	Transferring to host: <128.142.195.117:9618?addrs=128.142.195.117-9618+[2001-1458-301-26--100-75]-9618&alias=b7g31p3731.cern.ch&noUDP&sock=slot1_3_15495_610f_8124>
...
040 (9399819.000.000) 07/12 20:17:28 Finished transferring input files
...
001 (9399819.000.000) 07/12 20:17:29 Job executing on host: <128.142.195.117:9618?addrs=128.142.195.117-9618+[2001-1458-301-26--100-75]-9618&alias=b7g31p3731.cern.ch&noUDP&sock=startd_48084_33f9>
...
006 (9399819.000.000) 07/12 20:17:37 Image size of job updated: 843496
	164  -  MemoryUsage of job (MB)
	167784  -  ResidentSetSize of job (KB)
...
006 (9399819.000.000) 07/12 20:22:37 Image size of job updated: 1424624
	307  -  MemoryUsage of job (MB)
	313976  -  ResidentSetSize of job (KB)
...
006 (9399819.000.000) 07/12 20:27:38 Image size of job updated: 1424624
	313  -  MemoryUsage of job (MB)
	320372  -  ResidentSetSize of job (KB)
...
006 (9399819.000.000) 07/12 20:32:38 Image size of job updated: 1424624
	314  -  MemoryUsage of job (MB)
	320604  -  ResidentSetSize of job (KB)
...
006 (9399819.000.000) 07/12 20:37:38 Image size of job updated: 1424624
	314  -  MemoryUsage of job (MB)
	320840  -  ResidentSetSize of job (KB)
...
006 (9399819.000.000) 07/12 20:42:38 Image size of job updated: 1424624
	314  -  MemoryUsage of job (MB)
	320908  -  ResidentSetSize of job (KB)
...
006 (9399819.000.000) 07/12 20:47:39 Image size of job updated: 1424768
	314  -  MemoryUsage of job (MB)
	321124  -  ResidentSetSize of job (KB)
...
006 (9399819.000.000) 07/12 21:17:42 Image size of job updated: 1424768
	314  -  MemoryUsage of job (MB)
	321324  -  ResidentSetSize of job (KB)
...
006 (9399819.000.000) 07/12 21:27:44 Image size of job updated: 1425004
	314  -  MemoryUsage of job (MB)
	321324  -  ResidentSetSize of job (KB)
...
006 (9399819.000.000) 07/12 21:52:46 Image size of job updated: 1425004
	314  -  MemoryUsage of job (MB)
	321332  -  ResidentSetSize of job (KB)
...
006 (9399819.000.000) 07/12 22:17:48 Image size of job updated: 1425004
	315  -  MemoryUsage of job (MB)
	321604  -  ResidentSetSize of job (KB)
...
006 (9399819.000.000) 07/12 22:22:49 Image size of job updated: 1425004
	315  -  MemoryUsage of job (MB)
	321608  -  ResidentSetSize of job (KB)
...
006 (9399819.000.000) 07/12 22:42:52 Image size of job updated: 1425004
	315  -  MemoryUsage of job (MB)
	321612  -  ResidentSetSize of job (KB)
...
006 (9399819.000.000) 07/12 22:47:52 Image size of job updated: 1425004
	315  -  MemoryUsage of job (MB)
	321616  -  ResidentSetSize of job (KB)
...
006 (9399819.000.000) 07/12 23:02:54 Image size of job updated: 1425260
	315  -  MemoryUsage of job (MB)
	321616  -  ResidentSetSize of job (KB)
...
040 (9399819.000.000) 07/12 23:18:17 Started transferring output files
...
040 (9399819.000.000) 07/12 23:18:17 Finished transferring output files
...
005 (9399819.000.000) 07/12 23:18:17 Job terminated.
	(1) Normal termination (return value 0)
		Usr 0 02:02:42, Sys 0 00:00:29  -  Run Remote Usage
		Usr 0 00:00:00, Sys 0 00:00:00  -  Run Local Usage
		Usr 0 02:02:42, Sys 0 00:00:29  -  Total Remote Usage
		Usr 0 00:00:00, Sys 0 00:00:00  -  Total Local Usage
	23060  -  Run Bytes Sent By Job
	11193  -  Run Bytes Received By Job
	23060  -  Total Bytes Sent By Job
	11193  -  Total Bytes Received By Job
	Partitionable Resources :    Usage  Request Allocated 
	   Cpus                 :     0.89        1         1 
	   Disk (KB)            :    55          12   1291098 
	   Memory (MB)          :   315        2000      2000 

	Job terminated of its own accord at 2023-07-12T21:18:17Z.
...
000 (9399938.000.000) 07/13 10:16:19 Job submitted from host: <137.138.120.116:9618?addrs=137.138.120.116-9618+[2001-1458-d00-16--17b]-9618&alias=bigbird12.cern.ch&noUDP&sock=schedd_8624_ecd7>
...
040 (9399938.000.000) 07/13 10:44:14 Started transferring input files
	Transferring to host: <128.142.33.226:9618?addrs=128.142.33.226-9618+[2001-1458-301-39--100-1f]-9618&alias=b7g24p5130.cern.ch&noUDP&sock=slot1_4_34660_dafb_7167>
...
040 (9399938.000.000) 07/13 10:44:14 Finished transferring input files
...
001 (9399938.000.000) 07/13 10:44:15 Job executing on host: <128.142.33.226:9618?addrs=128.142.33.226-9618+[2001-1458-301-39--100-1f]-9618&alias=b7g24p5130.cern.ch&noUDP&sock=startd_25360_6dda>
...
006 (9399938.000.000) 07/13 10:44:24 Image size of job updated: 152908
	72  -  MemoryUsage of job (MB)
	73504  -  ResidentSetSize of job (KB)
...
006 (9399938.000.000) 07/13 10:49:25 Image size of job updated: 1424616
	306  -  MemoryUsage of job (MB)
	313256  -  ResidentSetSize of job (KB)
...
006 (9399938.000.000) 07/13 10:54:25 Image size of job updated: 1424616
	312  -  MemoryUsage of job (MB)
	318788  -  ResidentSetSize of job (KB)
...
006 (9399938.000.000) 07/13 10:59:26 Image size of job updated: 1424616
	313  -  MemoryUsage of job (MB)
	319688  -  ResidentSetSize of job (KB)
...
006 (9399938.000.000) 07/13 11:04:27 Image size of job updated: 1424616
	314  -  MemoryUsage of job (MB)
	320588  -  ResidentSetSize of job (KB)
...
006 (9399938.000.000) 07/13 11:09:27 Image size of job updated: 1424616
	314  -  MemoryUsage of job (MB)
	320732  -  ResidentSetSize of job (KB)
...
006 (9399938.000.000) 07/13 11:14:27 Image size of job updated: 1424616
	314  -  MemoryUsage of job (MB)
	320784  -  ResidentSetSize of job (KB)
...
006 (9399938.000.000) 07/13 11:19:28 Image size of job updated: 1424616
	314  -  MemoryUsage of job (MB)
	320828  -  ResidentSetSize of job (KB)
...
006 (9399938.000.000) 07/13 11:24:28 Image size of job updated: 1424616
	314  -  MemoryUsage of job (MB)
	320876  -  ResidentSetSize of job (KB)
...
006 (9399938.000.000) 07/13 11:29:28 Image size of job updated: 1424616
	314  -  MemoryUsage of job (MB)
	320880  -  ResidentSetSize of job (KB)
...
006 (9399938.000.000) 07/13 11:39:30 Image size of job updated: 1424616
	314  -  MemoryUsage of job (MB)
	320940  -  ResidentSetSize of job (KB)
...
006 (9399938.000.000) 07/13 11:44:30 Image size of job updated: 1424616
	314  -  MemoryUsage of job (MB)
	320944  -  ResidentSetSize of job (KB)
...
006 (9399938.000.000) 07/13 11:59:32 Image size of job updated: 1424616
	314  -  MemoryUsage of job (MB)
	320956  -  ResidentSetSize of job (KB)
...
006 (9399938.000.000) 07/13 12:04:33 Image size of job updated: 1424616
	314  -  MemoryUsage of job (MB)
	321060  -  ResidentSetSize of job (KB)
...
006 (9399938.000.000) 07/13 12:14:34 Image size of job updated: 1424616
	314  -  MemoryUsage of job (MB)
	321064  -  ResidentSetSize of job (KB)
...
006 (9399938.000.000) 07/13 12:19:35 Image size of job updated: 1424752
	314  -  MemoryUsage of job (MB)
	321180  -  ResidentSetSize of job (KB)
...
006 (9399938.000.000) 07/13 12:24:36 Image size of job updated: 1424752
	314  -  MemoryUsage of job (MB)
	321184  -  ResidentSetSize of job (KB)
...
006 (9399938.000.000) 07/13 13:29:44 Image size of job updated: 1425008
	314  -  MemoryUsage of job (MB)
	321184  -  ResidentSetSize of job (KB)
...
006 (9399938.000.000) 07/13 14:39:51 Image size of job updated: 1425008
	314  -  MemoryUsage of job (MB)
	321388  -  ResidentSetSize of job (KB)
...
006 (9399938.000.000) 07/13 15:02:01 Image size of job updated: 1556848
	314  -  MemoryUsage of job (MB)
	321388  -  ResidentSetSize of job (KB)
...
040 (9399938.000.000) 07/13 15:02:01 Started transferring output files
...
040 (9399938.000.000) 07/13 15:02:02 Finished transferring output files
...
005 (9399938.000.000) 07/13 15:02:02 Job terminated.
	(1) Normal termination (return value 0)
		Usr 0 02:55:19, Sys 0 00:00:33  -  Run Remote Usage
		Usr 0 00:00:00, Sys 0 00:00:00  -  Run Local Usage
		Usr 0 02:55:19, Sys 0 00:00:33  -  Total Remote Usage
		Usr 0 00:00:00, Sys 0 00:00:00  -  Total Local Usage
	23060  -  Run Bytes Sent By Job
	10623  -  Run Bytes Received By Job
	23060  -  Total Bytes Sent By Job
	10623  -  Total Bytes Received By Job
	Partitionable Resources :    Usage  Request Allocated 
	   Cpus                 :     0.61        1         1 
	   Disk (KB)            :    54          12   3030856 
	   Memory (MB)          :   314        2000      2000 

	Job terminated of its own accord at 2023-07-13T13:02:01Z.
...
000 (9401083.000.000) 07/13 19:52:05 Job submitted from host: <137.138.120.116:9618?addrs=137.138.120.116-9618+[2001-1458-d00-16--17b]-9618&alias=bigbird12.cern.ch&noUDP&sock=schedd_8624_ecd7>
...
040 (9401083.000.000) 07/13 19:52:20 Started transferring input files
	Transferring to host: <128.142.137.195:9618?addrs=128.142.137.195-9618+[2001-1458-301-5e--100-b7]-9618&alias=b7g19p9810.cern.ch&noUDP&sock=slot1_26_6921_3873_99955>
...
040 (9401083.000.000) 07/13 19:52:20 Finished transferring input files
...
001 (9401083.000.000) 07/13 19:52:21 Job executing on host: <128.142.137.195:9618?addrs=128.142.137.195-9618+[2001-1458-301-5e--100-b7]-9618&alias=b7g19p9810.cern.ch&noUDP&sock=startd_5402_e6b2>
...
006 (9401083.000.000) 07/13 19:52:30 Image size of job updated: 830304
	62  -  MemoryUsage of job (MB)
	62916  -  ResidentSetSize of job (KB)
...
006 (9401083.000.000) 07/13 19:57:31 Image size of job updated: 1424360
	290  -  MemoryUsage of job (MB)
	296160  -  ResidentSetSize of job (KB)
...
006 (9401083.000.000) 07/13 20:02:32 Image size of job updated: 1424624
	307  -  MemoryUsage of job (MB)
	313692  -  ResidentSetSize of job (KB)
...
006 (9401083.000.000) 07/13 20:07:32 Image size of job updated: 1424624
	312  -  MemoryUsage of job (MB)
	318916  -  ResidentSetSize of job (KB)
...
006 (9401083.000.000) 07/13 20:12:32 Image size of job updated: 1424624
	312  -  MemoryUsage of job (MB)
	319444  -  ResidentSetSize of job (KB)
...
006 (9401083.000.000) 07/13 20:17:33 Image size of job updated: 1424624
	313  -  MemoryUsage of job (MB)
	320340  -  ResidentSetSize of job (KB)
...
006 (9401083.000.000) 07/13 20:22:33 Image size of job updated: 1424624
	314  -  MemoryUsage of job (MB)
	320688  -  ResidentSetSize of job (KB)
...
006 (9401083.000.000) 07/13 20:27:33 Image size of job updated: 1424624
	314  -  MemoryUsage of job (MB)
	320728  -  ResidentSetSize of job (KB)
...
006 (9401083.000.000) 07/13 20:32:34 Image size of job updated: 1424624
	314  -  MemoryUsage of job (MB)
	320800  -  ResidentSetSize of job (KB)
...
006 (9401083.000.000) 07/13 20:37:35 Image size of job updated: 1424624
	314  -  MemoryUsage of job (MB)
	320868  -  ResidentSetSize of job (KB)
...
006 (9401083.000.000) 07/13 20:42:35 Image size of job updated: 1424624
	314  -  MemoryUsage of job (MB)
	320896  -  ResidentSetSize of job (KB)
...
006 (9401083.000.000) 07/13 20:47:36 Image size of job updated: 1424768
	314  -  MemoryUsage of job (MB)
	321132  -  ResidentSetSize of job (KB)
...
006 (9401083.000.000) 07/13 21:27:41 Image size of job updated: 1424768
	314  -  MemoryUsage of job (MB)
	321148  -  ResidentSetSize of job (KB)
...
006 (9401083.000.000) 07/13 21:32:41 Image size of job updated: 1424768
	314  -  MemoryUsage of job (MB)
	321156  -  ResidentSetSize of job (KB)
...
006 (9401083.000.000) 07/13 21:37:42 Image size of job updated: 1424768
	314  -  MemoryUsage of job (MB)
	321248  -  ResidentSetSize of job (KB)
...
006 (9401083.000.000) 07/13 22:02:44 Image size of job updated: 1424904
	314  -  MemoryUsage of job (MB)
	321308  -  ResidentSetSize of job (KB)
...
040 (9401083.000.000) 07/13 22:08:20 Started transferring output files
...
040 (9401083.000.000) 07/13 22:08:20 Finished transferring output files
...
004 (9401083.000.000) 07/13 22:08:20 Job was evicted.
	(0) CPU times
		Usr 0 01:52:38, Sys 0 00:00:17  -  Run Remote Usage
		Usr 0 00:00:00, Sys 0 00:00:00  -  Run Local Usage
	0  -  Run Bytes Sent By Job
	10624  -  Run Bytes Received By Job
	Partitionable Resources :    Usage  Request Allocated 
	   Cpus                 :     0.89        1         1 
	   Disk (KB)            :    35          12   1436565 
	   Memory (MB)          :   314        2000      2000 
...
009 (9401083.000.000) 07/13 22:08:20 Job was aborted.
	via condor_rm (by user jbonetti)
...
000 (9401127.000.000) 07/13 22:10:01 Job submitted from host: <137.138.120.116:9618?addrs=137.138.120.116-9618+[2001-1458-d00-16--17b]-9618&alias=bigbird12.cern.ch&noUDP&sock=schedd_8624_ecd7>
...
040 (9401127.000.000) 07/13 22:10:57 Started transferring input files
	Transferring to host: <128.142.192.214:9618?addrs=128.142.192.214-9618+[2001-1458-301-56--100-52]-9618&alias=b7g18p1545.cern.ch&noUDP&sock=slot1_11_54145_ccf3_1601>
...
040 (9401127.000.000) 07/13 22:10:57 Finished transferring input files
...
001 (9401127.000.000) 07/13 22:10:58 Job executing on host: <128.142.192.214:9618?addrs=128.142.192.214-9618+[2001-1458-301-56--100-52]-9618&alias=b7g18p1545.cern.ch&noUDP&sock=startd_54107_7ae4>
...
006 (9401127.000.000) 07/13 22:11:07 Image size of job updated: 958764
	142  -  MemoryUsage of job (MB)
	144652  -  ResidentSetSize of job (KB)
...
006 (9401127.000.000) 07/13 22:16:09 Image size of job updated: 1424624
	344  -  MemoryUsage of job (MB)
	352060  -  ResidentSetSize of job (KB)
...
006 (9401127.000.000) 07/13 22:21:09 Image size of job updated: 1424624
	350  -  MemoryUsage of job (MB)
	357760  -  ResidentSetSize of job (KB)
...
006 (9401127.000.000) 07/13 22:26:09 Image size of job updated: 1424624
	352  -  MemoryUsage of job (MB)
	359592  -  ResidentSetSize of job (KB)
...
006 (9401127.000.000) 07/13 22:31:10 Image size of job updated: 1424624
	352  -  MemoryUsage of job (MB)
	360260  -  ResidentSetSize of job (KB)
...
006 (9401127.000.000) 07/13 22:36:11 Image size of job updated: 1424624
	352  -  MemoryUsage of job (MB)
	360328  -  ResidentSetSize of job (KB)
...
006 (9401127.000.000) 07/13 22:41:11 Image size of job updated: 1424624
	352  -  MemoryUsage of job (MB)
	360396  -  ResidentSetSize of job (KB)
...
006 (9401127.000.000) 07/13 22:46:12 Image size of job updated: 1424624
	352  -  MemoryUsage of job (MB)
	360404  -  ResidentSetSize of job (KB)
...
006 (9401127.000.000) 07/13 22:51:12 Image size of job updated: 1424624
	353  -  MemoryUsage of job (MB)
	360584  -  ResidentSetSize of job (KB)
...
006 (9401127.000.000) 07/13 23:01:13 Image size of job updated: 1424624
	353  -  MemoryUsage of job (MB)
	360588  -  ResidentSetSize of job (KB)
...
006 (9401127.000.000) 07/13 23:06:14 Image size of job updated: 1424624
	353  -  MemoryUsage of job (MB)
	360592  -  ResidentSetSize of job (KB)
...
006 (9401127.000.000) 07/13 23:21:16 Image size of job updated: 1424624
	353  -  MemoryUsage of job (MB)
	360604  -  ResidentSetSize of job (KB)
...
006 (9401127.000.000) 07/13 23:26:16 Image size of job updated: 1424624
	353  -  MemoryUsage of job (MB)
	360608  -  ResidentSetSize of job (KB)
...
006 (9401127.000.000) 07/13 23:31:17 Image size of job updated: 1424624
	353  -  MemoryUsage of job (MB)
	360616  -  ResidentSetSize of job (KB)
...
006 (9401127.000.000) 07/13 23:41:18 Image size of job updated: 1424772
	353  -  MemoryUsage of job (MB)
	360720  -  ResidentSetSize of job (KB)
...
006 (9401127.000.000) 07/13 23:46:18 Image size of job updated: 1425004
	353  -  MemoryUsage of job (MB)
	360916  -  ResidentSetSize of job (KB)
...
006 (9401127.000.000) 07/13 23:56:20 Image size of job updated: 1425004
	353  -  MemoryUsage of job (MB)
	360920  -  ResidentSetSize of job (KB)
...
006 (9401127.000.000) 07/14 01:21:29 Image size of job updated: 1425004
	353  -  MemoryUsage of job (MB)
	361084  -  ResidentSetSize of job (KB)
...
006 (9401127.000.000) 07/14 02:41:36 Image size of job updated: 1425004
	353  -  MemoryUsage of job (MB)
	361128  -  ResidentSetSize of job (KB)
...
006 (9401127.000.000) 07/14 02:46:37 Image size of job updated: 1425004
	353  -  MemoryUsage of job (MB)
	361136  -  ResidentSetSize of job (KB)
...
040 (9401127.000.000) 07/14 03:09:14 Started transferring output files
...
040 (9401127.000.000) 07/14 03:09:14 Finished transferring output files
...
005 (9401127.000.000) 07/14 03:09:14 Job terminated.
	(1) Normal termination (return value 0)
		Usr 0 03:57:21, Sys 0 00:01:05  -  Run Remote Usage
		Usr 0 00:00:00, Sys 0 00:00:00  -  Run Local Usage
		Usr 0 03:57:21, Sys 0 00:01:05  -  Total Remote Usage
		Usr 0 00:00:00, Sys 0 00:00:00  -  Total Local Usage
	23060  -  Run Bytes Sent By Job
	10627  -  Run Bytes Received By Job
	23060  -  Total Bytes Sent By Job
	10627  -  Total Bytes Received By Job
	Partitionable Resources :    Usage  Request Allocated 
	   Cpus                 :     0.93        1         1 
	   Disk (KB)            :    54          12   3098412 
	   Memory (MB)          :   353        2000      2000 

	Job terminated of its own accord at 2023-07-14T01:09:13Z.
...
