000 (9399490.000.000) 07/12 16:46:10 Job submitted from host: <137.138.120.116:9618?addrs=137.138.120.116-9618+[2001-1458-d00-16--17b]-9618&alias=bigbird12.cern.ch&noUDP&sock=schedd_8624_ecd7>
...
000 (9399510.000.000) 07/12 16:48:49 Job submitted from host: <137.138.120.116:9618?addrs=137.138.120.116-9618+[2001-1458-d00-16--17b]-9618&alias=bigbird12.cern.ch&noUDP&sock=schedd_8624_ecd7>
...
040 (9399490.000.000) 07/12 16:48:54 Started transferring input files
	Transferring to host: <128.142.137.130:9618?addrs=128.142.137.130-9618+[2001-1458-301-5e--100-76]-9618&alias=b7g19p4489.cern.ch&noUDP&sock=slot1_28_3584_008b_106071>
...
040 (9399490.000.000) 07/12 16:48:54 Finished transferring input files
...
001 (9399490.000.000) 07/12 16:48:55 Job executing on host: <128.142.137.130:9618?addrs=128.142.137.130-9618+[2001-1458-301-5e--100-76]-9618&alias=b7g19p4489.cern.ch&noUDP&sock=startd_2886_2269>
...
040 (9399510.000.000) 07/12 16:49:00 Started transferring input files
	Transferring to host: <128.142.137.27:9618?addrs=128.142.137.27-9618+[2001-1458-301-5e--100-f]-9618&alias=b7g19p1323.cern.ch&noUDP&sock=slot1_9_4641_c116_97609>
...
040 (9399510.000.000) 07/12 16:49:00 Finished transferring input files
...
001 (9399510.000.000) 07/12 16:49:01 Job executing on host: <128.142.137.27:9618?addrs=128.142.137.27-9618+[2001-1458-301-5e--100-f]-9618&alias=b7g19p1323.cern.ch&noUDP&sock=startd_3244_b151>
...
006 (9399490.000.000) 07/12 16:49:04 Image size of job updated: 709880
	83  -  MemoryUsage of job (MB)
	84176  -  ResidentSetSize of job (KB)
...
006 (9399510.000.000) 07/12 16:49:11 Image size of job updated: 29044
	16  -  MemoryUsage of job (MB)
	15828  -  ResidentSetSize of job (KB)
...
006 (9399490.000.000) 07/12 16:49:41 Image size of job updated: 1417056
	83  -  MemoryUsage of job (MB)
	84184  -  ResidentSetSize of job (KB)
...
040 (9399490.000.000) 07/12 16:49:41 Started transferring output files
...
040 (9399490.000.000) 07/12 16:49:41 Finished transferring output files
...
005 (9399490.000.000) 07/12 16:49:41 Job terminated.
	(1) Normal termination (return value 1)
		Usr 0 00:00:11, Sys 0 00:00:02  -  Run Remote Usage
		Usr 0 00:00:00, Sys 0 00:00:00  -  Run Local Usage
		Usr 0 00:00:11, Sys 0 00:00:02  -  Total Remote Usage
		Usr 0 00:00:00, Sys 0 00:00:00  -  Total Local Usage
	476  -  Run Bytes Sent By Job
	11160  -  Run Bytes Received By Job
	476  -  Total Bytes Sent By Job
	11160  -  Total Bytes Received By Job
	Partitionable Resources :    Usage  Request Allocated 
	   Cpus                 :                 1         1 
	   Disk (KB)            :       28       12   1631297 
	   Memory (MB)          :       83     2000      2000 

	Job terminated of its own accord at 2023-07-12T14:49:41Z.
...
006 (9399510.000.000) 07/12 16:49:59 Image size of job updated: 1424904
	16  -  MemoryUsage of job (MB)
	15836  -  ResidentSetSize of job (KB)
...
040 (9399510.000.000) 07/12 16:49:59 Started transferring output files
...
040 (9399510.000.000) 07/12 16:49:59 Finished transferring output files
...
005 (9399510.000.000) 07/12 16:49:59 Job terminated.
	(1) Normal termination (return value 1)
		Usr 0 00:00:08, Sys 0 00:00:02  -  Run Remote Usage
		Usr 0 00:00:00, Sys 0 00:00:00  -  Run Local Usage
		Usr 0 00:00:08, Sys 0 00:00:02  -  Total Remote Usage
		Usr 0 00:00:00, Sys 0 00:00:00  -  Total Local Usage
	476  -  Run Bytes Sent By Job
	11160  -  Run Bytes Received By Job
	476  -  Total Bytes Sent By Job
	11160  -  Total Bytes Received By Job
	Partitionable Resources :    Usage  Request Allocated 
	   Cpus                 :                 1         1 
	   Disk (KB)            :       28       12   1666836 
	   Memory (MB)          :       16     2000      2000 

	Job terminated of its own accord at 2023-07-12T14:49:59Z.
...
000 (9399550.000.000) 07/12 17:00:07 Job submitted from host: <137.138.120.116:9618?addrs=137.138.120.116-9618+[2001-1458-d00-16--17b]-9618&alias=bigbird12.cern.ch&noUDP&sock=schedd_8624_ecd7>
...
040 (9399550.000.000) 07/12 17:01:31 Started transferring input files
	Transferring to host: <128.142.63.60:9618?addrs=128.142.63.60-9618+[2001-1458-301-38--100-39]-9618&alias=b7s08p9123.cern.ch&noUDP&sock=slot1_30_4377_be0b_103931>
...
040 (9399550.000.000) 07/12 17:01:31 Finished transferring input files
...
001 (9399550.000.000) 07/12 17:01:32 Job executing on host: <128.142.63.60:9618?addrs=128.142.63.60-9618+[2001-1458-301-38--100-39]-9618&alias=b7s08p9123.cern.ch&noUDP&sock=startd_3143_6a40>
...
006 (9399550.000.000) 07/12 17:01:41 Image size of job updated: 351972
	189  -  MemoryUsage of job (MB)
	193372  -  ResidentSetSize of job (KB)
...
000 (9399570.000.000) 07/12 17:02:19 Job submitted from host: <137.138.120.116:9618?addrs=137.138.120.116-9618+[2001-1458-d00-16--17b]-9618&alias=bigbird12.cern.ch&noUDP&sock=schedd_8624_ecd7>
...
006 (9399550.000.000) 07/12 17:06:42 Image size of job updated: 1429464
	294  -  MemoryUsage of job (MB)
	300800  -  ResidentSetSize of job (KB)
...
040 (9399570.000.000) 07/12 17:07:35 Started transferring input files
	Transferring to host: <128.142.59.40:9618?addrs=128.142.59.40-9618&alias=b7s04p4925.cern.ch&noUDP&sock=slot1_30_9389_2657_22423>
...
040 (9399570.000.000) 07/12 17:07:35 Finished transferring input files
...
001 (9399570.000.000) 07/12 17:07:36 Job executing on host: <128.142.59.40:9618?addrs=128.142.59.40-9618&alias=b7s04p4925.cern.ch&noUDP&sock=startd_8369_0430>
...
006 (9399570.000.000) 07/12 17:07:45 Image size of job updated: 719504
	200  -  MemoryUsage of job (MB)
	204208  -  ResidentSetSize of job (KB)
...
006 (9399550.000.000) 07/12 17:11:43 Image size of job updated: 1429464
	295  -  MemoryUsage of job (MB)
	301108  -  ResidentSetSize of job (KB)
...
006 (9399570.000.000) 07/12 17:12:46 Image size of job updated: 1429356
	294  -  MemoryUsage of job (MB)
	300420  -  ResidentSetSize of job (KB)
...
006 (9399550.000.000) 07/12 17:16:44 Image size of job updated: 1429464
	295  -  MemoryUsage of job (MB)
	301344  -  ResidentSetSize of job (KB)
...
006 (9399570.000.000) 07/12 17:17:47 Image size of job updated: 1429356
	294  -  MemoryUsage of job (MB)
	300928  -  ResidentSetSize of job (KB)
...
006 (9399550.000.000) 07/12 17:21:45 Image size of job updated: 1429464
	295  -  MemoryUsage of job (MB)
	301624  -  ResidentSetSize of job (KB)
...
006 (9399570.000.000) 07/12 17:22:47 Image size of job updated: 1429356
	295  -  MemoryUsage of job (MB)
	301140  -  ResidentSetSize of job (KB)
...
006 (9399550.000.000) 07/12 17:26:45 Image size of job updated: 1429464
	295  -  MemoryUsage of job (MB)
	301692  -  ResidentSetSize of job (KB)
...
006 (9399570.000.000) 07/12 17:27:48 Image size of job updated: 1429356
	295  -  MemoryUsage of job (MB)
	301228  -  ResidentSetSize of job (KB)
...
006 (9399550.000.000) 07/12 17:31:45 Image size of job updated: 1429464
	295  -  MemoryUsage of job (MB)
	301696  -  ResidentSetSize of job (KB)
...
006 (9399570.000.000) 07/12 17:32:49 Image size of job updated: 1429356
	295  -  MemoryUsage of job (MB)
	301260  -  ResidentSetSize of job (KB)
...
006 (9399550.000.000) 07/12 17:36:46 Image size of job updated: 1429464
	295  -  MemoryUsage of job (MB)
	301708  -  ResidentSetSize of job (KB)
...
006 (9399570.000.000) 07/12 17:37:49 Image size of job updated: 1429356
	295  -  MemoryUsage of job (MB)
	301364  -  ResidentSetSize of job (KB)
...
006 (9399550.000.000) 07/12 17:41:47 Image size of job updated: 1429464
	295  -  MemoryUsage of job (MB)
	301760  -  ResidentSetSize of job (KB)
...
006 (9399570.000.000) 07/12 17:42:50 Image size of job updated: 1429356
	295  -  MemoryUsage of job (MB)
	301404  -  ResidentSetSize of job (KB)
...
006 (9399550.000.000) 07/12 17:46:47 Image size of job updated: 1429464
	295  -  MemoryUsage of job (MB)
	301836  -  ResidentSetSize of job (KB)
...
006 (9399570.000.000) 07/12 17:47:51 Image size of job updated: 1429356
	295  -  MemoryUsage of job (MB)
	301412  -  ResidentSetSize of job (KB)
...
006 (9399550.000.000) 07/12 17:51:47 Image size of job updated: 1429472
	312  -  MemoryUsage of job (MB)
	318928  -  ResidentSetSize of job (KB)
...
006 (9399570.000.000) 07/12 17:52:51 Image size of job updated: 1429356
	295  -  MemoryUsage of job (MB)
	301468  -  ResidentSetSize of job (KB)
...
006 (9399550.000.000) 07/12 17:56:49 Image size of job updated: 1429472
	312  -  MemoryUsage of job (MB)
	319072  -  ResidentSetSize of job (KB)
...
006 (9399570.000.000) 07/12 17:57:51 Image size of job updated: 1429356
	295  -  MemoryUsage of job (MB)
	301588  -  ResidentSetSize of job (KB)
...
006 (9399550.000.000) 07/12 18:01:49 Image size of job updated: 1429472
	316  -  MemoryUsage of job (MB)
	323032  -  ResidentSetSize of job (KB)
...
006 (9399570.000.000) 07/12 18:02:52 Image size of job updated: 1429356
	296  -  MemoryUsage of job (MB)
	302256  -  ResidentSetSize of job (KB)
...
006 (9399550.000.000) 07/12 18:06:49 Image size of job updated: 1429472
	316  -  MemoryUsage of job (MB)
	323320  -  ResidentSetSize of job (KB)
...
006 (9399570.000.000) 07/12 18:07:52 Image size of job updated: 1429364
	312  -  MemoryUsage of job (MB)
	319200  -  ResidentSetSize of job (KB)
...
006 (9399550.000.000) 07/12 18:11:50 Image size of job updated: 1429472
	316  -  MemoryUsage of job (MB)
	323336  -  ResidentSetSize of job (KB)
...
006 (9399570.000.000) 07/12 18:12:52 Image size of job updated: 1429364
	312  -  MemoryUsage of job (MB)
	319304  -  ResidentSetSize of job (KB)
...
006 (9399550.000.000) 07/12 18:16:51 Image size of job updated: 1429472
	316  -  MemoryUsage of job (MB)
	323436  -  ResidentSetSize of job (KB)
...
006 (9399570.000.000) 07/12 18:17:53 Image size of job updated: 1429364
	315  -  MemoryUsage of job (MB)
	322304  -  ResidentSetSize of job (KB)
...
006 (9399570.000.000) 07/12 18:22:53 Image size of job updated: 1429364
	315  -  MemoryUsage of job (MB)
	322436  -  ResidentSetSize of job (KB)
...
006 (9399570.000.000) 07/12 18:27:53 Image size of job updated: 1429364
	315  -  MemoryUsage of job (MB)
	322452  -  ResidentSetSize of job (KB)
...
006 (9399550.000.000) 07/12 18:31:52 Image size of job updated: 1429472
	318  -  MemoryUsage of job (MB)
	325032  -  ResidentSetSize of job (KB)
...
006 (9399550.000.000) 07/12 18:36:52 Image size of job updated: 1429748
	318  -  MemoryUsage of job (MB)
	325424  -  ResidentSetSize of job (KB)
...
006 (9399570.000.000) 07/12 18:37:55 Image size of job updated: 1429364
	315  -  MemoryUsage of job (MB)
	322548  -  ResidentSetSize of job (KB)
...
006 (9399550.000.000) 07/12 18:41:52 Image size of job updated: 1430724
	319  -  MemoryUsage of job (MB)
	326404  -  ResidentSetSize of job (KB)
...
006 (9399550.000.000) 07/12 18:46:53 Image size of job updated: 1430724
	320  -  MemoryUsage of job (MB)
	326788  -  ResidentSetSize of job (KB)
...
040 (9399550.000.000) 07/12 18:47:40 Started transferring output files
...
040 (9399550.000.000) 07/12 18:47:41 Finished transferring output files
...
005 (9399550.000.000) 07/12 18:47:41 Job terminated.
	(1) Normal termination (return value 1)
		Usr 0 01:19:22, Sys 0 00:00:21  -  Run Remote Usage
		Usr 0 00:00:00, Sys 0 00:00:00  -  Run Local Usage
		Usr 0 01:19:22, Sys 0 00:00:21  -  Total Remote Usage
		Usr 0 00:00:00, Sys 0 00:00:00  -  Total Local Usage
	17320  -  Run Bytes Sent By Job
	11160  -  Run Bytes Received By Job
	17320  -  Total Bytes Sent By Job
	11160  -  Total Bytes Received By Job
	Partitionable Resources :    Usage  Request Allocated 
	   Cpus                 :     0.73        1         1 
	   Disk (KB)            :    49          12   1290788 
	   Memory (MB)          :   320        2000      2000 

	Job terminated of its own accord at 2023-07-12T16:47:40Z.
...
006 (9399570.000.000) 07/12 18:47:56 Image size of job updated: 1429364
	315  -  MemoryUsage of job (MB)
	322552  -  ResidentSetSize of job (KB)
...
006 (9399570.000.000) 07/12 18:52:57 Image size of job updated: 1429364
	316  -  MemoryUsage of job (MB)
	323544  -  ResidentSetSize of job (KB)
...
006 (9399570.000.000) 07/12 18:57:57 Image size of job updated: 1429920
	317  -  MemoryUsage of job (MB)
	324180  -  ResidentSetSize of job (KB)
...
006 (9399570.000.000) 07/12 19:02:57 Image size of job updated: 1430768
	318  -  MemoryUsage of job (MB)
	324948  -  ResidentSetSize of job (KB)
...
040 (9399570.000.000) 07/12 19:07:52 Started transferring output files
...
040 (9399570.000.000) 07/12 19:07:52 Finished transferring output files
...
005 (9399570.000.000) 07/12 19:07:52 Job terminated.
	(1) Normal termination (return value 1)
		Usr 0 01:33:38, Sys 0 00:00:20  -  Run Remote Usage
		Usr 0 00:00:00, Sys 0 00:00:00  -  Run Local Usage
		Usr 0 01:33:38, Sys 0 00:00:20  -  Total Remote Usage
		Usr 0 00:00:00, Sys 0 00:00:00  -  Total Local Usage
	17321  -  Run Bytes Sent By Job
	11161  -  Run Bytes Received By Job
	17321  -  Total Bytes Sent By Job
	11161  -  Total Bytes Received By Job
	Partitionable Resources :    Usage  Request Allocated 
	   Cpus                 :     0.86        1         1 
	   Disk (KB)            :    48          12   1257091 
	   Memory (MB)          :   318        2000      2000 

	Job terminated of its own accord at 2023-07-12T17:07:52Z.
...
000 (9399812.000.000) 07/12 19:51:42 Job submitted from host: <137.138.120.116:9618?addrs=137.138.120.116-9618+[2001-1458-d00-16--17b]-9618&alias=bigbird12.cern.ch&noUDP&sock=schedd_8624_ecd7>
...
040 (9399812.000.000) 07/12 20:17:26 Started transferring input files
	Transferring to host: <128.142.56.71:9618?addrs=128.142.56.71-9618+[2001-1458-301-6--100-46]-9618&alias=b7s01p6423.cern.ch&noUDP&sock=slot1_4_4024_059d_95085>
...
040 (9399812.000.000) 07/12 20:17:26 Finished transferring input files
...
001 (9399812.000.000) 07/12 20:17:27 Job executing on host: <128.142.56.71:9618?addrs=128.142.56.71-9618+[2001-1458-301-6--100-46]-9618&alias=b7s01p6423.cern.ch&noUDP&sock=startd_3025_7a13>
...
006 (9399812.000.000) 07/12 20:17:37 Image size of job updated: 577916
	130  -  MemoryUsage of job (MB)
	132316  -  ResidentSetSize of job (KB)
...
006 (9399812.000.000) 07/12 20:22:38 Image size of job updated: 1429356
	294  -  MemoryUsage of job (MB)
	300772  -  ResidentSetSize of job (KB)
...
006 (9399812.000.000) 07/12 20:27:38 Image size of job updated: 1429356
	295  -  MemoryUsage of job (MB)
	301212  -  ResidentSetSize of job (KB)
...
006 (9399812.000.000) 07/12 20:32:38 Image size of job updated: 1429356
	295  -  MemoryUsage of job (MB)
	301288  -  ResidentSetSize of job (KB)
...
006 (9399812.000.000) 07/12 20:37:39 Image size of job updated: 1429356
	295  -  MemoryUsage of job (MB)
	301332  -  ResidentSetSize of job (KB)
...
006 (9399812.000.000) 07/12 20:42:39 Image size of job updated: 1429356
	295  -  MemoryUsage of job (MB)
	301444  -  ResidentSetSize of job (KB)
...
006 (9399812.000.000) 07/12 20:47:39 Image size of job updated: 1429356
	295  -  MemoryUsage of job (MB)
	301584  -  ResidentSetSize of job (KB)
...
006 (9399812.000.000) 07/12 20:52:42 Image size of job updated: 1429356
	295  -  MemoryUsage of job (MB)
	301608  -  ResidentSetSize of job (KB)
...
006 (9399812.000.000) 07/12 20:57:40 Image size of job updated: 1429356
	295  -  MemoryUsage of job (MB)
	301656  -  ResidentSetSize of job (KB)
...
006 (9399812.000.000) 07/12 21:02:41 Image size of job updated: 1429356
	295  -  MemoryUsage of job (MB)
	301732  -  ResidentSetSize of job (KB)
...
006 (9399812.000.000) 07/12 21:07:42 Image size of job updated: 1429364
	311  -  MemoryUsage of job (MB)
	317736  -  ResidentSetSize of job (KB)
...
006 (9399812.000.000) 07/12 21:12:42 Image size of job updated: 1429364
	311  -  MemoryUsage of job (MB)
	318280  -  ResidentSetSize of job (KB)
...
006 (9399812.000.000) 07/12 21:17:43 Image size of job updated: 1429364
	311  -  MemoryUsage of job (MB)
	318404  -  ResidentSetSize of job (KB)
...
006 (9399812.000.000) 07/12 21:22:44 Image size of job updated: 1429364
	316  -  MemoryUsage of job (MB)
	323568  -  ResidentSetSize of job (KB)
...
006 (9399812.000.000) 07/12 21:27:44 Image size of job updated: 1429364
	317  -  MemoryUsage of job (MB)
	323624  -  ResidentSetSize of job (KB)
...
006 (9399812.000.000) 07/12 21:32:45 Image size of job updated: 1429364
	317  -  MemoryUsage of job (MB)
	323648  -  ResidentSetSize of job (KB)
...
006 (9399812.000.000) 07/12 21:37:45 Image size of job updated: 1429364
	317  -  MemoryUsage of job (MB)
	323656  -  ResidentSetSize of job (KB)
...
006 (9399812.000.000) 07/12 21:42:45 Image size of job updated: 1429364
	317  -  MemoryUsage of job (MB)
	323752  -  ResidentSetSize of job (KB)
...
006 (9399812.000.000) 07/12 21:57:47 Image size of job updated: 1429364
	318  -  MemoryUsage of job (MB)
	325164  -  ResidentSetSize of job (KB)
...
006 (9399812.000.000) 07/12 22:02:48 Image size of job updated: 1429648
	318  -  MemoryUsage of job (MB)
	325516  -  ResidentSetSize of job (KB)
...
006 (9399812.000.000) 07/12 22:07:48 Image size of job updated: 1430636
	319  -  MemoryUsage of job (MB)
	326556  -  ResidentSetSize of job (KB)
...
006 (9399812.000.000) 07/12 22:12:49 Image size of job updated: 1430636
	319  -  MemoryUsage of job (MB)
	326584  -  ResidentSetSize of job (KB)
...
040 (9399812.000.000) 07/12 22:14:05 Started transferring output files
...
040 (9399812.000.000) 07/12 22:14:05 Finished transferring output files
...
005 (9399812.000.000) 07/12 22:14:05 Job terminated.
	(1) Normal termination (return value 0)
		Usr 0 01:28:16, Sys 0 00:00:26  -  Run Remote Usage
		Usr 0 00:00:00, Sys 0 00:00:00  -  Run Local Usage
		Usr 0 01:28:16, Sys 0 00:00:26  -  Total Remote Usage
		Usr 0 00:00:00, Sys 0 00:00:00  -  Total Local Usage
	15086  -  Run Bytes Sent By Job
	11193  -  Run Bytes Received By Job
	15086  -  Total Bytes Sent By Job
	11193  -  Total Bytes Received By Job
	Partitionable Resources :    Usage  Request Allocated 
	   Cpus                 :     0.84        1         1 
	   Disk (KB)            :    47          12   1334553 
	   Memory (MB)          :   319        2000      2000 

	Job terminated of its own accord at 2023-07-12T20:14:03Z.
...
000 (9399931.000.000) 07/13 10:15:44 Job submitted from host: <137.138.120.116:9618?addrs=137.138.120.116-9618+[2001-1458-d00-16--17b]-9618&alias=bigbird12.cern.ch&noUDP&sock=schedd_8624_ecd7>
...
040 (9399931.000.000) 07/13 10:44:12 Started transferring input files
	Transferring to host: <128.142.63.101:9618?addrs=128.142.63.101-9618+[2001-1458-301-38--100-62]-9618&alias=b7s08p4175.cern.ch&noUDP&sock=slot1_23_4086_b4df_101131>
...
040 (9399931.000.000) 07/13 10:44:12 Finished transferring input files
...
001 (9399931.000.000) 07/13 10:44:13 Job executing on host: <128.142.63.101:9618?addrs=128.142.63.101-9618+[2001-1458-301-38--100-62]-9618&alias=b7s08p4175.cern.ch&noUDP&sock=startd_2904_7b1e>
...
006 (9399931.000.000) 07/13 10:44:22 Image size of job updated: 310768
	155  -  MemoryUsage of job (MB)
	157852  -  ResidentSetSize of job (KB)
...
006 (9399931.000.000) 07/13 10:49:23 Image size of job updated: 1429356
	294  -  MemoryUsage of job (MB)
	300640  -  ResidentSetSize of job (KB)
...
006 (9399931.000.000) 07/13 10:54:24 Image size of job updated: 1429356
	295  -  MemoryUsage of job (MB)
	301112  -  ResidentSetSize of job (KB)
...
006 (9399931.000.000) 07/13 10:59:24 Image size of job updated: 1429356
	295  -  MemoryUsage of job (MB)
	301152  -  ResidentSetSize of job (KB)
...
006 (9399931.000.000) 07/13 11:04:24 Image size of job updated: 1429356
	295  -  MemoryUsage of job (MB)
	301212  -  ResidentSetSize of job (KB)
...
006 (9399931.000.000) 07/13 11:09:25 Image size of job updated: 1429356
	295  -  MemoryUsage of job (MB)
	301340  -  ResidentSetSize of job (KB)
...
006 (9399931.000.000) 07/13 11:14:26 Image size of job updated: 1429356
	295  -  MemoryUsage of job (MB)
	301364  -  ResidentSetSize of job (KB)
...
006 (9399931.000.000) 07/13 11:19:26 Image size of job updated: 1429356
	295  -  MemoryUsage of job (MB)
	301408  -  ResidentSetSize of job (KB)
...
006 (9399931.000.000) 07/13 11:24:27 Image size of job updated: 1429356
	295  -  MemoryUsage of job (MB)
	301452  -  ResidentSetSize of job (KB)
...
006 (9399931.000.000) 07/13 11:29:28 Image size of job updated: 1429356
	295  -  MemoryUsage of job (MB)
	301552  -  ResidentSetSize of job (KB)
...
006 (9399931.000.000) 07/13 11:34:28 Image size of job updated: 1429364
	312  -  MemoryUsage of job (MB)
	319260  -  ResidentSetSize of job (KB)
...
006 (9399931.000.000) 07/13 11:39:28 Image size of job updated: 1429364
	313  -  MemoryUsage of job (MB)
	319656  -  ResidentSetSize of job (KB)
...
006 (9399931.000.000) 07/13 11:44:29 Image size of job updated: 1429364
	313  -  MemoryUsage of job (MB)
	319748  -  ResidentSetSize of job (KB)
...
006 (9399931.000.000) 07/13 11:49:30 Image size of job updated: 1429364
	316  -  MemoryUsage of job (MB)
	323276  -  ResidentSetSize of job (KB)
...
006 (9399931.000.000) 07/13 11:54:30 Image size of job updated: 1429364
	316  -  MemoryUsage of job (MB)
	323320  -  ResidentSetSize of job (KB)
...
006 (9399931.000.000) 07/13 12:04:32 Image size of job updated: 1429364
	316  -  MemoryUsage of job (MB)
	323424  -  ResidentSetSize of job (KB)
...
006 (9399931.000.000) 07/13 12:14:32 Image size of job updated: 1429364
	316  -  MemoryUsage of job (MB)
	323428  -  ResidentSetSize of job (KB)
...
006 (9399931.000.000) 07/13 12:19:34 Image size of job updated: 1429364
	318  -  MemoryUsage of job (MB)
	324820  -  ResidentSetSize of job (KB)
...
006 (9399931.000.000) 07/13 12:24:34 Image size of job updated: 1429648
	318  -  MemoryUsage of job (MB)
	325216  -  ResidentSetSize of job (KB)
...
006 (9399931.000.000) 07/13 12:29:34 Image size of job updated: 1430768
	319  -  MemoryUsage of job (MB)
	326260  -  ResidentSetSize of job (KB)
...
040 (9399931.000.000) 07/13 12:34:04 Started transferring output files
...
040 (9399931.000.000) 07/13 12:34:04 Finished transferring output files
...
005 (9399931.000.000) 07/13 12:34:04 Job terminated.
	(1) Normal termination (return value 0)
		Usr 0 01:23:16, Sys 0 00:00:20  -  Run Remote Usage
		Usr 0 00:00:00, Sys 0 00:00:00  -  Run Local Usage
		Usr 0 01:23:16, Sys 0 00:00:20  -  Total Remote Usage
		Usr 0 00:00:00, Sys 0 00:00:00  -  Total Local Usage
	15086  -  Run Bytes Sent By Job
	10623  -  Run Bytes Received By Job
	15086  -  Total Bytes Sent By Job
	10623  -  Total Bytes Received By Job
	Partitionable Resources :    Usage  Request Allocated 
	   Cpus                 :     0.78        1         1 
	   Disk (KB)            :    47          12   1265600 
	   Memory (MB)          :   319        2000      2000 

	Job terminated of its own accord at 2023-07-13T10:34:04Z.
...
000 (9401076.000.000) 07/13 19:51:30 Job submitted from host: <137.138.120.116:9618?addrs=137.138.120.116-9618+[2001-1458-d00-16--17b]-9618&alias=bigbird12.cern.ch&noUDP&sock=schedd_8624_ecd7>
...
040 (9401076.000.000) 07/13 19:52:16 Started transferring input files
	Transferring to host: <128.142.131.175:9618?addrs=128.142.131.175-9618+[2001-1458-301-59--100-a3]-9618&alias=b7g11p1215.cern.ch&noUDP&sock=slot1_5_4310_88e8_43005>
...
040 (9401076.000.000) 07/13 19:52:16 Finished transferring input files
...
001 (9401076.000.000) 07/13 19:52:17 Job executing on host: <128.142.131.175:9618?addrs=128.142.131.175-9618+[2001-1458-301-59--100-a3]-9618&alias=b7g11p1215.cern.ch&noUDP&sock=startd_3119_f3fb>
...
006 (9401076.000.000) 07/13 19:52:26 Image size of job updated: 158404
	73  -  MemoryUsage of job (MB)
	74268  -  ResidentSetSize of job (KB)
...
006 (9401076.000.000) 07/13 19:57:27 Image size of job updated: 1429100
	294  -  MemoryUsage of job (MB)
	300044  -  ResidentSetSize of job (KB)
...
006 (9401076.000.000) 07/13 20:02:28 Image size of job updated: 1429356
	294  -  MemoryUsage of job (MB)
	300712  -  ResidentSetSize of job (KB)
...
006 (9401076.000.000) 07/13 20:07:28 Image size of job updated: 1429356
	294  -  MemoryUsage of job (MB)
	300988  -  ResidentSetSize of job (KB)
...
006 (9401076.000.000) 07/13 20:12:29 Image size of job updated: 1429356
	295  -  MemoryUsage of job (MB)
	301112  -  ResidentSetSize of job (KB)
...
006 (9401076.000.000) 07/13 20:17:30 Image size of job updated: 1429356
	295  -  MemoryUsage of job (MB)
	301244  -  ResidentSetSize of job (KB)
...
006 (9401076.000.000) 07/13 20:22:30 Image size of job updated: 1429356
	295  -  MemoryUsage of job (MB)
	301284  -  ResidentSetSize of job (KB)
...
006 (9401076.000.000) 07/13 20:27:31 Image size of job updated: 1429356
	295  -  MemoryUsage of job (MB)
	301296  -  ResidentSetSize of job (KB)
...
006 (9401076.000.000) 07/13 20:32:32 Image size of job updated: 1429356
	295  -  MemoryUsage of job (MB)
	301420  -  ResidentSetSize of job (KB)
...
006 (9401076.000.000) 07/13 20:37:32 Image size of job updated: 1429356
	295  -  MemoryUsage of job (MB)
	301452  -  ResidentSetSize of job (KB)
...
006 (9401076.000.000) 07/13 20:42:33 Image size of job updated: 1429356
	295  -  MemoryUsage of job (MB)
	301468  -  ResidentSetSize of job (KB)
...
006 (9401076.000.000) 07/13 20:47:34 Image size of job updated: 1429356
	295  -  MemoryUsage of job (MB)
	301492  -  ResidentSetSize of job (KB)
...
006 (9401076.000.000) 07/13 20:52:34 Image size of job updated: 1429356
	295  -  MemoryUsage of job (MB)
	301524  -  ResidentSetSize of job (KB)
...
006 (9401076.000.000) 07/13 20:57:34 Image size of job updated: 1429356
	295  -  MemoryUsage of job (MB)
	301564  -  ResidentSetSize of job (KB)
...
006 (9401076.000.000) 07/13 21:02:35 Image size of job updated: 1429356
	295  -  MemoryUsage of job (MB)
	301576  -  ResidentSetSize of job (KB)
...
006 (9401076.000.000) 07/13 21:07:35 Image size of job updated: 1429356
	295  -  MemoryUsage of job (MB)
	301608  -  ResidentSetSize of job (KB)
...
006 (9401076.000.000) 07/13 21:17:37 Image size of job updated: 1429356
	295  -  MemoryUsage of job (MB)
	301700  -  ResidentSetSize of job (KB)
...
006 (9401076.000.000) 07/13 21:27:37 Image size of job updated: 1429364
	312  -  MemoryUsage of job (MB)
	318560  -  ResidentSetSize of job (KB)
...
006 (9401076.000.000) 07/13 21:32:38 Image size of job updated: 1429364
	312  -  MemoryUsage of job (MB)
	319192  -  ResidentSetSize of job (KB)
...
006 (9401076.000.000) 07/13 21:37:39 Image size of job updated: 1429364
	312  -  MemoryUsage of job (MB)
	319224  -  ResidentSetSize of job (KB)
...
006 (9401076.000.000) 07/13 21:42:39 Image size of job updated: 1429364
	312  -  MemoryUsage of job (MB)
	319280  -  ResidentSetSize of job (KB)
...
006 (9401076.000.000) 07/13 21:47:40 Image size of job updated: 1429364
	312  -  MemoryUsage of job (MB)
	319424  -  ResidentSetSize of job (KB)
...
006 (9401076.000.000) 07/13 21:52:41 Image size of job updated: 1429364
	316  -  MemoryUsage of job (MB)
	323260  -  ResidentSetSize of job (KB)
...
006 (9401076.000.000) 07/13 21:57:41 Image size of job updated: 1429364
	316  -  MemoryUsage of job (MB)
	323488  -  ResidentSetSize of job (KB)
...
006 (9401076.000.000) 07/13 22:02:42 Image size of job updated: 1429364
	316  -  MemoryUsage of job (MB)
	323532  -  ResidentSetSize of job (KB)
...
006 (9401076.000.000) 07/13 22:07:43 Image size of job updated: 1429364
	316  -  MemoryUsage of job (MB)
	323536  -  ResidentSetSize of job (KB)
...
040 (9401076.000.000) 07/13 22:08:20 Started transferring output files
...
040 (9401076.000.000) 07/13 22:08:20 Finished transferring output files
...
004 (9401076.000.000) 07/13 22:08:20 Job was evicted.
	(0) CPU times
		Usr 0 01:55:26, Sys 0 00:00:59  -  Run Remote Usage
		Usr 0 00:00:00, Sys 0 00:00:00  -  Run Local Usage
	0  -  Run Bytes Sent By Job
	10624  -  Run Bytes Received By Job
	Partitionable Resources :    Usage  Request Allocated 
	   Cpus                 :     0.96        1         1 
	   Disk (KB)            :    35          12   1538957 
	   Memory (MB)          :   316        2000      2000 
...
009 (9401076.000.000) 07/13 22:08:21 Job was aborted.
	via condor_rm (by user jbonetti)
...
000 (9401120.000.000) 07/13 22:09:26 Job submitted from host: <137.138.120.116:9618?addrs=137.138.120.116-9618+[2001-1458-d00-16--17b]-9618&alias=bigbird12.cern.ch&noUDP&sock=schedd_8624_ecd7>
...
040 (9401120.000.000) 07/13 22:10:55 Started transferring input files
	Transferring to host: <128.142.61.123:9618?addrs=128.142.61.123-9618+[2001-1458-301-23--100-7a]-9618&alias=b7s06p7679.cern.ch&noUDP&sock=slot1_5_3708_5f10_137515>
...
040 (9401120.000.000) 07/13 22:10:55 Finished transferring input files
...
001 (9401120.000.000) 07/13 22:10:56 Job executing on host: <128.142.61.123:9618?addrs=128.142.61.123-9618+[2001-1458-301-23--100-7a]-9618&alias=b7s06p7679.cern.ch&noUDP&sock=startd_2863_5bbc>
...
006 (9401120.000.000) 07/13 22:11:05 Image size of job updated: 940628
	11  -  MemoryUsage of job (MB)
	10916  -  ResidentSetSize of job (KB)
...
006 (9401120.000.000) 07/13 22:16:05 Image size of job updated: 1429532
	294  -  MemoryUsage of job (MB)
	300304  -  ResidentSetSize of job (KB)
...
006 (9401120.000.000) 07/13 22:21:05 Image size of job updated: 1429532
	294  -  MemoryUsage of job (MB)
	301004  -  ResidentSetSize of job (KB)
...
006 (9401120.000.000) 07/13 22:26:06 Image size of job updated: 1429532
	295  -  MemoryUsage of job (MB)
	301376  -  ResidentSetSize of job (KB)
...
006 (9401120.000.000) 07/13 22:31:06 Image size of job updated: 1429532
	295  -  MemoryUsage of job (MB)
	301448  -  ResidentSetSize of job (KB)
...
006 (9401120.000.000) 07/13 22:36:06 Image size of job updated: 1429532
	295  -  MemoryUsage of job (MB)
	301664  -  ResidentSetSize of job (KB)
...
006 (9401120.000.000) 07/13 22:41:07 Image size of job updated: 1429532
	295  -  MemoryUsage of job (MB)
	301700  -  ResidentSetSize of job (KB)
...
006 (9401120.000.000) 07/13 22:46:07 Image size of job updated: 1429532
	295  -  MemoryUsage of job (MB)
	301704  -  ResidentSetSize of job (KB)
...
006 (9401120.000.000) 07/13 22:51:08 Image size of job updated: 1429532
	295  -  MemoryUsage of job (MB)
	301708  -  ResidentSetSize of job (KB)
...
006 (9401120.000.000) 07/13 22:56:09 Image size of job updated: 1429532
	295  -  MemoryUsage of job (MB)
	301792  -  ResidentSetSize of job (KB)
...
006 (9401120.000.000) 07/13 23:11:11 Image size of job updated: 1429540
	312  -  MemoryUsage of job (MB)
	319112  -  ResidentSetSize of job (KB)
...
006 (9401120.000.000) 07/13 23:16:11 Image size of job updated: 1429540
	313  -  MemoryUsage of job (MB)
	319744  -  ResidentSetSize of job (KB)
...
006 (9401120.000.000) 07/13 23:21:11 Image size of job updated: 1429540
	313  -  MemoryUsage of job (MB)
	319836  -  ResidentSetSize of job (KB)
...
006 (9401120.000.000) 07/13 23:26:12 Image size of job updated: 1429540
	317  -  MemoryUsage of job (MB)
	323856  -  ResidentSetSize of job (KB)
...
006 (9401120.000.000) 07/13 23:31:12 Image size of job updated: 1429540
	317  -  MemoryUsage of job (MB)
	324104  -  ResidentSetSize of job (KB)
...
006 (9401120.000.000) 07/13 23:36:12 Image size of job updated: 1429540
	317  -  MemoryUsage of job (MB)
	324108  -  ResidentSetSize of job (KB)
...
006 (9401120.000.000) 07/13 23:41:13 Image size of job updated: 1429540
	317  -  MemoryUsage of job (MB)
	324116  -  ResidentSetSize of job (KB)
...
006 (9401120.000.000) 07/13 23:46:13 Image size of job updated: 1429540
	317  -  MemoryUsage of job (MB)
	324256  -  ResidentSetSize of job (KB)
...
006 (9401120.000.000) 07/13 23:56:14 Image size of job updated: 1429540
	317  -  MemoryUsage of job (MB)
	324260  -  ResidentSetSize of job (KB)
...
006 (9401120.000.000) 07/14 00:01:15 Image size of job updated: 1429540
	318  -  MemoryUsage of job (MB)
	325440  -  ResidentSetSize of job (KB)
...
006 (9401120.000.000) 07/14 00:06:15 Image size of job updated: 1429680
	319  -  MemoryUsage of job (MB)
	325772  -  ResidentSetSize of job (KB)
...
006 (9401120.000.000) 07/14 00:11:16 Image size of job updated: 1430948
	320  -  MemoryUsage of job (MB)
	326928  -  ResidentSetSize of job (KB)
...
006 (9401120.000.000) 07/14 00:16:17 Image size of job updated: 1430948
	320  -  MemoryUsage of job (MB)
	327112  -  ResidentSetSize of job (KB)
...
040 (9401120.000.000) 07/14 00:17:02 Started transferring output files
...
040 (9401120.000.000) 07/14 00:17:02 Finished transferring output files
...
005 (9401120.000.000) 07/14 00:17:02 Job terminated.
	(1) Normal termination (return value 0)
		Usr 0 01:37:46, Sys 0 00:00:20  -  Run Remote Usage
		Usr 0 00:00:00, Sys 0 00:00:00  -  Run Local Usage
		Usr 0 01:37:46, Sys 0 00:00:20  -  Total Remote Usage
		Usr 0 00:00:00, Sys 0 00:00:00  -  Total Local Usage
	15086  -  Run Bytes Sent By Job
	10627  -  Run Bytes Received By Job
	15086  -  Total Bytes Sent By Job
	10627  -  Total Bytes Received By Job
	Partitionable Resources :    Usage  Request Allocated 
	   Cpus                 :     0.80        1         1 
	   Disk (KB)            :    46          12   1210824 
	   Memory (MB)          :   320        2000      2000 

	Job terminated of its own accord at 2023-07-13T22:17:02Z.
...
