000 (9399487.000.000) 07/12 16:45:57 Job submitted from host: <137.138.120.116:9618?addrs=137.138.120.116-9618+[2001-1458-d00-16--17b]-9618&alias=bigbird12.cern.ch&noUDP&sock=schedd_8624_ecd7>
...
000 (9399507.000.000) 07/12 16:48:32 Job submitted from host: <137.138.120.116:9618?addrs=137.138.120.116-9618+[2001-1458-d00-16--17b]-9618&alias=bigbird12.cern.ch&noUDP&sock=schedd_8624_ecd7>
...
040 (9399487.000.000) 07/12 16:48:53 Started transferring input files
	Transferring to host: <128.142.137.120:9618?addrs=128.142.137.120-9618+[2001-1458-301-5e--100-6c]-9618&alias=b7g19p8362.cern.ch&noUDP&sock=slot1_25_3261_6b5e_93776>
...
040 (9399487.000.000) 07/12 16:48:53 Finished transferring input files
...
001 (9399487.000.000) 07/12 16:48:54 Job executing on host: <128.142.137.120:9618?addrs=128.142.137.120-9618+[2001-1458-301-5e--100-6c]-9618&alias=b7g19p8362.cern.ch&noUDP&sock=startd_3018_acea>
...
040 (9399507.000.000) 07/12 16:48:59 Started transferring input files
	Transferring to host: <128.142.132.47:9618?addrs=128.142.132.47-9618+[2001-1458-301-5a--100-23]-9618&alias=b7g12p8308.cern.ch&noUDP&sock=slot1_14_8528_7f54_88495>
...
040 (9399507.000.000) 07/12 16:48:59 Finished transferring input files
...
001 (9399507.000.000) 07/12 16:49:00 Job executing on host: <128.142.132.47:9618?addrs=128.142.132.47-9618+[2001-1458-301-5a--100-23]-9618&alias=b7g12p8308.cern.ch&noUDP&sock=startd_7421_c468>
...
006 (9399487.000.000) 07/12 16:49:03 Image size of job updated: 26400
	11  -  MemoryUsage of job (MB)
	10952  -  ResidentSetSize of job (KB)
...
006 (9399507.000.000) 07/12 16:49:09 Image size of job updated: 285332
	11  -  MemoryUsage of job (MB)
	10948  -  ResidentSetSize of job (KB)
...
006 (9399487.000.000) 07/12 16:49:58 Image size of job updated: 1424072
	11  -  MemoryUsage of job (MB)
	10952  -  ResidentSetSize of job (KB)
...
040 (9399487.000.000) 07/12 16:49:58 Started transferring output files
...
040 (9399487.000.000) 07/12 16:49:58 Finished transferring output files
...
005 (9399487.000.000) 07/12 16:49:58 Job terminated.
	(1) Normal termination (return value 1)
		Usr 0 00:00:08, Sys 0 00:00:02  -  Run Remote Usage
		Usr 0 00:00:00, Sys 0 00:00:00  -  Run Local Usage
		Usr 0 00:00:08, Sys 0 00:00:02  -  Total Remote Usage
		Usr 0 00:00:00, Sys 0 00:00:00  -  Total Local Usage
	475  -  Run Bytes Sent By Job
	11160  -  Run Bytes Received By Job
	475  -  Total Bytes Sent By Job
	11160  -  Total Bytes Received By Job
	Partitionable Resources :    Usage  Request Allocated 
	   Cpus                 :                 1         1 
	   Disk (KB)            :       28       12   1628304 
	   Memory (MB)          :       11     2000      2000 

	Job terminated of its own accord at 2023-07-12T14:49:58Z.
...
006 (9399507.000.000) 07/12 16:50:01 Image size of job updated: 1415024
	11  -  MemoryUsage of job (MB)
	10948  -  ResidentSetSize of job (KB)
...
040 (9399507.000.000) 07/12 16:50:01 Started transferring output files
...
040 (9399507.000.000) 07/12 16:50:01 Finished transferring output files
...
005 (9399507.000.000) 07/12 16:50:01 Job terminated.
	(1) Normal termination (return value 1)
		Usr 0 00:00:09, Sys 0 00:00:02  -  Run Remote Usage
		Usr 0 00:00:00, Sys 0 00:00:00  -  Run Local Usage
		Usr 0 00:00:09, Sys 0 00:00:02  -  Total Remote Usage
		Usr 0 00:00:00, Sys 0 00:00:00  -  Total Local Usage
	475  -  Run Bytes Sent By Job
	11160  -  Run Bytes Received By Job
	475  -  Total Bytes Sent By Job
	11160  -  Total Bytes Received By Job
	Partitionable Resources :    Usage  Request Allocated 
	   Cpus                 :                 1         1 
	   Disk (KB)            :       28       12   1648366 
	   Memory (MB)          :       11     2000      2000 

	Job terminated of its own accord at 2023-07-12T14:50:01Z.
...
000 (9399527.000.000) 07/12 16:50:32 Job submitted from host: <137.138.120.116:9618?addrs=137.138.120.116-9618+[2001-1458-d00-16--17b]-9618&alias=bigbird12.cern.ch&noUDP&sock=schedd_8624_ecd7>
...
040 (9399527.000.000) 07/12 16:50:36 Started transferring input files
	Transferring to host: <128.142.137.168:9618?addrs=128.142.137.168-9618+[2001-1458-301-5e--100-9c]-9618&alias=b7g19p9399.cern.ch&noUDP&sock=slot1_43_3755_7cb2_15845>
...
040 (9399527.000.000) 07/12 16:50:36 Finished transferring input files
...
001 (9399527.000.000) 07/12 16:50:37 Job executing on host: <128.142.137.168:9618?addrs=128.142.137.168-9618+[2001-1458-301-5e--100-9c]-9618&alias=b7g19p9399.cern.ch&noUDP&sock=startd_3048_40c1>
...
006 (9399527.000.000) 07/12 16:50:45 Image size of job updated: 937852
	145  -  MemoryUsage of job (MB)
	147668  -  ResidentSetSize of job (KB)
...
006 (9399527.000.000) 07/12 16:51:18 Image size of job updated: 1432604
	145  -  MemoryUsage of job (MB)
	147668  -  ResidentSetSize of job (KB)
...
040 (9399527.000.000) 07/12 16:51:18 Started transferring output files
...
040 (9399527.000.000) 07/12 16:51:18 Finished transferring output files
...
005 (9399527.000.000) 07/12 16:51:18 Job terminated.
	(1) Normal termination (return value 1)
		Usr 0 00:00:08, Sys 0 00:00:02  -  Run Remote Usage
		Usr 0 00:00:00, Sys 0 00:00:00  -  Run Local Usage
		Usr 0 00:00:08, Sys 0 00:00:02  -  Total Remote Usage
		Usr 0 00:00:00, Sys 0 00:00:00  -  Total Local Usage
	475  -  Run Bytes Sent By Job
	11161  -  Run Bytes Received By Job
	475  -  Total Bytes Sent By Job
	11161  -  Total Bytes Received By Job
	Partitionable Resources :    Usage  Request Allocated 
	   Cpus                 :                 1         1 
	   Disk (KB)            :       29       12   1697259 
	   Memory (MB)          :      145     2000      2000 

	Job terminated of its own accord at 2023-07-12T14:51:18Z.
...
000 (9399547.000.000) 07/12 16:59:51 Job submitted from host: <137.138.120.116:9618?addrs=137.138.120.116-9618+[2001-1458-d00-16--17b]-9618&alias=bigbird12.cern.ch&noUDP&sock=schedd_8624_ecd7>
...
040 (9399547.000.000) 07/12 17:01:30 Started transferring input files
	Transferring to host: <128.142.59.80:9618?addrs=128.142.59.80-9618+[2001-1458-301-21--100-4f]-9618&alias=b7s04p4586.cern.ch&noUDP&sock=slot1_26_4691_fbd8_93758>
...
040 (9399547.000.000) 07/12 17:01:30 Finished transferring input files
...
001 (9399547.000.000) 07/12 17:01:31 Job executing on host: <128.142.59.80:9618?addrs=128.142.59.80-9618+[2001-1458-301-21--100-4f]-9618&alias=b7s04p4586.cern.ch&noUDP&sock=startd_4097_c79a>
...
006 (9399547.000.000) 07/12 17:01:40 Image size of job updated: 301348
	146  -  MemoryUsage of job (MB)
	149172  -  ResidentSetSize of job (KB)
...
000 (9399567.000.000) 07/12 17:02:05 Job submitted from host: <137.138.120.116:9618?addrs=137.138.120.116-9618+[2001-1458-d00-16--17b]-9618&alias=bigbird12.cern.ch&noUDP&sock=schedd_8624_ecd7>
...
040 (9399567.000.000) 07/12 17:05:09 Started transferring input files
	Transferring to host: <128.142.56.86:9618?addrs=128.142.56.86-9618&alias=b7s01p8345.cern.ch&noUDP&sock=slot1_29_3924_9019_46978>
...
040 (9399567.000.000) 07/12 17:05:09 Finished transferring input files
...
001 (9399567.000.000) 07/12 17:05:10 Job executing on host: <128.142.56.86:9618?addrs=128.142.56.86-9618&alias=b7s01p8345.cern.ch&noUDP&sock=startd_2682_3517>
...
006 (9399567.000.000) 07/12 17:05:19 Image size of job updated: 909928
	181  -  MemoryUsage of job (MB)
	184432  -  ResidentSetSize of job (KB)
...
006 (9399547.000.000) 07/12 17:06:41 Image size of job updated: 1433832
	296  -  MemoryUsage of job (MB)
	302688  -  ResidentSetSize of job (KB)
...
006 (9399567.000.000) 07/12 17:10:20 Image size of job updated: 1433832
	296  -  MemoryUsage of job (MB)
	302696  -  ResidentSetSize of job (KB)
...
006 (9399547.000.000) 07/12 17:11:42 Image size of job updated: 1433832
	297  -  MemoryUsage of job (MB)
	303756  -  ResidentSetSize of job (KB)
...
006 (9399567.000.000) 07/12 17:15:20 Image size of job updated: 1433832
	297  -  MemoryUsage of job (MB)
	303728  -  ResidentSetSize of job (KB)
...
006 (9399547.000.000) 07/12 17:16:42 Image size of job updated: 1433840
	315  -  MemoryUsage of job (MB)
	321780  -  ResidentSetSize of job (KB)
...
006 (9399567.000.000) 07/12 17:20:20 Image size of job updated: 1433840
	315  -  MemoryUsage of job (MB)
	322344  -  ResidentSetSize of job (KB)
...
006 (9399547.000.000) 07/12 17:21:44 Image size of job updated: 1433840
	320  -  MemoryUsage of job (MB)
	326832  -  ResidentSetSize of job (KB)
...
006 (9399567.000.000) 07/12 17:25:21 Image size of job updated: 1433840
	318  -  MemoryUsage of job (MB)
	325352  -  ResidentSetSize of job (KB)
...
006 (9399547.000.000) 07/12 17:26:44 Image size of job updated: 1433840
	320  -  MemoryUsage of job (MB)
	327320  -  ResidentSetSize of job (KB)
...
006 (9399567.000.000) 07/12 17:30:21 Image size of job updated: 1433840
	319  -  MemoryUsage of job (MB)
	325692  -  ResidentSetSize of job (KB)
...
006 (9399547.000.000) 07/12 17:31:44 Image size of job updated: 1436084
	324  -  MemoryUsage of job (MB)
	330920  -  ResidentSetSize of job (KB)
...
006 (9399567.000.000) 07/12 17:35:21 Image size of job updated: 1435916
	323  -  MemoryUsage of job (MB)
	330084  -  ResidentSetSize of job (KB)
...
006 (9399547.000.000) 07/12 17:36:45 Image size of job updated: 1436936
	326  -  MemoryUsage of job (MB)
	332844  -  ResidentSetSize of job (KB)
...
006 (9399567.000.000) 07/12 17:40:22 Image size of job updated: 1436492
	324  -  MemoryUsage of job (MB)
	331536  -  ResidentSetSize of job (KB)
...
006 (9399547.000.000) 07/12 17:41:46 Image size of job updated: 1436936
	326  -  MemoryUsage of job (MB)
	332856  -  ResidentSetSize of job (KB)
...
006 (9399567.000.000) 07/12 17:45:23 Image size of job updated: 1436492
	325  -  MemoryUsage of job (MB)
	331876  -  ResidentSetSize of job (KB)
...
006 (9399567.000.000) 07/12 17:50:23 Image size of job updated: 1436492
	325  -  MemoryUsage of job (MB)
	331884  -  ResidentSetSize of job (KB)
...
006 (9399547.000.000) 07/12 17:51:46 Image size of job updated: 1436936
	326  -  MemoryUsage of job (MB)
	333052  -  ResidentSetSize of job (KB)
...
006 (9399567.000.000) 07/12 17:55:24 Image size of job updated: 1436492
	325  -  MemoryUsage of job (MB)
	332600  -  ResidentSetSize of job (KB)
...
006 (9399547.000.000) 07/12 18:01:48 Image size of job updated: 1436936
	326  -  MemoryUsage of job (MB)
	333248  -  ResidentSetSize of job (KB)
...
006 (9399567.000.000) 07/12 18:05:25 Image size of job updated: 1436492
	325  -  MemoryUsage of job (MB)
	332636  -  ResidentSetSize of job (KB)
...
006 (9399547.000.000) 07/12 18:06:48 Image size of job updated: 1436936
	326  -  MemoryUsage of job (MB)
	333316  -  ResidentSetSize of job (KB)
...
006 (9399567.000.000) 07/12 18:10:25 Image size of job updated: 1436492
	326  -  MemoryUsage of job (MB)
	332836  -  ResidentSetSize of job (KB)
...
006 (9399547.000.000) 07/12 18:16:50 Image size of job updated: 1436936
	326  -  MemoryUsage of job (MB)
	333336  -  ResidentSetSize of job (KB)
...
006 (9399567.000.000) 07/12 18:20:27 Image size of job updated: 1436492
	326  -  MemoryUsage of job (MB)
	332864  -  ResidentSetSize of job (KB)
...
006 (9399547.000.000) 07/12 18:26:50 Image size of job updated: 1436936
	326  -  MemoryUsage of job (MB)
	333344  -  ResidentSetSize of job (KB)
...
006 (9399547.000.000) 07/12 18:31:51 Image size of job updated: 1436936
	326  -  MemoryUsage of job (MB)
	333352  -  ResidentSetSize of job (KB)
...
006 (9399567.000.000) 07/12 18:40:29 Image size of job updated: 1436492
	326  -  MemoryUsage of job (MB)
	332876  -  ResidentSetSize of job (KB)
...
006 (9399567.000.000) 07/12 19:00:31 Image size of job updated: 1436492
	326  -  MemoryUsage of job (MB)
	332968  -  ResidentSetSize of job (KB)
...
006 (9399547.000.000) 07/12 19:21:56 Image size of job updated: 1436936
	326  -  MemoryUsage of job (MB)
	333356  -  ResidentSetSize of job (KB)
...
040 (9399567.000.000) 07/12 19:30:19 Started transferring output files
...
040 (9399567.000.000) 07/12 19:30:19 Finished transferring output files
...
004 (9399567.000.000) 07/12 19:30:19 Job was evicted.
	(0) CPU times
		Usr 0 00:49:43, Sys 0 00:00:29  -  Run Remote Usage
		Usr 0 00:00:00, Sys 0 00:00:00  -  Run Local Usage
	32708  -  Run Bytes Sent By Job
	11161  -  Run Bytes Received By Job
	Partitionable Resources :    Usage  Request Allocated 
	   Cpus                 :     0.17        1         1 
	   Disk (KB)            :    67          12   1322636 
	   Memory (MB)          :   326        2000      2000 
...
040 (9399547.000.000) 07/12 19:30:19 Started transferring output files
...
040 (9399547.000.000) 07/12 19:30:19 Finished transferring output files
...
004 (9399547.000.000) 07/12 19:30:19 Job was evicted.
	(0) CPU times
		Usr 0 01:03:46, Sys 0 00:00:32  -  Run Remote Usage
		Usr 0 00:00:00, Sys 0 00:00:00  -  Run Local Usage
	40875  -  Run Bytes Sent By Job
	11160  -  Run Bytes Received By Job
	Partitionable Resources :    Usage  Request Allocated 
	   Cpus                 :     0.47        1         1 
	   Disk (KB)            :    75          12   1177981 
	   Memory (MB)          :   326        2000      2000 
...
009 (9399567.000.000) 07/12 19:30:19 Job was aborted.
	via condor_rm (by user jbonetti)
...
009 (9399547.000.000) 07/12 19:30:19 Job was aborted.
	via condor_rm (by user jbonetti)
...
000 (9399809.000.000) 07/12 19:51:27 Job submitted from host: <137.138.120.116:9618?addrs=137.138.120.116-9618+[2001-1458-d00-16--17b]-9618&alias=bigbird12.cern.ch&noUDP&sock=schedd_8624_ecd7>
...
040 (9399809.000.000) 07/12 20:17:26 Started transferring input files
	Transferring to host: <188.184.162.229:9618?addrs=188.184.162.229-9618+[2001-1458-301-4a--100-df]-9618&alias=b7s11p3667.cern.ch&noUDP&sock=slot1_6_3766_3cd2_114269>
...
040 (9399809.000.000) 07/12 20:17:26 Finished transferring input files
...
001 (9399809.000.000) 07/12 20:17:27 Job executing on host: <188.184.162.229:9618?addrs=188.184.162.229-9618+[2001-1458-301-4a--100-df]-9618&alias=b7s11p3667.cern.ch&noUDP&sock=startd_2948_a949>
...
006 (9399809.000.000) 07/12 20:17:35 Image size of job updated: 709420
	142  -  MemoryUsage of job (MB)
	144588  -  ResidentSetSize of job (KB)
...
006 (9399809.000.000) 07/12 20:22:35 Image size of job updated: 1433768
	296  -  MemoryUsage of job (MB)
	302704  -  ResidentSetSize of job (KB)
...
006 (9399809.000.000) 07/12 20:27:36 Image size of job updated: 1433768
	297  -  MemoryUsage of job (MB)
	303768  -  ResidentSetSize of job (KB)
...
006 (9399809.000.000) 07/12 20:32:36 Image size of job updated: 1433776
	315  -  MemoryUsage of job (MB)
	322308  -  ResidentSetSize of job (KB)
...
006 (9399809.000.000) 07/12 20:37:36 Image size of job updated: 1433776
	319  -  MemoryUsage of job (MB)
	326476  -  ResidentSetSize of job (KB)
...
006 (9399809.000.000) 07/12 20:42:37 Image size of job updated: 1433776
	319  -  MemoryUsage of job (MB)
	326600  -  ResidentSetSize of job (KB)
...
006 (9399809.000.000) 07/12 20:47:38 Image size of job updated: 1436432
	325  -  MemoryUsage of job (MB)
	332296  -  ResidentSetSize of job (KB)
...
006 (9399809.000.000) 07/12 20:52:38 Image size of job updated: 1436724
	326  -  MemoryUsage of job (MB)
	332972  -  ResidentSetSize of job (KB)
...
006 (9399809.000.000) 07/12 20:57:38 Image size of job updated: 1436724
	326  -  MemoryUsage of job (MB)
	332980  -  ResidentSetSize of job (KB)
...
006 (9399809.000.000) 07/12 21:07:40 Image size of job updated: 1436724
	326  -  MemoryUsage of job (MB)
	333112  -  ResidentSetSize of job (KB)
...
006 (9399809.000.000) 07/12 21:17:40 Image size of job updated: 1436724
	326  -  MemoryUsage of job (MB)
	333120  -  ResidentSetSize of job (KB)
...
006 (9399809.000.000) 07/12 21:22:41 Image size of job updated: 1436724
	326  -  MemoryUsage of job (MB)
	333168  -  ResidentSetSize of job (KB)
...
006 (9399809.000.000) 07/12 21:37:43 Image size of job updated: 1436724
	326  -  MemoryUsage of job (MB)
	333196  -  ResidentSetSize of job (KB)
...
006 (9399809.000.000) 07/12 21:47:44 Image size of job updated: 1436724
	326  -  MemoryUsage of job (MB)
	333200  -  ResidentSetSize of job (KB)
...
006 (9399809.000.000) 07/12 21:52:44 Image size of job updated: 1436724
	326  -  MemoryUsage of job (MB)
	333212  -  ResidentSetSize of job (KB)
...
006 (9399809.000.000) 07/12 22:02:46 Image size of job updated: 1436724
	326  -  MemoryUsage of job (MB)
	333216  -  ResidentSetSize of job (KB)
...
006 (9399809.000.000) 07/12 22:52:51 Image size of job updated: 1436724
	326  -  MemoryUsage of job (MB)
	333220  -  ResidentSetSize of job (KB)
...
006 (9399809.000.000) 07/12 23:07:52 Image size of job updated: 1436724
	326  -  MemoryUsage of job (MB)
	333272  -  ResidentSetSize of job (KB)
...
040 (9399809.000.000) 07/12 23:12:26 Started transferring output files
...
040 (9399809.000.000) 07/12 23:12:26 Finished transferring output files
...
005 (9399809.000.000) 07/12 23:12:27 Job terminated.
	(1) Normal termination (return value 0)
		Usr 0 01:24:31, Sys 0 00:00:33  -  Run Remote Usage
		Usr 0 00:00:00, Sys 0 00:00:00  -  Run Local Usage
		Usr 0 01:24:31, Sys 0 00:00:33  -  Total Remote Usage
		Usr 0 00:00:00, Sys 0 00:00:00  -  Total Local Usage
	57894  -  Run Bytes Sent By Job
	11193  -  Run Bytes Received By Job
	57894  -  Total Bytes Sent By Job
	11193  -  Total Bytes Received By Job
	Partitionable Resources :    Usage  Request Allocated 
	   Cpus                 :     0.44        1         1 
	   Disk (KB)            :    89          12   3114718 
	   Memory (MB)          :   326        2000      2000 

	Job terminated of its own accord at 2023-07-12T21:12:26Z.
...
000 (9399928.000.000) 07/13 10:15:30 Job submitted from host: <137.138.120.116:9618?addrs=137.138.120.116-9618+[2001-1458-d00-16--17b]-9618&alias=bigbird12.cern.ch&noUDP&sock=schedd_8624_ecd7>
...
040 (9399928.000.000) 07/13 10:44:11 Started transferring input files
	Transferring to host: <128.142.131.180:9618?addrs=128.142.131.180-9618+[2001-1458-301-59--100-a8]-9618&alias=b7g11p2835.cern.ch&noUDP&sock=slot1_16_3296_147f_100655>
...
040 (9399928.000.000) 07/13 10:44:11 Finished transferring input files
...
001 (9399928.000.000) 07/13 10:44:12 Job executing on host: <128.142.131.180:9618?addrs=128.142.131.180-9618+[2001-1458-301-59--100-a8]-9618&alias=b7g11p2835.cern.ch&noUDP&sock=startd_3037_b536>
...
006 (9399928.000.000) 07/13 10:44:21 Image size of job updated: 941016
	68  -  MemoryUsage of job (MB)
	69004  -  ResidentSetSize of job (KB)
...
006 (9399928.000.000) 07/13 10:49:22 Image size of job updated: 1433832
	296  -  MemoryUsage of job (MB)
	302624  -  ResidentSetSize of job (KB)
...
006 (9399928.000.000) 07/13 10:54:22 Image size of job updated: 1433832
	296  -  MemoryUsage of job (MB)
	302992  -  ResidentSetSize of job (KB)
...
006 (9399928.000.000) 07/13 10:59:23 Image size of job updated: 1433840
	314  -  MemoryUsage of job (MB)
	321280  -  ResidentSetSize of job (KB)
...
006 (9399928.000.000) 07/13 11:04:24 Image size of job updated: 1433840
	314  -  MemoryUsage of job (MB)
	321332  -  ResidentSetSize of job (KB)
...
006 (9399928.000.000) 07/13 11:09:24 Image size of job updated: 1433840
	320  -  MemoryUsage of job (MB)
	326724  -  ResidentSetSize of job (KB)
...
006 (9399928.000.000) 07/13 11:14:24 Image size of job updated: 1433840
	320  -  MemoryUsage of job (MB)
	327244  -  ResidentSetSize of job (KB)
...
006 (9399928.000.000) 07/13 11:19:25 Image size of job updated: 1433840
	320  -  MemoryUsage of job (MB)
	327288  -  ResidentSetSize of job (KB)
...
006 (9399928.000.000) 07/13 11:24:26 Image size of job updated: 1436620
	324  -  MemoryUsage of job (MB)
	331488  -  ResidentSetSize of job (KB)
...
006 (9399928.000.000) 07/13 11:29:26 Image size of job updated: 1436620
	325  -  MemoryUsage of job (MB)
	332084  -  ResidentSetSize of job (KB)
...
006 (9399928.000.000) 07/13 11:34:27 Image size of job updated: 1436620
	325  -  MemoryUsage of job (MB)
	332116  -  ResidentSetSize of job (KB)
...
006 (9399928.000.000) 07/13 11:39:28 Image size of job updated: 1436620
	325  -  MemoryUsage of job (MB)
	332120  -  ResidentSetSize of job (KB)
...
006 (9399928.000.000) 07/13 11:44:28 Image size of job updated: 1436620
	325  -  MemoryUsage of job (MB)
	332288  -  ResidentSetSize of job (KB)
...
006 (9399928.000.000) 07/13 11:49:28 Image size of job updated: 1436620
	325  -  MemoryUsage of job (MB)
	332416  -  ResidentSetSize of job (KB)
...
006 (9399928.000.000) 07/13 11:59:29 Image size of job updated: 1436620
	325  -  MemoryUsage of job (MB)
	332520  -  ResidentSetSize of job (KB)
...
006 (9399928.000.000) 07/13 12:04:29 Image size of job updated: 1436772
	325  -  MemoryUsage of job (MB)
	332764  -  ResidentSetSize of job (KB)
...
006 (9399928.000.000) 07/13 12:09:30 Image size of job updated: 1436772
	325  -  MemoryUsage of job (MB)
	332796  -  ResidentSetSize of job (KB)
...
006 (9399928.000.000) 07/13 12:14:31 Image size of job updated: 1436772
	326  -  MemoryUsage of job (MB)
	332804  -  ResidentSetSize of job (KB)
...
006 (9399928.000.000) 07/13 12:24:32 Image size of job updated: 1436772
	326  -  MemoryUsage of job (MB)
	332824  -  ResidentSetSize of job (KB)
...
006 (9399928.000.000) 07/13 12:34:33 Image size of job updated: 1436772
	326  -  MemoryUsage of job (MB)
	333148  -  ResidentSetSize of job (KB)
...
006 (9399928.000.000) 07/13 12:39:33 Image size of job updated: 1436772
	326  -  MemoryUsage of job (MB)
	333156  -  ResidentSetSize of job (KB)
...
006 (9399928.000.000) 07/13 12:54:35 Image size of job updated: 1436772
	326  -  MemoryUsage of job (MB)
	333172  -  ResidentSetSize of job (KB)
...
006 (9399928.000.000) 07/13 14:14:45 Image size of job updated: 1436772
	326  -  MemoryUsage of job (MB)
	333236  -  ResidentSetSize of job (KB)
...
040 (9399928.000.000) 07/13 14:23:13 Started transferring output files
...
040 (9399928.000.000) 07/13 14:23:14 Finished transferring output files
...
005 (9399928.000.000) 07/13 14:23:14 Job terminated.
	(1) Normal termination (return value 0)
		Usr 0 02:10:12, Sys 0 00:00:48  -  Run Remote Usage
		Usr 0 00:00:00, Sys 0 00:00:00  -  Run Local Usage
		Usr 0 02:10:12, Sys 0 00:00:48  -  Total Remote Usage
		Usr 0 00:00:00, Sys 0 00:00:00  -  Total Local Usage
	57894  -  Run Bytes Sent By Job
	10623  -  Run Bytes Received By Job
	57894  -  Total Bytes Sent By Job
	10623  -  Total Bytes Received By Job
	Partitionable Resources :    Usage  Request Allocated 
	   Cpus                 :     0.69        1         1 
	   Disk (KB)            :    88          12   1689416 
	   Memory (MB)          :   326        2000      2000 

	Job terminated of its own accord at 2023-07-13T12:23:13Z.
...
000 (9401073.000.000) 07/13 19:51:15 Job submitted from host: <137.138.120.116:9618?addrs=137.138.120.116-9618+[2001-1458-d00-16--17b]-9618&alias=bigbird12.cern.ch&noUDP&sock=schedd_8624_ecd7>
...
040 (9401073.000.000) 07/13 19:52:16 Started transferring input files
	Transferring to host: <128.142.131.132:9618?addrs=128.142.131.132-9618+[2001-1458-301-59--100-78]-9618&alias=b7g11p3722.cern.ch&noUDP&sock=slot1_7_5640_a3de_101837>
...
040 (9401073.000.000) 07/13 19:52:16 Finished transferring input files
...
001 (9401073.000.000) 07/13 19:52:17 Job executing on host: <128.142.131.132:9618?addrs=128.142.131.132-9618+[2001-1458-301-59--100-78]-9618&alias=b7g11p3722.cern.ch&noUDP&sock=startd_4847_37a2>
...
006 (9401073.000.000) 07/13 19:52:25 Image size of job updated: 370376
	18  -  MemoryUsage of job (MB)
	17740  -  ResidentSetSize of job (KB)
...
006 (9401073.000.000) 07/13 19:57:25 Image size of job updated: 1433836
	296  -  MemoryUsage of job (MB)
	302652  -  ResidentSetSize of job (KB)
...
006 (9401073.000.000) 07/13 20:02:26 Image size of job updated: 1433836
	296  -  MemoryUsage of job (MB)
	302792  -  ResidentSetSize of job (KB)
...
006 (9401073.000.000) 07/13 20:07:27 Image size of job updated: 1433836
	297  -  MemoryUsage of job (MB)
	303856  -  ResidentSetSize of job (KB)
...
006 (9401073.000.000) 07/13 20:12:27 Image size of job updated: 1433844
	315  -  MemoryUsage of job (MB)
	321548  -  ResidentSetSize of job (KB)
...
006 (9401073.000.000) 07/13 20:17:27 Image size of job updated: 1433844
	315  -  MemoryUsage of job (MB)
	321556  -  ResidentSetSize of job (KB)
...
006 (9401073.000.000) 07/13 20:22:28 Image size of job updated: 1433844
	318  -  MemoryUsage of job (MB)
	325140  -  ResidentSetSize of job (KB)
...
006 (9401073.000.000) 07/13 20:27:28 Image size of job updated: 1433844
	319  -  MemoryUsage of job (MB)
	326520  -  ResidentSetSize of job (KB)
...
006 (9401073.000.000) 07/13 20:32:28 Image size of job updated: 1433844
	319  -  MemoryUsage of job (MB)
	326552  -  ResidentSetSize of job (KB)
...
006 (9401073.000.000) 07/13 20:37:29 Image size of job updated: 1433844
	322  -  MemoryUsage of job (MB)
	329116  -  ResidentSetSize of job (KB)
...
006 (9401073.000.000) 07/13 20:42:30 Image size of job updated: 1436644
	325  -  MemoryUsage of job (MB)
	331804  -  ResidentSetSize of job (KB)
...
006 (9401073.000.000) 07/13 20:47:30 Image size of job updated: 1436644
	325  -  MemoryUsage of job (MB)
	332480  -  ResidentSetSize of job (KB)
...
006 (9401073.000.000) 07/13 20:52:31 Image size of job updated: 1436644
	325  -  MemoryUsage of job (MB)
	332500  -  ResidentSetSize of job (KB)
...
006 (9401073.000.000) 07/13 20:57:32 Image size of job updated: 1436644
	325  -  MemoryUsage of job (MB)
	332508  -  ResidentSetSize of job (KB)
...
006 (9401073.000.000) 07/13 21:02:32 Image size of job updated: 1436644
	325  -  MemoryUsage of job (MB)
	332516  -  ResidentSetSize of job (KB)
...
006 (9401073.000.000) 07/13 21:07:32 Image size of job updated: 1436644
	326  -  MemoryUsage of job (MB)
	332920  -  ResidentSetSize of job (KB)
...
006 (9401073.000.000) 07/13 21:22:33 Image size of job updated: 1436644
	326  -  MemoryUsage of job (MB)
	332968  -  ResidentSetSize of job (KB)
...
006 (9401073.000.000) 07/13 21:32:34 Image size of job updated: 1436644
	326  -  MemoryUsage of job (MB)
	333112  -  ResidentSetSize of job (KB)
...
006 (9401073.000.000) 07/13 21:52:36 Image size of job updated: 1436644
	326  -  MemoryUsage of job (MB)
	333144  -  ResidentSetSize of job (KB)
...
040 (9401073.000.000) 07/13 22:08:20 Started transferring output files
...
040 (9401073.000.000) 07/13 22:08:20 Finished transferring output files
...
004 (9401073.000.000) 07/13 22:08:20 Job was evicted.
	(0) CPU times
		Usr 0 01:21:10, Sys 0 00:01:21  -  Run Remote Usage
		Usr 0 00:00:00, Sys 0 00:00:00  -  Run Local Usage
	24517  -  Run Bytes Sent By Job
	10624  -  Run Bytes Received By Job
	Partitionable Resources :    Usage  Request Allocated 
	   Cpus                 :     0.80        1         1 
	   Disk (KB)            :    58          12   1625139 
	   Memory (MB)          :   326        2000      2000 
...
009 (9401073.000.000) 07/13 22:08:20 Job was aborted.
	via condor_rm (by user jbonetti)
...
000 (9401117.000.000) 07/13 22:09:12 Job submitted from host: <137.138.120.116:9618?addrs=137.138.120.116-9618+[2001-1458-d00-16--17b]-9618&alias=bigbird12.cern.ch&noUDP&sock=schedd_8624_ecd7>
...
040 (9401117.000.000) 07/13 22:10:55 Started transferring input files
	Transferring to host: <128.142.61.29:9618?addrs=128.142.61.29-9618+[2001-1458-301-23--100-1c]-9618&alias=b7s06p7938.cern.ch&noUDP&sock=slot1_27_52402_b30c_8777>
...
040 (9401117.000.000) 07/13 22:10:55 Finished transferring input files
...
001 (9401117.000.000) 07/13 22:10:56 Job executing on host: <128.142.61.29:9618?addrs=128.142.61.29-9618+[2001-1458-301-23--100-1c]-9618&alias=b7s06p7938.cern.ch&noUDP&sock=startd_52362_8e21>
...
006 (9401117.000.000) 07/13 22:11:04 Image size of job updated: 852676
	72  -  MemoryUsage of job (MB)
	73504  -  ResidentSetSize of job (KB)
...
006 (9401117.000.000) 07/13 22:16:04 Image size of job updated: 1433824
	296  -  MemoryUsage of job (MB)
	302776  -  ResidentSetSize of job (KB)
...
006 (9401117.000.000) 07/13 22:21:04 Image size of job updated: 1433824
	297  -  MemoryUsage of job (MB)
	303832  -  ResidentSetSize of job (KB)
...
006 (9401117.000.000) 07/13 22:26:05 Image size of job updated: 1433832
	315  -  MemoryUsage of job (MB)
	322064  -  ResidentSetSize of job (KB)
...
006 (9401117.000.000) 07/13 22:31:05 Image size of job updated: 1433832
	319  -  MemoryUsage of job (MB)
	326112  -  ResidentSetSize of job (KB)
...
006 (9401117.000.000) 07/13 22:36:05 Image size of job updated: 1433832
	319  -  MemoryUsage of job (MB)
	326144  -  ResidentSetSize of job (KB)
...
006 (9401117.000.000) 07/13 22:41:06 Image size of job updated: 1436348
	323  -  MemoryUsage of job (MB)
	330472  -  ResidentSetSize of job (KB)
...
006 (9401117.000.000) 07/13 22:46:06 Image size of job updated: 1436916
	326  -  MemoryUsage of job (MB)
	333040  -  ResidentSetSize of job (KB)
...
006 (9401117.000.000) 07/13 22:51:07 Image size of job updated: 1436916
	326  -  MemoryUsage of job (MB)
	333084  -  ResidentSetSize of job (KB)
...
006 (9401117.000.000) 07/13 23:01:08 Image size of job updated: 1436916
	326  -  MemoryUsage of job (MB)
	333220  -  ResidentSetSize of job (KB)
...
006 (9401117.000.000) 07/13 23:06:09 Image size of job updated: 1436916
	326  -  MemoryUsage of job (MB)
	333224  -  ResidentSetSize of job (KB)
...
006 (9401117.000.000) 07/13 23:11:10 Image size of job updated: 1436916
	326  -  MemoryUsage of job (MB)
	333232  -  ResidentSetSize of job (KB)
...
006 (9401117.000.000) 07/13 23:16:10 Image size of job updated: 1436916
	326  -  MemoryUsage of job (MB)
	333252  -  ResidentSetSize of job (KB)
...
006 (9401117.000.000) 07/13 23:26:12 Image size of job updated: 1436916
	326  -  MemoryUsage of job (MB)
	333288  -  ResidentSetSize of job (KB)
...
006 (9401117.000.000) 07/13 23:36:12 Image size of job updated: 1436916
	326  -  MemoryUsage of job (MB)
	333348  -  ResidentSetSize of job (KB)
...
006 (9401117.000.000) 07/13 23:41:13 Image size of job updated: 1436916
	326  -  MemoryUsage of job (MB)
	333356  -  ResidentSetSize of job (KB)
...
006 (9401117.000.000) 07/14 00:26:17 Image size of job updated: 1436916
	326  -  MemoryUsage of job (MB)
	333360  -  ResidentSetSize of job (KB)
...
006 (9401117.000.000) 07/14 00:41:19 Image size of job updated: 1436916
	326  -  MemoryUsage of job (MB)
	333364  -  ResidentSetSize of job (KB)
...
006 (9401117.000.000) 07/14 00:51:21 Image size of job updated: 1436916
	326  -  MemoryUsage of job (MB)
	333416  -  ResidentSetSize of job (KB)
...
006 (9401117.000.000) 07/14 00:56:21 Image size of job updated: 1436916
	326  -  MemoryUsage of job (MB)
	333420  -  ResidentSetSize of job (KB)
...
040 (9401117.000.000) 07/14 00:57:08 Started transferring output files
...
040 (9401117.000.000) 07/14 00:57:08 Finished transferring output files
...
005 (9401117.000.000) 07/14 00:57:08 Job terminated.
	(1) Normal termination (return value 0)
		Usr 0 01:13:21, Sys 0 00:00:41  -  Run Remote Usage
		Usr 0 00:00:00, Sys 0 00:00:00  -  Run Local Usage
		Usr 0 01:13:21, Sys 0 00:00:41  -  Total Remote Usage
		Usr 0 00:00:00, Sys 0 00:00:00  -  Total Local Usage
	57894  -  Run Bytes Sent By Job
	10627  -  Run Bytes Received By Job
	57894  -  Total Bytes Sent By Job
	10627  -  Total Bytes Received By Job
	Partitionable Resources :    Usage  Request Allocated 
	   Cpus                 :     0.32        1         1 
	   Disk (KB)            :    88          12   2860741 
	   Memory (MB)          :   326        2000      2000 

	Job terminated of its own accord at 2023-07-13T22:57:07Z.
...
