000 (9399489.000.000) 07/12 16:46:05 Job submitted from host: <137.138.120.116:9618?addrs=137.138.120.116-9618+[2001-1458-d00-16--17b]-9618&alias=bigbird12.cern.ch&noUDP&sock=schedd_8624_ecd7>
...
000 (9399509.000.000) 07/12 16:48:44 Job submitted from host: <137.138.120.116:9618?addrs=137.138.120.116-9618+[2001-1458-d00-16--17b]-9618&alias=bigbird12.cern.ch&noUDP&sock=schedd_8624_ecd7>
...
040 (9399489.000.000) 07/12 16:48:54 Started transferring input files
	Transferring to host: <128.142.137.94:9618?addrs=128.142.137.94-9618+[2001-1458-301-5e--100-52]-9618&alias=b7g19p9196.cern.ch&noUDP&sock=slot1_15_5254_ab0f_89537>
...
040 (9399489.000.000) 07/12 16:48:54 Finished transferring input files
...
001 (9399489.000.000) 07/12 16:48:55 Job executing on host: <128.142.137.94:9618?addrs=128.142.137.94-9618+[2001-1458-301-5e--100-52]-9618&alias=b7g19p9196.cern.ch&noUDP&sock=startd_4594_ae2c>
...
040 (9399509.000.000) 07/12 16:49:00 Started transferring input files
	Transferring to host: <128.142.137.132:9618?addrs=128.142.137.132-9618+[2001-1458-301-5e--100-78]-9618&alias=b7g19p0407.cern.ch&noUDP&sock=slot1_14_8858_0321_94513>
...
040 (9399509.000.000) 07/12 16:49:00 Finished transferring input files
...
001 (9399509.000.000) 07/12 16:49:01 Job executing on host: <128.142.137.132:9618?addrs=128.142.137.132-9618+[2001-1458-301-5e--100-78]-9618&alias=b7g19p0407.cern.ch&noUDP&sock=startd_7861_9214>
...
006 (9399489.000.000) 07/12 16:49:04 Image size of job updated: 534992
	122  -  MemoryUsage of job (MB)
	123952  -  ResidentSetSize of job (KB)
...
006 (9399509.000.000) 07/12 16:49:10 Image size of job updated: 285332
	11  -  MemoryUsage of job (MB)
	10944  -  ResidentSetSize of job (KB)
...
006 (9399489.000.000) 07/12 16:49:40 Image size of job updated: 1415172
	122  -  MemoryUsage of job (MB)
	124276  -  ResidentSetSize of job (KB)
...
040 (9399489.000.000) 07/12 16:49:40 Started transferring output files
...
040 (9399489.000.000) 07/12 16:49:40 Finished transferring output files
...
005 (9399489.000.000) 07/12 16:49:40 Job terminated.
	(1) Normal termination (return value 1)
		Usr 0 00:00:08, Sys 0 00:00:02  -  Run Remote Usage
		Usr 0 00:00:00, Sys 0 00:00:00  -  Run Local Usage
		Usr 0 00:00:08, Sys 0 00:00:02  -  Total Remote Usage
		Usr 0 00:00:00, Sys 0 00:00:00  -  Total Local Usage
	475  -  Run Bytes Sent By Job
	11160  -  Run Bytes Received By Job
	475  -  Total Bytes Sent By Job
	11160  -  Total Bytes Received By Job
	Partitionable Resources :    Usage  Request Allocated 
	   Cpus                 :                 1         1 
	   Disk (KB)            :       28       12   1676726 
	   Memory (MB)          :      122     2000      2000 

	Job terminated of its own accord at 2023-07-12T14:49:40Z.
...
006 (9399509.000.000) 07/12 16:49:49 Image size of job updated: 1408568
	11  -  MemoryUsage of job (MB)
	10944  -  ResidentSetSize of job (KB)
...
040 (9399509.000.000) 07/12 16:49:49 Started transferring output files
...
040 (9399509.000.000) 07/12 16:49:49 Finished transferring output files
...
005 (9399509.000.000) 07/12 16:49:49 Job terminated.
	(1) Normal termination (return value 1)
		Usr 0 00:00:07, Sys 0 00:00:02  -  Run Remote Usage
		Usr 0 00:00:00, Sys 0 00:00:00  -  Run Local Usage
		Usr 0 00:00:07, Sys 0 00:00:02  -  Total Remote Usage
		Usr 0 00:00:00, Sys 0 00:00:00  -  Total Local Usage
	475  -  Run Bytes Sent By Job
	11160  -  Run Bytes Received By Job
	475  -  Total Bytes Sent By Job
	11160  -  Total Bytes Received By Job
	Partitionable Resources :    Usage  Request Allocated 
	   Cpus                 :                 1         1 
	   Disk (KB)            :       28       12   1602594 
	   Memory (MB)          :       11     2000      2000 

	Job terminated of its own accord at 2023-07-12T14:49:49Z.
...
000 (9399529.000.000) 07/12 16:50:43 Job submitted from host: <137.138.120.116:9618?addrs=137.138.120.116-9618+[2001-1458-d00-16--17b]-9618&alias=bigbird12.cern.ch&noUDP&sock=schedd_8624_ecd7>
...
040 (9399529.000.000) 07/12 16:50:54 Started transferring input files
	Transferring to host: <128.142.137.120:9618?addrs=128.142.137.120-9618+[2001-1458-301-5e--100-6c]-9618&alias=b7g19p8362.cern.ch&noUDP&sock=slot1_25_3261_6b5e_93779>
...
040 (9399529.000.000) 07/12 16:50:54 Finished transferring input files
...
001 (9399529.000.000) 07/12 16:50:55 Job executing on host: <128.142.137.120:9618?addrs=128.142.137.120-9618+[2001-1458-301-5e--100-6c]-9618&alias=b7g19p8362.cern.ch&noUDP&sock=startd_3018_acea>
...
006 (9399529.000.000) 07/12 16:51:03 Image size of job updated: 84084
	83  -  MemoryUsage of job (MB)
	84084  -  ResidentSetSize of job (KB)
...
006 (9399529.000.000) 07/12 16:51:50 Image size of job updated: 1410580
	83  -  MemoryUsage of job (MB)
	84084  -  ResidentSetSize of job (KB)
...
040 (9399529.000.000) 07/12 16:51:50 Started transferring output files
...
040 (9399529.000.000) 07/12 16:51:50 Finished transferring output files
...
005 (9399529.000.000) 07/12 16:51:50 Job terminated.
	(1) Normal termination (return value 1)
		Usr 0 00:00:12, Sys 0 00:00:02  -  Run Remote Usage
		Usr 0 00:00:00, Sys 0 00:00:00  -  Run Local Usage
		Usr 0 00:00:12, Sys 0 00:00:02  -  Total Remote Usage
		Usr 0 00:00:00, Sys 0 00:00:00  -  Total Local Usage
	475  -  Run Bytes Sent By Job
	11161  -  Run Bytes Received By Job
	475  -  Total Bytes Sent By Job
	11161  -  Total Bytes Received By Job
	Partitionable Resources :    Usage  Request Allocated 
	   Cpus                 :                 1         1 
	   Disk (KB)            :       29       12   1628286 
	   Memory (MB)          :       83     2000      2000 

	Job terminated of its own accord at 2023-07-12T14:51:50Z.
...
000 (9399549.000.000) 07/12 17:00:01 Job submitted from host: <137.138.120.116:9618?addrs=137.138.120.116-9618+[2001-1458-d00-16--17b]-9618&alias=bigbird12.cern.ch&noUDP&sock=schedd_8624_ecd7>
...
040 (9399549.000.000) 07/12 17:01:31 Started transferring input files
	Transferring to host: <128.142.60.10:9618?addrs=128.142.60.10-9618+[2001-1458-301-22--100-9]-9618&alias=b7s05p8270.cern.ch&noUDP&sock=slot1_21_4139_0cc1_107804>
...
040 (9399549.000.000) 07/12 17:01:31 Finished transferring input files
...
001 (9399549.000.000) 07/12 17:01:32 Job executing on host: <128.142.60.10:9618?addrs=128.142.60.10-9618+[2001-1458-301-22--100-9]-9618&alias=b7s05p8270.cern.ch&noUDP&sock=startd_2920_74a2>
...
006 (9399549.000.000) 07/12 17:01:41 Image size of job updated: 285332
	79  -  MemoryUsage of job (MB)
	80012  -  ResidentSetSize of job (KB)
...
000 (9399569.000.000) 07/12 17:02:14 Job submitted from host: <137.138.120.116:9618?addrs=137.138.120.116-9618+[2001-1458-d00-16--17b]-9618&alias=bigbird12.cern.ch&noUDP&sock=schedd_8624_ecd7>
...
006 (9399549.000.000) 07/12 17:06:41 Image size of job updated: 1429500
	295  -  MemoryUsage of job (MB)
	301264  -  ResidentSetSize of job (KB)
...
040 (9399569.000.000) 07/12 17:07:35 Started transferring input files
	Transferring to host: <128.142.195.109:9618?addrs=128.142.195.109-9618+[2001-1458-301-26--100-6d]-9618&alias=b7g31p4344.cern.ch&noUDP&sock=slot1_20_4077_5d7f_117169>
...
040 (9399569.000.000) 07/12 17:07:35 Finished transferring input files
...
001 (9399569.000.000) 07/12 17:07:36 Job executing on host: <128.142.195.109:9618?addrs=128.142.195.109-9618+[2001-1458-301-26--100-6d]-9618&alias=b7g31p4344.cern.ch&noUDP&sock=startd_2890_e0ca>
...
006 (9399569.000.000) 07/12 17:07:50 Image size of job updated: 224892
	219  -  MemoryUsage of job (MB)
	223376  -  ResidentSetSize of job (KB)
...
006 (9399549.000.000) 07/12 17:11:41 Image size of job updated: 1429500
	295  -  MemoryUsage of job (MB)
	301436  -  ResidentSetSize of job (KB)
...
006 (9399569.000.000) 07/12 17:12:51 Image size of job updated: 1429500
	295  -  MemoryUsage of job (MB)
	301304  -  ResidentSetSize of job (KB)
...
006 (9399549.000.000) 07/12 17:16:42 Image size of job updated: 1429500
	295  -  MemoryUsage of job (MB)
	301536  -  ResidentSetSize of job (KB)
...
006 (9399569.000.000) 07/12 17:17:52 Image size of job updated: 1429500
	295  -  MemoryUsage of job (MB)
	301480  -  ResidentSetSize of job (KB)
...
006 (9399549.000.000) 07/12 17:21:42 Image size of job updated: 1429500
	295  -  MemoryUsage of job (MB)
	301552  -  ResidentSetSize of job (KB)
...
006 (9399569.000.000) 07/12 17:22:52 Image size of job updated: 1429500
	295  -  MemoryUsage of job (MB)
	301572  -  ResidentSetSize of job (KB)
...
006 (9399549.000.000) 07/12 17:26:42 Image size of job updated: 1429500
	295  -  MemoryUsage of job (MB)
	301588  -  ResidentSetSize of job (KB)
...
006 (9399569.000.000) 07/12 17:27:52 Image size of job updated: 1429500
	295  -  MemoryUsage of job (MB)
	301596  -  ResidentSetSize of job (KB)
...
006 (9399549.000.000) 07/12 17:31:43 Image size of job updated: 1429500
	295  -  MemoryUsage of job (MB)
	301644  -  ResidentSetSize of job (KB)
...
006 (9399569.000.000) 07/12 17:32:53 Image size of job updated: 1429500
	295  -  MemoryUsage of job (MB)
	301612  -  ResidentSetSize of job (KB)
...
006 (9399549.000.000) 07/12 17:36:43 Image size of job updated: 1429508
	311  -  MemoryUsage of job (MB)
	318368  -  ResidentSetSize of job (KB)
...
006 (9399569.000.000) 07/12 17:37:54 Image size of job updated: 1429500
	295  -  MemoryUsage of job (MB)
	301684  -  ResidentSetSize of job (KB)
...
006 (9399549.000.000) 07/12 17:41:44 Image size of job updated: 1429508
	312  -  MemoryUsage of job (MB)
	319228  -  ResidentSetSize of job (KB)
...
006 (9399569.000.000) 07/12 17:42:54 Image size of job updated: 1429508
	312  -  MemoryUsage of job (MB)
	318968  -  ResidentSetSize of job (KB)
...
006 (9399549.000.000) 07/12 17:46:45 Image size of job updated: 1429508
	312  -  MemoryUsage of job (MB)
	319248  -  ResidentSetSize of job (KB)
...
006 (9399569.000.000) 07/12 17:47:55 Image size of job updated: 1429508
	312  -  MemoryUsage of job (MB)
	319228  -  ResidentSetSize of job (KB)
...
006 (9399549.000.000) 07/12 17:51:45 Image size of job updated: 1429508
	312  -  MemoryUsage of job (MB)
	319260  -  ResidentSetSize of job (KB)
...
006 (9399569.000.000) 07/12 17:52:55 Image size of job updated: 1429508
	312  -  MemoryUsage of job (MB)
	319240  -  ResidentSetSize of job (KB)
...
006 (9399549.000.000) 07/12 18:01:47 Image size of job updated: 1429508
	312  -  MemoryUsage of job (MB)
	319272  -  ResidentSetSize of job (KB)
...
006 (9399569.000.000) 07/12 18:07:57 Image size of job updated: 1429764
	312  -  MemoryUsage of job (MB)
	319308  -  ResidentSetSize of job (KB)
...
006 (9399549.000.000) 07/12 18:11:47 Image size of job updated: 1429508
	312  -  MemoryUsage of job (MB)
	319412  -  ResidentSetSize of job (KB)
...
006 (9399569.000.000) 07/12 18:12:58 Image size of job updated: 1429764
	317  -  MemoryUsage of job (MB)
	323880  -  ResidentSetSize of job (KB)
...
006 (9399549.000.000) 07/12 18:16:48 Image size of job updated: 1429508
	317  -  MemoryUsage of job (MB)
	324020  -  ResidentSetSize of job (KB)
...
006 (9399569.000.000) 07/12 18:17:59 Image size of job updated: 1429764
	317  -  MemoryUsage of job (MB)
	324140  -  ResidentSetSize of job (KB)
...
006 (9399549.000.000) 07/12 18:21:48 Image size of job updated: 1429764
	317  -  MemoryUsage of job (MB)
	324068  -  ResidentSetSize of job (KB)
...
006 (9399569.000.000) 07/12 18:22:59 Image size of job updated: 1429764
	317  -  MemoryUsage of job (MB)
	324156  -  ResidentSetSize of job (KB)
...
006 (9399569.000.000) 07/12 18:28:00 Image size of job updated: 1429764
	317  -  MemoryUsage of job (MB)
	324216  -  ResidentSetSize of job (KB)
...
006 (9399549.000.000) 07/12 18:31:49 Image size of job updated: 1429764
	317  -  MemoryUsage of job (MB)
	324128  -  ResidentSetSize of job (KB)
...
006 (9399569.000.000) 07/12 18:48:01 Image size of job updated: 1429764
	317  -  MemoryUsage of job (MB)
	324240  -  ResidentSetSize of job (KB)
...
006 (9399549.000.000) 07/12 18:51:52 Image size of job updated: 1429764
	317  -  MemoryUsage of job (MB)
	324164  -  ResidentSetSize of job (KB)
...
006 (9399569.000.000) 07/12 18:53:02 Image size of job updated: 1429764
	318  -  MemoryUsage of job (MB)
	325176  -  ResidentSetSize of job (KB)
...
006 (9399549.000.000) 07/12 18:56:52 Image size of job updated: 1429764
	318  -  MemoryUsage of job (MB)
	325300  -  ResidentSetSize of job (KB)
...
006 (9399569.000.000) 07/12 18:58:03 Image size of job updated: 1429764
	318  -  MemoryUsage of job (MB)
	325184  -  ResidentSetSize of job (KB)
...
006 (9399549.000.000) 07/12 19:01:53 Image size of job updated: 1429764
	318  -  MemoryUsage of job (MB)
	325312  -  ResidentSetSize of job (KB)
...
006 (9399569.000.000) 07/12 19:03:04 Image size of job updated: 1429764
	318  -  MemoryUsage of job (MB)
	325188  -  ResidentSetSize of job (KB)
...
006 (9399569.000.000) 07/12 19:23:07 Image size of job updated: 1429764
	319  -  MemoryUsage of job (MB)
	325796  -  ResidentSetSize of job (KB)
...
006 (9399549.000.000) 07/12 19:26:55 Image size of job updated: 1429764
	318  -  MemoryUsage of job (MB)
	325332  -  ResidentSetSize of job (KB)
...
006 (9399569.000.000) 07/12 19:28:07 Image size of job updated: 1429764
	319  -  MemoryUsage of job (MB)
	325924  -  ResidentSetSize of job (KB)
...
040 (9399549.000.000) 07/12 19:30:19 Started transferring output files
...
040 (9399549.000.000) 07/12 19:30:19 Finished transferring output files
...
004 (9399549.000.000) 07/12 19:30:19 Job was evicted.
	(0) CPU times
		Usr 0 01:43:47, Sys 0 00:00:22  -  Run Remote Usage
		Usr 0 00:00:00, Sys 0 00:00:00  -  Run Local Usage
	8168  -  Run Bytes Sent By Job
	11160  -  Run Bytes Received By Job
	Partitionable Resources :    Usage  Request Allocated 
	   Cpus                 :     0.77        1         1 
	   Disk (KB)            :    43          12   1321486 
	   Memory (MB)          :   318        2000      2000 
...
009 (9399549.000.000) 07/12 19:30:19 Job was aborted.
	via condor_rm (by user jbonetti)
...
040 (9399569.000.000) 07/12 19:31:07 Started transferring output files
...
040 (9399569.000.000) 07/12 19:31:07 Finished transferring output files
...
004 (9399569.000.000) 07/12 19:31:07 Job was evicted.
	(0) CPU times
		Usr 0 01:40:47, Sys 0 00:00:29  -  Run Remote Usage
		Usr 0 00:00:00, Sys 0 00:00:00  -  Run Local Usage
	16342  -  Run Bytes Sent By Job
	11161  -  Run Bytes Received By Job
	Partitionable Resources :    Usage  Request Allocated 
	   Cpus                 :     0.70        1         1 
	   Disk (KB)            :    51          12   1256290 
	   Memory (MB)          :   319        2000      2000 
...
009 (9399569.000.000) 07/12 19:31:07 Job was aborted.
	via condor_rm (by user jbonetti)
...
000 (9399811.000.000) 07/12 19:51:37 Job submitted from host: <137.138.120.116:9618?addrs=137.138.120.116-9618+[2001-1458-d00-16--17b]-9618&alias=bigbird12.cern.ch&noUDP&sock=schedd_8624_ecd7>
...
040 (9399811.000.000) 07/12 20:17:25 Started transferring input files
	Transferring to host: <128.142.60.105:9618?addrs=128.142.60.105-9618&alias=b7s05p8235.cern.ch&noUDP&sock=slot1_2_3198_07bb_93342>
...
040 (9399811.000.000) 07/12 20:17:25 Finished transferring input files
...
001 (9399811.000.000) 07/12 20:17:26 Job executing on host: <128.142.60.105:9618?addrs=128.142.60.105-9618&alias=b7s05p8235.cern.ch&noUDP&sock=startd_2800_2544>
...
006 (9399811.000.000) 07/12 20:17:34 Image size of job updated: 709436
	138  -  MemoryUsage of job (MB)
	140428  -  ResidentSetSize of job (KB)
...
006 (9399811.000.000) 07/12 20:22:34 Image size of job updated: 1429500
	294  -  MemoryUsage of job (MB)
	301024  -  ResidentSetSize of job (KB)
...
006 (9399811.000.000) 07/12 20:27:35 Image size of job updated: 1429500
	295  -  MemoryUsage of job (MB)
	301428  -  ResidentSetSize of job (KB)
...
006 (9399811.000.000) 07/12 20:32:35 Image size of job updated: 1429500
	295  -  MemoryUsage of job (MB)
	301592  -  ResidentSetSize of job (KB)
...
006 (9399811.000.000) 07/12 20:37:35 Image size of job updated: 1429500
	295  -  MemoryUsage of job (MB)
	301596  -  ResidentSetSize of job (KB)
...
006 (9399811.000.000) 07/12 20:42:36 Image size of job updated: 1429500
	295  -  MemoryUsage of job (MB)
	301616  -  ResidentSetSize of job (KB)
...
006 (9399811.000.000) 07/12 20:47:37 Image size of job updated: 1429500
	295  -  MemoryUsage of job (MB)
	301684  -  ResidentSetSize of job (KB)
...
006 (9399811.000.000) 07/12 20:52:37 Image size of job updated: 1429508
	312  -  MemoryUsage of job (MB)
	318784  -  ResidentSetSize of job (KB)
...
006 (9399811.000.000) 07/12 20:57:38 Image size of job updated: 1429508
	313  -  MemoryUsage of job (MB)
	319604  -  ResidentSetSize of job (KB)
...
006 (9399811.000.000) 07/12 21:02:39 Image size of job updated: 1429508
	313  -  MemoryUsage of job (MB)
	319620  -  ResidentSetSize of job (KB)
...
006 (9399811.000.000) 07/12 21:22:40 Image size of job updated: 1429764
	313  -  MemoryUsage of job (MB)
	319780  -  ResidentSetSize of job (KB)
...
006 (9399811.000.000) 07/12 21:27:40 Image size of job updated: 1429764
	316  -  MemoryUsage of job (MB)
	323376  -  ResidentSetSize of job (KB)
...
006 (9399811.000.000) 07/12 21:32:41 Image size of job updated: 1429764
	316  -  MemoryUsage of job (MB)
	323492  -  ResidentSetSize of job (KB)
...
006 (9399811.000.000) 07/12 21:42:42 Image size of job updated: 1429764
	316  -  MemoryUsage of job (MB)
	323548  -  ResidentSetSize of job (KB)
...
006 (9399811.000.000) 07/12 21:47:43 Image size of job updated: 1429764
	316  -  MemoryUsage of job (MB)
	323564  -  ResidentSetSize of job (KB)
...
006 (9399811.000.000) 07/12 22:02:44 Image size of job updated: 1429764
	316  -  MemoryUsage of job (MB)
	323584  -  ResidentSetSize of job (KB)
...
006 (9399811.000.000) 07/12 22:07:45 Image size of job updated: 1429764
	318  -  MemoryUsage of job (MB)
	325612  -  ResidentSetSize of job (KB)
...
006 (9399811.000.000) 07/12 22:12:45 Image size of job updated: 1429764
	319  -  MemoryUsage of job (MB)
	325772  -  ResidentSetSize of job (KB)
...
006 (9399811.000.000) 07/12 22:22:46 Image size of job updated: 1429764
	319  -  MemoryUsage of job (MB)
	325776  -  ResidentSetSize of job (KB)
...
006 (9399811.000.000) 07/12 22:47:49 Image size of job updated: 1429764
	319  -  MemoryUsage of job (MB)
	326116  -  ResidentSetSize of job (KB)
...
006 (9399811.000.000) 07/12 23:12:52 Image size of job updated: 1429764
	319  -  MemoryUsage of job (MB)
	326188  -  ResidentSetSize of job (KB)
...
006 (9399811.000.000) 07/12 23:17:53 Image size of job updated: 1429764
	319  -  MemoryUsage of job (MB)
	326220  -  ResidentSetSize of job (KB)
...
006 (9399811.000.000) 07/12 23:52:56 Image size of job updated: 1429764
	319  -  MemoryUsage of job (MB)
	326272  -  ResidentSetSize of job (KB)
...
006 (9399811.000.000) 07/12 23:57:56 Image size of job updated: 1429764
	319  -  MemoryUsage of job (MB)
	326276  -  ResidentSetSize of job (KB)
...
006 (9399811.000.000) 07/13 00:33:00 Image size of job updated: 1432608
	322  -  MemoryUsage of job (MB)
	329052  -  ResidentSetSize of job (KB)
...
006 (9399811.000.000) 07/13 00:38:01 Image size of job updated: 1432608
	322  -  MemoryUsage of job (MB)
	329076  -  ResidentSetSize of job (KB)
...
040 (9399811.000.000) 07/13 00:41:09 Started transferring output files
...
040 (9399811.000.000) 07/13 00:41:09 Finished transferring output files
...
005 (9399811.000.000) 07/13 00:41:09 Job terminated.
	(1) Normal termination (return value 0)
		Usr 0 03:11:54, Sys 0 00:01:02  -  Run Remote Usage
		Usr 0 00:00:00, Sys 0 00:00:00  -  Run Local Usage
		Usr 0 03:11:54, Sys 0 00:01:02  -  Total Remote Usage
		Usr 0 00:00:00, Sys 0 00:00:00  -  Total Local Usage
	33854  -  Run Bytes Sent By Job
	11193  -  Run Bytes Received By Job
	33854  -  Total Bytes Sent By Job
	11193  -  Total Bytes Received By Job
	Partitionable Resources :    Usage  Request Allocated 
	   Cpus                 :     0.82        1         1 
	   Disk (KB)            :    65          12   1241940 
	   Memory (MB)          :   322        2000      2000 

	Job terminated of its own accord at 2023-07-12T22:41:09Z.
...
000 (9399930.000.000) 07/13 10:15:39 Job submitted from host: <137.138.120.116:9618?addrs=137.138.120.116-9618+[2001-1458-d00-16--17b]-9618&alias=bigbird12.cern.ch&noUDP&sock=schedd_8624_ecd7>
...
040 (9399930.000.000) 07/13 10:44:12 Started transferring input files
	Transferring to host: <128.142.57.26:9618?addrs=128.142.57.26-9618+[2001-1458-301-7--100-19]-9618&alias=b7s02p0542.cern.ch&noUDP&sock=slot1_8_47385_c4e0_94135>
...
040 (9399930.000.000) 07/13 10:44:12 Finished transferring input files
...
001 (9399930.000.000) 07/13 10:44:13 Job executing on host: <128.142.57.26:9618?addrs=128.142.57.26-9618+[2001-1458-301-7--100-19]-9618&alias=b7s02p0542.cern.ch&noUDP&sock=startd_3034_a66e>
...
006 (9399930.000.000) 07/13 10:44:22 Image size of job updated: 284044
	135  -  MemoryUsage of job (MB)
	137256  -  ResidentSetSize of job (KB)
...
006 (9399930.000.000) 07/13 10:49:23 Image size of job updated: 1429500
	294  -  MemoryUsage of job (MB)
	301020  -  ResidentSetSize of job (KB)
...
006 (9399930.000.000) 07/13 10:54:24 Image size of job updated: 1429500
	295  -  MemoryUsage of job (MB)
	301492  -  ResidentSetSize of job (KB)
...
006 (9399930.000.000) 07/13 10:59:24 Image size of job updated: 1429500
	295  -  MemoryUsage of job (MB)
	301600  -  ResidentSetSize of job (KB)
...
006 (9399930.000.000) 07/13 11:04:25 Image size of job updated: 1429500
	295  -  MemoryUsage of job (MB)
	301604  -  ResidentSetSize of job (KB)
...
006 (9399930.000.000) 07/13 11:09:26 Image size of job updated: 1429500
	295  -  MemoryUsage of job (MB)
	301628  -  ResidentSetSize of job (KB)
...
006 (9399930.000.000) 07/13 11:14:26 Image size of job updated: 1429500
	295  -  MemoryUsage of job (MB)
	301632  -  ResidentSetSize of job (KB)
...
006 (9399930.000.000) 07/13 11:19:27 Image size of job updated: 1429500
	295  -  MemoryUsage of job (MB)
	301704  -  ResidentSetSize of job (KB)
...
006 (9399930.000.000) 07/13 11:24:27 Image size of job updated: 1429508
	311  -  MemoryUsage of job (MB)
	318040  -  ResidentSetSize of job (KB)
...
006 (9399930.000.000) 07/13 11:29:27 Image size of job updated: 1429508
	312  -  MemoryUsage of job (MB)
	318708  -  ResidentSetSize of job (KB)
...
006 (9399930.000.000) 07/13 11:34:28 Image size of job updated: 1429508
	312  -  MemoryUsage of job (MB)
	318716  -  ResidentSetSize of job (KB)
...
006 (9399930.000.000) 07/13 11:39:28 Image size of job updated: 1429508
	312  -  MemoryUsage of job (MB)
	318724  -  ResidentSetSize of job (KB)
...
006 (9399930.000.000) 07/13 11:49:29 Image size of job updated: 1429508
	312  -  MemoryUsage of job (MB)
	318736  -  ResidentSetSize of job (KB)
...
006 (9399930.000.000) 07/13 11:54:30 Image size of job updated: 1429508
	312  -  MemoryUsage of job (MB)
	318920  -  ResidentSetSize of job (KB)
...
006 (9399930.000.000) 07/13 11:59:30 Image size of job updated: 1429508
	316  -  MemoryUsage of job (MB)
	323256  -  ResidentSetSize of job (KB)
...
006 (9399930.000.000) 07/13 12:04:31 Image size of job updated: 1429764
	316  -  MemoryUsage of job (MB)
	323332  -  ResidentSetSize of job (KB)
...
006 (9399930.000.000) 07/13 12:14:32 Image size of job updated: 1429764
	316  -  MemoryUsage of job (MB)
	323388  -  ResidentSetSize of job (KB)
...
006 (9399930.000.000) 07/13 12:34:34 Image size of job updated: 1429764
	316  -  MemoryUsage of job (MB)
	323404  -  ResidentSetSize of job (KB)
...
006 (9399930.000.000) 07/13 12:39:35 Image size of job updated: 1429764
	317  -  MemoryUsage of job (MB)
	324416  -  ResidentSetSize of job (KB)
...
006 (9399930.000.000) 07/13 12:44:36 Image size of job updated: 1429764
	317  -  MemoryUsage of job (MB)
	324488  -  ResidentSetSize of job (KB)
...
006 (9399930.000.000) 07/13 12:54:36 Image size of job updated: 1429764
	317  -  MemoryUsage of job (MB)
	324492  -  ResidentSetSize of job (KB)
...
006 (9399930.000.000) 07/13 13:19:40 Image size of job updated: 1429764
	318  -  MemoryUsage of job (MB)
	324900  -  ResidentSetSize of job (KB)
...
006 (9399930.000.000) 07/13 13:24:40 Image size of job updated: 1429764
	318  -  MemoryUsage of job (MB)
	324912  -  ResidentSetSize of job (KB)
...
006 (9399930.000.000) 07/13 13:49:42 Image size of job updated: 1429764
	319  -  MemoryUsage of job (MB)
	325960  -  ResidentSetSize of job (KB)
...
006 (9399930.000.000) 07/13 14:44:48 Image size of job updated: 1429764
	319  -  MemoryUsage of job (MB)
	325964  -  ResidentSetSize of job (KB)
...
006 (9399930.000.000) 07/13 15:09:50 Image size of job updated: 1429764
	319  -  MemoryUsage of job (MB)
	326184  -  ResidentSetSize of job (KB)
...
006 (9399930.000.000) 07/13 15:14:51 Image size of job updated: 1432776
	322  -  MemoryUsage of job (MB)
	329144  -  ResidentSetSize of job (KB)
...
006 (9399930.000.000) 07/13 15:19:51 Image size of job updated: 1433060
	322  -  MemoryUsage of job (MB)
	329412  -  ResidentSetSize of job (KB)
...
040 (9399930.000.000) 07/13 15:23:59 Started transferring output files
...
040 (9399930.000.000) 07/13 15:23:59 Finished transferring output files
...
005 (9399930.000.000) 07/13 15:23:59 Job terminated.
	(1) Normal termination (return value 0)
		Usr 0 03:23:43, Sys 0 00:00:57  -  Run Remote Usage
		Usr 0 00:00:00, Sys 0 00:00:00  -  Run Local Usage
		Usr 0 03:23:43, Sys 0 00:00:57  -  Total Remote Usage
		Usr 0 00:00:00, Sys 0 00:00:00  -  Total Local Usage
	33854  -  Run Bytes Sent By Job
	10623  -  Run Bytes Received By Job
	33854  -  Total Bytes Sent By Job
	10623  -  Total Bytes Received By Job
	Partitionable Resources :    Usage  Request Allocated 
	   Cpus                 :     0.88        1         1 
	   Disk (KB)            :    65          12   1129254 
	   Memory (MB)          :   322        2000      2000 

	Job terminated of its own accord at 2023-07-13T13:23:59Z.
...
000 (9401075.000.000) 07/13 19:51:26 Job submitted from host: <137.138.120.116:9618?addrs=137.138.120.116-9618+[2001-1458-d00-16--17b]-9618&alias=bigbird12.cern.ch&noUDP&sock=schedd_8624_ecd7>
...
040 (9401075.000.000) 07/13 19:52:17 Started transferring input files
	Transferring to host: <128.142.130.179:9618?addrs=128.142.130.179-9618+[2001-1458-301-58--100-a7]-9618&alias=b7g20p9295.cern.ch&noUDP&sock=slot1_6_5051_a2e6_98055>
...
040 (9401075.000.000) 07/13 19:52:17 Finished transferring input files
...
001 (9401075.000.000) 07/13 19:52:18 Job executing on host: <128.142.130.179:9618?addrs=128.142.130.179-9618+[2001-1458-301-58--100-a7]-9618&alias=b7g20p9295.cern.ch&noUDP&sock=startd_4453_f751>
...
006 (9401075.000.000) 07/13 19:52:27 Image size of job updated: 370376
	130  -  MemoryUsage of job (MB)
	132464  -  ResidentSetSize of job (KB)
...
006 (9401075.000.000) 07/13 19:57:28 Image size of job updated: 1429736
	294  -  MemoryUsage of job (MB)
	300924  -  ResidentSetSize of job (KB)
...
006 (9401075.000.000) 07/13 20:02:29 Image size of job updated: 1429736
	295  -  MemoryUsage of job (MB)
	301372  -  ResidentSetSize of job (KB)
...
006 (9401075.000.000) 07/13 20:07:29 Image size of job updated: 1429736
	295  -  MemoryUsage of job (MB)
	301580  -  ResidentSetSize of job (KB)
...
006 (9401075.000.000) 07/13 20:12:29 Image size of job updated: 1429736
	295  -  MemoryUsage of job (MB)
	301648  -  ResidentSetSize of job (KB)
...
006 (9401075.000.000) 07/13 20:17:30 Image size of job updated: 1429736
	295  -  MemoryUsage of job (MB)
	301704  -  ResidentSetSize of job (KB)
...
006 (9401075.000.000) 07/13 20:22:30 Image size of job updated: 1429736
	295  -  MemoryUsage of job (MB)
	301708  -  ResidentSetSize of job (KB)
...
006 (9401075.000.000) 07/13 20:32:31 Image size of job updated: 1429736
	295  -  MemoryUsage of job (MB)
	301728  -  ResidentSetSize of job (KB)
...
006 (9401075.000.000) 07/13 20:37:32 Image size of job updated: 1429736
	295  -  MemoryUsage of job (MB)
	301776  -  ResidentSetSize of job (KB)
...
006 (9401075.000.000) 07/13 20:42:32 Image size of job updated: 1429736
	295  -  MemoryUsage of job (MB)
	301800  -  ResidentSetSize of job (KB)
...
006 (9401075.000.000) 07/13 20:47:33 Image size of job updated: 1429744
	312  -  MemoryUsage of job (MB)
	318844  -  ResidentSetSize of job (KB)
...
006 (9401075.000.000) 07/13 20:52:34 Image size of job updated: 1429744
	312  -  MemoryUsage of job (MB)
	319200  -  ResidentSetSize of job (KB)
...
006 (9401075.000.000) 07/13 20:57:34 Image size of job updated: 1429744
	312  -  MemoryUsage of job (MB)
	319220  -  ResidentSetSize of job (KB)
...
006 (9401075.000.000) 07/13 21:02:34 Image size of job updated: 1429744
	312  -  MemoryUsage of job (MB)
	319236  -  ResidentSetSize of job (KB)
...
006 (9401075.000.000) 07/13 21:07:35 Image size of job updated: 1429744
	312  -  MemoryUsage of job (MB)
	319240  -  ResidentSetSize of job (KB)
...
006 (9401075.000.000) 07/13 21:12:35 Image size of job updated: 1429744
	312  -  MemoryUsage of job (MB)
	319244  -  ResidentSetSize of job (KB)
...
006 (9401075.000.000) 07/13 21:22:36 Image size of job updated: 1429744
	312  -  MemoryUsage of job (MB)
	319248  -  ResidentSetSize of job (KB)
...
006 (9401075.000.000) 07/13 21:32:37 Image size of job updated: 1430000
	312  -  MemoryUsage of job (MB)
	319348  -  ResidentSetSize of job (KB)
...
006 (9401075.000.000) 07/13 21:37:37 Image size of job updated: 1430000
	317  -  MemoryUsage of job (MB)
	324332  -  ResidentSetSize of job (KB)
...
006 (9401075.000.000) 07/13 21:42:38 Image size of job updated: 1430000
	318  -  MemoryUsage of job (MB)
	324648  -  ResidentSetSize of job (KB)
...
006 (9401075.000.000) 07/13 21:47:38 Image size of job updated: 1430000
	318  -  MemoryUsage of job (MB)
	324704  -  ResidentSetSize of job (KB)
...
006 (9401075.000.000) 07/13 21:57:39 Image size of job updated: 1430000
	318  -  MemoryUsage of job (MB)
	324712  -  ResidentSetSize of job (KB)
...
006 (9401075.000.000) 07/13 22:07:40 Image size of job updated: 1430000
	318  -  MemoryUsage of job (MB)
	324768  -  ResidentSetSize of job (KB)
...
040 (9401075.000.000) 07/13 22:08:20 Started transferring output files
...
040 (9401075.000.000) 07/13 22:08:20 Finished transferring output files
...
004 (9401075.000.000) 07/13 22:08:20 Job was evicted.
	(0) CPU times
		Usr 0 01:53:30, Sys 0 00:00:25  -  Run Remote Usage
		Usr 0 00:00:00, Sys 0 00:00:00  -  Run Local Usage
	8168  -  Run Bytes Sent By Job
	10624  -  Run Bytes Received By Job
	Partitionable Resources :    Usage  Request Allocated 
	   Cpus                 :     0.89        1         1 
	   Disk (KB)            :    43          12   1620889 
	   Memory (MB)          :   318        2000      2000 
...
009 (9401075.000.000) 07/13 22:08:20 Job was aborted.
	via condor_rm (by user jbonetti)
...
000 (9401119.000.000) 07/13 22:09:22 Job submitted from host: <137.138.120.116:9618?addrs=137.138.120.116-9618+[2001-1458-d00-16--17b]-9618&alias=bigbird12.cern.ch&noUDP&sock=schedd_8624_ecd7>
...
040 (9401119.000.000) 07/13 22:10:55 Started transferring input files
	Transferring to host: <128.142.61.151:9618?addrs=128.142.61.151-9618+[2001-1458-301-23--100-96]-9618&alias=b7s06p7731.cern.ch&noUDP&sock=slot1_26_6252_d977_155522>
...
040 (9401119.000.000) 07/13 22:10:55 Finished transferring input files
...
001 (9401119.000.000) 07/13 22:10:56 Job executing on host: <128.142.61.151:9618?addrs=128.142.61.151-9618+[2001-1458-301-23--100-96]-9618&alias=b7s06p7731.cern.ch&noUDP&sock=startd_5080_0933>
...
006 (9401119.000.000) 07/13 22:11:05 Image size of job updated: 26364
	11  -  MemoryUsage of job (MB)
	10912  -  ResidentSetSize of job (KB)
...
006 (9401119.000.000) 07/13 22:16:06 Image size of job updated: 1429776
	295  -  MemoryUsage of job (MB)
	301072  -  ResidentSetSize of job (KB)
...
006 (9401119.000.000) 07/13 22:21:06 Image size of job updated: 1429776
	295  -  MemoryUsage of job (MB)
	301664  -  ResidentSetSize of job (KB)
...
006 (9401119.000.000) 07/13 22:26:07 Image size of job updated: 1429776
	295  -  MemoryUsage of job (MB)
	301724  -  ResidentSetSize of job (KB)
...
006 (9401119.000.000) 07/13 22:31:08 Image size of job updated: 1429776
	295  -  MemoryUsage of job (MB)
	301736  -  ResidentSetSize of job (KB)
...
006 (9401119.000.000) 07/13 22:36:08 Image size of job updated: 1429776
	295  -  MemoryUsage of job (MB)
	301796  -  ResidentSetSize of job (KB)
...
006 (9401119.000.000) 07/13 22:41:08 Image size of job updated: 1429776
	295  -  MemoryUsage of job (MB)
	301808  -  ResidentSetSize of job (KB)
...
006 (9401119.000.000) 07/13 22:46:08 Image size of job updated: 1429776
	295  -  MemoryUsage of job (MB)
	301908  -  ResidentSetSize of job (KB)
...
006 (9401119.000.000) 07/13 22:51:09 Image size of job updated: 1429784
	312  -  MemoryUsage of job (MB)
	318560  -  ResidentSetSize of job (KB)
...
006 (9401119.000.000) 07/13 22:56:10 Image size of job updated: 1429784
	312  -  MemoryUsage of job (MB)
	318676  -  ResidentSetSize of job (KB)
...
006 (9401119.000.000) 07/13 23:01:10 Image size of job updated: 1429784
	312  -  MemoryUsage of job (MB)
	318688  -  ResidentSetSize of job (KB)
...
006 (9401119.000.000) 07/13 23:11:11 Image size of job updated: 1429784
	312  -  MemoryUsage of job (MB)
	318696  -  ResidentSetSize of job (KB)
...
006 (9401119.000.000) 07/13 23:16:11 Image size of job updated: 1429784
	312  -  MemoryUsage of job (MB)
	318704  -  ResidentSetSize of job (KB)
...
006 (9401119.000.000) 07/13 23:21:11 Image size of job updated: 1430040
	312  -  MemoryUsage of job (MB)
	318872  -  ResidentSetSize of job (KB)
...
006 (9401119.000.000) 07/13 23:26:12 Image size of job updated: 1430040
	317  -  MemoryUsage of job (MB)
	324152  -  ResidentSetSize of job (KB)
...
006 (9401119.000.000) 07/13 23:31:13 Image size of job updated: 1430040
	317  -  MemoryUsage of job (MB)
	324244  -  ResidentSetSize of job (KB)
...
006 (9401119.000.000) 07/13 23:36:13 Image size of job updated: 1430040
	317  -  MemoryUsage of job (MB)
	324248  -  ResidentSetSize of job (KB)
...
006 (9401119.000.000) 07/13 23:41:14 Image size of job updated: 1430040
	317  -  MemoryUsage of job (MB)
	324252  -  ResidentSetSize of job (KB)
...
006 (9401119.000.000) 07/13 23:46:15 Image size of job updated: 1430040
	317  -  MemoryUsage of job (MB)
	324264  -  ResidentSetSize of job (KB)
...
006 (9401119.000.000) 07/13 23:51:15 Image size of job updated: 1430040
	317  -  MemoryUsage of job (MB)
	324328  -  ResidentSetSize of job (KB)
...
006 (9401119.000.000) 07/14 00:26:18 Image size of job updated: 1430040
	317  -  MemoryUsage of job (MB)
	324352  -  ResidentSetSize of job (KB)
...
006 (9401119.000.000) 07/14 00:31:19 Image size of job updated: 1430040
	317  -  MemoryUsage of job (MB)
	324412  -  ResidentSetSize of job (KB)
...
006 (9401119.000.000) 07/14 00:36:20 Image size of job updated: 1430040
	318  -  MemoryUsage of job (MB)
	325480  -  ResidentSetSize of job (KB)
...
006 (9401119.000.000) 07/14 00:41:20 Image size of job updated: 1430040
	318  -  MemoryUsage of job (MB)
	325484  -  ResidentSetSize of job (KB)
...
006 (9401119.000.000) 07/14 00:46:20 Image size of job updated: 1430040
	318  -  MemoryUsage of job (MB)
	325488  -  ResidentSetSize of job (KB)
...
006 (9401119.000.000) 07/14 01:11:23 Image size of job updated: 1430040
	319  -  MemoryUsage of job (MB)
	325968  -  ResidentSetSize of job (KB)
...
006 (9401119.000.000) 07/14 01:36:25 Image size of job updated: 1430040
	319  -  MemoryUsage of job (MB)
	326204  -  ResidentSetSize of job (KB)
...
006 (9401119.000.000) 07/14 01:41:26 Image size of job updated: 1430040
	319  -  MemoryUsage of job (MB)
	326236  -  ResidentSetSize of job (KB)
...
006 (9401119.000.000) 07/14 02:11:30 Image size of job updated: 1430040
	319  -  MemoryUsage of job (MB)
	326244  -  ResidentSetSize of job (KB)
...
006 (9401119.000.000) 07/14 02:16:30 Image size of job updated: 1430040
	319  -  MemoryUsage of job (MB)
	326320  -  ResidentSetSize of job (KB)
...
006 (9401119.000.000) 07/14 02:51:34 Image size of job updated: 1432620
	322  -  MemoryUsage of job (MB)
	329004  -  ResidentSetSize of job (KB)
...
006 (9401119.000.000) 07/14 02:56:34 Image size of job updated: 1433044
	322  -  MemoryUsage of job (MB)
	329312  -  ResidentSetSize of job (KB)
...
006 (9401119.000.000) 07/14 03:01:35 Image size of job updated: 1433044
	322  -  MemoryUsage of job (MB)
	329336  -  ResidentSetSize of job (KB)
...
040 (9401119.000.000) 07/14 03:16:34 Started transferring output files
...
040 (9401119.000.000) 07/14 03:16:34 Finished transferring output files
...
005 (9401119.000.000) 07/14 03:16:34 Job terminated.
	(1) Normal termination (return value 0)
		Usr 0 03:07:40, Sys 0 00:00:56  -  Run Remote Usage
		Usr 0 00:00:00, Sys 0 00:00:00  -  Run Local Usage
		Usr 0 03:07:40, Sys 0 00:00:56  -  Total Remote Usage
		Usr 0 00:00:00, Sys 0 00:00:00  -  Total Local Usage
	33854  -  Run Bytes Sent By Job
	10627  -  Run Bytes Received By Job
	33854  -  Total Bytes Sent By Job
	10627  -  Total Bytes Received By Job
	Partitionable Resources :    Usage  Request Allocated 
	   Cpus                 :     0.16        1         1 
	   Disk (KB)            :    65          12   1233397 
	   Memory (MB)          :   322        2000      2000 

	Job terminated of its own accord at 2023-07-14T01:16:33Z.
...
