000 (9401214.000.000) 07/13 22:33:39 Job submitted from host: <137.138.120.116:9618?addrs=137.138.120.116-9618+[2001-1458-d00-16--17b]-9618&alias=bigbird12.cern.ch&noUDP&sock=schedd_8624_ecd7>
...
040 (9401214.000.000) 07/13 22:36:02 Started transferring input files
	Transferring to host: <128.142.61.76:9618?addrs=128.142.61.76-9618+[2001-1458-301-23--100-4b]-9618&alias=b7s06p7266.cern.ch&noUDP&sock=slot1_4_3435_04a5_144364>
...
040 (9401214.000.000) 07/13 22:36:02 Finished transferring input files
...
001 (9401214.000.000) 07/13 22:36:03 Job executing on host: <128.142.61.76:9618?addrs=128.142.61.76-9618+[2001-1458-301-23--100-4b]-9618&alias=b7s06p7266.cern.ch&noUDP&sock=startd_2958_853b>
...
006 (9401214.000.000) 07/13 22:36:12 Image size of job updated: 370380
	116  -  MemoryUsage of job (MB)
	118048  -  ResidentSetSize of job (KB)
...
006 (9401214.000.000) 07/13 22:41:13 Image size of job updated: 1458504
	304  -  MemoryUsage of job (MB)
	310340  -  ResidentSetSize of job (KB)
...
006 (9401214.000.000) 07/13 22:46:13 Image size of job updated: 1458504
	304  -  MemoryUsage of job (MB)
	310832  -  ResidentSetSize of job (KB)
...
006 (9401214.000.000) 07/13 22:51:13 Image size of job updated: 1458760
	304  -  MemoryUsage of job (MB)
	311084  -  ResidentSetSize of job (KB)
...
006 (9401214.000.000) 07/13 22:56:14 Image size of job updated: 1458760
	304  -  MemoryUsage of job (MB)
	311140  -  ResidentSetSize of job (KB)
...
006 (9401214.000.000) 07/13 23:01:14 Image size of job updated: 1458760
	304  -  MemoryUsage of job (MB)
	311184  -  ResidentSetSize of job (KB)
...
006 (9401214.000.000) 07/13 23:06:14 Image size of job updated: 1458760
	304  -  MemoryUsage of job (MB)
	311264  -  ResidentSetSize of job (KB)
...
006 (9401214.000.000) 07/13 23:16:15 Image size of job updated: 1458760
	305  -  MemoryUsage of job (MB)
	311316  -  ResidentSetSize of job (KB)
...
006 (9401214.000.000) 07/13 23:21:15 Image size of job updated: 1458760
	305  -  MemoryUsage of job (MB)
	311384  -  ResidentSetSize of job (KB)
...
006 (9401214.000.000) 07/13 23:26:16 Image size of job updated: 1458760
	305  -  MemoryUsage of job (MB)
	311452  -  ResidentSetSize of job (KB)
...
006 (9401214.000.000) 07/13 23:31:17 Image size of job updated: 1458768
	320  -  MemoryUsage of job (MB)
	327256  -  ResidentSetSize of job (KB)
...
006 (9401214.000.000) 07/13 23:36:17 Image size of job updated: 1458768
	321  -  MemoryUsage of job (MB)
	327852  -  ResidentSetSize of job (KB)
...
006 (9401214.000.000) 07/13 23:41:18 Image size of job updated: 1458768
	321  -  MemoryUsage of job (MB)
	328000  -  ResidentSetSize of job (KB)
...
006 (9401214.000.000) 07/13 23:46:19 Image size of job updated: 1458768
	325  -  MemoryUsage of job (MB)
	332008  -  ResidentSetSize of job (KB)
...
006 (9401214.000.000) 07/13 23:51:19 Image size of job updated: 1458768
	325  -  MemoryUsage of job (MB)
	332184  -  ResidentSetSize of job (KB)
...
006 (9401214.000.000) 07/14 00:06:21 Image size of job updated: 1458768
	325  -  MemoryUsage of job (MB)
	332284  -  ResidentSetSize of job (KB)
...
006 (9401214.000.000) 07/14 00:16:22 Image size of job updated: 1458768
	325  -  MemoryUsage of job (MB)
	332312  -  ResidentSetSize of job (KB)
...
006 (9401214.000.000) 07/14 00:21:22 Image size of job updated: 1458768
	326  -  MemoryUsage of job (MB)
	333512  -  ResidentSetSize of job (KB)
...
006 (9401214.000.000) 07/14 00:26:22 Image size of job updated: 1459196
	327  -  MemoryUsage of job (MB)
	334000  -  ResidentSetSize of job (KB)
...
006 (9401214.000.000) 07/14 00:31:23 Image size of job updated: 1460336
	328  -  MemoryUsage of job (MB)
	335128  -  ResidentSetSize of job (KB)
...
040 (9401214.000.000) 07/14 00:35:35 Started transferring output files
...
040 (9401214.000.000) 07/14 00:35:35 Finished transferring output files
...
005 (9401214.000.000) 07/14 00:35:35 Job terminated.
	(1) Normal termination (return value 0)
		Usr 0 01:29:39, Sys 0 00:00:15  -  Run Remote Usage
		Usr 0 00:00:00, Sys 0 00:00:00  -  Run Local Usage
		Usr 0 01:29:39, Sys 0 00:00:15  -  Total Remote Usage
		Usr 0 00:00:00, Sys 0 00:00:00  -  Total Local Usage
	14934  -  Run Bytes Sent By Job
	10613  -  Run Bytes Received By Job
	14934  -  Total Bytes Sent By Job
	10613  -  Total Bytes Received By Job
	Partitionable Resources :    Usage  Request Allocated 
	   Cpus                 :     0.84        1         1 
	   Disk (KB)            :    46          12   1199937 
	   Memory (MB)          :   328        2000      2000 

	Job terminated of its own accord at 2023-07-13T22:35:35Z.
...
000 (9406114.000.000) 07/14 16:24:35 Job submitted from host: <137.138.120.116:9618?addrs=137.138.120.116-9618+[2001-1458-d00-16--17b]-9618&alias=bigbird12.cern.ch&noUDP&sock=schedd_8624_ecd7>
...
000 (9406134.000.000) 07/14 16:26:53 Job submitted from host: <137.138.120.116:9618?addrs=137.138.120.116-9618+[2001-1458-d00-16--17b]-9618&alias=bigbird12.cern.ch&noUDP&sock=schedd_8624_ecd7>
...
000 (9406154.000.000) 07/14 16:28:50 Job submitted from host: <137.138.120.116:9618?addrs=137.138.120.116-9618+[2001-1458-d00-16--17b]-9618&alias=bigbird12.cern.ch&noUDP&sock=schedd_8624_ecd7>
...
040 (9406114.000.000) 07/14 16:29:51 Started transferring input files
	Transferring to host: <128.142.61.120:9618?addrs=128.142.61.120-9618+[2001-1458-301-23--100-77]-9618&alias=b7s06p1945.cern.ch&noUDP&sock=slot1_5_4219_6ac5_100114>
...
040 (9406114.000.000) 07/14 16:29:51 Finished transferring input files
...
001 (9406114.000.000) 07/14 16:29:52 Job executing on host: <128.142.61.120:9618?addrs=128.142.61.120-9618+[2001-1458-301-23--100-77]-9618&alias=b7s06p1945.cern.ch&noUDP&sock=startd_2906_da4e>
...
040 (9406134.000.000) 07/14 16:29:59 Started transferring input files
	Transferring to host: <128.142.137.187:9618?addrs=128.142.137.187-9618+[2001-1458-301-5e--100-af]-9618&alias=b7g19p7305.cern.ch&noUDP&sock=slot1_45_3374_09c2_110631>
...
040 (9406134.000.000) 07/14 16:29:59 Finished transferring input files
...
001 (9406134.000.000) 07/14 16:30:00 Job executing on host: <128.142.137.187:9618?addrs=128.142.137.187-9618+[2001-1458-301-5e--100-af]-9618&alias=b7g19p7305.cern.ch&noUDP&sock=startd_2956_260b>
...
006 (9406114.000.000) 07/14 16:30:01 Image size of job updated: 963436
	138  -  MemoryUsage of job (MB)
	140752  -  ResidentSetSize of job (KB)
...
006 (9406134.000.000) 07/14 16:30:08 Image size of job updated: 980784
	139  -  MemoryUsage of job (MB)
	141924  -  ResidentSetSize of job (KB)
...
040 (9406154.000.000) 07/14 16:30:59 Started transferring input files
	Transferring to host: <128.142.61.151:9618?addrs=128.142.61.151-9618+[2001-1458-301-23--100-96]-9618&alias=b7s06p7731.cern.ch&noUDP&sock=slot1_13_6252_d977_156692>
...
040 (9406154.000.000) 07/14 16:30:59 Finished transferring input files
...
001 (9406154.000.000) 07/14 16:31:00 Job executing on host: <128.142.61.151:9618?addrs=128.142.61.151-9618+[2001-1458-301-23--100-96]-9618&alias=b7s06p7731.cern.ch&noUDP&sock=startd_5080_0933>
...
006 (9406154.000.000) 07/14 16:31:09 Image size of job updated: 981188
	11  -  MemoryUsage of job (MB)
	10912  -  ResidentSetSize of job (KB)
...
006 (9406114.000.000) 07/14 16:35:02 Image size of job updated: 1458420
	304  -  MemoryUsage of job (MB)
	310392  -  ResidentSetSize of job (KB)
...
006 (9406134.000.000) 07/14 16:35:08 Image size of job updated: 1458508
	303  -  MemoryUsage of job (MB)
	309916  -  ResidentSetSize of job (KB)
...
006 (9406154.000.000) 07/14 16:36:09 Image size of job updated: 1458580
	304  -  MemoryUsage of job (MB)
	310300  -  ResidentSetSize of job (KB)
...
006 (9406114.000.000) 07/14 16:40:02 Image size of job updated: 1458676
	304  -  MemoryUsage of job (MB)
	310960  -  ResidentSetSize of job (KB)
...
006 (9406134.000.000) 07/14 16:40:09 Image size of job updated: 1458508
	304  -  MemoryUsage of job (MB)
	310500  -  ResidentSetSize of job (KB)
...
006 (9406154.000.000) 07/14 16:41:09 Image size of job updated: 1458580
	304  -  MemoryUsage of job (MB)
	310864  -  ResidentSetSize of job (KB)
...
006 (9406114.000.000) 07/14 16:45:02 Image size of job updated: 1458676
	304  -  MemoryUsage of job (MB)
	311156  -  ResidentSetSize of job (KB)
...
006 (9406134.000.000) 07/14 16:45:09 Image size of job updated: 1458508
	304  -  MemoryUsage of job (MB)
	310784  -  ResidentSetSize of job (KB)
...
006 (9406154.000.000) 07/14 16:46:10 Image size of job updated: 1458580
	304  -  MemoryUsage of job (MB)
	310992  -  ResidentSetSize of job (KB)
...
006 (9406114.000.000) 07/14 16:50:03 Image size of job updated: 1458676
	304  -  MemoryUsage of job (MB)
	311216  -  ResidentSetSize of job (KB)
...
006 (9406134.000.000) 07/14 16:50:09 Image size of job updated: 1458764
	304  -  MemoryUsage of job (MB)
	310960  -  ResidentSetSize of job (KB)
...
006 (9406154.000.000) 07/14 16:51:10 Image size of job updated: 1458580
	304  -  MemoryUsage of job (MB)
	311056  -  ResidentSetSize of job (KB)
...
006 (9406114.000.000) 07/14 16:55:04 Image size of job updated: 1458676
	304  -  MemoryUsage of job (MB)
	311264  -  ResidentSetSize of job (KB)
...
006 (9406134.000.000) 07/14 16:55:10 Image size of job updated: 1458764
	304  -  MemoryUsage of job (MB)
	311000  -  ResidentSetSize of job (KB)
...
006 (9406154.000.000) 07/14 16:56:10 Image size of job updated: 1458580
	304  -  MemoryUsage of job (MB)
	311208  -  ResidentSetSize of job (KB)
...
006 (9406114.000.000) 07/14 17:00:04 Image size of job updated: 1458676
	304  -  MemoryUsage of job (MB)
	311292  -  ResidentSetSize of job (KB)
...
006 (9406134.000.000) 07/14 17:00:11 Image size of job updated: 1458764
	304  -  MemoryUsage of job (MB)
	311048  -  ResidentSetSize of job (KB)
...
006 (9406154.000.000) 07/14 17:01:11 Image size of job updated: 1458580
	304  -  MemoryUsage of job (MB)
	311240  -  ResidentSetSize of job (KB)
...
006 (9406114.000.000) 07/14 17:05:05 Image size of job updated: 1458676
	305  -  MemoryUsage of job (MB)
	311336  -  ResidentSetSize of job (KB)
...
006 (9406134.000.000) 07/14 17:05:11 Image size of job updated: 1458764
	304  -  MemoryUsage of job (MB)
	311192  -  ResidentSetSize of job (KB)
...
006 (9406154.000.000) 07/14 17:06:11 Image size of job updated: 1458580
	304  -  MemoryUsage of job (MB)
	311292  -  ResidentSetSize of job (KB)
...
006 (9406114.000.000) 07/14 17:10:06 Image size of job updated: 1458676
	305  -  MemoryUsage of job (MB)
	311380  -  ResidentSetSize of job (KB)
...
006 (9406134.000.000) 07/14 17:10:12 Image size of job updated: 1458764
	304  -  MemoryUsage of job (MB)
	311216  -  ResidentSetSize of job (KB)
...
006 (9406154.000.000) 07/14 17:11:11 Image size of job updated: 1458836
	305  -  MemoryUsage of job (MB)
	311396  -  ResidentSetSize of job (KB)
...
006 (9406114.000.000) 07/14 17:15:06 Image size of job updated: 1458676
	305  -  MemoryUsage of job (MB)
	311436  -  ResidentSetSize of job (KB)
...
006 (9406134.000.000) 07/14 17:15:13 Image size of job updated: 1458764
	305  -  MemoryUsage of job (MB)
	311300  -  ResidentSetSize of job (KB)
...
006 (9406154.000.000) 07/14 17:16:13 Image size of job updated: 1458836
	305  -  MemoryUsage of job (MB)
	311436  -  ResidentSetSize of job (KB)
...
006 (9406114.000.000) 07/14 17:20:06 Image size of job updated: 1458684
	320  -  MemoryUsage of job (MB)
	327676  -  ResidentSetSize of job (KB)
...
006 (9406154.000.000) 07/14 17:21:13 Image size of job updated: 1458836
	305  -  MemoryUsage of job (MB)
	311484  -  ResidentSetSize of job (KB)
...
006 (9406114.000.000) 07/14 17:25:07 Image size of job updated: 1458684
	321  -  MemoryUsage of job (MB)
	327896  -  ResidentSetSize of job (KB)
...
006 (9406134.000.000) 07/14 17:25:14 Image size of job updated: 1458764
	305  -  MemoryUsage of job (MB)
	311304  -  ResidentSetSize of job (KB)
...
006 (9406154.000.000) 07/14 17:26:13 Image size of job updated: 1458844
	320  -  MemoryUsage of job (MB)
	327376  -  ResidentSetSize of job (KB)
...
006 (9406114.000.000) 07/14 17:30:07 Image size of job updated: 1458684
	321  -  MemoryUsage of job (MB)
	328364  -  ResidentSetSize of job (KB)
...
006 (9406134.000.000) 07/14 17:30:15 Image size of job updated: 1458764
	305  -  MemoryUsage of job (MB)
	311348  -  ResidentSetSize of job (KB)
...
006 (9406154.000.000) 07/14 17:31:14 Image size of job updated: 1458844
	321  -  MemoryUsage of job (MB)
	327812  -  ResidentSetSize of job (KB)
...
006 (9406114.000.000) 07/14 17:35:07 Image size of job updated: 1458684
	326  -  MemoryUsage of job (MB)
	332824  -  ResidentSetSize of job (KB)
...
006 (9406134.000.000) 07/14 17:35:15 Image size of job updated: 1458764
	305  -  MemoryUsage of job (MB)
	311372  -  ResidentSetSize of job (KB)
...
006 (9406154.000.000) 07/14 17:36:15 Image size of job updated: 1458844
	321  -  MemoryUsage of job (MB)
	327984  -  ResidentSetSize of job (KB)
...
006 (9406114.000.000) 07/14 17:40:08 Image size of job updated: 1458684
	326  -  MemoryUsage of job (MB)
	332872  -  ResidentSetSize of job (KB)
...
006 (9406134.000.000) 07/14 17:40:15 Image size of job updated: 1458764
	305  -  MemoryUsage of job (MB)
	311384  -  ResidentSetSize of job (KB)
...
006 (9406154.000.000) 07/14 17:41:15 Image size of job updated: 1458844
	326  -  MemoryUsage of job (MB)
	333800  -  ResidentSetSize of job (KB)
...
006 (9406114.000.000) 07/14 17:45:08 Image size of job updated: 1458684
	326  -  MemoryUsage of job (MB)
	332876  -  ResidentSetSize of job (KB)
...
006 (9406134.000.000) 07/14 17:45:16 Image size of job updated: 1458764
	305  -  MemoryUsage of job (MB)
	311444  -  ResidentSetSize of job (KB)
...
006 (9406154.000.000) 07/14 17:46:16 Image size of job updated: 1458844
	327  -  MemoryUsage of job (MB)
	333848  -  ResidentSetSize of job (KB)
...
006 (9406114.000.000) 07/14 17:50:08 Image size of job updated: 1458684
	326  -  MemoryUsage of job (MB)
	332976  -  ResidentSetSize of job (KB)
...
006 (9406134.000.000) 07/14 17:50:16 Image size of job updated: 1458764
	305  -  MemoryUsage of job (MB)
	311484  -  ResidentSetSize of job (KB)
...
006 (9406154.000.000) 07/14 17:51:17 Image size of job updated: 1458844
	327  -  MemoryUsage of job (MB)
	333872  -  ResidentSetSize of job (KB)
...
006 (9406134.000.000) 07/14 17:55:16 Image size of job updated: 1458772
	320  -  MemoryUsage of job (MB)
	327628  -  ResidentSetSize of job (KB)
...
006 (9406134.000.000) 07/14 18:00:18 Image size of job updated: 1458772
	321  -  MemoryUsage of job (MB)
	328300  -  ResidentSetSize of job (KB)
...
006 (9406154.000.000) 07/14 18:01:17 Image size of job updated: 1458844
	327  -  MemoryUsage of job (MB)
	333992  -  ResidentSetSize of job (KB)
...
006 (9406114.000.000) 07/14 18:05:10 Image size of job updated: 1458684
	327  -  MemoryUsage of job (MB)
	334364  -  ResidentSetSize of job (KB)
...
006 (9406134.000.000) 07/14 18:05:18 Image size of job updated: 1458772
	321  -  MemoryUsage of job (MB)
	328344  -  ResidentSetSize of job (KB)
...
006 (9406114.000.000) 07/14 18:10:10 Image size of job updated: 1459240
	328  -  MemoryUsage of job (MB)
	334876  -  ResidentSetSize of job (KB)
...
006 (9406134.000.000) 07/14 18:10:18 Image size of job updated: 1458772
	321  -  MemoryUsage of job (MB)
	328420  -  ResidentSetSize of job (KB)
...
006 (9406154.000.000) 07/14 18:11:18 Image size of job updated: 1458844
	327  -  MemoryUsage of job (MB)
	334116  -  ResidentSetSize of job (KB)
...
006 (9406114.000.000) 07/14 18:15:11 Image size of job updated: 1460232
	328  -  MemoryUsage of job (MB)
	335868  -  ResidentSetSize of job (KB)
...
006 (9406134.000.000) 07/14 18:15:19 Image size of job updated: 1458772
	324  -  MemoryUsage of job (MB)
	331700  -  ResidentSetSize of job (KB)
...
006 (9406154.000.000) 07/14 18:16:18 Image size of job updated: 1458844
	328  -  MemoryUsage of job (MB)
	334972  -  ResidentSetSize of job (KB)
...
040 (9406114.000.000) 07/14 18:17:50 Started transferring output files
...
040 (9406114.000.000) 07/14 18:17:50 Finished transferring output files
...
005 (9406114.000.000) 07/14 18:17:50 Job terminated.
	(1) Normal termination (return value 0)
		Usr 0 01:21:05, Sys 0 00:00:19  -  Run Remote Usage
		Usr 0 00:00:00, Sys 0 00:00:00  -  Run Local Usage
		Usr 0 01:21:05, Sys 0 00:00:19  -  Total Remote Usage
		Usr 0 00:00:00, Sys 0 00:00:00  -  Total Local Usage
	14934  -  Run Bytes Sent By Job
	11151  -  Run Bytes Received By Job
	14934  -  Total Bytes Sent By Job
	11151  -  Total Bytes Received By Job
	Partitionable Resources :    Usage  Request Allocated 
	   Cpus                 :     0.83        1         1 
	   Disk (KB)            :    47          12   1243402 
	   Memory (MB)          :   328        2000      2000 

	Job terminated of its own accord at 2023-07-14T16:17:50Z.
...
006 (9406134.000.000) 07/14 18:20:20 Image size of job updated: 1458772
	327  -  MemoryUsage of job (MB)
	333852  -  ResidentSetSize of job (KB)
...
006 (9406154.000.000) 07/14 18:21:19 Image size of job updated: 1459548
	328  -  MemoryUsage of job (MB)
	335780  -  ResidentSetSize of job (KB)
...
006 (9406134.000.000) 07/14 18:25:20 Image size of job updated: 1458772
	327  -  MemoryUsage of job (MB)
	333900  -  ResidentSetSize of job (KB)
...
006 (9406154.000.000) 07/14 18:26:19 Image size of job updated: 1460240
	329  -  MemoryUsage of job (MB)
	336412  -  ResidentSetSize of job (KB)
...
040 (9406154.000.000) 07/14 18:29:31 Started transferring output files
...
040 (9406154.000.000) 07/14 18:29:31 Finished transferring output files
...
005 (9406154.000.000) 07/14 18:29:31 Job terminated.
	(1) Normal termination (return value 0)
		Usr 0 01:30:26, Sys 0 00:00:16  -  Run Remote Usage
		Usr 0 00:00:00, Sys 0 00:00:00  -  Run Local Usage
		Usr 0 01:30:26, Sys 0 00:00:16  -  Total Remote Usage
		Usr 0 00:00:00, Sys 0 00:00:00  -  Total Local Usage
	14934  -  Run Bytes Sent By Job
	11151  -  Run Bytes Received By Job
	14934  -  Total Bytes Sent By Job
	11151  -  Total Bytes Received By Job
	Partitionable Resources :    Usage  Request Allocated 
	   Cpus                 :     0.85        1         1 
	   Disk (KB)            :    47          12   1253881 
	   Memory (MB)          :   329        2000      2000 

	Job terminated of its own accord at 2023-07-14T16:29:31Z.
...
006 (9406134.000.000) 07/14 18:30:21 Image size of job updated: 1458772
	327  -  MemoryUsage of job (MB)
	333912  -  ResidentSetSize of job (KB)
...
006 (9406134.000.000) 07/14 19:00:23 Image size of job updated: 1458772
	327  -  MemoryUsage of job (MB)
	333920  -  ResidentSetSize of job (KB)
...
006 (9406134.000.000) 07/14 19:05:24 Image size of job updated: 1458772
	327  -  MemoryUsage of job (MB)
	334020  -  ResidentSetSize of job (KB)
...
006 (9406134.000.000) 07/14 19:15:25 Image size of job updated: 1458772
	327  -  MemoryUsage of job (MB)
	334024  -  ResidentSetSize of job (KB)
...
006 (9406134.000.000) 07/14 19:35:27 Image size of job updated: 1458772
	328  -  MemoryUsage of job (MB)
	334892  -  ResidentSetSize of job (KB)
...
006 (9406134.000.000) 07/14 19:40:29 Image size of job updated: 1458772
	328  -  MemoryUsage of job (MB)
	335000  -  ResidentSetSize of job (KB)
...
006 (9406134.000.000) 07/14 19:45:29 Image size of job updated: 1459192
	328  -  MemoryUsage of job (MB)
	335440  -  ResidentSetSize of job (KB)
...
006 (9406134.000.000) 07/14 19:50:29 Image size of job updated: 1459460
	329  -  MemoryUsage of job (MB)
	335912  -  ResidentSetSize of job (KB)
...
006 (9406134.000.000) 07/14 19:55:30 Image size of job updated: 1460012
	329  -  MemoryUsage of job (MB)
	336248  -  ResidentSetSize of job (KB)
...
006 (9406134.000.000) 07/14 20:00:31 Image size of job updated: 1460012
	329  -  MemoryUsage of job (MB)
	336480  -  ResidentSetSize of job (KB)
...
040 (9406134.000.000) 07/14 20:00:56 Started transferring output files
...
040 (9406134.000.000) 07/14 20:00:56 Finished transferring output files
...
005 (9406134.000.000) 07/14 20:00:56 Job terminated.
	(1) Normal termination (return value 0)
		Usr 0 02:30:27, Sys 0 00:01:06  -  Run Remote Usage
		Usr 0 00:00:00, Sys 0 00:00:00  -  Run Local Usage
		Usr 0 02:30:27, Sys 0 00:01:06  -  Total Remote Usage
		Usr 0 00:00:00, Sys 0 00:00:00  -  Total Local Usage
	14934  -  Run Bytes Sent By Job
	11151  -  Run Bytes Received By Job
	14934  -  Total Bytes Sent By Job
	11151  -  Total Bytes Received By Job
	Partitionable Resources :    Usage  Request Allocated 
	   Cpus                 :     0.94        1         1 
	   Disk (KB)            :    47          12   1656150 
	   Memory (MB)          :   329        2000      2000 

	Job terminated of its own accord at 2023-07-14T18:00:56Z.
...
000 (9406791.000.000) 07/15 17:10:56 Job submitted from host: <137.138.120.116:9618?addrs=137.138.120.116-9618+[2001-1458-d00-16--17b]-9618&alias=bigbird12.cern.ch&noUDP&sock=schedd_8624_ecd7>
...
040 (9406791.000.000) 07/15 17:14:08 Started transferring input files
	Transferring to host: <128.142.61.11:9618?addrs=128.142.61.11-9618+[2001-1458-301-23--100-a]-9618&alias=b7s06p7354.cern.ch&noUDP&sock=slot1_4_4124_7b21_154900>
...
040 (9406791.000.000) 07/15 17:14:08 Finished transferring input files
...
001 (9406791.000.000) 07/15 17:14:09 Job executing on host: <128.142.61.11:9618?addrs=128.142.61.11-9618+[2001-1458-301-23--100-a]-9618&alias=b7s06p7354.cern.ch&noUDP&sock=startd_2863_5bbc>
...
006 (9406791.000.000) 07/15 17:14:17 Image size of job updated: 30964
	15  -  MemoryUsage of job (MB)
	14956  -  ResidentSetSize of job (KB)
...
006 (9406791.000.000) 07/15 17:19:17 Image size of job updated: 1458556
	304  -  MemoryUsage of job (MB)
	310308  -  ResidentSetSize of job (KB)
...
006 (9406791.000.000) 07/15 17:24:18 Image size of job updated: 1458556
	304  -  MemoryUsage of job (MB)
	310724  -  ResidentSetSize of job (KB)
...
006 (9406791.000.000) 07/15 17:29:19 Image size of job updated: 1458812
	304  -  MemoryUsage of job (MB)
	310940  -  ResidentSetSize of job (KB)
...
006 (9406791.000.000) 07/15 17:34:19 Image size of job updated: 1458812
	304  -  MemoryUsage of job (MB)
	310984  -  ResidentSetSize of job (KB)
...
006 (9406791.000.000) 07/15 17:39:20 Image size of job updated: 1458812
	304  -  MemoryUsage of job (MB)
	311172  -  ResidentSetSize of job (KB)
...
006 (9406791.000.000) 07/15 17:44:21 Image size of job updated: 1458812
	304  -  MemoryUsage of job (MB)
	311224  -  ResidentSetSize of job (KB)
...
006 (9406791.000.000) 07/15 17:49:21 Image size of job updated: 1458812
	304  -  MemoryUsage of job (MB)
	311228  -  ResidentSetSize of job (KB)
...
006 (9406791.000.000) 07/15 17:54:21 Image size of job updated: 1458812
	304  -  MemoryUsage of job (MB)
	311280  -  ResidentSetSize of job (KB)
...
006 (9406791.000.000) 07/15 17:59:22 Image size of job updated: 1458812
	305  -  MemoryUsage of job (MB)
	311332  -  ResidentSetSize of job (KB)
...
006 (9406791.000.000) 07/15 18:04:22 Image size of job updated: 1458812
	305  -  MemoryUsage of job (MB)
	311408  -  ResidentSetSize of job (KB)
...
006 (9406791.000.000) 07/15 18:09:22 Image size of job updated: 1458820
	307  -  MemoryUsage of job (MB)
	314180  -  ResidentSetSize of job (KB)
...
006 (9406791.000.000) 07/15 18:14:23 Image size of job updated: 1458820
	321  -  MemoryUsage of job (MB)
	328584  -  ResidentSetSize of job (KB)
...
006 (9406791.000.000) 07/15 18:19:23 Image size of job updated: 1458820
	321  -  MemoryUsage of job (MB)
	328624  -  ResidentSetSize of job (KB)
...
006 (9406791.000.000) 07/15 18:24:23 Image size of job updated: 1458820
	321  -  MemoryUsage of job (MB)
	328688  -  ResidentSetSize of job (KB)
...
006 (9406791.000.000) 07/15 18:29:24 Image size of job updated: 1458820
	322  -  MemoryUsage of job (MB)
	328716  -  ResidentSetSize of job (KB)
...
006 (9406791.000.000) 07/15 18:34:25 Image size of job updated: 1458820
	322  -  MemoryUsage of job (MB)
	328724  -  ResidentSetSize of job (KB)
...
006 (9406791.000.000) 07/15 18:39:25 Image size of job updated: 1458820
	327  -  MemoryUsage of job (MB)
	334028  -  ResidentSetSize of job (KB)
...
006 (9406791.000.000) 07/15 18:44:26 Image size of job updated: 1458820
	327  -  MemoryUsage of job (MB)
	334328  -  ResidentSetSize of job (KB)
...
006 (9406791.000.000) 07/15 18:59:28 Image size of job updated: 1458820
	327  -  MemoryUsage of job (MB)
	334432  -  ResidentSetSize of job (KB)
...
006 (9406791.000.000) 07/15 19:09:29 Image size of job updated: 1458820
	327  -  MemoryUsage of job (MB)
	334448  -  ResidentSetSize of job (KB)
...
006 (9406791.000.000) 07/15 19:14:29 Image size of job updated: 1458820
	328  -  MemoryUsage of job (MB)
	335172  -  ResidentSetSize of job (KB)
...
006 (9406791.000.000) 07/15 19:19:30 Image size of job updated: 1459528
	329  -  MemoryUsage of job (MB)
	335972  -  ResidentSetSize of job (KB)
...
006 (9406791.000.000) 07/15 19:24:30 Image size of job updated: 1459844
	329  -  MemoryUsage of job (MB)
	336252  -  ResidentSetSize of job (KB)
...
040 (9406791.000.000) 07/15 19:26:14 Started transferring output files
...
040 (9406791.000.000) 07/15 19:26:14 Finished transferring output files
...
005 (9406791.000.000) 07/15 19:26:14 Job terminated.
	(1) Normal termination (return value 0)
		Usr 0 01:27:28, Sys 0 00:00:16  -  Run Remote Usage
		Usr 0 00:00:00, Sys 0 00:00:00  -  Run Local Usage
		Usr 0 01:27:28, Sys 0 00:00:16  -  Total Remote Usage
		Usr 0 00:00:00, Sys 0 00:00:00  -  Total Local Usage
	14934  -  Run Bytes Sent By Job
	10609  -  Run Bytes Received By Job
	14934  -  Total Bytes Sent By Job
	10609  -  Total Bytes Received By Job
	Partitionable Resources :    Usage  Request Allocated 
	   Cpus                 :     0.78        1         1 
	   Disk (KB)            :    46          12   1251350 
	   Memory (MB)          :   329        2000      2000 

	Job terminated of its own accord at 2023-07-15T17:26:14Z.
...
000 (9466270.000.000) 07/18 00:07:47 Job submitted from host: <137.138.120.116:9618?addrs=137.138.120.116-9618+[2001-1458-d00-16--17b]-9618&alias=bigbird12.cern.ch&noUDP&sock=schedd_8624_ecd7>
...
040 (9466270.000.000) 07/18 00:12:24 Started transferring input files
	Transferring to host: <128.142.192.214:9618?addrs=128.142.192.214-9618+[2001-1458-301-56--100-52]-9618&alias=b7g18p1545.cern.ch&noUDP&sock=slot1_3_54145_ccf3_6944>
...
040 (9466270.000.000) 07/18 00:12:24 Finished transferring input files
...
001 (9466270.000.000) 07/18 00:12:25 Job executing on host: <128.142.192.214:9618?addrs=128.142.192.214-9618+[2001-1458-301-56--100-52]-9618&alias=b7g18p1545.cern.ch&noUDP&sock=startd_54107_7ae4>
...
006 (9466270.000.000) 07/18 00:12:34 Image size of job updated: 295012
	11  -  MemoryUsage of job (MB)
	10912  -  ResidentSetSize of job (KB)
...
006 (9466270.000.000) 07/18 00:17:35 Image size of job updated: 1458584
	303  -  MemoryUsage of job (MB)
	309984  -  ResidentSetSize of job (KB)
...
006 (9466270.000.000) 07/18 00:22:36 Image size of job updated: 1458584
	304  -  MemoryUsage of job (MB)
	310584  -  ResidentSetSize of job (KB)
...
006 (9466270.000.000) 07/18 00:27:36 Image size of job updated: 1458840
	304  -  MemoryUsage of job (MB)
	310892  -  ResidentSetSize of job (KB)
...
006 (9466270.000.000) 07/18 00:32:37 Image size of job updated: 1458840
	304  -  MemoryUsage of job (MB)
	311000  -  ResidentSetSize of job (KB)
...
006 (9466270.000.000) 07/18 00:37:38 Image size of job updated: 1458840
	304  -  MemoryUsage of job (MB)
	311128  -  ResidentSetSize of job (KB)
...
006 (9466270.000.000) 07/18 00:42:38 Image size of job updated: 1458840
	304  -  MemoryUsage of job (MB)
	311188  -  ResidentSetSize of job (KB)
...
006 (9466270.000.000) 07/18 00:47:39 Image size of job updated: 1458840
	305  -  MemoryUsage of job (MB)
	311348  -  ResidentSetSize of job (KB)
...
006 (9466270.000.000) 07/18 00:52:40 Image size of job updated: 1458840
	305  -  MemoryUsage of job (MB)
	311368  -  ResidentSetSize of job (KB)
...
006 (9466270.000.000) 07/18 00:57:40 Image size of job updated: 1458840
	305  -  MemoryUsage of job (MB)
	311380  -  ResidentSetSize of job (KB)
...
006 (9466270.000.000) 07/18 01:07:42 Image size of job updated: 1458840
	305  -  MemoryUsage of job (MB)
	311396  -  ResidentSetSize of job (KB)
...
006 (9466270.000.000) 07/18 01:12:42 Image size of job updated: 1458840
	305  -  MemoryUsage of job (MB)
	311548  -  ResidentSetSize of job (KB)
...
006 (9466270.000.000) 07/18 01:17:42 Image size of job updated: 1458840
	305  -  MemoryUsage of job (MB)
	311588  -  ResidentSetSize of job (KB)
...
006 (9466270.000.000) 07/18 01:22:43 Image size of job updated: 1458840
	305  -  MemoryUsage of job (MB)
	311680  -  ResidentSetSize of job (KB)
...
006 (9466270.000.000) 07/18 01:27:44 Image size of job updated: 1458848
	317  -  MemoryUsage of job (MB)
	324520  -  ResidentSetSize of job (KB)
...
006 (9466270.000.000) 07/18 01:32:44 Image size of job updated: 1458848
	321  -  MemoryUsage of job (MB)
	328676  -  ResidentSetSize of job (KB)
...
006 (9466270.000.000) 07/18 01:37:45 Image size of job updated: 1458848
	322  -  MemoryUsage of job (MB)
	328788  -  ResidentSetSize of job (KB)
...
006 (9466270.000.000) 07/18 01:42:46 Image size of job updated: 1458848
	322  -  MemoryUsage of job (MB)
	328848  -  ResidentSetSize of job (KB)
...
006 (9466270.000.000) 07/18 01:47:46 Image size of job updated: 1458848
	326  -  MemoryUsage of job (MB)
	333120  -  ResidentSetSize of job (KB)
...
006 (9466270.000.000) 07/18 01:52:46 Image size of job updated: 1458848
	326  -  MemoryUsage of job (MB)
	333316  -  ResidentSetSize of job (KB)
...
006 (9466270.000.000) 07/18 01:57:47 Image size of job updated: 1458848
	326  -  MemoryUsage of job (MB)
	333344  -  ResidentSetSize of job (KB)
...
006 (9466270.000.000) 07/18 02:12:49 Image size of job updated: 1458848
	326  -  MemoryUsage of job (MB)
	333360  -  ResidentSetSize of job (KB)
...
006 (9466270.000.000) 07/18 02:17:49 Image size of job updated: 1458848
	326  -  MemoryUsage of job (MB)
	333368  -  ResidentSetSize of job (KB)
...
006 (9466270.000.000) 07/18 02:32:51 Image size of job updated: 1458848
	327  -  MemoryUsage of job (MB)
	334364  -  ResidentSetSize of job (KB)
...
006 (9466270.000.000) 07/18 02:37:51 Image size of job updated: 1458848
	327  -  MemoryUsage of job (MB)
	334440  -  ResidentSetSize of job (KB)
...
006 (9466270.000.000) 07/18 02:42:52 Image size of job updated: 1459120
	328  -  MemoryUsage of job (MB)
	334860  -  ResidentSetSize of job (KB)
...
006 (9466270.000.000) 07/18 02:47:53 Image size of job updated: 1459956
	328  -  MemoryUsage of job (MB)
	335620  -  ResidentSetSize of job (KB)
...
006 (9466270.000.000) 07/18 02:52:53 Image size of job updated: 1460252
	328  -  MemoryUsage of job (MB)
	335872  -  ResidentSetSize of job (KB)
...
040 (9466270.000.000) 07/18 02:57:28 Started transferring output files
...
040 (9466270.000.000) 07/18 02:57:28 Finished transferring output files
...
005 (9466270.000.000) 07/18 02:57:28 Job terminated.
	(1) Normal termination (return value 0)
		Usr 0 02:15:04, Sys 0 00:00:41  -  Run Remote Usage
		Usr 0 00:00:00, Sys 0 00:00:00  -  Run Local Usage
		Usr 0 02:15:04, Sys 0 00:00:41  -  Total Remote Usage
		Usr 0 00:00:00, Sys 0 00:00:00  -  Total Local Usage
	14934  -  Run Bytes Sent By Job
	11175  -  Run Bytes Received By Job
	14934  -  Total Bytes Sent By Job
	11175  -  Total Bytes Received By Job
	Partitionable Resources :    Usage  Request Allocated 
	   Cpus                 :     0.94        1         1 
	   Disk (KB)            :    46          12   3022610 
	   Memory (MB)          :   328        2000      2000 

	Job terminated of its own accord at 2023-07-18T00:57:28Z.
...
