000 (9406811.000.000) 07/15 17:13:02 Job submitted from host: <137.138.120.116:9618?addrs=137.138.120.116-9618+[2001-1458-d00-16--17b]-9618&alias=bigbird12.cern.ch&noUDP&sock=schedd_8624_ecd7>
...
040 (9406811.000.000) 07/15 17:14:12 Started transferring input files
	Transferring to host: <188.184.162.172:9618?addrs=188.184.162.172-9618+[2001-1458-301-4a--100-a6]-9618&alias=b7s11p8469.cern.ch&noUDP&sock=slot1_15_122961_e5e1_184029>
...
040 (9406811.000.000) 07/15 17:14:13 Finished transferring input files
...
001 (9406811.000.000) 07/15 17:14:14 Job executing on host: <188.184.162.172:9618?addrs=188.184.162.172-9618+[2001-1458-301-4a--100-a6]-9618&alias=b7s11p8469.cern.ch&noUDP&sock=startd_28736_1595>
...
006 (9406811.000.000) 07/15 17:14:22 Image size of job updated: 229272
	155  -  MemoryUsage of job (MB)
	157996  -  ResidentSetSize of job (KB)
...
006 (9406811.000.000) 07/15 17:19:22 Image size of job updated: 1458404
	303  -  MemoryUsage of job (MB)
	309904  -  ResidentSetSize of job (KB)
...
006 (9406811.000.000) 07/15 17:24:23 Image size of job updated: 1458404
	304  -  MemoryUsage of job (MB)
	310580  -  ResidentSetSize of job (KB)
...
006 (9406811.000.000) 07/15 17:29:24 Image size of job updated: 1458404
	304  -  MemoryUsage of job (MB)
	310912  -  ResidentSetSize of job (KB)
...
006 (9406811.000.000) 07/15 17:34:24 Image size of job updated: 1458404
	304  -  MemoryUsage of job (MB)
	311000  -  ResidentSetSize of job (KB)
...
006 (9406811.000.000) 07/15 17:39:24 Image size of job updated: 1458404
	304  -  MemoryUsage of job (MB)
	311012  -  ResidentSetSize of job (KB)
...
006 (9406811.000.000) 07/15 17:44:25 Image size of job updated: 1458404
	304  -  MemoryUsage of job (MB)
	311104  -  ResidentSetSize of job (KB)
...
006 (9406811.000.000) 07/15 17:49:25 Image size of job updated: 1458404
	304  -  MemoryUsage of job (MB)
	311144  -  ResidentSetSize of job (KB)
...
006 (9406811.000.000) 07/15 17:54:25 Image size of job updated: 1458404
	304  -  MemoryUsage of job (MB)
	311168  -  ResidentSetSize of job (KB)
...
006 (9406811.000.000) 07/15 17:59:26 Image size of job updated: 1458404
	304  -  MemoryUsage of job (MB)
	311188  -  ResidentSetSize of job (KB)
...
006 (9406811.000.000) 07/15 18:04:27 Image size of job updated: 1458404
	304  -  MemoryUsage of job (MB)
	311232  -  ResidentSetSize of job (KB)
...
006 (9406811.000.000) 07/15 18:09:27 Image size of job updated: 1458660
	304  -  MemoryUsage of job (MB)
	311284  -  ResidentSetSize of job (KB)
...
006 (9406811.000.000) 07/15 18:14:28 Image size of job updated: 1458660
	304  -  MemoryUsage of job (MB)
	311296  -  ResidentSetSize of job (KB)
...
006 (9406811.000.000) 07/15 18:19:29 Image size of job updated: 1458660
	305  -  MemoryUsage of job (MB)
	311416  -  ResidentSetSize of job (KB)
...
006 (9406811.000.000) 07/15 18:24:29 Image size of job updated: 1458660
	305  -  MemoryUsage of job (MB)
	312072  -  ResidentSetSize of job (KB)
...
006 (9406811.000.000) 07/15 18:29:30 Image size of job updated: 1458668
	321  -  MemoryUsage of job (MB)
	327956  -  ResidentSetSize of job (KB)
...
006 (9406811.000.000) 07/15 18:34:31 Image size of job updated: 1458668
	321  -  MemoryUsage of job (MB)
	328068  -  ResidentSetSize of job (KB)
...
006 (9406811.000.000) 07/15 18:39:31 Image size of job updated: 1458668
	321  -  MemoryUsage of job (MB)
	328156  -  ResidentSetSize of job (KB)
...
006 (9406811.000.000) 07/15 18:44:32 Image size of job updated: 1458668
	325  -  MemoryUsage of job (MB)
	332356  -  ResidentSetSize of job (KB)
...
006 (9406811.000.000) 07/15 18:49:33 Image size of job updated: 1458668
	325  -  MemoryUsage of job (MB)
	332636  -  ResidentSetSize of job (KB)
...
006 (9406811.000.000) 07/15 18:54:33 Image size of job updated: 1458668
	325  -  MemoryUsage of job (MB)
	332684  -  ResidentSetSize of job (KB)
...
006 (9406811.000.000) 07/15 19:09:34 Image size of job updated: 1458668
	325  -  MemoryUsage of job (MB)
	332780  -  ResidentSetSize of job (KB)
...
006 (9406811.000.000) 07/15 19:14:34 Image size of job updated: 1458668
	325  -  MemoryUsage of job (MB)
	332788  -  ResidentSetSize of job (KB)
...
006 (9406811.000.000) 07/15 19:24:36 Image size of job updated: 1458668
	325  -  MemoryUsage of job (MB)
	332792  -  ResidentSetSize of job (KB)
...
006 (9406811.000.000) 07/15 19:29:36 Image size of job updated: 1458668
	327  -  MemoryUsage of job (MB)
	334452  -  ResidentSetSize of job (KB)
...
006 (9406811.000.000) 07/15 19:34:37 Image size of job updated: 1458668
	327  -  MemoryUsage of job (MB)
	334532  -  ResidentSetSize of job (KB)
...
006 (9406811.000.000) 07/15 19:39:38 Image size of job updated: 1459240
	328  -  MemoryUsage of job (MB)
	335084  -  ResidentSetSize of job (KB)
...
006 (9406811.000.000) 07/15 19:44:38 Image size of job updated: 1460060
	328  -  MemoryUsage of job (MB)
	335872  -  ResidentSetSize of job (KB)
...
006 (9406811.000.000) 07/15 19:49:39 Image size of job updated: 1460060
	329  -  MemoryUsage of job (MB)
	336132  -  ResidentSetSize of job (KB)
...
040 (9406811.000.000) 07/15 19:50:40 Started transferring output files
...
040 (9406811.000.000) 07/15 19:50:40 Finished transferring output files
...
005 (9406811.000.000) 07/15 19:50:40 Job terminated.
	(1) Normal termination (return value 0)
		Usr 0 02:04:38, Sys 0 00:00:14  -  Run Remote Usage
		Usr 0 00:00:00, Sys 0 00:00:00  -  Run Local Usage
		Usr 0 02:04:38, Sys 0 00:00:14  -  Total Remote Usage
		Usr 0 00:00:00, Sys 0 00:00:00  -  Total Local Usage
	14934  -  Run Bytes Sent By Job
	10609  -  Run Bytes Received By Job
	14934  -  Total Bytes Sent By Job
	10609  -  Total Bytes Received By Job
	Partitionable Resources :    Usage  Request Allocated 
	   Cpus                 :     0.81        1         1 
	   Disk (KB)            :    46          12   2937283 
	   Memory (MB)          :   329        2000      2000 

	Job terminated of its own accord at 2023-07-15T17:50:40Z.
...
