000 (9401213.000.000) 07/13 22:33:33 Job submitted from host: <137.138.120.116:9618?addrs=137.138.120.116-9618+[2001-1458-d00-16--17b]-9618&alias=bigbird12.cern.ch&noUDP&sock=schedd_8624_ecd7>
...
040 (9401213.000.000) 07/13 22:36:04 Started transferring input files
	Transferring to host: <128.142.192.164:9618?addrs=128.142.192.164-9618+[2001-1458-301-56--100-20]-9618&alias=b7g18p2229.cern.ch&noUDP&sock=slot1_9_5113_5229_7546>
...
040 (9401213.000.000) 07/13 22:36:04 Finished transferring input files
...
001 (9401213.000.000) 07/13 22:36:05 Job executing on host: <128.142.192.164:9618?addrs=128.142.192.164-9618+[2001-1458-301-56--100-20]-9618&alias=b7g18p2229.cern.ch&noUDP&sock=startd_5002_88d0>
...
006 (9401213.000.000) 07/13 22:36:14 Image size of job updated: 980784
	38  -  MemoryUsage of job (MB)
	38060  -  ResidentSetSize of job (KB)
...
006 (9401213.000.000) 07/13 22:41:15 Image size of job updated: 1459256
	304  -  MemoryUsage of job (MB)
	310872  -  ResidentSetSize of job (KB)
...
006 (9401213.000.000) 07/13 22:46:15 Image size of job updated: 1459256
	304  -  MemoryUsage of job (MB)
	311292  -  ResidentSetSize of job (KB)
...
006 (9401213.000.000) 07/13 22:51:16 Image size of job updated: 1459256
	305  -  MemoryUsage of job (MB)
	311504  -  ResidentSetSize of job (KB)
...
006 (9401213.000.000) 07/13 22:56:16 Image size of job updated: 1459256
	305  -  MemoryUsage of job (MB)
	311572  -  ResidentSetSize of job (KB)
...
006 (9401213.000.000) 07/13 23:01:16 Image size of job updated: 1459256
	305  -  MemoryUsage of job (MB)
	311576  -  ResidentSetSize of job (KB)
...
006 (9401213.000.000) 07/13 23:11:18 Image size of job updated: 1459256
	305  -  MemoryUsage of job (MB)
	311588  -  ResidentSetSize of job (KB)
...
006 (9401213.000.000) 07/13 23:21:19 Image size of job updated: 1459256
	305  -  MemoryUsage of job (MB)
	311672  -  ResidentSetSize of job (KB)
...
006 (9401213.000.000) 07/13 23:26:20 Image size of job updated: 1459264
	321  -  MemoryUsage of job (MB)
	328068  -  ResidentSetSize of job (KB)
...
006 (9401213.000.000) 07/13 23:31:20 Image size of job updated: 1459264
	322  -  MemoryUsage of job (MB)
	328748  -  ResidentSetSize of job (KB)
...
006 (9401213.000.000) 07/13 23:36:20 Image size of job updated: 1459264
	322  -  MemoryUsage of job (MB)
	328888  -  ResidentSetSize of job (KB)
...
006 (9401213.000.000) 07/13 23:46:21 Image size of job updated: 1459264
	322  -  MemoryUsage of job (MB)
	328892  -  ResidentSetSize of job (KB)
...
006 (9401213.000.000) 07/13 23:51:21 Image size of job updated: 1459264
	322  -  MemoryUsage of job (MB)
	328896  -  ResidentSetSize of job (KB)
...
006 (9401213.000.000) 07/14 00:06:22 Image size of job updated: 1459264
	322  -  MemoryUsage of job (MB)
	328976  -  ResidentSetSize of job (KB)
...
006 (9401213.000.000) 07/14 00:11:23 Image size of job updated: 1459264
	322  -  MemoryUsage of job (MB)
	329116  -  ResidentSetSize of job (KB)
...
006 (9401213.000.000) 07/14 00:16:23 Image size of job updated: 1459264
	328  -  MemoryUsage of job (MB)
	335128  -  ResidentSetSize of job (KB)
...
006 (9401213.000.000) 07/14 00:21:23 Image size of job updated: 1459264
	328  -  MemoryUsage of job (MB)
	335160  -  ResidentSetSize of job (KB)
...
006 (9401213.000.000) 07/14 00:36:25 Image size of job updated: 1459264
	328  -  MemoryUsage of job (MB)
	335224  -  ResidentSetSize of job (KB)
...
006 (9401213.000.000) 07/14 01:01:28 Image size of job updated: 1459520
	328  -  MemoryUsage of job (MB)
	335224  -  ResidentSetSize of job (KB)
...
006 (9401213.000.000) 07/14 01:06:28 Image size of job updated: 1459520
	328  -  MemoryUsage of job (MB)
	335784  -  ResidentSetSize of job (KB)
...
006 (9401213.000.000) 07/14 02:01:34 Image size of job updated: 1459520
	328  -  MemoryUsage of job (MB)
	335872  -  ResidentSetSize of job (KB)
...
006 (9401213.000.000) 07/14 02:06:35 Image size of job updated: 1459520
	329  -  MemoryUsage of job (MB)
	335888  -  ResidentSetSize of job (KB)
...
006 (9401213.000.000) 07/14 02:11:35 Image size of job updated: 1459520
	329  -  MemoryUsage of job (MB)
	335904  -  ResidentSetSize of job (KB)
...
006 (9401213.000.000) 07/14 02:41:37 Image size of job updated: 1459520
	329  -  MemoryUsage of job (MB)
	336088  -  ResidentSetSize of job (KB)
...
006 (9401213.000.000) 07/14 03:31:42 Image size of job updated: 1459520
	329  -  MemoryUsage of job (MB)
	336108  -  ResidentSetSize of job (KB)
...
006 (9401213.000.000) 07/14 03:46:44 Image size of job updated: 1459520
	329  -  MemoryUsage of job (MB)
	336124  -  ResidentSetSize of job (KB)
...
006 (9401213.000.000) 07/14 04:16:48 Image size of job updated: 1459520
	329  -  MemoryUsage of job (MB)
	336128  -  ResidentSetSize of job (KB)
...
006 (9401213.000.000) 07/14 04:21:48 Image size of job updated: 1461532
	331  -  MemoryUsage of job (MB)
	338512  -  ResidentSetSize of job (KB)
...
006 (9401213.000.000) 07/14 04:26:48 Image size of job updated: 1461820
	331  -  MemoryUsage of job (MB)
	338688  -  ResidentSetSize of job (KB)
...
006 (9401213.000.000) 07/14 04:31:49 Image size of job updated: 1461820
	331  -  MemoryUsage of job (MB)
	338692  -  ResidentSetSize of job (KB)
...
006 (9401213.000.000) 07/14 04:36:49 Image size of job updated: 1461820
	331  -  MemoryUsage of job (MB)
	338696  -  ResidentSetSize of job (KB)
...
040 (9401213.000.000) 07/14 04:49:08 Started transferring output files
...
040 (9401213.000.000) 07/14 04:49:08 Finished transferring output files
...
005 (9401213.000.000) 07/14 04:49:08 Job terminated.
	(1) Normal termination (return value 0)
		Usr 0 04:42:41, Sys 0 00:02:01  -  Run Remote Usage
		Usr 0 00:00:00, Sys 0 00:00:00  -  Run Local Usage
		Usr 0 04:42:41, Sys 0 00:02:01  -  Total Remote Usage
		Usr 0 00:00:00, Sys 0 00:00:00  -  Total Local Usage
	33604  -  Run Bytes Sent By Job
	10613  -  Run Bytes Received By Job
	33604  -  Total Bytes Sent By Job
	10613  -  Total Bytes Received By Job
	Partitionable Resources :    Usage  Request Allocated 
	   Cpus                 :     0.26        1         1 
	   Disk (KB)            :    64          12   3014455 
	   Memory (MB)          :   331        2000      2000 

	Job terminated of its own accord at 2023-07-14T02:49:08Z.
...
000 (9406113.000.000) 07/14 16:24:30 Job submitted from host: <137.138.120.116:9618?addrs=137.138.120.116-9618+[2001-1458-d00-16--17b]-9618&alias=bigbird12.cern.ch&noUDP&sock=schedd_8624_ecd7>
...
000 (9406133.000.000) 07/14 16:26:48 Job submitted from host: <137.138.120.116:9618?addrs=137.138.120.116-9618+[2001-1458-d00-16--17b]-9618&alias=bigbird12.cern.ch&noUDP&sock=schedd_8624_ecd7>
...
000 (9406153.000.000) 07/14 16:28:44 Job submitted from host: <137.138.120.116:9618?addrs=137.138.120.116-9618+[2001-1458-d00-16--17b]-9618&alias=bigbird12.cern.ch&noUDP&sock=schedd_8624_ecd7>
...
040 (9406113.000.000) 07/14 16:29:51 Started transferring input files
	Transferring to host: <128.142.58.31:9618?addrs=128.142.58.31-9618+[2001-1458-301-16--100-1e]-9618&alias=b7s03p5163.cern.ch&noUDP&sock=slot1_15_4088_1d9f_105743>
...
040 (9406113.000.000) 07/14 16:29:51 Finished transferring input files
...
001 (9406113.000.000) 07/14 16:29:52 Job executing on host: <128.142.58.31:9618?addrs=128.142.58.31-9618+[2001-1458-301-16--100-1e]-9618&alias=b7s03p5163.cern.ch&noUDP&sock=startd_2963_f334>
...
040 (9406133.000.000) 07/14 16:29:57 Started transferring input files
	Transferring to host: <128.142.58.31:9618?addrs=128.142.58.31-9618+[2001-1458-301-16--100-1e]-9618&alias=b7s03p5163.cern.ch&noUDP&sock=slot1_22_4088_1d9f_105747>
...
040 (9406133.000.000) 07/14 16:29:57 Finished transferring input files
...
001 (9406133.000.000) 07/14 16:29:58 Job executing on host: <128.142.58.31:9618?addrs=128.142.58.31-9618+[2001-1458-301-16--100-1e]-9618&alias=b7s03p5163.cern.ch&noUDP&sock=startd_2963_f334>
...
006 (9406113.000.000) 07/14 16:30:01 Image size of job updated: 937716
	78  -  MemoryUsage of job (MB)
	79736  -  ResidentSetSize of job (KB)
...
040 (9406153.000.000) 07/14 16:30:05 Started transferring input files
	Transferring to host: <128.142.131.76:9618?addrs=128.142.131.76-9618+[2001-1458-301-59--100-40]-9618&alias=b7g11p1957.cern.ch&noUDP&sock=slot1_48_3882_f857_101300>
...
040 (9406153.000.000) 07/14 16:30:05 Finished transferring input files
...
001 (9406153.000.000) 07/14 16:30:06 Job executing on host: <128.142.131.76:9618?addrs=128.142.131.76-9618+[2001-1458-301-59--100-40]-9618&alias=b7g11p1957.cern.ch&noUDP&sock=startd_3193_b5fd>
...
006 (9406133.000.000) 07/14 16:30:07 Image size of job updated: 896824
	161  -  MemoryUsage of job (MB)
	164256  -  ResidentSetSize of job (KB)
...
006 (9406153.000.000) 07/14 16:30:14 Image size of job updated: 210052
	206  -  MemoryUsage of job (MB)
	210052  -  ResidentSetSize of job (KB)
...
006 (9406113.000.000) 07/14 16:35:02 Image size of job updated: 1459280
	304  -  MemoryUsage of job (MB)
	311052  -  ResidentSetSize of job (KB)
...
006 (9406133.000.000) 07/14 16:35:07 Image size of job updated: 1458964
	304  -  MemoryUsage of job (MB)
	311004  -  ResidentSetSize of job (KB)
...
006 (9406153.000.000) 07/14 16:35:14 Image size of job updated: 1458964
	304  -  MemoryUsage of job (MB)
	310816  -  ResidentSetSize of job (KB)
...
006 (9406113.000.000) 07/14 16:40:02 Image size of job updated: 1459280
	305  -  MemoryUsage of job (MB)
	311536  -  ResidentSetSize of job (KB)
...
006 (9406133.000.000) 07/14 16:40:07 Image size of job updated: 1458964
	305  -  MemoryUsage of job (MB)
	311388  -  ResidentSetSize of job (KB)
...
006 (9406153.000.000) 07/14 16:40:15 Image size of job updated: 1458964
	305  -  MemoryUsage of job (MB)
	311300  -  ResidentSetSize of job (KB)
...
006 (9406113.000.000) 07/14 16:45:03 Image size of job updated: 1459280
	305  -  MemoryUsage of job (MB)
	311608  -  ResidentSetSize of job (KB)
...
006 (9406133.000.000) 07/14 16:45:08 Image size of job updated: 1458964
	305  -  MemoryUsage of job (MB)
	311480  -  ResidentSetSize of job (KB)
...
006 (9406153.000.000) 07/14 16:45:16 Image size of job updated: 1458964
	305  -  MemoryUsage of job (MB)
	311360  -  ResidentSetSize of job (KB)
...
006 (9406113.000.000) 07/14 16:50:04 Image size of job updated: 1459280
	305  -  MemoryUsage of job (MB)
	311612  -  ResidentSetSize of job (KB)
...
006 (9406133.000.000) 07/14 16:50:09 Image size of job updated: 1458964
	305  -  MemoryUsage of job (MB)
	311500  -  ResidentSetSize of job (KB)
...
006 (9406153.000.000) 07/14 16:50:16 Image size of job updated: 1458964
	305  -  MemoryUsage of job (MB)
	311464  -  ResidentSetSize of job (KB)
...
006 (9406113.000.000) 07/14 16:55:04 Image size of job updated: 1459280
	305  -  MemoryUsage of job (MB)
	311708  -  ResidentSetSize of job (KB)
...
006 (9406133.000.000) 07/14 16:55:09 Image size of job updated: 1458964
	305  -  MemoryUsage of job (MB)
	311536  -  ResidentSetSize of job (KB)
...
006 (9406153.000.000) 07/14 16:55:17 Image size of job updated: 1458964
	305  -  MemoryUsage of job (MB)
	311468  -  ResidentSetSize of job (KB)
...
006 (9406113.000.000) 07/14 17:00:04 Image size of job updated: 1459280
	305  -  MemoryUsage of job (MB)
	311792  -  ResidentSetSize of job (KB)
...
006 (9406133.000.000) 07/14 17:00:10 Image size of job updated: 1458964
	305  -  MemoryUsage of job (MB)
	311608  -  ResidentSetSize of job (KB)
...
006 (9406153.000.000) 07/14 17:00:18 Image size of job updated: 1458964
	305  -  MemoryUsage of job (MB)
	311476  -  ResidentSetSize of job (KB)
...
006 (9406113.000.000) 07/14 17:05:05 Image size of job updated: 1459288
	320  -  MemoryUsage of job (MB)
	327600  -  ResidentSetSize of job (KB)
...
006 (9406133.000.000) 07/14 17:05:11 Image size of job updated: 1458972
	320  -  MemoryUsage of job (MB)
	326868  -  ResidentSetSize of job (KB)
...
006 (9406153.000.000) 07/14 17:05:18 Image size of job updated: 1458964
	305  -  MemoryUsage of job (MB)
	311500  -  ResidentSetSize of job (KB)
...
006 (9406113.000.000) 07/14 17:10:06 Image size of job updated: 1459288
	320  -  MemoryUsage of job (MB)
	327632  -  ResidentSetSize of job (KB)
...
006 (9406133.000.000) 07/14 17:10:11 Image size of job updated: 1458972
	320  -  MemoryUsage of job (MB)
	326936  -  ResidentSetSize of job (KB)
...
006 (9406153.000.000) 07/14 17:10:18 Image size of job updated: 1458964
	305  -  MemoryUsage of job (MB)
	311556  -  ResidentSetSize of job (KB)
...
006 (9406153.000.000) 07/14 17:15:20 Image size of job updated: 1458964
	305  -  MemoryUsage of job (MB)
	312000  -  ResidentSetSize of job (KB)
...
006 (9406133.000.000) 07/14 17:20:12 Image size of job updated: 1458972
	320  -  MemoryUsage of job (MB)
	326944  -  ResidentSetSize of job (KB)
...
006 (9406153.000.000) 07/14 17:20:20 Image size of job updated: 1458972
	322  -  MemoryUsage of job (MB)
	329620  -  ResidentSetSize of job (KB)
...
006 (9406113.000.000) 07/14 17:25:08 Image size of job updated: 1459288
	321  -  MemoryUsage of job (MB)
	327800  -  ResidentSetSize of job (KB)
...
006 (9406133.000.000) 07/14 17:25:13 Image size of job updated: 1458972
	320  -  MemoryUsage of job (MB)
	327012  -  ResidentSetSize of job (KB)
...
006 (9406153.000.000) 07/14 17:25:20 Image size of job updated: 1458972
	323  -  MemoryUsage of job (MB)
	329784  -  ResidentSetSize of job (KB)
...
006 (9406113.000.000) 07/14 17:30:08 Image size of job updated: 1459288
	325  -  MemoryUsage of job (MB)
	332764  -  ResidentSetSize of job (KB)
...
006 (9406133.000.000) 07/14 17:30:13 Image size of job updated: 1458972
	326  -  MemoryUsage of job (MB)
	333380  -  ResidentSetSize of job (KB)
...
006 (9406153.000.000) 07/14 17:30:21 Image size of job updated: 1458972
	323  -  MemoryUsage of job (MB)
	329796  -  ResidentSetSize of job (KB)
...
006 (9406113.000.000) 07/14 17:35:08 Image size of job updated: 1459288
	326  -  MemoryUsage of job (MB)
	332812  -  ResidentSetSize of job (KB)
...
006 (9406133.000.000) 07/14 17:35:13 Image size of job updated: 1458972
	326  -  MemoryUsage of job (MB)
	333444  -  ResidentSetSize of job (KB)
...
006 (9406153.000.000) 07/14 17:35:22 Image size of job updated: 1458972
	323  -  MemoryUsage of job (MB)
	329804  -  ResidentSetSize of job (KB)
...
006 (9406133.000.000) 07/14 17:40:14 Image size of job updated: 1458972
	326  -  MemoryUsage of job (MB)
	333448  -  ResidentSetSize of job (KB)
...
006 (9406113.000.000) 07/14 17:45:10 Image size of job updated: 1459544
	326  -  MemoryUsage of job (MB)
	332876  -  ResidentSetSize of job (KB)
...
006 (9406133.000.000) 07/14 17:45:14 Image size of job updated: 1458972
	326  -  MemoryUsage of job (MB)
	333512  -  ResidentSetSize of job (KB)
...
006 (9406153.000.000) 07/14 17:50:23 Image size of job updated: 1458972
	323  -  MemoryUsage of job (MB)
	329808  -  ResidentSetSize of job (KB)
...
006 (9406113.000.000) 07/14 17:55:10 Image size of job updated: 1459544
	326  -  MemoryUsage of job (MB)
	332900  -  ResidentSetSize of job (KB)
...
006 (9406113.000.000) 07/14 18:00:11 Image size of job updated: 1459544
	328  -  MemoryUsage of job (MB)
	335048  -  ResidentSetSize of job (KB)
...
006 (9406133.000.000) 07/14 18:00:16 Image size of job updated: 1458972
	326  -  MemoryUsage of job (MB)
	333592  -  ResidentSetSize of job (KB)
...
006 (9406153.000.000) 07/14 18:00:23 Image size of job updated: 1458972
	323  -  MemoryUsage of job (MB)
	329956  -  ResidentSetSize of job (KB)
...
006 (9406113.000.000) 07/14 18:05:11 Image size of job updated: 1459544
	328  -  MemoryUsage of job (MB)
	335088  -  ResidentSetSize of job (KB)
...
006 (9406133.000.000) 07/14 18:05:16 Image size of job updated: 1458972
	327  -  MemoryUsage of job (MB)
	334784  -  ResidentSetSize of job (KB)
...
006 (9406153.000.000) 07/14 18:05:24 Image size of job updated: 1458972
	328  -  MemoryUsage of job (MB)
	334864  -  ResidentSetSize of job (KB)
...
006 (9406133.000.000) 07/14 18:10:16 Image size of job updated: 1458972
	327  -  MemoryUsage of job (MB)
	334788  -  ResidentSetSize of job (KB)
...
006 (9406153.000.000) 07/14 18:10:25 Image size of job updated: 1458972
	328  -  MemoryUsage of job (MB)
	335064  -  ResidentSetSize of job (KB)
...
006 (9406133.000.000) 07/14 18:15:17 Image size of job updated: 1458972
	327  -  MemoryUsage of job (MB)
	334792  -  ResidentSetSize of job (KB)
...
006 (9406153.000.000) 07/14 18:15:25 Image size of job updated: 1458972
	328  -  MemoryUsage of job (MB)
	335104  -  ResidentSetSize of job (KB)
...
006 (9406113.000.000) 07/14 18:30:13 Image size of job updated: 1459544
	328  -  MemoryUsage of job (MB)
	335760  -  ResidentSetSize of job (KB)
...
006 (9406153.000.000) 07/14 18:30:26 Image size of job updated: 1458972
	328  -  MemoryUsage of job (MB)
	335176  -  ResidentSetSize of job (KB)
...
006 (9406113.000.000) 07/14 18:35:14 Image size of job updated: 1459544
	329  -  MemoryUsage of job (MB)
	336008  -  ResidentSetSize of job (KB)
...
006 (9406133.000.000) 07/14 18:35:20 Image size of job updated: 1458972
	329  -  MemoryUsage of job (MB)
	336000  -  ResidentSetSize of job (KB)
...
006 (9406153.000.000) 07/14 18:50:28 Image size of job updated: 1458972
	328  -  MemoryUsage of job (MB)
	335196  -  ResidentSetSize of job (KB)
...
006 (9406113.000.000) 07/14 18:55:16 Image size of job updated: 1459544
	329  -  MemoryUsage of job (MB)
	336120  -  ResidentSetSize of job (KB)
...
006 (9406133.000.000) 07/14 18:55:21 Image size of job updated: 1458972
	329  -  MemoryUsage of job (MB)
	336092  -  ResidentSetSize of job (KB)
...
006 (9406153.000.000) 07/14 18:55:28 Image size of job updated: 1459228
	328  -  MemoryUsage of job (MB)
	335196  -  ResidentSetSize of job (KB)
...
006 (9406153.000.000) 07/14 19:00:29 Image size of job updated: 1459228
	328  -  MemoryUsage of job (MB)
	335620  -  ResidentSetSize of job (KB)
...
006 (9406113.000.000) 07/14 19:25:18 Image size of job updated: 1459544
	329  -  MemoryUsage of job (MB)
	336124  -  ResidentSetSize of job (KB)
...
006 (9406133.000.000) 07/14 19:25:23 Image size of job updated: 1458972
	329  -  MemoryUsage of job (MB)
	336128  -  ResidentSetSize of job (KB)
...
006 (9406113.000.000) 07/14 19:30:19 Image size of job updated: 1459544
	329  -  MemoryUsage of job (MB)
	336188  -  ResidentSetSize of job (KB)
...
006 (9406153.000.000) 07/14 19:50:34 Image size of job updated: 1459228
	329  -  MemoryUsage of job (MB)
	336116  -  ResidentSetSize of job (KB)
...
006 (9406113.000.000) 07/14 19:55:21 Image size of job updated: 1459544
	329  -  MemoryUsage of job (MB)
	336212  -  ResidentSetSize of job (KB)
...
006 (9406133.000.000) 07/14 19:55:27 Image size of job updated: 1458972
	329  -  MemoryUsage of job (MB)
	336148  -  ResidentSetSize of job (KB)
...
006 (9406153.000.000) 07/14 19:55:36 Image size of job updated: 1459228
	329  -  MemoryUsage of job (MB)
	336128  -  ResidentSetSize of job (KB)
...
006 (9406113.000.000) 07/14 20:00:21 Image size of job updated: 1461980
	332  -  MemoryUsage of job (MB)
	339044  -  ResidentSetSize of job (KB)
...
006 (9406133.000.000) 07/14 20:00:27 Image size of job updated: 1461804
	332  -  MemoryUsage of job (MB)
	338960  -  ResidentSetSize of job (KB)
...
006 (9406113.000.000) 07/14 20:05:22 Image size of job updated: 1461980
	332  -  MemoryUsage of job (MB)
	339052  -  ResidentSetSize of job (KB)
...
006 (9406133.000.000) 07/14 20:05:28 Image size of job updated: 1461804
	332  -  MemoryUsage of job (MB)
	338964  -  ResidentSetSize of job (KB)
...
040 (9406133.000.000) 07/14 20:06:08 Started transferring output files
...
040 (9406133.000.000) 07/14 20:06:08 Finished transferring output files
...
005 (9406133.000.000) 07/14 20:06:08 Job terminated.
	(1) Normal termination (return value 0)
		Usr 0 02:27:29, Sys 0 00:00:38  -  Run Remote Usage
		Usr 0 00:00:00, Sys 0 00:00:00  -  Run Local Usage
		Usr 0 02:27:29, Sys 0 00:00:38  -  Total Remote Usage
		Usr 0 00:00:00, Sys 0 00:00:00  -  Total Local Usage
	33604  -  Run Bytes Sent By Job
	11151  -  Run Bytes Received By Job
	33604  -  Total Bytes Sent By Job
	11151  -  Total Bytes Received By Job
	Partitionable Resources :    Usage  Request Allocated 
	   Cpus                 :     0.74        1         1 
	   Disk (KB)            :    65          12   1371059 
	   Memory (MB)          :   332        2000      2000 

	Job terminated of its own accord at 2023-07-14T18:06:08Z.
...
040 (9406113.000.000) 07/14 20:06:39 Started transferring output files
...
040 (9406113.000.000) 07/14 20:06:39 Finished transferring output files
...
005 (9406113.000.000) 07/14 20:06:39 Job terminated.
	(1) Normal termination (return value 0)
		Usr 0 02:28:14, Sys 0 00:00:38  -  Run Remote Usage
		Usr 0 00:00:00, Sys 0 00:00:00  -  Run Local Usage
		Usr 0 02:28:14, Sys 0 00:00:38  -  Total Remote Usage
		Usr 0 00:00:00, Sys 0 00:00:00  -  Total Local Usage
	33604  -  Run Bytes Sent By Job
	11151  -  Run Bytes Received By Job
	33604  -  Total Bytes Sent By Job
	11151  -  Total Bytes Received By Job
	Partitionable Resources :    Usage  Request Allocated 
	   Cpus                 :     0.68        1         1 
	   Disk (KB)            :    65          12   1371081 
	   Memory (MB)          :   332        2000      2000 

	Job terminated of its own accord at 2023-07-14T18:06:39Z.
...
006 (9406153.000.000) 07/14 20:20:38 Image size of job updated: 1459228
	329  -  MemoryUsage of job (MB)
	336136  -  ResidentSetSize of job (KB)
...
006 (9406153.000.000) 07/14 20:25:38 Image size of job updated: 1459228
	329  -  MemoryUsage of job (MB)
	336148  -  ResidentSetSize of job (KB)
...
006 (9406153.000.000) 07/14 22:05:48 Image size of job updated: 1461816
	331  -  MemoryUsage of job (MB)
	338788  -  ResidentSetSize of job (KB)
...
006 (9406153.000.000) 07/14 22:10:49 Image size of job updated: 1461960
	332  -  MemoryUsage of job (MB)
	338984  -  ResidentSetSize of job (KB)
...
006 (9406153.000.000) 07/14 22:15:50 Image size of job updated: 1461960
	332  -  MemoryUsage of job (MB)
	339008  -  ResidentSetSize of job (KB)
...
040 (9406153.000.000) 07/14 22:18:31 Started transferring output files
...
040 (9406153.000.000) 07/14 22:18:31 Finished transferring output files
...
005 (9406153.000.000) 07/14 22:18:31 Job terminated.
	(1) Normal termination (return value 0)
		Usr 0 04:39:01, Sys 0 00:01:09  -  Run Remote Usage
		Usr 0 00:00:00, Sys 0 00:00:00  -  Run Local Usage
		Usr 0 04:39:01, Sys 0 00:01:09  -  Total Remote Usage
		Usr 0 00:00:00, Sys 0 00:00:00  -  Total Local Usage
	33604  -  Run Bytes Sent By Job
	11151  -  Run Bytes Received By Job
	33604  -  Total Bytes Sent By Job
	11151  -  Total Bytes Received By Job
	Partitionable Resources :    Usage  Request Allocated 
	   Cpus                 :     0.74        1         1 
	   Disk (KB)            :    65          12   1680319 
	   Memory (MB)          :   332        2000      2000 

	Job terminated of its own accord at 2023-07-14T20:18:31Z.
...
000 (9406790.000.000) 07/15 17:10:51 Job submitted from host: <137.138.120.116:9618?addrs=137.138.120.116-9618+[2001-1458-d00-16--17b]-9618&alias=bigbird12.cern.ch&noUDP&sock=schedd_8624_ecd7>
...
040 (9406790.000.000) 07/15 17:14:08 Started transferring input files
	Transferring to host: <128.142.61.151:9618?addrs=128.142.61.151-9618+[2001-1458-301-23--100-96]-9618&alias=b7s06p7731.cern.ch&noUDP&sock=slot1_25_6252_d977_158157>
...
040 (9406790.000.000) 07/15 17:14:08 Finished transferring input files
...
001 (9406790.000.000) 07/15 17:14:09 Job executing on host: <128.142.61.151:9618?addrs=128.142.61.151-9618+[2001-1458-301-23--100-96]-9618&alias=b7s06p7731.cern.ch&noUDP&sock=startd_5080_0933>
...
006 (9406790.000.000) 07/15 17:14:19 Image size of job updated: 74364
	41  -  MemoryUsage of job (MB)
	41672  -  ResidentSetSize of job (KB)
...
006 (9406790.000.000) 07/15 17:19:19 Image size of job updated: 1458964
	304  -  MemoryUsage of job (MB)
	310940  -  ResidentSetSize of job (KB)
...
006 (9406790.000.000) 07/15 17:24:19 Image size of job updated: 1458964
	305  -  MemoryUsage of job (MB)
	311336  -  ResidentSetSize of job (KB)
...
006 (9406790.000.000) 07/15 17:29:20 Image size of job updated: 1458964
	305  -  MemoryUsage of job (MB)
	311460  -  ResidentSetSize of job (KB)
...
006 (9406790.000.000) 07/15 17:34:21 Image size of job updated: 1458964
	305  -  MemoryUsage of job (MB)
	311472  -  ResidentSetSize of job (KB)
...
006 (9406790.000.000) 07/15 17:39:21 Image size of job updated: 1458964
	305  -  MemoryUsage of job (MB)
	311476  -  ResidentSetSize of job (KB)
...
006 (9406790.000.000) 07/15 17:44:22 Image size of job updated: 1458964
	305  -  MemoryUsage of job (MB)
	311536  -  ResidentSetSize of job (KB)
...
006 (9406790.000.000) 07/15 17:49:23 Image size of job updated: 1458964
	305  -  MemoryUsage of job (MB)
	312044  -  ResidentSetSize of job (KB)
...
006 (9406790.000.000) 07/15 17:54:23 Image size of job updated: 1458972
	322  -  MemoryUsage of job (MB)
	329308  -  ResidentSetSize of job (KB)
...
006 (9406790.000.000) 07/15 17:59:23 Image size of job updated: 1458972
	322  -  MemoryUsage of job (MB)
	329432  -  ResidentSetSize of job (KB)
...
006 (9406790.000.000) 07/15 18:04:24 Image size of job updated: 1458972
	322  -  MemoryUsage of job (MB)
	329436  -  ResidentSetSize of job (KB)
...
006 (9406790.000.000) 07/15 18:09:24 Image size of job updated: 1458972
	322  -  MemoryUsage of job (MB)
	329444  -  ResidentSetSize of job (KB)
...
006 (9406790.000.000) 07/15 18:14:24 Image size of job updated: 1458972
	322  -  MemoryUsage of job (MB)
	329456  -  ResidentSetSize of job (KB)
...
006 (9406790.000.000) 07/15 18:19:26 Image size of job updated: 1458972
	322  -  MemoryUsage of job (MB)
	329576  -  ResidentSetSize of job (KB)
...
006 (9406790.000.000) 07/15 18:24:26 Image size of job updated: 1458972
	326  -  MemoryUsage of job (MB)
	333572  -  ResidentSetSize of job (KB)
...
006 (9406790.000.000) 07/15 18:29:26 Image size of job updated: 1458972
	326  -  MemoryUsage of job (MB)
	333752  -  ResidentSetSize of job (KB)
...
006 (9406790.000.000) 07/15 18:34:27 Image size of job updated: 1458972
	326  -  MemoryUsage of job (MB)
	333756  -  ResidentSetSize of job (KB)
...
006 (9406790.000.000) 07/15 18:44:28 Image size of job updated: 1458972
	326  -  MemoryUsage of job (MB)
	333820  -  ResidentSetSize of job (KB)
...
006 (9406790.000.000) 07/15 18:49:29 Image size of job updated: 1458972
	326  -  MemoryUsage of job (MB)
	333824  -  ResidentSetSize of job (KB)
...
006 (9406790.000.000) 07/15 18:59:30 Image size of job updated: 1458972
	327  -  MemoryUsage of job (MB)
	333864  -  ResidentSetSize of job (KB)
...
006 (9406790.000.000) 07/15 19:04:31 Image size of job updated: 1458972
	328  -  MemoryUsage of job (MB)
	335368  -  ResidentSetSize of job (KB)
...
006 (9406790.000.000) 07/15 19:09:32 Image size of job updated: 1458972
	328  -  MemoryUsage of job (MB)
	335384  -  ResidentSetSize of job (KB)
...
006 (9406790.000.000) 07/15 19:39:34 Image size of job updated: 1458972
	329  -  MemoryUsage of job (MB)
	335972  -  ResidentSetSize of job (KB)
...
006 (9406790.000.000) 07/15 20:04:37 Image size of job updated: 1458972
	329  -  MemoryUsage of job (MB)
	336120  -  ResidentSetSize of job (KB)
...
006 (9406790.000.000) 07/15 20:39:40 Image size of job updated: 1458972
	329  -  MemoryUsage of job (MB)
	336140  -  ResidentSetSize of job (KB)
...
006 (9406790.000.000) 07/15 21:19:46 Image size of job updated: 1461780
	331  -  MemoryUsage of job (MB)
	338824  -  ResidentSetSize of job (KB)
...
006 (9406790.000.000) 07/15 21:24:46 Image size of job updated: 1461780
	331  -  MemoryUsage of job (MB)
	338832  -  ResidentSetSize of job (KB)
...
040 (9406790.000.000) 07/15 21:27:22 Started transferring output files
...
040 (9406790.000.000) 07/15 21:27:22 Finished transferring output files
...
005 (9406790.000.000) 07/15 21:27:22 Job terminated.
	(1) Normal termination (return value 0)
		Usr 0 02:59:15, Sys 0 00:00:41  -  Run Remote Usage
		Usr 0 00:00:00, Sys 0 00:00:00  -  Run Local Usage
		Usr 0 02:59:15, Sys 0 00:00:41  -  Total Remote Usage
		Usr 0 00:00:00, Sys 0 00:00:00  -  Total Local Usage
	33604  -  Run Bytes Sent By Job
	10609  -  Run Bytes Received By Job
	33604  -  Total Bytes Sent By Job
	10609  -  Total Bytes Received By Job
	Partitionable Resources :    Usage  Request Allocated 
	   Cpus                 :     0.81        1         1 
	   Disk (KB)            :    64          12   1220207 
	   Memory (MB)          :   331        2000      2000 

	Job terminated of its own accord at 2023-07-15T19:27:22Z.
...
000 (9466269.000.000) 07/18 00:07:42 Job submitted from host: <137.138.120.116:9618?addrs=137.138.120.116-9618+[2001-1458-d00-16--17b]-9618&alias=bigbird12.cern.ch&noUDP&sock=schedd_8624_ecd7>
...
040 (9466269.000.000) 07/18 00:12:25 Started transferring input files
	Transferring to host: <128.142.195.102:9618?addrs=128.142.195.102-9618+[2001-1458-301-26--100-66]-9618&alias=b7g31p1577.cern.ch&noUDP&sock=slot1_15_4138_5861_100464>
...
040 (9466269.000.000) 07/18 00:12:25 Finished transferring input files
...
001 (9466269.000.000) 07/18 00:12:26 Job executing on host: <128.142.195.102:9618?addrs=128.142.195.102-9618+[2001-1458-301-26--100-66]-9618&alias=b7g31p1577.cern.ch&noUDP&sock=startd_3088_b08b>
...
006 (9466269.000.000) 07/18 00:12:34 Image size of job updated: 830304
	132  -  MemoryUsage of job (MB)
	134468  -  ResidentSetSize of job (KB)
...
006 (9466269.000.000) 07/18 00:17:34 Image size of job updated: 1459032
	304  -  MemoryUsage of job (MB)
	311256  -  ResidentSetSize of job (KB)
...
006 (9466269.000.000) 07/18 00:22:35 Image size of job updated: 1459032
	305  -  MemoryUsage of job (MB)
	311432  -  ResidentSetSize of job (KB)
...
006 (9466269.000.000) 07/18 00:27:35 Image size of job updated: 1459032
	305  -  MemoryUsage of job (MB)
	311540  -  ResidentSetSize of job (KB)
...
006 (9466269.000.000) 07/18 00:32:35 Image size of job updated: 1459032
	305  -  MemoryUsage of job (MB)
	311572  -  ResidentSetSize of job (KB)
...
006 (9466269.000.000) 07/18 00:37:36 Image size of job updated: 1459032
	305  -  MemoryUsage of job (MB)
	311648  -  ResidentSetSize of job (KB)
...
006 (9466269.000.000) 07/18 00:42:37 Image size of job updated: 1459040
	322  -  MemoryUsage of job (MB)
	329156  -  ResidentSetSize of job (KB)
...
006 (9466269.000.000) 07/18 00:47:37 Image size of job updated: 1459040
	322  -  MemoryUsage of job (MB)
	329396  -  ResidentSetSize of job (KB)
...
006 (9466269.000.000) 07/18 00:52:37 Image size of job updated: 1459040
	322  -  MemoryUsage of job (MB)
	329416  -  ResidentSetSize of job (KB)
...
006 (9466269.000.000) 07/18 01:02:38 Image size of job updated: 1459040
	322  -  MemoryUsage of job (MB)
	329428  -  ResidentSetSize of job (KB)
...
006 (9466269.000.000) 07/18 01:07:38 Image size of job updated: 1459040
	327  -  MemoryUsage of job (MB)
	334396  -  ResidentSetSize of job (KB)
...
006 (9466269.000.000) 07/18 01:12:39 Image size of job updated: 1459040
	327  -  MemoryUsage of job (MB)
	334680  -  ResidentSetSize of job (KB)
...
006 (9466269.000.000) 07/18 01:17:40 Image size of job updated: 1459040
	327  -  MemoryUsage of job (MB)
	334684  -  ResidentSetSize of job (KB)
...
006 (9466269.000.000) 07/18 01:22:40 Image size of job updated: 1459040
	327  -  MemoryUsage of job (MB)
	334776  -  ResidentSetSize of job (KB)
...
006 (9466269.000.000) 07/18 01:32:41 Image size of job updated: 1459040
	327  -  MemoryUsage of job (MB)
	334780  -  ResidentSetSize of job (KB)
...
006 (9466269.000.000) 07/18 01:37:42 Image size of job updated: 1459296
	328  -  MemoryUsage of job (MB)
	334864  -  ResidentSetSize of job (KB)
...
006 (9466269.000.000) 07/18 01:42:42 Image size of job updated: 1459296
	328  -  MemoryUsage of job (MB)
	335580  -  ResidentSetSize of job (KB)
...
006 (9466269.000.000) 07/18 01:57:44 Image size of job updated: 1459296
	328  -  MemoryUsage of job (MB)
	335584  -  ResidentSetSize of job (KB)
...
006 (9466269.000.000) 07/18 02:07:45 Image size of job updated: 1459296
	328  -  MemoryUsage of job (MB)
	335592  -  ResidentSetSize of job (KB)
...
006 (9466269.000.000) 07/18 02:12:46 Image size of job updated: 1459296
	329  -  MemoryUsage of job (MB)
	335888  -  ResidentSetSize of job (KB)
...
006 (9466269.000.000) 07/18 02:32:47 Image size of job updated: 1459296
	329  -  MemoryUsage of job (MB)
	336096  -  ResidentSetSize of job (KB)
...
006 (9466269.000.000) 07/18 03:02:50 Image size of job updated: 1459296
	329  -  MemoryUsage of job (MB)
	336108  -  ResidentSetSize of job (KB)
...
006 (9466269.000.000) 07/18 03:07:51 Image size of job updated: 1459296
	329  -  MemoryUsage of job (MB)
	336132  -  ResidentSetSize of job (KB)
...
006 (9466269.000.000) 07/18 03:32:53 Image size of job updated: 1459296
	329  -  MemoryUsage of job (MB)
	336144  -  ResidentSetSize of job (KB)
...
006 (9466269.000.000) 07/18 03:37:54 Image size of job updated: 1462028
	332  -  MemoryUsage of job (MB)
	339124  -  ResidentSetSize of job (KB)
...
006 (9466269.000.000) 07/18 03:42:55 Image size of job updated: 1462028
	332  -  MemoryUsage of job (MB)
	339156  -  ResidentSetSize of job (KB)
...
040 (9466269.000.000) 07/18 03:45:43 Started transferring output files
...
040 (9466269.000.000) 07/18 03:45:43 Finished transferring output files
...
005 (9466269.000.000) 07/18 03:45:43 Job terminated.
	(1) Normal termination (return value 0)
		Usr 0 02:25:34, Sys 0 00:00:32  -  Run Remote Usage
		Usr 0 00:00:00, Sys 0 00:00:00  -  Run Local Usage
		Usr 0 02:25:34, Sys 0 00:00:32  -  Total Remote Usage
		Usr 0 00:00:00, Sys 0 00:00:00  -  Total Local Usage
	33604  -  Run Bytes Sent By Job
	11175  -  Run Bytes Received By Job
	33604  -  Total Bytes Sent By Job
	11175  -  Total Bytes Received By Job
	Partitionable Resources :    Usage  Request Allocated 
	   Cpus                 :     0.81        1         1 
	   Disk (KB)            :    65          12   1344898 
	   Memory (MB)          :   332        2000      2000 

	Job terminated of its own accord at 2023-07-18T01:45:43Z.
...
