000 (9406809.000.000) 07/15 17:12:48 Job submitted from host: <137.138.120.116:9618?addrs=137.138.120.116-9618+[2001-1458-d00-16--17b]-9618&alias=bigbird12.cern.ch&noUDP&sock=schedd_8624_ecd7>
...
040 (9406809.000.000) 07/15 17:14:10 Started transferring input files
	Transferring to host: <128.142.192.141:9618?addrs=128.142.192.141-9618+[2001-1458-301-56--100-9]-9618&alias=b7g18p1222.cern.ch&noUDP&sock=slot1_23_9703_6424_33317>
...
040 (9406809.000.000) 07/15 17:14:10 Finished transferring input files
...
001 (9406809.000.000) 07/15 17:14:11 Job executing on host: <128.142.192.141:9618?addrs=128.142.192.141-9618+[2001-1458-301-56--100-9]-9618&alias=b7g18p1222.cern.ch&noUDP&sock=startd_3669_3511>
...
006 (9406809.000.000) 07/15 17:14:20 Image size of job updated: 996668
	11  -  MemoryUsage of job (MB)
	10916  -  ResidentSetSize of job (KB)
...
006 (9406809.000.000) 07/15 17:19:22 Image size of job updated: 1459728
	304  -  MemoryUsage of job (MB)
	310892  -  ResidentSetSize of job (KB)
...
006 (9406809.000.000) 07/15 17:24:22 Image size of job updated: 1459728
	305  -  MemoryUsage of job (MB)
	311324  -  ResidentSetSize of job (KB)
...
006 (9406809.000.000) 07/15 17:29:22 Image size of job updated: 1459728
	305  -  MemoryUsage of job (MB)
	311492  -  ResidentSetSize of job (KB)
...
006 (9406809.000.000) 07/15 17:34:23 Image size of job updated: 1459984
	305  -  MemoryUsage of job (MB)
	311564  -  ResidentSetSize of job (KB)
...
006 (9406809.000.000) 07/15 17:39:24 Image size of job updated: 1459984
	305  -  MemoryUsage of job (MB)
	311596  -  ResidentSetSize of job (KB)
...
006 (9406809.000.000) 07/15 17:44:24 Image size of job updated: 1459984
	305  -  MemoryUsage of job (MB)
	311632  -  ResidentSetSize of job (KB)
...
006 (9406809.000.000) 07/15 17:49:25 Image size of job updated: 1459984
	305  -  MemoryUsage of job (MB)
	311636  -  ResidentSetSize of job (KB)
...
006 (9406809.000.000) 07/15 18:04:27 Image size of job updated: 1459984
	305  -  MemoryUsage of job (MB)
	311656  -  ResidentSetSize of job (KB)
...
006 (9406809.000.000) 07/15 18:14:28 Image size of job updated: 1459984
	305  -  MemoryUsage of job (MB)
	311728  -  ResidentSetSize of job (KB)
...
006 (9406809.000.000) 07/15 18:19:28 Image size of job updated: 1459992
	322  -  MemoryUsage of job (MB)
	328912  -  ResidentSetSize of job (KB)
...
006 (9406809.000.000) 07/15 18:24:29 Image size of job updated: 1459992
	322  -  MemoryUsage of job (MB)
	329240  -  ResidentSetSize of job (KB)
...
006 (9406809.000.000) 07/15 18:29:29 Image size of job updated: 1459992
	322  -  MemoryUsage of job (MB)
	329256  -  ResidentSetSize of job (KB)
...
006 (9406809.000.000) 07/15 18:34:29 Image size of job updated: 1459992
	322  -  MemoryUsage of job (MB)
	329264  -  ResidentSetSize of job (KB)
...
006 (9406809.000.000) 07/15 18:39:30 Image size of job updated: 1459992
	322  -  MemoryUsage of job (MB)
	329276  -  ResidentSetSize of job (KB)
...
006 (9406809.000.000) 07/15 18:44:30 Image size of job updated: 1459992
	322  -  MemoryUsage of job (MB)
	329348  -  ResidentSetSize of job (KB)
...
006 (9406809.000.000) 07/15 18:49:30 Image size of job updated: 1459992
	322  -  MemoryUsage of job (MB)
	329404  -  ResidentSetSize of job (KB)
...
006 (9406809.000.000) 07/15 18:59:31 Image size of job updated: 1459992
	322  -  MemoryUsage of job (MB)
	329412  -  ResidentSetSize of job (KB)
...
006 (9406809.000.000) 07/15 19:09:32 Image size of job updated: 1459992
	328  -  MemoryUsage of job (MB)
	335108  -  ResidentSetSize of job (KB)
...
006 (9406809.000.000) 07/15 19:14:33 Image size of job updated: 1459992
	328  -  MemoryUsage of job (MB)
	335112  -  ResidentSetSize of job (KB)
...
006 (9406809.000.000) 07/15 19:19:33 Image size of job updated: 1459992
	328  -  MemoryUsage of job (MB)
	335176  -  ResidentSetSize of job (KB)
...
006 (9406809.000.000) 07/15 19:39:36 Image size of job updated: 1459992
	328  -  MemoryUsage of job (MB)
	335292  -  ResidentSetSize of job (KB)
...
006 (9406809.000.000) 07/15 19:44:37 Image size of job updated: 1459992
	329  -  MemoryUsage of job (MB)
	336284  -  ResidentSetSize of job (KB)
...
006 (9406809.000.000) 07/15 19:49:37 Image size of job updated: 1459992
	329  -  MemoryUsage of job (MB)
	336288  -  ResidentSetSize of job (KB)
...
006 (9406809.000.000) 07/15 19:54:37 Image size of job updated: 1459992
	329  -  MemoryUsage of job (MB)
	336292  -  ResidentSetSize of job (KB)
...
006 (9406809.000.000) 07/15 19:59:38 Image size of job updated: 1459992
	329  -  MemoryUsage of job (MB)
	336300  -  ResidentSetSize of job (KB)
...
006 (9406809.000.000) 07/15 20:34:41 Image size of job updated: 1459992
	329  -  MemoryUsage of job (MB)
	336304  -  ResidentSetSize of job (KB)
...
006 (9406809.000.000) 07/15 20:39:41 Image size of job updated: 1459992
	329  -  MemoryUsage of job (MB)
	336564  -  ResidentSetSize of job (KB)
...
006 (9406809.000.000) 07/15 21:04:45 Image size of job updated: 1459992
	329  -  MemoryUsage of job (MB)
	336576  -  ResidentSetSize of job (KB)
...
006 (9406809.000.000) 07/15 21:14:46 Image size of job updated: 1459992
	329  -  MemoryUsage of job (MB)
	336756  -  ResidentSetSize of job (KB)
...
006 (9406809.000.000) 07/15 21:19:47 Image size of job updated: 1459992
	329  -  MemoryUsage of job (MB)
	336860  -  ResidentSetSize of job (KB)
...
006 (9406809.000.000) 07/15 21:34:49 Image size of job updated: 1459992
	329  -  MemoryUsage of job (MB)
	336872  -  ResidentSetSize of job (KB)
...
006 (9406809.000.000) 07/15 21:44:50 Image size of job updated: 1459992
	330  -  MemoryUsage of job (MB)
	336968  -  ResidentSetSize of job (KB)
...
006 (9406809.000.000) 07/15 22:29:54 Image size of job updated: 1459992
	330  -  MemoryUsage of job (MB)
	337008  -  ResidentSetSize of job (KB)
...
006 (9406809.000.000) 07/15 23:25:00 Image size of job updated: 1459992
	330  -  MemoryUsage of job (MB)
	337024  -  ResidentSetSize of job (KB)
...
006 (9406809.000.000) 07/15 23:50:03 Image size of job updated: 1459992
	330  -  MemoryUsage of job (MB)
	337028  -  ResidentSetSize of job (KB)
...
006 (9406809.000.000) 07/16 00:10:05 Image size of job updated: 1459992
	330  -  MemoryUsage of job (MB)
	337032  -  ResidentSetSize of job (KB)
...
040 (9406809.000.000) 07/16 00:45:18 Started transferring output files
...
040 (9406809.000.000) 07/16 00:45:18 Finished transferring output files
...
005 (9406809.000.000) 07/16 00:45:18 Job terminated.
	(1) Normal termination (return value 0)
		Usr 0 04:53:49, Sys 0 00:01:09  -  Run Remote Usage
		Usr 0 00:00:00, Sys 0 00:00:00  -  Run Local Usage
		Usr 0 04:53:49, Sys 0 00:01:09  -  Total Remote Usage
		Usr 0 00:00:00, Sys 0 00:00:00  -  Total Local Usage
	57676  -  Run Bytes Sent By Job
	10609  -  Run Bytes Received By Job
	57676  -  Total Bytes Sent By Job
	10609  -  Total Bytes Received By Job
	Partitionable Resources :    Usage  Request Allocated 
	   Cpus                 :     0.75        1         1 
	   Disk (KB)            :    88          12   2985195 
	   Memory (MB)          :   330        2000      2000 

	Job terminated of its own accord at 2023-07-15T22:45:18Z.
...
