000 (9406821.000.000) 07/15 17:13:48 Job submitted from host: <137.138.120.116:9618?addrs=137.138.120.116-9618+[2001-1458-d00-16--17b]-9618&alias=bigbird12.cern.ch&noUDP&sock=schedd_8624_ecd7>
...
040 (9406821.000.000) 07/15 17:14:17 Started transferring input files
	Transferring to host: <128.142.248.196:9618?addrs=128.142.248.196-9618+[2001-1458-301-73--100-c3]-9618&alias=b7g23p3833.cern.ch&noUDP&sock=slot1_18_161315_c2b9_32701>
...
040 (9406821.000.000) 07/15 17:14:17 Finished transferring input files
...
001 (9406821.000.000) 07/15 17:14:18 Job executing on host: <128.142.248.196:9618?addrs=128.142.248.196-9618+[2001-1458-301-73--100-c3]-9618&alias=b7g23p3833.cern.ch&noUDP&sock=startd_159955_676b>
...
006 (9406821.000.000) 07/15 17:14:26 Image size of job updated: 126248
	5  -  MemoryUsage of job (MB)
	4836  -  ResidentSetSize of job (KB)
...
006 (9406821.000.000) 07/15 17:19:26 Image size of job updated: 1452416
	301  -  MemoryUsage of job (MB)
	307924  -  ResidentSetSize of job (KB)
...
006 (9406821.000.000) 07/15 17:24:27 Image size of job updated: 1452416
	312  -  MemoryUsage of job (MB)
	319268  -  ResidentSetSize of job (KB)
...
006 (9406821.000.000) 07/15 17:29:27 Image size of job updated: 1452416
	316  -  MemoryUsage of job (MB)
	323280  -  ResidentSetSize of job (KB)
...
006 (9406821.000.000) 07/15 17:34:27 Image size of job updated: 1452416
	319  -  MemoryUsage of job (MB)
	326436  -  ResidentSetSize of job (KB)
...
040 (9406821.000.000) 07/15 17:36:56 Started transferring output files
...
040 (9406821.000.000) 07/15 17:36:56 Finished transferring output files
...
005 (9406821.000.000) 07/15 17:36:56 Job terminated.
	(1) Normal termination (return value 0)
		Usr 0 00:00:51, Sys 0 00:00:06  -  Run Remote Usage
		Usr 0 00:00:00, Sys 0 00:00:00  -  Run Local Usage
		Usr 0 00:00:51, Sys 0 00:00:06  -  Total Remote Usage
		Usr 0 00:00:00, Sys 0 00:00:00  -  Total Local Usage
	6897  -  Run Bytes Sent By Job
	10609  -  Run Bytes Received By Job
	6897  -  Total Bytes Sent By Job
	10609  -  Total Bytes Received By Job
	Partitionable Resources :    Usage  Request Allocated 
	   Cpus                 :     0.07        1         1 
	   Disk (KB)            :    38          12   2899019 
	   Memory (MB)          :   319        2000      2000 

	Job terminated of its own accord at 2023-07-15T15:36:56Z.
...
