000 (9406816.000.000) 07/15 17:13:23 Job submitted from host: <137.138.120.116:9618?addrs=137.138.120.116-9618+[2001-1458-d00-16--17b]-9618&alias=bigbird12.cern.ch&noUDP&sock=schedd_8624_ecd7>
...
040 (9406816.000.000) 07/15 17:14:14 Started transferring input files
	Transferring to host: <188.184.163.184:9618?addrs=188.184.163.184-9618&alias=b7s12p7289.cern.ch&noUDP&sock=slot1_2_41325_f36a_31928>
...
040 (9406816.000.000) 07/15 17:14:14 Finished transferring input files
...
001 (9406816.000.000) 07/15 17:14:15 Job executing on host: <188.184.163.184:9618?addrs=188.184.163.184-9618&alias=b7s12p7289.cern.ch&noUDP&sock=startd_2977_8d88>
...
006 (9406816.000.000) 07/15 17:14:24 Image size of job updated: 919888
	11  -  MemoryUsage of job (MB)
	10916  -  ResidentSetSize of job (KB)
...
006 (9406816.000.000) 07/15 17:19:25 Image size of job updated: 1452936
	309  -  MemoryUsage of job (MB)
	315428  -  ResidentSetSize of job (KB)
...
006 (9406816.000.000) 07/15 17:24:25 Image size of job updated: 1452936
	316  -  MemoryUsage of job (MB)
	323488  -  ResidentSetSize of job (KB)
...
006 (9406816.000.000) 07/15 17:29:25 Image size of job updated: 1452936
	320  -  MemoryUsage of job (MB)
	327140  -  ResidentSetSize of job (KB)
...
006 (9406816.000.000) 07/15 17:34:26 Image size of job updated: 1453192
	322  -  MemoryUsage of job (MB)
	328820  -  ResidentSetSize of job (KB)
...
006 (9406816.000.000) 07/15 17:39:27 Image size of job updated: 1453192
	322  -  MemoryUsage of job (MB)
	328848  -  ResidentSetSize of job (KB)
...
006 (9406816.000.000) 07/15 17:44:27 Image size of job updated: 1453192
	322  -  MemoryUsage of job (MB)
	329584  -  ResidentSetSize of job (KB)
...
006 (9406816.000.000) 07/15 17:49:28 Image size of job updated: 1453192
	323  -  MemoryUsage of job (MB)
	330176  -  ResidentSetSize of job (KB)
...
006 (9406816.000.000) 07/15 17:54:29 Image size of job updated: 1453192
	323  -  MemoryUsage of job (MB)
	330292  -  ResidentSetSize of job (KB)
...
006 (9406816.000.000) 07/15 17:59:29 Image size of job updated: 1453192
	323  -  MemoryUsage of job (MB)
	330336  -  ResidentSetSize of job (KB)
...
006 (9406816.000.000) 07/15 18:09:31 Image size of job updated: 1453192
	323  -  MemoryUsage of job (MB)
	330340  -  ResidentSetSize of job (KB)
...
006 (9406816.000.000) 07/15 18:14:31 Image size of job updated: 1453192
	323  -  MemoryUsage of job (MB)
	330344  -  ResidentSetSize of job (KB)
...
006 (9406816.000.000) 07/15 18:24:32 Image size of job updated: 1453192
	323  -  MemoryUsage of job (MB)
	330348  -  ResidentSetSize of job (KB)
...
006 (9406816.000.000) 07/15 18:54:35 Image size of job updated: 1453192
	323  -  MemoryUsage of job (MB)
	330364  -  ResidentSetSize of job (KB)
...
006 (9406816.000.000) 07/15 18:59:36 Image size of job updated: 1453672
	324  -  MemoryUsage of job (MB)
	330772  -  ResidentSetSize of job (KB)
...
006 (9406816.000.000) 07/15 19:14:38 Image size of job updated: 1453672
	324  -  MemoryUsage of job (MB)
	330776  -  ResidentSetSize of job (KB)
...
006 (9406816.000.000) 07/15 19:24:39 Image size of job updated: 1453672
	324  -  MemoryUsage of job (MB)
	330788  -  ResidentSetSize of job (KB)
...
006 (9406816.000.000) 07/15 19:29:40 Image size of job updated: 1453672
	324  -  MemoryUsage of job (MB)
	330792  -  ResidentSetSize of job (KB)
...
006 (9406816.000.000) 07/15 19:54:42 Image size of job updated: 1453672
	324  -  MemoryUsage of job (MB)
	330796  -  ResidentSetSize of job (KB)
...
006 (9406816.000.000) 07/15 20:14:44 Image size of job updated: 1453672
	324  -  MemoryUsage of job (MB)
	330804  -  ResidentSetSize of job (KB)
...
006 (9406816.000.000) 07/15 20:29:45 Image size of job updated: 1453672
	324  -  MemoryUsage of job (MB)
	330808  -  ResidentSetSize of job (KB)
...
040 (9406816.000.000) 07/15 20:32:18 Started transferring output files
...
040 (9406816.000.000) 07/15 20:32:18 Finished transferring output files
...
005 (9406816.000.000) 07/15 20:32:18 Job terminated.
	(1) Normal termination (return value 0)
		Usr 0 02:07:38, Sys 0 00:00:20  -  Run Remote Usage
		Usr 0 00:00:00, Sys 0 00:00:00  -  Run Local Usage
		Usr 0 02:07:38, Sys 0 00:00:20  -  Total Remote Usage
		Usr 0 00:00:00, Sys 0 00:00:00  -  Total Local Usage
	15484  -  Run Bytes Sent By Job
	10609  -  Run Bytes Received By Job
	15484  -  Total Bytes Sent By Job
	10609  -  Total Bytes Received By Job
	Partitionable Resources :    Usage  Request Allocated 
	   Cpus                 :     0.70        1         1 
	   Disk (KB)            :    46          12   2884552 
	   Memory (MB)          :   324        2000      2000 

	Job terminated of its own accord at 2023-07-15T18:32:17Z.
...
