000 (9406827.000.000) 07/15 17:14:19 Job submitted from host: <137.138.120.116:9618?addrs=137.138.120.116-9618+[2001-1458-d00-16--17b]-9618&alias=bigbird12.cern.ch&noUDP&sock=schedd_8624_ecd7>
...
040 (9406827.000.000) 07/15 17:15:15 Started transferring input files
	Transferring to host: <128.142.193.188:9618?addrs=128.142.193.188-9618+[2001-1458-301-8--100-38]-9618&alias=b7g21p5146.cern.ch&noUDP&sock=slot1_23_4411_b2cc_100834>
...
040 (9406827.000.000) 07/15 17:15:15 Finished transferring input files
...
001 (9406827.000.000) 07/15 17:15:16 Job executing on host: <128.142.193.188:9618?addrs=128.142.193.188-9618+[2001-1458-301-8--100-38]-9618&alias=b7g21p5146.cern.ch&noUDP&sock=startd_3182_2a72>
...
006 (9406827.000.000) 07/15 17:15:25 Image size of job updated: 285332
	5  -  MemoryUsage of job (MB)
	4836  -  ResidentSetSize of job (KB)
...
006 (9406827.000.000) 07/15 17:20:25 Image size of job updated: 1452072
	307  -  MemoryUsage of job (MB)
	313656  -  ResidentSetSize of job (KB)
...
006 (9406827.000.000) 07/15 17:25:25 Image size of job updated: 1452912
	317  -  MemoryUsage of job (MB)
	323740  -  ResidentSetSize of job (KB)
...
006 (9406827.000.000) 07/15 17:30:26 Image size of job updated: 1452912
	322  -  MemoryUsage of job (MB)
	328804  -  ResidentSetSize of job (KB)
...
006 (9406827.000.000) 07/15 17:35:26 Image size of job updated: 1452912
	323  -  MemoryUsage of job (MB)
	329784  -  ResidentSetSize of job (KB)
...
040 (9406827.000.000) 07/15 17:38:58 Started transferring output files
...
040 (9406827.000.000) 07/15 17:38:58 Finished transferring output files
...
005 (9406827.000.000) 07/15 17:38:58 Job terminated.
	(1) Normal termination (return value 0)
		Usr 0 00:15:45, Sys 0 00:00:05  -  Run Remote Usage
		Usr 0 00:00:00, Sys 0 00:00:00  -  Run Local Usage
		Usr 0 00:15:45, Sys 0 00:00:05  -  Total Remote Usage
		Usr 0 00:00:00, Sys 0 00:00:00  -  Total Local Usage
	6532  -  Run Bytes Sent By Job
	10609  -  Run Bytes Received By Job
	6532  -  Total Bytes Sent By Job
	10609  -  Total Bytes Received By Job
	Partitionable Resources :    Usage  Request Allocated 
	   Cpus                 :     0.95        1         1 
	   Disk (KB)            :    38          12   1263545 
	   Memory (MB)          :   323        2000      2000 

	Job terminated of its own accord at 2023-07-15T15:38:58Z.
...
