000 (9406814.000.000) 07/15 17:13:13 Job submitted from host: <137.138.120.116:9618?addrs=137.138.120.116-9618+[2001-1458-d00-16--17b]-9618&alias=bigbird12.cern.ch&noUDP&sock=schedd_8624_ecd7>
...
040 (9406814.000.000) 07/15 17:14:13 Started transferring input files
	Transferring to host: <128.142.248.23:9618?addrs=128.142.248.23-9618+[2001-1458-301-73--100-107]-9618&alias=b7g23p4077.cern.ch&noUDP&sock=slot1_38_4775_2b5b_9860>
...
040 (9406814.000.000) 07/15 17:14:13 Finished transferring input files
...
001 (9406814.000.000) 07/15 17:14:14 Job executing on host: <128.142.248.23:9618?addrs=128.142.248.23-9618+[2001-1458-301-73--100-107]-9618&alias=b7g23p4077.cern.ch&noUDP&sock=startd_113994_fb19>
...
006 (9406814.000.000) 07/15 17:14:22 Image size of job updated: 370384
	55  -  MemoryUsage of job (MB)
	56000  -  ResidentSetSize of job (KB)
...
006 (9406814.000.000) 07/15 17:19:22 Image size of job updated: 1464572
	330  -  MemoryUsage of job (MB)
	337232  -  ResidentSetSize of job (KB)
...
040 (9406814.000.000) 07/15 17:23:27 Started transferring output files
...
040 (9406814.000.000) 07/15 17:23:27 Finished transferring output files
...
005 (9406814.000.000) 07/15 17:23:27 Job terminated.
	(1) Normal termination (return value 0)
		Usr 0 00:01:30, Sys 0 00:00:03  -  Run Remote Usage
		Usr 0 00:00:00, Sys 0 00:00:00  -  Run Local Usage
		Usr 0 00:01:30, Sys 0 00:00:03  -  Total Remote Usage
		Usr 0 00:00:00, Sys 0 00:00:00  -  Total Local Usage
	7000  -  Run Bytes Sent By Job
	10609  -  Run Bytes Received By Job
	7000  -  Total Bytes Sent By Job
	10609  -  Total Bytes Received By Job
	Partitionable Resources :    Usage  Request Allocated 
	   Cpus                 :     0.02        1         1 
	   Disk (KB)            :    38          12   3093997 
	   Memory (MB)          :   330        2000      2000 

	Job terminated of its own accord at 2023-07-15T15:23:27Z.
...
