000 (9401212.000.000) 07/13 22:33:28 Job submitted from host: <137.138.120.116:9618?addrs=137.138.120.116-9618+[2001-1458-d00-16--17b]-9618&alias=bigbird12.cern.ch&noUDP&sock=schedd_8624_ecd7>
...
040 (9401212.000.000) 07/13 22:35:54 Started transferring input files
	Transferring to host: <128.142.192.151:9618?addrs=128.142.192.151-9618+[2001-1458-301-56--100-13]-9618&alias=b7g18p0500.cern.ch&noUDP&sock=slot1_8_16332_1f11_31687>
...
040 (9401212.000.000) 07/13 22:35:54 Finished transferring input files
...
001 (9401212.000.000) 07/13 22:35:55 Job executing on host: <128.142.192.151:9618?addrs=128.142.192.151-9618+[2001-1458-301-56--100-13]-9618&alias=b7g18p0500.cern.ch&noUDP&sock=startd_16285_bbe4>
...
006 (9401212.000.000) 07/13 22:36:04 Image size of job updated: 852700
	16  -  MemoryUsage of job (MB)
	15552  -  ResidentSetSize of job (KB)
...
000 (9401231.000.000) 07/13 22:37:32 Job submitted from host: <137.138.120.116:9618?addrs=137.138.120.116-9618+[2001-1458-d00-16--17b]-9618&alias=bigbird12.cern.ch&noUDP&sock=schedd_8624_ecd7>
...
040 (9401231.000.000) 07/13 22:37:38 Started transferring input files
	Transferring to host: <128.142.61.67:9618?addrs=128.142.61.67-9618+[2001-1458-301-23--100-42]-9618&alias=b7s06p7999.cern.ch&noUDP&sock=slot1_30_8806_5f9f_135942>
...
040 (9401231.000.000) 07/13 22:37:38 Finished transferring input files
...
001 (9401231.000.000) 07/13 22:37:39 Job executing on host: <128.142.61.67:9618?addrs=128.142.61.67-9618+[2001-1458-301-23--100-42]-9618&alias=b7s06p7999.cern.ch&noUDP&sock=startd_6884_6e0d>
...
006 (9401231.000.000) 07/13 22:37:48 Image size of job updated: 370380
	137  -  MemoryUsage of job (MB)
	139380  -  ResidentSetSize of job (KB)
...
006 (9401212.000.000) 07/13 22:41:05 Image size of job updated: 1459668
	304  -  MemoryUsage of job (MB)
	310852  -  ResidentSetSize of job (KB)
...
006 (9401231.000.000) 07/13 22:42:49 Image size of job updated: 1459664
	304  -  MemoryUsage of job (MB)
	311192  -  ResidentSetSize of job (KB)
...
006 (9401212.000.000) 07/13 22:46:06 Image size of job updated: 1459668
	304  -  MemoryUsage of job (MB)
	311276  -  ResidentSetSize of job (KB)
...
006 (9401231.000.000) 07/13 22:47:49 Image size of job updated: 1459664
	305  -  MemoryUsage of job (MB)
	311436  -  ResidentSetSize of job (KB)
...
006 (9401212.000.000) 07/13 22:51:07 Image size of job updated: 1459668
	305  -  MemoryUsage of job (MB)
	311444  -  ResidentSetSize of job (KB)
...
006 (9401231.000.000) 07/13 22:52:49 Image size of job updated: 1459920
	305  -  MemoryUsage of job (MB)
	311508  -  ResidentSetSize of job (KB)
...
006 (9401212.000.000) 07/13 22:56:08 Image size of job updated: 1459924
	305  -  MemoryUsage of job (MB)
	311520  -  ResidentSetSize of job (KB)
...
006 (9401231.000.000) 07/13 22:57:50 Image size of job updated: 1459920
	305  -  MemoryUsage of job (MB)
	311600  -  ResidentSetSize of job (KB)
...
006 (9401212.000.000) 07/13 23:01:08 Image size of job updated: 1459924
	305  -  MemoryUsage of job (MB)
	311568  -  ResidentSetSize of job (KB)
...
006 (9401231.000.000) 07/13 23:02:51 Image size of job updated: 1459920
	305  -  MemoryUsage of job (MB)
	311604  -  ResidentSetSize of job (KB)
...
006 (9401212.000.000) 07/13 23:06:09 Image size of job updated: 1459924
	305  -  MemoryUsage of job (MB)
	311608  -  ResidentSetSize of job (KB)
...
006 (9401231.000.000) 07/13 23:12:52 Image size of job updated: 1459920
	305  -  MemoryUsage of job (MB)
	311612  -  ResidentSetSize of job (KB)
...
006 (9401212.000.000) 07/13 23:16:10 Image size of job updated: 1459924
	305  -  MemoryUsage of job (MB)
	311616  -  ResidentSetSize of job (KB)
...
006 (9401231.000.000) 07/13 23:17:53 Image size of job updated: 1459928
	321  -  MemoryUsage of job (MB)
	328160  -  ResidentSetSize of job (KB)
...
006 (9401231.000.000) 07/13 23:22:53 Image size of job updated: 1459928
	322  -  MemoryUsage of job (MB)
	328976  -  ResidentSetSize of job (KB)
...
006 (9401231.000.000) 07/13 23:27:53 Image size of job updated: 1459928
	322  -  MemoryUsage of job (MB)
	329044  -  ResidentSetSize of job (KB)
...
006 (9401212.000.000) 07/13 23:31:11 Image size of job updated: 1459924
	305  -  MemoryUsage of job (MB)
	311624  -  ResidentSetSize of job (KB)
...
006 (9401231.000.000) 07/13 23:32:54 Image size of job updated: 1459928
	322  -  MemoryUsage of job (MB)
	329100  -  ResidentSetSize of job (KB)
...
006 (9401212.000.000) 07/13 23:36:11 Image size of job updated: 1459924
	314  -  MemoryUsage of job (MB)
	321256  -  ResidentSetSize of job (KB)
...
006 (9401231.000.000) 07/13 23:37:54 Image size of job updated: 1459928
	322  -  MemoryUsage of job (MB)
	329116  -  ResidentSetSize of job (KB)
...
006 (9401212.000.000) 07/13 23:41:12 Image size of job updated: 1459932
	322  -  MemoryUsage of job (MB)
	328728  -  ResidentSetSize of job (KB)
...
006 (9401231.000.000) 07/13 23:42:54 Image size of job updated: 1459928
	322  -  MemoryUsage of job (MB)
	329140  -  ResidentSetSize of job (KB)
...
006 (9401212.000.000) 07/13 23:46:13 Image size of job updated: 1459932
	322  -  MemoryUsage of job (MB)
	328796  -  ResidentSetSize of job (KB)
...
006 (9401231.000.000) 07/13 23:47:55 Image size of job updated: 1459928
	326  -  MemoryUsage of job (MB)
	333500  -  ResidentSetSize of job (KB)
...
006 (9401212.000.000) 07/13 23:51:13 Image size of job updated: 1459932
	322  -  MemoryUsage of job (MB)
	328804  -  ResidentSetSize of job (KB)
...
006 (9401231.000.000) 07/13 23:52:56 Image size of job updated: 1459928
	326  -  MemoryUsage of job (MB)
	333540  -  ResidentSetSize of job (KB)
...
006 (9401212.000.000) 07/13 23:56:14 Image size of job updated: 1459932
	322  -  MemoryUsage of job (MB)
	328820  -  ResidentSetSize of job (KB)
...
006 (9401212.000.000) 07/14 00:01:15 Image size of job updated: 1459932
	322  -  MemoryUsage of job (MB)
	328860  -  ResidentSetSize of job (KB)
...
006 (9401212.000.000) 07/14 00:06:15 Image size of job updated: 1459932
	322  -  MemoryUsage of job (MB)
	328936  -  ResidentSetSize of job (KB)
...
006 (9401231.000.000) 07/14 00:07:58 Image size of job updated: 1459928
	328  -  MemoryUsage of job (MB)
	335480  -  ResidentSetSize of job (KB)
...
006 (9401212.000.000) 07/14 00:11:16 Image size of job updated: 1459932
	322  -  MemoryUsage of job (MB)
	328944  -  ResidentSetSize of job (KB)
...
006 (9401231.000.000) 07/14 00:12:58 Image size of job updated: 1459928
	328  -  MemoryUsage of job (MB)
	335520  -  ResidentSetSize of job (KB)
...
006 (9401212.000.000) 07/14 00:16:17 Image size of job updated: 1459932
	322  -  MemoryUsage of job (MB)
	328964  -  ResidentSetSize of job (KB)
...
006 (9401231.000.000) 07/14 00:17:58 Image size of job updated: 1459928
	328  -  MemoryUsage of job (MB)
	335536  -  ResidentSetSize of job (KB)
...
006 (9401231.000.000) 07/14 00:22:59 Image size of job updated: 1459928
	328  -  MemoryUsage of job (MB)
	335556  -  ResidentSetSize of job (KB)
...
006 (9401212.000.000) 07/14 00:26:17 Image size of job updated: 1459932
	326  -  MemoryUsage of job (MB)
	333296  -  ResidentSetSize of job (KB)
...
006 (9401212.000.000) 07/14 00:31:18 Image size of job updated: 1459932
	326  -  MemoryUsage of job (MB)
	333328  -  ResidentSetSize of job (KB)
...
006 (9401231.000.000) 07/14 00:43:01 Image size of job updated: 1459928
	329  -  MemoryUsage of job (MB)
	336664  -  ResidentSetSize of job (KB)
...
006 (9401212.000.000) 07/14 00:46:19 Image size of job updated: 1459932
	326  -  MemoryUsage of job (MB)
	333336  -  ResidentSetSize of job (KB)
...
006 (9401231.000.000) 07/14 00:48:01 Image size of job updated: 1459928
	329  -  MemoryUsage of job (MB)
	336720  -  ResidentSetSize of job (KB)
...
006 (9401231.000.000) 07/14 00:53:02 Image size of job updated: 1459928
	329  -  MemoryUsage of job (MB)
	336724  -  ResidentSetSize of job (KB)
...
006 (9401212.000.000) 07/14 00:56:19 Image size of job updated: 1459932
	327  -  MemoryUsage of job (MB)
	334080  -  ResidentSetSize of job (KB)
...
006 (9401212.000.000) 07/14 01:01:20 Image size of job updated: 1459932
	327  -  MemoryUsage of job (MB)
	334640  -  ResidentSetSize of job (KB)
...
006 (9401231.000.000) 07/14 01:03:03 Image size of job updated: 1459928
	329  -  MemoryUsage of job (MB)
	336736  -  ResidentSetSize of job (KB)
...
006 (9401231.000.000) 07/14 01:08:03 Image size of job updated: 1459928
	329  -  MemoryUsage of job (MB)
	336848  -  ResidentSetSize of job (KB)
...
006 (9401231.000.000) 07/14 01:13:04 Image size of job updated: 1459928
	330  -  MemoryUsage of job (MB)
	336948  -  ResidentSetSize of job (KB)
...
006 (9401231.000.000) 07/14 01:33:05 Image size of job updated: 1459928
	330  -  MemoryUsage of job (MB)
	336952  -  ResidentSetSize of job (KB)
...
006 (9401212.000.000) 07/14 01:51:25 Image size of job updated: 1459932
	327  -  MemoryUsage of job (MB)
	334664  -  ResidentSetSize of job (KB)
...
006 (9401212.000.000) 07/14 01:56:25 Image size of job updated: 1459932
	329  -  MemoryUsage of job (MB)
	336408  -  ResidentSetSize of job (KB)
...
006 (9401212.000.000) 07/14 02:01:26 Image size of job updated: 1459932
	329  -  MemoryUsage of job (MB)
	336492  -  ResidentSetSize of job (KB)
...
006 (9401231.000.000) 07/14 02:03:08 Image size of job updated: 1459928
	330  -  MemoryUsage of job (MB)
	336992  -  ResidentSetSize of job (KB)
...
006 (9401212.000.000) 07/14 02:16:28 Image size of job updated: 1459932
	329  -  MemoryUsage of job (MB)
	336504  -  ResidentSetSize of job (KB)
...
006 (9401212.000.000) 07/14 02:31:30 Image size of job updated: 1459932
	329  -  MemoryUsage of job (MB)
	336748  -  ResidentSetSize of job (KB)
...
006 (9401212.000.000) 07/14 02:36:31 Image size of job updated: 1459932
	329  -  MemoryUsage of job (MB)
	336840  -  ResidentSetSize of job (KB)
...
006 (9401231.000.000) 07/14 02:43:12 Image size of job updated: 1459928
	330  -  MemoryUsage of job (MB)
	336996  -  ResidentSetSize of job (KB)
...
006 (9401212.000.000) 07/14 02:56:32 Image size of job updated: 1459932
	329  -  MemoryUsage of job (MB)
	336852  -  ResidentSetSize of job (KB)
...
006 (9401212.000.000) 07/14 03:01:32 Image size of job updated: 1459932
	330  -  MemoryUsage of job (MB)
	336920  -  ResidentSetSize of job (KB)
...
006 (9401212.000.000) 07/14 03:06:33 Image size of job updated: 1459932
	330  -  MemoryUsage of job (MB)
	336924  -  ResidentSetSize of job (KB)
...
006 (9401212.000.000) 07/14 03:21:35 Image size of job updated: 1459932
	330  -  MemoryUsage of job (MB)
	336932  -  ResidentSetSize of job (KB)
...
006 (9401212.000.000) 07/14 03:41:37 Image size of job updated: 1459932
	330  -  MemoryUsage of job (MB)
	336940  -  ResidentSetSize of job (KB)
...
006 (9401212.000.000) 07/14 03:46:37 Image size of job updated: 1459932
	330  -  MemoryUsage of job (MB)
	336952  -  ResidentSetSize of job (KB)
...
006 (9401231.000.000) 07/14 03:53:20 Image size of job updated: 1459928
	330  -  MemoryUsage of job (MB)
	337000  -  ResidentSetSize of job (KB)
...
040 (9401231.000.000) 07/14 04:06:10 Started transferring output files
...
040 (9401231.000.000) 07/14 04:06:10 Finished transferring output files
...
005 (9401231.000.000) 07/14 04:06:10 Job terminated.
	(1) Normal termination (return value 0)
		Usr 0 02:55:03, Sys 0 00:01:06  -  Run Remote Usage
		Usr 0 00:00:00, Sys 0 00:00:00  -  Run Local Usage
		Usr 0 02:55:03, Sys 0 00:01:06  -  Total Remote Usage
		Usr 0 00:00:00, Sys 0 00:00:00  -  Total Local Usage
	57676  -  Run Bytes Sent By Job
	10613  -  Run Bytes Received By Job
	57676  -  Total Bytes Sent By Job
	10613  -  Total Bytes Received By Job
	Partitionable Resources :    Usage  Request Allocated 
	   Cpus                 :     0.19        1         1 
	   Disk (KB)            :    89          12   1238875 
	   Memory (MB)          :   330        2000      2000 

	Job terminated of its own accord at 2023-07-14T02:06:10Z.
...
006 (9401212.000.000) 07/14 04:16:40 Image size of job updated: 1459932
	330  -  MemoryUsage of job (MB)
	336984  -  ResidentSetSize of job (KB)
...
006 (9401212.000.000) 07/14 04:41:43 Image size of job updated: 1459932
	330  -  MemoryUsage of job (MB)
	336988  -  ResidentSetSize of job (KB)
...
006 (9401212.000.000) 07/14 05:06:45 Image size of job updated: 1459932
	330  -  MemoryUsage of job (MB)
	337008  -  ResidentSetSize of job (KB)
...
006 (9401212.000.000) 07/14 05:11:46 Image size of job updated: 1459932
	330  -  MemoryUsage of job (MB)
	337020  -  ResidentSetSize of job (KB)
...
006 (9401212.000.000) 07/14 05:51:51 Image size of job updated: 1459932
	330  -  MemoryUsage of job (MB)
	337032  -  ResidentSetSize of job (KB)
...
040 (9401212.000.000) 07/14 05:53:48 Started transferring output files
...
040 (9401212.000.000) 07/14 05:53:48 Finished transferring output files
...
005 (9401212.000.000) 07/14 05:53:48 Job terminated.
	(1) Normal termination (return value 0)
		Usr 0 05:17:25, Sys 0 00:02:44  -  Run Remote Usage
		Usr 0 00:00:00, Sys 0 00:00:00  -  Run Local Usage
		Usr 0 05:17:25, Sys 0 00:02:44  -  Total Remote Usage
		Usr 0 00:00:00, Sys 0 00:00:00  -  Total Local Usage
	57676  -  Run Bytes Sent By Job
	10613  -  Run Bytes Received By Job
	57676  -  Total Bytes Sent By Job
	10613  -  Total Bytes Received By Job
	Partitionable Resources :    Usage  Request Allocated 
	   Cpus                 :     0.87        1         1 
	   Disk (KB)            :    89          12   3035633 
	   Memory (MB)          :   330        2000      2000 

	Job terminated of its own accord at 2023-07-14T03:53:48Z.
...
000 (9406112.000.000) 07/14 16:24:25 Job submitted from host: <137.138.120.116:9618?addrs=137.138.120.116-9618+[2001-1458-d00-16--17b]-9618&alias=bigbird12.cern.ch&noUDP&sock=schedd_8624_ecd7>
...
000 (9406132.000.000) 07/14 16:26:43 Job submitted from host: <137.138.120.116:9618?addrs=137.138.120.116-9618+[2001-1458-d00-16--17b]-9618&alias=bigbird12.cern.ch&noUDP&sock=schedd_8624_ecd7>
...
000 (9406152.000.000) 07/14 16:28:39 Job submitted from host: <137.138.120.116:9618?addrs=137.138.120.116-9618+[2001-1458-d00-16--17b]-9618&alias=bigbird12.cern.ch&noUDP&sock=schedd_8624_ecd7>
...
040 (9406132.000.000) 07/14 16:29:52 Started transferring input files
	Transferring to host: <128.142.61.120:9618?addrs=128.142.61.120-9618+[2001-1458-301-23--100-77]-9618&alias=b7s06p1945.cern.ch&noUDP&sock=slot1_19_4219_6ac5_100115>
...
040 (9406132.000.000) 07/14 16:29:52 Finished transferring input files
...
040 (9406112.000.000) 07/14 16:29:53 Started transferring input files
	Transferring to host: <128.142.131.53:9618?addrs=128.142.131.53-9618+[2001-1458-301-59--100-29]-9618&alias=b7g11p0309.cern.ch&noUDP&sock=slot1_43_7103_74ba_88978>
...
040 (9406112.000.000) 07/14 16:29:53 Finished transferring input files
...
001 (9406132.000.000) 07/14 16:29:53 Job executing on host: <128.142.61.120:9618?addrs=128.142.61.120-9618+[2001-1458-301-23--100-77]-9618&alias=b7s06p1945.cern.ch&noUDP&sock=startd_2906_da4e>
...
001 (9406112.000.000) 07/14 16:29:54 Job executing on host: <128.142.131.53:9618?addrs=128.142.131.53-9618+[2001-1458-301-59--100-29]-9618&alias=b7g11p0309.cern.ch&noUDP&sock=startd_5748_3a76>
...
006 (9406112.000.000) 07/14 16:30:02 Image size of job updated: 562440
	33  -  MemoryUsage of job (MB)
	33276  -  ResidentSetSize of job (KB)
...
006 (9406132.000.000) 07/14 16:30:02 Image size of job updated: 837092
	139  -  MemoryUsage of job (MB)
	142020  -  ResidentSetSize of job (KB)
...
040 (9406152.000.000) 07/14 16:30:05 Started transferring input files
	Transferring to host: <128.142.131.76:9618?addrs=128.142.131.76-9618+[2001-1458-301-59--100-40]-9618&alias=b7g11p1957.cern.ch&noUDP&sock=slot1_47_3882_f857_101299>
...
040 (9406152.000.000) 07/14 16:30:05 Finished transferring input files
...
001 (9406152.000.000) 07/14 16:30:06 Job executing on host: <128.142.131.76:9618?addrs=128.142.131.76-9618+[2001-1458-301-59--100-40]-9618&alias=b7g11p1957.cern.ch&noUDP&sock=startd_3193_b5fd>
...
006 (9406152.000.000) 07/14 16:30:14 Image size of job updated: 209968
	206  -  MemoryUsage of job (MB)
	209968  -  ResidentSetSize of job (KB)
...
006 (9406112.000.000) 07/14 16:35:02 Image size of job updated: 1459728
	304  -  MemoryUsage of job (MB)
	310836  -  ResidentSetSize of job (KB)
...
006 (9406132.000.000) 07/14 16:35:03 Image size of job updated: 1459684
	304  -  MemoryUsage of job (MB)
	310992  -  ResidentSetSize of job (KB)
...
006 (9406152.000.000) 07/14 16:35:14 Image size of job updated: 1459716
	304  -  MemoryUsage of job (MB)
	311044  -  ResidentSetSize of job (KB)
...
006 (9406112.000.000) 07/14 16:40:03 Image size of job updated: 1459728
	305  -  MemoryUsage of job (MB)
	311320  -  ResidentSetSize of job (KB)
...
006 (9406132.000.000) 07/14 16:40:03 Image size of job updated: 1459684
	304  -  MemoryUsage of job (MB)
	311272  -  ResidentSetSize of job (KB)
...
006 (9406152.000.000) 07/14 16:40:15 Image size of job updated: 1459716
	305  -  MemoryUsage of job (MB)
	311400  -  ResidentSetSize of job (KB)
...
006 (9406112.000.000) 07/14 16:45:03 Image size of job updated: 1459728
	305  -  MemoryUsage of job (MB)
	311504  -  ResidentSetSize of job (KB)
...
006 (9406132.000.000) 07/14 16:45:03 Image size of job updated: 1459940
	305  -  MemoryUsage of job (MB)
	311400  -  ResidentSetSize of job (KB)
...
006 (9406152.000.000) 07/14 16:45:16 Image size of job updated: 1459972
	305  -  MemoryUsage of job (MB)
	311476  -  ResidentSetSize of job (KB)
...
006 (9406112.000.000) 07/14 16:50:03 Image size of job updated: 1459984
	305  -  MemoryUsage of job (MB)
	311608  -  ResidentSetSize of job (KB)
...
006 (9406132.000.000) 07/14 16:50:04 Image size of job updated: 1459940
	305  -  MemoryUsage of job (MB)
	311460  -  ResidentSetSize of job (KB)
...
006 (9406152.000.000) 07/14 16:50:16 Image size of job updated: 1459972
	305  -  MemoryUsage of job (MB)
	311484  -  ResidentSetSize of job (KB)
...
006 (9406112.000.000) 07/14 16:55:04 Image size of job updated: 1459984
	305  -  MemoryUsage of job (MB)
	311656  -  ResidentSetSize of job (KB)
...
006 (9406132.000.000) 07/14 16:55:05 Image size of job updated: 1459940
	305  -  MemoryUsage of job (MB)
	311484  -  ResidentSetSize of job (KB)
...
006 (9406152.000.000) 07/14 16:55:16 Image size of job updated: 1459972
	305  -  MemoryUsage of job (MB)
	311564  -  ResidentSetSize of job (KB)
...
006 (9406112.000.000) 07/14 17:00:05 Image size of job updated: 1459984
	305  -  MemoryUsage of job (MB)
	311692  -  ResidentSetSize of job (KB)
...
006 (9406132.000.000) 07/14 17:00:05 Image size of job updated: 1459940
	305  -  MemoryUsage of job (MB)
	311496  -  ResidentSetSize of job (KB)
...
006 (9406152.000.000) 07/14 17:00:17 Image size of job updated: 1459972
	305  -  MemoryUsage of job (MB)
	311576  -  ResidentSetSize of job (KB)
...
006 (9406112.000.000) 07/14 17:05:05 Image size of job updated: 1459984
	305  -  MemoryUsage of job (MB)
	311708  -  ResidentSetSize of job (KB)
...
006 (9406132.000.000) 07/14 17:05:06 Image size of job updated: 1459940
	305  -  MemoryUsage of job (MB)
	311520  -  ResidentSetSize of job (KB)
...
006 (9406152.000.000) 07/14 17:05:17 Image size of job updated: 1459972
	305  -  MemoryUsage of job (MB)
	311592  -  ResidentSetSize of job (KB)
...
006 (9406132.000.000) 07/14 17:10:07 Image size of job updated: 1459948
	322  -  MemoryUsage of job (MB)
	329096  -  ResidentSetSize of job (KB)
...
006 (9406152.000.000) 07/14 17:10:17 Image size of job updated: 1459972
	305  -  MemoryUsage of job (MB)
	311600  -  ResidentSetSize of job (KB)
...
006 (9406112.000.000) 07/14 17:15:07 Image size of job updated: 1459984
	305  -  MemoryUsage of job (MB)
	311720  -  ResidentSetSize of job (KB)
...
006 (9406132.000.000) 07/14 17:15:07 Image size of job updated: 1459948
	322  -  MemoryUsage of job (MB)
	329304  -  ResidentSetSize of job (KB)
...
006 (9406152.000.000) 07/14 17:15:18 Image size of job updated: 1459972
	305  -  MemoryUsage of job (MB)
	311608  -  ResidentSetSize of job (KB)
...
006 (9406112.000.000) 07/14 17:20:07 Image size of job updated: 1459984
	305  -  MemoryUsage of job (MB)
	311724  -  ResidentSetSize of job (KB)
...
006 (9406132.000.000) 07/14 17:20:07 Image size of job updated: 1459948
	322  -  MemoryUsage of job (MB)
	329332  -  ResidentSetSize of job (KB)
...
006 (9406152.000.000) 07/14 17:20:19 Image size of job updated: 1459972
	305  -  MemoryUsage of job (MB)
	311616  -  ResidentSetSize of job (KB)
...
006 (9406112.000.000) 07/14 17:25:07 Image size of job updated: 1459984
	305  -  MemoryUsage of job (MB)
	311728  -  ResidentSetSize of job (KB)
...
006 (9406132.000.000) 07/14 17:25:08 Image size of job updated: 1459948
	322  -  MemoryUsage of job (MB)
	329344  -  ResidentSetSize of job (KB)
...
006 (9406152.000.000) 07/14 17:25:19 Image size of job updated: 1459972
	306  -  MemoryUsage of job (MB)
	312404  -  ResidentSetSize of job (KB)
...
006 (9406112.000.000) 07/14 17:30:08 Image size of job updated: 1459984
	305  -  MemoryUsage of job (MB)
	311792  -  ResidentSetSize of job (KB)
...
006 (9406132.000.000) 07/14 17:30:08 Image size of job updated: 1459948
	322  -  MemoryUsage of job (MB)
	329356  -  ResidentSetSize of job (KB)
...
006 (9406152.000.000) 07/14 17:30:20 Image size of job updated: 1459980
	323  -  MemoryUsage of job (MB)
	329860  -  ResidentSetSize of job (KB)
...
006 (9406112.000.000) 07/14 17:35:08 Image size of job updated: 1459992
	322  -  MemoryUsage of job (MB)
	329048  -  ResidentSetSize of job (KB)
...
006 (9406152.000.000) 07/14 17:35:21 Image size of job updated: 1459980
	323  -  MemoryUsage of job (MB)
	329880  -  ResidentSetSize of job (KB)
...
006 (9406112.000.000) 07/14 17:40:08 Image size of job updated: 1459992
	322  -  MemoryUsage of job (MB)
	329288  -  ResidentSetSize of job (KB)
...
006 (9406132.000.000) 07/14 17:40:09 Image size of job updated: 1459948
	323  -  MemoryUsage of job (MB)
	330084  -  ResidentSetSize of job (KB)
...
006 (9406152.000.000) 07/14 17:40:21 Image size of job updated: 1459980
	323  -  MemoryUsage of job (MB)
	329920  -  ResidentSetSize of job (KB)
...
006 (9406112.000.000) 07/14 17:45:10 Image size of job updated: 1459992
	322  -  MemoryUsage of job (MB)
	329324  -  ResidentSetSize of job (KB)
...
006 (9406132.000.000) 07/14 17:45:10 Image size of job updated: 1459948
	327  -  MemoryUsage of job (MB)
	333916  -  ResidentSetSize of job (KB)
...
006 (9406152.000.000) 07/14 17:45:21 Image size of job updated: 1459980
	323  -  MemoryUsage of job (MB)
	329952  -  ResidentSetSize of job (KB)
...
006 (9406112.000.000) 07/14 17:50:10 Image size of job updated: 1459992
	322  -  MemoryUsage of job (MB)
	329332  -  ResidentSetSize of job (KB)
...
006 (9406132.000.000) 07/14 17:50:10 Image size of job updated: 1459948
	327  -  MemoryUsage of job (MB)
	333960  -  ResidentSetSize of job (KB)
...
006 (9406152.000.000) 07/14 17:50:22 Image size of job updated: 1459980
	323  -  MemoryUsage of job (MB)
	330012  -  ResidentSetSize of job (KB)
...
006 (9406112.000.000) 07/14 17:55:10 Image size of job updated: 1459992
	322  -  MemoryUsage of job (MB)
	329372  -  ResidentSetSize of job (KB)
...
006 (9406132.000.000) 07/14 17:55:11 Image size of job updated: 1459948
	327  -  MemoryUsage of job (MB)
	333968  -  ResidentSetSize of job (KB)
...
006 (9406112.000.000) 07/14 18:00:11 Image size of job updated: 1459992
	322  -  MemoryUsage of job (MB)
	329416  -  ResidentSetSize of job (KB)
...
006 (9406112.000.000) 07/14 18:05:12 Image size of job updated: 1459992
	322  -  MemoryUsage of job (MB)
	329476  -  ResidentSetSize of job (KB)
...
006 (9406132.000.000) 07/14 18:05:12 Image size of job updated: 1459948
	328  -  MemoryUsage of job (MB)
	335772  -  ResidentSetSize of job (KB)
...
006 (9406152.000.000) 07/14 18:05:24 Image size of job updated: 1459980
	323  -  MemoryUsage of job (MB)
	330024  -  ResidentSetSize of job (KB)
...
006 (9406112.000.000) 07/14 18:10:12 Image size of job updated: 1459992
	322  -  MemoryUsage of job (MB)
	329496  -  ResidentSetSize of job (KB)
...
006 (9406132.000.000) 07/14 18:10:12 Image size of job updated: 1459948
	328  -  MemoryUsage of job (MB)
	335820  -  ResidentSetSize of job (KB)
...
006 (9406152.000.000) 07/14 18:10:25 Image size of job updated: 1459980
	327  -  MemoryUsage of job (MB)
	334060  -  ResidentSetSize of job (KB)
...
006 (9406132.000.000) 07/14 18:15:13 Image size of job updated: 1459948
	328  -  MemoryUsage of job (MB)
	335824  -  ResidentSetSize of job (KB)
...
006 (9406112.000.000) 07/14 18:15:13 Image size of job updated: 1459992
	322  -  MemoryUsage of job (MB)
	329504  -  ResidentSetSize of job (KB)
...
006 (9406152.000.000) 07/14 18:15:25 Image size of job updated: 1459980
	327  -  MemoryUsage of job (MB)
	334168  -  ResidentSetSize of job (KB)
...
006 (9406112.000.000) 07/14 18:20:14 Image size of job updated: 1459992
	322  -  MemoryUsage of job (MB)
	329584  -  ResidentSetSize of job (KB)
...
006 (9406152.000.000) 07/14 18:20:25 Image size of job updated: 1459980
	327  -  MemoryUsage of job (MB)
	334208  -  ResidentSetSize of job (KB)
...
006 (9406112.000.000) 07/14 18:25:14 Image size of job updated: 1459992
	327  -  MemoryUsage of job (MB)
	334388  -  ResidentSetSize of job (KB)
...
006 (9406152.000.000) 07/14 18:25:26 Image size of job updated: 1459980
	327  -  MemoryUsage of job (MB)
	334212  -  ResidentSetSize of job (KB)
...
006 (9406112.000.000) 07/14 18:30:15 Image size of job updated: 1459992
	327  -  MemoryUsage of job (MB)
	334448  -  ResidentSetSize of job (KB)
...
006 (9406112.000.000) 07/14 18:35:16 Image size of job updated: 1459992
	327  -  MemoryUsage of job (MB)
	334460  -  ResidentSetSize of job (KB)
...
006 (9406132.000.000) 07/14 18:40:15 Image size of job updated: 1459948
	329  -  MemoryUsage of job (MB)
	336120  -  ResidentSetSize of job (KB)
...
006 (9406112.000.000) 07/14 18:40:16 Image size of job updated: 1459992
	327  -  MemoryUsage of job (MB)
	334464  -  ResidentSetSize of job (KB)
...
006 (9406152.000.000) 07/14 18:40:28 Image size of job updated: 1459980
	327  -  MemoryUsage of job (MB)
	334216  -  ResidentSetSize of job (KB)
...
006 (9406132.000.000) 07/14 18:45:15 Image size of job updated: 1459948
	329  -  MemoryUsage of job (MB)
	336140  -  ResidentSetSize of job (KB)
...
006 (9406112.000.000) 07/14 18:45:16 Image size of job updated: 1459992
	327  -  MemoryUsage of job (MB)
	334468  -  ResidentSetSize of job (KB)
...
006 (9406152.000.000) 07/14 18:45:29 Image size of job updated: 1459980
	329  -  MemoryUsage of job (MB)
	336108  -  ResidentSetSize of job (KB)
...
006 (9406132.000.000) 07/14 18:50:16 Image size of job updated: 1459948
	329  -  MemoryUsage of job (MB)
	336180  -  ResidentSetSize of job (KB)
...
006 (9406152.000.000) 07/14 18:50:29 Image size of job updated: 1459980
	329  -  MemoryUsage of job (MB)
	336172  -  ResidentSetSize of job (KB)
...
006 (9406132.000.000) 07/14 18:55:16 Image size of job updated: 1459948
	329  -  MemoryUsage of job (MB)
	336188  -  ResidentSetSize of job (KB)
...
006 (9406112.000.000) 07/14 18:55:17 Image size of job updated: 1459992
	327  -  MemoryUsage of job (MB)
	334520  -  ResidentSetSize of job (KB)
...
006 (9406152.000.000) 07/14 18:55:29 Image size of job updated: 1459980
	329  -  MemoryUsage of job (MB)
	336176  -  ResidentSetSize of job (KB)
...
006 (9406112.000.000) 07/14 19:00:17 Image size of job updated: 1459992
	329  -  MemoryUsage of job (MB)
	336136  -  ResidentSetSize of job (KB)
...
006 (9406152.000.000) 07/14 19:00:30 Image size of job updated: 1459980
	329  -  MemoryUsage of job (MB)
	336180  -  ResidentSetSize of job (KB)
...
006 (9406132.000.000) 07/14 19:05:17 Image size of job updated: 1459948
	329  -  MemoryUsage of job (MB)
	336652  -  ResidentSetSize of job (KB)
...
006 (9406112.000.000) 07/14 19:05:18 Image size of job updated: 1459992
	329  -  MemoryUsage of job (MB)
	336208  -  ResidentSetSize of job (KB)
...
006 (9406132.000.000) 07/14 19:10:18 Image size of job updated: 1459948
	329  -  MemoryUsage of job (MB)
	336744  -  ResidentSetSize of job (KB)
...
006 (9406152.000.000) 07/14 19:10:30 Image size of job updated: 1459980
	329  -  MemoryUsage of job (MB)
	336184  -  ResidentSetSize of job (KB)
...
006 (9406132.000.000) 07/14 19:25:20 Image size of job updated: 1459948
	329  -  MemoryUsage of job (MB)
	336800  -  ResidentSetSize of job (KB)
...
006 (9406152.000.000) 07/14 19:35:34 Image size of job updated: 1459980
	329  -  MemoryUsage of job (MB)
	336580  -  ResidentSetSize of job (KB)
...
006 (9406152.000.000) 07/14 19:40:34 Image size of job updated: 1459980
	329  -  MemoryUsage of job (MB)
	336592  -  ResidentSetSize of job (KB)
...
006 (9406152.000.000) 07/14 19:45:34 Image size of job updated: 1459980
	329  -  MemoryUsage of job (MB)
	336604  -  ResidentSetSize of job (KB)
...
006 (9406132.000.000) 07/14 19:55:23 Image size of job updated: 1459948
	329  -  MemoryUsage of job (MB)
	336840  -  ResidentSetSize of job (KB)
...
006 (9406112.000.000) 07/14 19:55:23 Image size of job updated: 1459992
	329  -  MemoryUsage of job (MB)
	336552  -  ResidentSetSize of job (KB)
...
006 (9406112.000.000) 07/14 20:00:24 Image size of job updated: 1459992
	329  -  MemoryUsage of job (MB)
	336580  -  ResidentSetSize of job (KB)
...
006 (9406152.000.000) 07/14 20:00:36 Image size of job updated: 1459980
	329  -  MemoryUsage of job (MB)
	336616  -  ResidentSetSize of job (KB)
...
006 (9406152.000.000) 07/14 20:10:38 Image size of job updated: 1459980
	329  -  MemoryUsage of job (MB)
	336724  -  ResidentSetSize of job (KB)
...
006 (9406132.000.000) 07/14 20:15:25 Image size of job updated: 1459948
	329  -  MemoryUsage of job (MB)
	336860  -  ResidentSetSize of job (KB)
...
006 (9406152.000.000) 07/14 20:15:38 Image size of job updated: 1459980
	329  -  MemoryUsage of job (MB)
	336812  -  ResidentSetSize of job (KB)
...
006 (9406112.000.000) 07/14 20:20:26 Image size of job updated: 1459992
	329  -  MemoryUsage of job (MB)
	336592  -  ResidentSetSize of job (KB)
...
006 (9406132.000.000) 07/14 20:30:26 Image size of job updated: 1459948
	329  -  MemoryUsage of job (MB)
	336892  -  ResidentSetSize of job (KB)
...
006 (9406112.000.000) 07/14 20:35:28 Image size of job updated: 1459992
	329  -  MemoryUsage of job (MB)
	336764  -  ResidentSetSize of job (KB)
...
006 (9406152.000.000) 07/14 20:35:40 Image size of job updated: 1459980
	329  -  MemoryUsage of job (MB)
	336832  -  ResidentSetSize of job (KB)
...
006 (9406112.000.000) 07/14 20:40:28 Image size of job updated: 1459992
	329  -  MemoryUsage of job (MB)
	336856  -  ResidentSetSize of job (KB)
...
006 (9406152.000.000) 07/14 20:40:41 Image size of job updated: 1459980
	329  -  MemoryUsage of job (MB)
	336852  -  ResidentSetSize of job (KB)
...
006 (9406132.000.000) 07/14 20:50:28 Image size of job updated: 1459948
	330  -  MemoryUsage of job (MB)
	337020  -  ResidentSetSize of job (KB)
...
006 (9406112.000.000) 07/14 21:05:31 Image size of job updated: 1459992
	330  -  MemoryUsage of job (MB)
	336980  -  ResidentSetSize of job (KB)
...
006 (9406112.000.000) 07/14 21:10:31 Image size of job updated: 1459992
	330  -  MemoryUsage of job (MB)
	337000  -  ResidentSetSize of job (KB)
...
040 (9406132.000.000) 07/14 21:15:18 Started transferring output files
...
040 (9406132.000.000) 07/14 21:15:18 Finished transferring output files
...
005 (9406132.000.000) 07/14 21:15:18 Job terminated.
	(1) Normal termination (return value 0)
		Usr 0 02:52:15, Sys 0 00:01:15  -  Run Remote Usage
		Usr 0 00:00:00, Sys 0 00:00:00  -  Run Local Usage
		Usr 0 02:52:15, Sys 0 00:01:15  -  Total Remote Usage
		Usr 0 00:00:00, Sys 0 00:00:00  -  Total Local Usage
	57676  -  Run Bytes Sent By Job
	11151  -  Run Bytes Received By Job
	57676  -  Total Bytes Sent By Job
	11151  -  Total Bytes Received By Job
	Partitionable Resources :    Usage  Request Allocated 
	   Cpus                 :     0.06        1         1 
	   Disk (KB)            :    88          12   1243386 
	   Memory (MB)          :   330        2000      2000 

	Job terminated of its own accord at 2023-07-14T19:15:18Z.
...
006 (9406152.000.000) 07/14 21:20:46 Image size of job updated: 1459980
	329  -  MemoryUsage of job (MB)
	336884  -  ResidentSetSize of job (KB)
...
006 (9406152.000.000) 07/14 21:45:47 Image size of job updated: 1459980
	330  -  MemoryUsage of job (MB)
	336920  -  ResidentSetSize of job (KB)
...
006 (9406112.000.000) 07/14 21:55:36 Image size of job updated: 1459992
	330  -  MemoryUsage of job (MB)
	337036  -  ResidentSetSize of job (KB)
...
006 (9406152.000.000) 07/14 22:10:51 Image size of job updated: 1459980
	330  -  MemoryUsage of job (MB)
	336980  -  ResidentSetSize of job (KB)
...
006 (9406112.000.000) 07/14 22:25:40 Image size of job updated: 1459992
	330  -  MemoryUsage of job (MB)
	337048  -  ResidentSetSize of job (KB)
...
006 (9406152.000.000) 07/14 22:35:53 Image size of job updated: 1459980
	330  -  MemoryUsage of job (MB)
	337012  -  ResidentSetSize of job (KB)
...
006 (9406112.000.000) 07/14 22:55:42 Image size of job updated: 1459992
	330  -  MemoryUsage of job (MB)
	337060  -  ResidentSetSize of job (KB)
...
040 (9406152.000.000) 07/14 23:14:50 Started transferring output files
...
040 (9406152.000.000) 07/14 23:14:50 Finished transferring output files
...
005 (9406152.000.000) 07/14 23:14:50 Job terminated.
	(1) Normal termination (return value 0)
		Usr 0 04:52:29, Sys 0 00:01:23  -  Run Remote Usage
		Usr 0 00:00:00, Sys 0 00:00:00  -  Run Local Usage
		Usr 0 04:52:29, Sys 0 00:01:23  -  Total Remote Usage
		Usr 0 00:00:00, Sys 0 00:00:00  -  Total Local Usage
	57676  -  Run Bytes Sent By Job
	11151  -  Run Bytes Received By Job
	57676  -  Total Bytes Sent By Job
	11151  -  Total Bytes Received By Job
	Partitionable Resources :    Usage  Request Allocated 
	   Cpus                 :     0.37        1         1 
	   Disk (KB)            :    88          12   1680327 
	   Memory (MB)          :   330        2000      2000 

	Job terminated of its own accord at 2023-07-14T21:14:50Z.
...
006 (9406112.000.000) 07/14 23:20:45 Image size of job updated: 1459992
	330  -  MemoryUsage of job (MB)
	337068  -  ResidentSetSize of job (KB)
...
040 (9406112.000.000) 07/15 00:04:47 Started transferring output files
...
040 (9406112.000.000) 07/15 00:04:48 Finished transferring output files
...
005 (9406112.000.000) 07/15 00:04:48 Job terminated.
	(1) Normal termination (return value 0)
		Usr 0 05:41:48, Sys 0 00:01:26  -  Run Remote Usage
		Usr 0 00:00:00, Sys 0 00:00:00  -  Run Local Usage
		Usr 0 05:41:48, Sys 0 00:01:26  -  Total Remote Usage
		Usr 0 00:00:00, Sys 0 00:00:00  -  Total Local Usage
	57676  -  Run Bytes Sent By Job
	11151  -  Run Bytes Received By Job
	57676  -  Total Bytes Sent By Job
	11151  -  Total Bytes Received By Job
	Partitionable Resources :    Usage  Request Allocated 
	   Cpus                 :     0.88        1         1 
	   Disk (KB)            :    88          12   1680984 
	   Memory (MB)          :   330        2000      2000 

	Job terminated of its own accord at 2023-07-14T22:04:47Z.
...
000 (9406789.000.000) 07/15 17:10:46 Job submitted from host: <137.138.120.116:9618?addrs=137.138.120.116-9618+[2001-1458-d00-16--17b]-9618&alias=bigbird12.cern.ch&noUDP&sock=schedd_8624_ecd7>
...
040 (9406789.000.000) 07/15 17:14:06 Started transferring input files
	Transferring to host: <128.142.61.36:9618?addrs=128.142.61.36-9618+[2001-1458-301-23--100-23]-9618&alias=b7s06p7054.cern.ch&noUDP&sock=slot1_8_4260_4e26_155954>
...
040 (9406789.000.000) 07/15 17:14:06 Finished transferring input files
...
001 (9406789.000.000) 07/15 17:14:07 Job executing on host: <128.142.61.36:9618?addrs=128.142.61.36-9618+[2001-1458-301-23--100-23]-9618&alias=b7s06p7054.cern.ch&noUDP&sock=startd_2986_b9e2>
...
006 (9406789.000.000) 07/15 17:14:16 Image size of job updated: 26352
	11  -  MemoryUsage of job (MB)
	10908  -  ResidentSetSize of job (KB)
...
006 (9406789.000.000) 07/15 17:19:16 Image size of job updated: 1459708
	304  -  MemoryUsage of job (MB)
	311188  -  ResidentSetSize of job (KB)
...
006 (9406789.000.000) 07/15 17:24:17 Image size of job updated: 1459708
	305  -  MemoryUsage of job (MB)
	311440  -  ResidentSetSize of job (KB)
...
006 (9406789.000.000) 07/15 17:29:17 Image size of job updated: 1459964
	305  -  MemoryUsage of job (MB)
	311520  -  ResidentSetSize of job (KB)
...
006 (9406789.000.000) 07/15 17:34:17 Image size of job updated: 1459964
	305  -  MemoryUsage of job (MB)
	311604  -  ResidentSetSize of job (KB)
...
006 (9406789.000.000) 07/15 17:39:18 Image size of job updated: 1459964
	305  -  MemoryUsage of job (MB)
	311612  -  ResidentSetSize of job (KB)
...
006 (9406789.000.000) 07/15 17:54:19 Image size of job updated: 1459964
	305  -  MemoryUsage of job (MB)
	311672  -  ResidentSetSize of job (KB)
...
006 (9406789.000.000) 07/15 17:59:20 Image size of job updated: 1459972
	322  -  MemoryUsage of job (MB)
	329012  -  ResidentSetSize of job (KB)
...
006 (9406789.000.000) 07/15 18:04:20 Image size of job updated: 1459972
	322  -  MemoryUsage of job (MB)
	329072  -  ResidentSetSize of job (KB)
...
006 (9406789.000.000) 07/15 18:09:21 Image size of job updated: 1459972
	322  -  MemoryUsage of job (MB)
	329084  -  ResidentSetSize of job (KB)
...
006 (9406789.000.000) 07/15 18:14:21 Image size of job updated: 1459972
	322  -  MemoryUsage of job (MB)
	329128  -  ResidentSetSize of job (KB)
...
006 (9406789.000.000) 07/15 18:19:21 Image size of job updated: 1459972
	322  -  MemoryUsage of job (MB)
	329172  -  ResidentSetSize of job (KB)
...
006 (9406789.000.000) 07/15 18:24:22 Image size of job updated: 1459972
	322  -  MemoryUsage of job (MB)
	329180  -  ResidentSetSize of job (KB)
...
006 (9406789.000.000) 07/15 18:29:23 Image size of job updated: 1459972
	322  -  MemoryUsage of job (MB)
	329196  -  ResidentSetSize of job (KB)
...
006 (9406789.000.000) 07/15 18:34:23 Image size of job updated: 1459972
	327  -  MemoryUsage of job (MB)
	334348  -  ResidentSetSize of job (KB)
...
006 (9406789.000.000) 07/15 18:39:24 Image size of job updated: 1459972
	327  -  MemoryUsage of job (MB)
	334384  -  ResidentSetSize of job (KB)
...
006 (9406789.000.000) 07/15 18:44:25 Image size of job updated: 1459972
	327  -  MemoryUsage of job (MB)
	334404  -  ResidentSetSize of job (KB)
...
006 (9406789.000.000) 07/15 18:54:26 Image size of job updated: 1459972
	328  -  MemoryUsage of job (MB)
	335596  -  ResidentSetSize of job (KB)
...
006 (9406789.000.000) 07/15 18:59:27 Image size of job updated: 1459972
	328  -  MemoryUsage of job (MB)
	335704  -  ResidentSetSize of job (KB)
...
006 (9406789.000.000) 07/15 19:04:27 Image size of job updated: 1459972
	328  -  MemoryUsage of job (MB)
	335708  -  ResidentSetSize of job (KB)
...
006 (9406789.000.000) 07/15 19:09:27 Image size of job updated: 1459972
	328  -  MemoryUsage of job (MB)
	335712  -  ResidentSetSize of job (KB)
...
006 (9406789.000.000) 07/15 19:29:29 Image size of job updated: 1459972
	328  -  MemoryUsage of job (MB)
	335716  -  ResidentSetSize of job (KB)
...
006 (9406789.000.000) 07/15 19:34:29 Image size of job updated: 1459972
	329  -  MemoryUsage of job (MB)
	336440  -  ResidentSetSize of job (KB)
...
006 (9406789.000.000) 07/15 19:54:31 Image size of job updated: 1459972
	329  -  MemoryUsage of job (MB)
	336452  -  ResidentSetSize of job (KB)
...
006 (9406789.000.000) 07/15 19:59:32 Image size of job updated: 1459972
	329  -  MemoryUsage of job (MB)
	336680  -  ResidentSetSize of job (KB)
...
006 (9406789.000.000) 07/15 20:04:33 Image size of job updated: 1459972
	329  -  MemoryUsage of job (MB)
	336780  -  ResidentSetSize of job (KB)
...
006 (9406789.000.000) 07/15 20:09:33 Image size of job updated: 1459972
	329  -  MemoryUsage of job (MB)
	336784  -  ResidentSetSize of job (KB)
...
006 (9406789.000.000) 07/15 20:24:35 Image size of job updated: 1459972
	330  -  MemoryUsage of job (MB)
	336944  -  ResidentSetSize of job (KB)
...
006 (9406789.000.000) 07/15 20:59:38 Image size of job updated: 1459972
	330  -  MemoryUsage of job (MB)
	336960  -  ResidentSetSize of job (KB)
...
006 (9406789.000.000) 07/15 21:19:41 Image size of job updated: 1459972
	330  -  MemoryUsage of job (MB)
	336992  -  ResidentSetSize of job (KB)
...
006 (9406789.000.000) 07/15 21:39:44 Image size of job updated: 1459972
	330  -  MemoryUsage of job (MB)
	337012  -  ResidentSetSize of job (KB)
...
006 (9406789.000.000) 07/15 21:54:45 Image size of job updated: 1459972
	330  -  MemoryUsage of job (MB)
	337036  -  ResidentSetSize of job (KB)
...
006 (9406789.000.000) 07/15 21:59:45 Image size of job updated: 1459972
	330  -  MemoryUsage of job (MB)
	337044  -  ResidentSetSize of job (KB)
...
006 (9406789.000.000) 07/15 22:14:47 Image size of job updated: 1459972
	330  -  MemoryUsage of job (MB)
	337048  -  ResidentSetSize of job (KB)
...
040 (9406789.000.000) 07/15 22:25:42 Started transferring output files
...
040 (9406789.000.000) 07/15 22:25:42 Finished transferring output files
...
005 (9406789.000.000) 07/15 22:25:42 Job terminated.
	(1) Normal termination (return value 0)
		Usr 0 03:12:47, Sys 0 00:00:47  -  Run Remote Usage
		Usr 0 00:00:00, Sys 0 00:00:00  -  Run Local Usage
		Usr 0 03:12:47, Sys 0 00:00:47  -  Total Remote Usage
		Usr 0 00:00:00, Sys 0 00:00:00  -  Total Local Usage
	57676  -  Run Bytes Sent By Job
	10609  -  Run Bytes Received By Job
	57676  -  Total Bytes Sent By Job
	10609  -  Total Bytes Received By Job
	Partitionable Resources :    Usage  Request Allocated 
	   Cpus                 :     0.18        1         1 
	   Disk (KB)            :    88          12   1275260 
	   Memory (MB)          :   330        2000      2000 

	Job terminated of its own accord at 2023-07-15T20:25:42Z.
...
000 (9466268.000.000) 07/18 00:07:37 Job submitted from host: <137.138.120.116:9618?addrs=137.138.120.116-9618+[2001-1458-d00-16--17b]-9618&alias=bigbird12.cern.ch&noUDP&sock=schedd_8624_ecd7>
...
040 (9466268.000.000) 07/18 00:12:25 Started transferring input files
	Transferring to host: <128.142.132.40:9618?addrs=128.142.132.40-9618+[2001-1458-301-5a--100-1c]-9618&alias=b7g12p6726.cern.ch&noUDP&sock=slot1_5_5569_9d3c_98659>
...
040 (9466268.000.000) 07/18 00:12:25 Finished transferring input files
...
001 (9466268.000.000) 07/18 00:12:26 Job executing on host: <128.142.132.40:9618?addrs=128.142.132.40-9618+[2001-1458-301-5a--100-1c]-9618&alias=b7g12p6726.cern.ch&noUDP&sock=startd_4897_835e>
...
006 (9466268.000.000) 07/18 00:12:35 Image size of job updated: 852700
	5  -  MemoryUsage of job (MB)
	4836  -  ResidentSetSize of job (KB)
...
006 (9466268.000.000) 07/18 00:17:36 Image size of job updated: 1459672
	304  -  MemoryUsage of job (MB)
	310748  -  ResidentSetSize of job (KB)
...
006 (9466268.000.000) 07/18 00:22:36 Image size of job updated: 1459672
	304  -  MemoryUsage of job (MB)
	311232  -  ResidentSetSize of job (KB)
...
006 (9466268.000.000) 07/18 00:27:36 Image size of job updated: 1459672
	305  -  MemoryUsage of job (MB)
	311392  -  ResidentSetSize of job (KB)
...
006 (9466268.000.000) 07/18 00:32:37 Image size of job updated: 1459928
	305  -  MemoryUsage of job (MB)
	311484  -  ResidentSetSize of job (KB)
...
006 (9466268.000.000) 07/18 00:37:37 Image size of job updated: 1459928
	305  -  MemoryUsage of job (MB)
	311496  -  ResidentSetSize of job (KB)
...
006 (9466268.000.000) 07/18 00:42:37 Image size of job updated: 1459928
	305  -  MemoryUsage of job (MB)
	311576  -  ResidentSetSize of job (KB)
...
006 (9466268.000.000) 07/18 00:47:38 Image size of job updated: 1459928
	305  -  MemoryUsage of job (MB)
	311592  -  ResidentSetSize of job (KB)
...
006 (9466268.000.000) 07/18 00:52:38 Image size of job updated: 1459928
	305  -  MemoryUsage of job (MB)
	311600  -  ResidentSetSize of job (KB)
...
006 (9466268.000.000) 07/18 00:57:38 Image size of job updated: 1459928
	305  -  MemoryUsage of job (MB)
	311604  -  ResidentSetSize of job (KB)
...
006 (9466268.000.000) 07/18 01:02:39 Image size of job updated: 1459928
	305  -  MemoryUsage of job (MB)
	311608  -  ResidentSetSize of job (KB)
...
006 (9466268.000.000) 07/18 01:07:40 Image size of job updated: 1459928
	305  -  MemoryUsage of job (MB)
	311620  -  ResidentSetSize of job (KB)
...
006 (9466268.000.000) 07/18 01:17:41 Image size of job updated: 1459928
	305  -  MemoryUsage of job (MB)
	311704  -  ResidentSetSize of job (KB)
...
006 (9466268.000.000) 07/18 01:22:42 Image size of job updated: 1459936
	322  -  MemoryUsage of job (MB)
	329532  -  ResidentSetSize of job (KB)
...
006 (9466268.000.000) 07/18 01:27:42 Image size of job updated: 1459936
	322  -  MemoryUsage of job (MB)
	329564  -  ResidentSetSize of job (KB)
...
006 (9466268.000.000) 07/18 01:32:42 Image size of job updated: 1459936
	322  -  MemoryUsage of job (MB)
	329628  -  ResidentSetSize of job (KB)
...
006 (9466268.000.000) 07/18 01:37:43 Image size of job updated: 1459936
	322  -  MemoryUsage of job (MB)
	329644  -  ResidentSetSize of job (KB)
...
006 (9466268.000.000) 07/18 01:47:44 Image size of job updated: 1459936
	322  -  MemoryUsage of job (MB)
	329684  -  ResidentSetSize of job (KB)
...
006 (9466268.000.000) 07/18 01:52:45 Image size of job updated: 1459936
	322  -  MemoryUsage of job (MB)
	329724  -  ResidentSetSize of job (KB)
...
006 (9466268.000.000) 07/18 02:02:45 Image size of job updated: 1459936
	322  -  MemoryUsage of job (MB)
	329728  -  ResidentSetSize of job (KB)
...
006 (9466268.000.000) 07/18 02:07:46 Image size of job updated: 1459936
	323  -  MemoryUsage of job (MB)
	329736  -  ResidentSetSize of job (KB)
...
006 (9466268.000.000) 07/18 02:12:46 Image size of job updated: 1459936
	327  -  MemoryUsage of job (MB)
	333880  -  ResidentSetSize of job (KB)
...
006 (9466268.000.000) 07/18 02:17:46 Image size of job updated: 1459936
	327  -  MemoryUsage of job (MB)
	334264  -  ResidentSetSize of job (KB)
...
006 (9466268.000.000) 07/18 02:22:47 Image size of job updated: 1459936
	327  -  MemoryUsage of job (MB)
	334312  -  ResidentSetSize of job (KB)
...
006 (9466268.000.000) 07/18 02:27:47 Image size of job updated: 1459936
	327  -  MemoryUsage of job (MB)
	334320  -  ResidentSetSize of job (KB)
...
006 (9466268.000.000) 07/18 02:47:48 Image size of job updated: 1459936
	327  -  MemoryUsage of job (MB)
	334376  -  ResidentSetSize of job (KB)
...
006 (9466268.000.000) 07/18 02:52:49 Image size of job updated: 1459936
	328  -  MemoryUsage of job (MB)
	335576  -  ResidentSetSize of job (KB)
...
006 (9466268.000.000) 07/18 02:57:50 Image size of job updated: 1459936
	328  -  MemoryUsage of job (MB)
	335632  -  ResidentSetSize of job (KB)
...
006 (9466268.000.000) 07/18 03:07:51 Image size of job updated: 1459936
	328  -  MemoryUsage of job (MB)
	335636  -  ResidentSetSize of job (KB)
...
006 (9466268.000.000) 07/18 03:27:53 Image size of job updated: 1459936
	328  -  MemoryUsage of job (MB)
	335640  -  ResidentSetSize of job (KB)
...
006 (9466268.000.000) 07/18 03:52:54 Image size of job updated: 1459936
	328  -  MemoryUsage of job (MB)
	335648  -  ResidentSetSize of job (KB)
...
006 (9466268.000.000) 07/18 03:57:55 Image size of job updated: 1459936
	329  -  MemoryUsage of job (MB)
	336384  -  ResidentSetSize of job (KB)
...
006 (9466268.000.000) 07/18 04:07:55 Image size of job updated: 1459936
	329  -  MemoryUsage of job (MB)
	336416  -  ResidentSetSize of job (KB)
...
006 (9466268.000.000) 07/18 04:22:57 Image size of job updated: 1459936
	329  -  MemoryUsage of job (MB)
	336424  -  ResidentSetSize of job (KB)
...
006 (9466268.000.000) 07/18 04:27:58 Image size of job updated: 1459936
	329  -  MemoryUsage of job (MB)
	336428  -  ResidentSetSize of job (KB)
...
006 (9466268.000.000) 07/18 04:32:59 Image size of job updated: 1459936
	329  -  MemoryUsage of job (MB)
	336504  -  ResidentSetSize of job (KB)
...
006 (9466268.000.000) 07/18 04:37:59 Image size of job updated: 1459936
	329  -  MemoryUsage of job (MB)
	336508  -  ResidentSetSize of job (KB)
...
006 (9466268.000.000) 07/18 04:43:00 Image size of job updated: 1459936
	329  -  MemoryUsage of job (MB)
	336596  -  ResidentSetSize of job (KB)
...
006 (9466268.000.000) 07/18 05:08:02 Image size of job updated: 1459936
	329  -  MemoryUsage of job (MB)
	336684  -  ResidentSetSize of job (KB)
...
006 (9466268.000.000) 07/18 05:53:07 Image size of job updated: 1459936
	329  -  MemoryUsage of job (MB)
	336756  -  ResidentSetSize of job (KB)
...
006 (9466268.000.000) 07/18 06:18:08 Image size of job updated: 1459936
	329  -  MemoryUsage of job (MB)
	336808  -  ResidentSetSize of job (KB)
...
006 (9466268.000.000) 07/18 06:48:12 Image size of job updated: 1459936
	329  -  MemoryUsage of job (MB)
	336840  -  ResidentSetSize of job (KB)
...
006 (9466268.000.000) 07/18 06:53:12 Image size of job updated: 1459936
	329  -  MemoryUsage of job (MB)
	336848  -  ResidentSetSize of job (KB)
...
006 (9466268.000.000) 07/18 07:13:14 Image size of job updated: 1459936
	330  -  MemoryUsage of job (MB)
	337016  -  ResidentSetSize of job (KB)
...
006 (9466268.000.000) 07/18 07:18:15 Image size of job updated: 1459936
	330  -  MemoryUsage of job (MB)
	337020  -  ResidentSetSize of job (KB)
...
006 (9466268.000.000) 07/18 07:53:19 Image size of job updated: 1459936
	330  -  MemoryUsage of job (MB)
	337024  -  ResidentSetSize of job (KB)
...
040 (9466268.000.000) 07/18 07:55:07 Started transferring output files
...
040 (9466268.000.000) 07/18 07:55:07 Finished transferring output files
...
005 (9466268.000.000) 07/18 07:55:07 Job terminated.
	(1) Normal termination (return value 0)
		Usr 0 05:37:53, Sys 0 00:02:26  -  Run Remote Usage
		Usr 0 00:00:00, Sys 0 00:00:00  -  Run Local Usage
		Usr 0 05:37:53, Sys 0 00:02:26  -  Total Remote Usage
		Usr 0 00:00:00, Sys 0 00:00:00  -  Total Local Usage
	57676  -  Run Bytes Sent By Job
	11175  -  Run Bytes Received By Job
	57676  -  Total Bytes Sent By Job
	11175  -  Total Bytes Received By Job
	Partitionable Resources :    Usage  Request Allocated 
	   Cpus                 :     0.65        1         1 
	   Disk (KB)            :    88          12   1577796 
	   Memory (MB)          :   330        2000      2000 

	Job terminated of its own accord at 2023-07-18T05:55:07Z.
...
