000 (9406819.000.000) 07/15 17:13:38 Job submitted from host: <137.138.120.116:9618?addrs=137.138.120.116-9618+[2001-1458-d00-16--17b]-9618&alias=bigbird12.cern.ch&noUDP&sock=schedd_8624_ecd7>
...
040 (9406819.000.000) 07/15 17:14:15 Started transferring input files
	Transferring to host: <188.184.163.184:9618?addrs=188.184.163.184-9618&alias=b7s12p7289.cern.ch&noUDP&sock=slot1_16_41325_f36a_31929>
...
040 (9406819.000.000) 07/15 17:14:15 Finished transferring input files
...
001 (9406819.000.000) 07/15 17:14:16 Job executing on host: <188.184.163.184:9618?addrs=188.184.163.184-9618&alias=b7s12p7289.cern.ch&noUDP&sock=startd_2977_8d88>
...
006 (9406819.000.000) 07/15 17:14:25 Image size of job updated: 14560
	11  -  MemoryUsage of job (MB)
	10924  -  ResidentSetSize of job (KB)
...
006 (9406819.000.000) 07/15 17:19:25 Image size of job updated: 1453356
	305  -  MemoryUsage of job (MB)
	312268  -  ResidentSetSize of job (KB)
...
006 (9406819.000.000) 07/15 17:24:25 Image size of job updated: 1453868
	317  -  MemoryUsage of job (MB)
	323700  -  ResidentSetSize of job (KB)
...
006 (9406819.000.000) 07/15 17:29:26 Image size of job updated: 1453868
	319  -  MemoryUsage of job (MB)
	326648  -  ResidentSetSize of job (KB)
...
006 (9406819.000.000) 07/15 17:34:27 Image size of job updated: 1453868
	322  -  MemoryUsage of job (MB)
	328752  -  ResidentSetSize of job (KB)
...
040 (9406819.000.000) 07/15 17:34:32 Started transferring output files
...
040 (9406819.000.000) 07/15 17:34:32 Finished transferring output files
...
005 (9406819.000.000) 07/15 17:34:32 Job terminated.
	(1) Normal termination (return value 0)
		Usr 0 00:02:17, Sys 0 00:00:05  -  Run Remote Usage
		Usr 0 00:00:00, Sys 0 00:00:00  -  Run Local Usage
		Usr 0 00:02:17, Sys 0 00:00:05  -  Total Remote Usage
		Usr 0 00:00:00, Sys 0 00:00:00  -  Total Local Usage
	6533  -  Run Bytes Sent By Job
	10609  -  Run Bytes Received By Job
	6533  -  Total Bytes Sent By Job
	10609  -  Total Bytes Received By Job
	Partitionable Resources :    Usage  Request Allocated 
	   Cpus                 :     0.01        1         1 
	   Disk (KB)            :    37          12   2884552 
	   Memory (MB)          :   322        2000      2000 

	Job terminated of its own accord at 2023-07-15T15:34:32Z.
...
