000 (9406818.000.000) 07/15 17:13:33 Job submitted from host: <137.138.120.116:9618?addrs=137.138.120.116-9618+[2001-1458-d00-16--17b]-9618&alias=bigbird12.cern.ch&noUDP&sock=schedd_8624_ecd7>
...
040 (9406818.000.000) 07/15 17:14:15 Started transferring input files
	Transferring to host: <128.142.192.141:9618?addrs=128.142.192.141-9618+[2001-1458-301-56--100-9]-9618&alias=b7g18p1222.cern.ch&noUDP&sock=slot1_28_9703_6424_33319>
...
040 (9406818.000.000) 07/15 17:14:15 Finished transferring input files
...
001 (9406818.000.000) 07/15 17:14:16 Job executing on host: <128.142.192.141:9618?addrs=128.142.192.141-9618+[2001-1458-301-56--100-9]-9618&alias=b7g18p1222.cern.ch&noUDP&sock=startd_3669_3511>
...
006 (9406818.000.000) 07/15 17:14:25 Image size of job updated: 370380
	68  -  MemoryUsage of job (MB)
	68848  -  ResidentSetSize of job (KB)
...
006 (9406818.000.000) 07/15 17:19:25 Image size of job updated: 1453624
	299  -  MemoryUsage of job (MB)
	306080  -  ResidentSetSize of job (KB)
...
006 (9406818.000.000) 07/15 17:24:26 Image size of job updated: 1454144
	318  -  MemoryUsage of job (MB)
	325252  -  ResidentSetSize of job (KB)
...
006 (9406818.000.000) 07/15 17:29:27 Image size of job updated: 1454144
	322  -  MemoryUsage of job (MB)
	329544  -  ResidentSetSize of job (KB)
...
006 (9406818.000.000) 07/15 17:34:27 Image size of job updated: 1454144
	323  -  MemoryUsage of job (MB)
	330116  -  ResidentSetSize of job (KB)
...
006 (9406818.000.000) 07/15 17:39:28 Image size of job updated: 1454144
	323  -  MemoryUsage of job (MB)
	330700  -  ResidentSetSize of job (KB)
...
006 (9406818.000.000) 07/15 17:44:29 Image size of job updated: 1454144
	324  -  MemoryUsage of job (MB)
	330836  -  ResidentSetSize of job (KB)
...
006 (9406818.000.000) 07/15 17:49:29 Image size of job updated: 1454144
	324  -  MemoryUsage of job (MB)
	330892  -  ResidentSetSize of job (KB)
...
006 (9406818.000.000) 07/15 17:54:29 Image size of job updated: 1454144
	324  -  MemoryUsage of job (MB)
	330940  -  ResidentSetSize of job (KB)
...
006 (9406818.000.000) 07/15 18:04:30 Image size of job updated: 1454144
	324  -  MemoryUsage of job (MB)
	330964  -  ResidentSetSize of job (KB)
...
006 (9406818.000.000) 07/15 18:39:33 Image size of job updated: 1454144
	324  -  MemoryUsage of job (MB)
	330968  -  ResidentSetSize of job (KB)
...
006 (9406818.000.000) 07/15 18:44:34 Image size of job updated: 1454144
	324  -  MemoryUsage of job (MB)
	330972  -  ResidentSetSize of job (KB)
...
006 (9406818.000.000) 07/15 18:49:35 Image size of job updated: 1454144
	324  -  MemoryUsage of job (MB)
	330976  -  ResidentSetSize of job (KB)
...
006 (9406818.000.000) 07/15 18:59:36 Image size of job updated: 1454228
	324  -  MemoryUsage of job (MB)
	331308  -  ResidentSetSize of job (KB)
...
006 (9406818.000.000) 07/15 19:04:37 Image size of job updated: 1454228
	324  -  MemoryUsage of job (MB)
	331312  -  ResidentSetSize of job (KB)
...
006 (9406818.000.000) 07/15 19:44:40 Image size of job updated: 1454228
	324  -  MemoryUsage of job (MB)
	331320  -  ResidentSetSize of job (KB)
...
006 (9406818.000.000) 07/15 19:54:42 Image size of job updated: 1454228
	324  -  MemoryUsage of job (MB)
	331328  -  ResidentSetSize of job (KB)
...
006 (9406818.000.000) 07/15 20:04:43 Image size of job updated: 1454228
	324  -  MemoryUsage of job (MB)
	331332  -  ResidentSetSize of job (KB)
...
006 (9406818.000.000) 07/15 20:29:45 Image size of job updated: 1454228
	324  -  MemoryUsage of job (MB)
	331336  -  ResidentSetSize of job (KB)
...
006 (9406818.000.000) 07/15 20:59:48 Image size of job updated: 1454228
	324  -  MemoryUsage of job (MB)
	331340  -  ResidentSetSize of job (KB)
...
006 (9406818.000.000) 07/15 21:19:50 Image size of job updated: 1454228
	324  -  MemoryUsage of job (MB)
	331344  -  ResidentSetSize of job (KB)
...
006 (9406818.000.000) 07/15 21:29:52 Image size of job updated: 1454484
	324  -  MemoryUsage of job (MB)
	331396  -  ResidentSetSize of job (KB)
...
006 (9406818.000.000) 07/15 21:34:52 Image size of job updated: 1454484
	324  -  MemoryUsage of job (MB)
	331476  -  ResidentSetSize of job (KB)
...
006 (9406818.000.000) 07/15 21:44:53 Image size of job updated: 1454484
	324  -  MemoryUsage of job (MB)
	331488  -  ResidentSetSize of job (KB)
...
006 (9406818.000.000) 07/15 22:04:54 Image size of job updated: 1454484
	324  -  MemoryUsage of job (MB)
	331608  -  ResidentSetSize of job (KB)
...
006 (9406818.000.000) 07/15 22:24:56 Image size of job updated: 1454484
	326  -  MemoryUsage of job (MB)
	333036  -  ResidentSetSize of job (KB)
...
040 (9406818.000.000) 07/15 22:29:54 Started transferring output files
...
040 (9406818.000.000) 07/15 22:29:54 Finished transferring output files
...
005 (9406818.000.000) 07/15 22:29:54 Job terminated.
	(1) Normal termination (return value 0)
		Usr 0 03:53:59, Sys 0 00:00:39  -  Run Remote Usage
		Usr 0 00:00:00, Sys 0 00:00:00  -  Run Local Usage
		Usr 0 03:53:59, Sys 0 00:00:39  -  Total Remote Usage
		Usr 0 00:00:00, Sys 0 00:00:00  -  Total Local Usage
	21120  -  Run Bytes Sent By Job
	10609  -  Run Bytes Received By Job
	21120  -  Total Bytes Sent By Job
	10609  -  Total Bytes Received By Job
	Partitionable Resources :    Usage  Request Allocated 
	   Cpus                 :     0.77        1         1 
	   Disk (KB)            :    52          12   2985194 
	   Memory (MB)          :   326        2000      2000 

	Job terminated of its own accord at 2023-07-15T20:29:54Z.
...
