000 (9401224.000.000) 07/13 22:34:28 Job submitted from host: <137.138.120.116:9618?addrs=137.138.120.116-9618+[2001-1458-d00-16--17b]-9618&alias=bigbird12.cern.ch&noUDP&sock=schedd_8624_ecd7>
...
040 (9401224.000.000) 07/13 22:36:06 Started transferring input files
	Transferring to host: <188.184.163.39:9618?addrs=188.184.163.39-9618+[2001-1458-301-4d--100-21]-9618&alias=b7s12p1233.cern.ch&noUDP&sock=slot1_6_201030_9228_84245>
...
040 (9401224.000.000) 07/13 22:36:06 Finished transferring input files
...
001 (9401224.000.000) 07/13 22:36:07 Job executing on host: <188.184.163.39:9618?addrs=188.184.163.39-9618+[2001-1458-301-4d--100-21]-9618&alias=b7s12p1233.cern.ch&noUDP&sock=startd_3303_2968>
...
006 (9401224.000.000) 07/13 22:36:16 Image size of job updated: 231628
	136  -  MemoryUsage of job (MB)
	138524  -  ResidentSetSize of job (KB)
...
006 (9401224.000.000) 07/13 22:41:16 Image size of job updated: 1452420
	303  -  MemoryUsage of job (MB)
	309408  -  ResidentSetSize of job (KB)
...
006 (9401224.000.000) 07/13 22:46:16 Image size of job updated: 1452420
	314  -  MemoryUsage of job (MB)
	320564  -  ResidentSetSize of job (KB)
...
006 (9401224.000.000) 07/13 22:51:17 Image size of job updated: 1452420
	318  -  MemoryUsage of job (MB)
	325512  -  ResidentSetSize of job (KB)
...
006 (9401224.000.000) 07/13 22:56:17 Image size of job updated: 1452420
	320  -  MemoryUsage of job (MB)
	327280  -  ResidentSetSize of job (KB)
...
040 (9401224.000.000) 07/13 22:57:08 Started transferring output files
...
040 (9401224.000.000) 07/13 22:57:08 Finished transferring output files
...
005 (9401224.000.000) 07/13 22:57:08 Job terminated.
	(1) Normal termination (return value 0)
		Usr 0 00:00:40, Sys 0 00:00:06  -  Run Remote Usage
		Usr 0 00:00:00, Sys 0 00:00:00  -  Run Local Usage
		Usr 0 00:00:40, Sys 0 00:00:06  -  Total Remote Usage
		Usr 0 00:00:00, Sys 0 00:00:00  -  Total Local Usage
	6897  -  Run Bytes Sent By Job
	10613  -  Run Bytes Received By Job
	6897  -  Total Bytes Sent By Job
	10613  -  Total Bytes Received By Job
	Partitionable Resources :    Usage  Request Allocated 
	   Cpus                 :     0.05        1         1 
	   Disk (KB)            :    39          12   3068209 
	   Memory (MB)          :   320        2000      2000 

	Job terminated of its own accord at 2023-07-13T20:57:08Z.
...
000 (9406124.000.000) 07/14 16:25:25 Job submitted from host: <137.138.120.116:9618?addrs=137.138.120.116-9618+[2001-1458-d00-16--17b]-9618&alias=bigbird12.cern.ch&noUDP&sock=schedd_8624_ecd7>
...
000 (9406144.000.000) 07/14 16:27:43 Job submitted from host: <137.138.120.116:9618?addrs=137.138.120.116-9618+[2001-1458-d00-16--17b]-9618&alias=bigbird12.cern.ch&noUDP&sock=schedd_8624_ecd7>
...
000 (9406164.000.000) 07/14 16:29:39 Job submitted from host: <137.138.120.116:9618?addrs=137.138.120.116-9618+[2001-1458-d00-16--17b]-9618&alias=bigbird12.cern.ch&noUDP&sock=schedd_8624_ecd7>
...
040 (9406124.000.000) 07/14 16:29:52 Started transferring input files
	Transferring to host: <128.142.131.76:9618?addrs=128.142.131.76-9618+[2001-1458-301-59--100-40]-9618&alias=b7g11p1957.cern.ch&noUDP&sock=slot1_4_3882_f857_101293>
...
040 (9406124.000.000) 07/14 16:29:52 Finished transferring input files
...
001 (9406124.000.000) 07/14 16:29:53 Job executing on host: <128.142.131.76:9618?addrs=128.142.131.76-9618+[2001-1458-301-59--100-40]-9618&alias=b7g11p1957.cern.ch&noUDP&sock=startd_3193_b5fd>
...
040 (9406144.000.000) 07/14 16:30:01 Started transferring input files
	Transferring to host: <128.142.192.155:9618?addrs=128.142.192.155-9618+[2001-1458-301-56--100-17]-9618&alias=b7g18p3514.cern.ch&noUDP&sock=slot1_47_18837_1ed7_1073>
...
040 (9406144.000.000) 07/14 16:30:01 Finished transferring input files
...
006 (9406124.000.000) 07/14 16:30:02 Image size of job updated: 852700
	71  -  MemoryUsage of job (MB)
	71836  -  ResidentSetSize of job (KB)
...
001 (9406144.000.000) 07/14 16:30:02 Job executing on host: <128.142.192.155:9618?addrs=128.142.192.155-9618+[2001-1458-301-56--100-17]-9618&alias=b7g18p3514.cern.ch&noUDP&sock=startd_3120_a393>
...
006 (9406144.000.000) 07/14 16:30:11 Image size of job updated: 935008
	200  -  MemoryUsage of job (MB)
	204748  -  ResidentSetSize of job (KB)
...
040 (9406164.000.000) 07/14 16:31:01 Started transferring input files
	Transferring to host: <128.142.61.135:9618?addrs=128.142.61.135-9618+[2001-1458-301-23--100-86]-9618&alias=b7s06p7796.cern.ch&noUDP&sock=slot1_56_24018_9a8a_34072>
...
040 (9406164.000.000) 07/14 16:31:01 Finished transferring input files
...
001 (9406164.000.000) 07/14 16:31:02 Job executing on host: <128.142.61.135:9618?addrs=128.142.61.135-9618+[2001-1458-301-23--100-86]-9618&alias=b7s06p7796.cern.ch&noUDP&sock=startd_3986_a497>
...
006 (9406164.000.000) 07/14 16:31:11 Image size of job updated: 18208
	14  -  MemoryUsage of job (MB)
	14136  -  ResidentSetSize of job (KB)
...
006 (9406124.000.000) 07/14 16:35:02 Image size of job updated: 1452424
	298  -  MemoryUsage of job (MB)
	305052  -  ResidentSetSize of job (KB)
...
006 (9406144.000.000) 07/14 16:35:12 Image size of job updated: 1452424
	301  -  MemoryUsage of job (MB)
	308148  -  ResidentSetSize of job (KB)
...
006 (9406164.000.000) 07/14 16:36:11 Image size of job updated: 1452412
	300  -  MemoryUsage of job (MB)
	306760  -  ResidentSetSize of job (KB)
...
006 (9406124.000.000) 07/14 16:40:02 Image size of job updated: 1452424
	308  -  MemoryUsage of job (MB)
	315060  -  ResidentSetSize of job (KB)
...
006 (9406144.000.000) 07/14 16:40:13 Image size of job updated: 1452424
	312  -  MemoryUsage of job (MB)
	319408  -  ResidentSetSize of job (KB)
...
006 (9406164.000.000) 07/14 16:41:12 Image size of job updated: 1452412
	311  -  MemoryUsage of job (MB)
	318020  -  ResidentSetSize of job (KB)
...
006 (9406124.000.000) 07/14 16:45:03 Image size of job updated: 1452424
	314  -  MemoryUsage of job (MB)
	321416  -  ResidentSetSize of job (KB)
...
006 (9406144.000.000) 07/14 16:45:13 Image size of job updated: 1452424
	317  -  MemoryUsage of job (MB)
	324228  -  ResidentSetSize of job (KB)
...
006 (9406164.000.000) 07/14 16:46:13 Image size of job updated: 1452412
	316  -  MemoryUsage of job (MB)
	323332  -  ResidentSetSize of job (KB)
...
006 (9406124.000.000) 07/14 16:50:04 Image size of job updated: 1452424
	318  -  MemoryUsage of job (MB)
	325096  -  ResidentSetSize of job (KB)
...
006 (9406144.000.000) 07/14 16:50:14 Image size of job updated: 1452424
	320  -  MemoryUsage of job (MB)
	326732  -  ResidentSetSize of job (KB)
...
006 (9406164.000.000) 07/14 16:51:13 Image size of job updated: 1452412
	319  -  MemoryUsage of job (MB)
	326148  -  ResidentSetSize of job (KB)
...
040 (9406144.000.000) 07/14 16:51:56 Started transferring output files
...
040 (9406144.000.000) 07/14 16:51:56 Finished transferring output files
...
005 (9406144.000.000) 07/14 16:51:56 Job terminated.
	(1) Normal termination (return value 0)
		Usr 0 00:00:55, Sys 0 00:00:07  -  Run Remote Usage
		Usr 0 00:00:00, Sys 0 00:00:00  -  Run Local Usage
		Usr 0 00:00:55, Sys 0 00:00:07  -  Total Remote Usage
		Usr 0 00:00:00, Sys 0 00:00:00  -  Total Local Usage
	6897  -  Run Bytes Sent By Job
	11151  -  Run Bytes Received By Job
	6897  -  Total Bytes Sent By Job
	11151  -  Total Bytes Received By Job
	Partitionable Resources :    Usage  Request Allocated 
	   Cpus                 :     0.02        1         1 
	   Disk (KB)            :    38          12   3038647 
	   Memory (MB)          :   320        2000      2000 

	Job terminated of its own accord at 2023-07-14T14:51:56Z.
...
040 (9406164.000.000) 07/14 16:54:21 Started transferring output files
...
040 (9406164.000.000) 07/14 16:54:21 Finished transferring output files
...
005 (9406164.000.000) 07/14 16:54:21 Job terminated.
	(1) Normal termination (return value 0)
		Usr 0 00:00:38, Sys 0 00:00:06  -  Run Remote Usage
		Usr 0 00:00:00, Sys 0 00:00:00  -  Run Local Usage
		Usr 0 00:00:38, Sys 0 00:00:06  -  Total Remote Usage
		Usr 0 00:00:00, Sys 0 00:00:00  -  Total Local Usage
	6897  -  Run Bytes Sent By Job
	11151  -  Run Bytes Received By Job
	6897  -  Total Bytes Sent By Job
	11151  -  Total Bytes Received By Job
	Partitionable Resources :    Usage  Request Allocated 
	   Cpus                 :     0.01        1         1 
	   Disk (KB)            :    39          12   1275424 
	   Memory (MB)          :   319        2000      2000 

	Job terminated of its own accord at 2023-07-14T14:54:21Z.
...
006 (9406124.000.000) 07/14 16:55:04 Image size of job updated: 1452424
	320  -  MemoryUsage of job (MB)
	327124  -  ResidentSetSize of job (KB)
...
040 (9406124.000.000) 07/14 16:56:11 Started transferring output files
...
040 (9406124.000.000) 07/14 16:56:11 Finished transferring output files
...
005 (9406124.000.000) 07/14 16:56:11 Job terminated.
	(1) Normal termination (return value 0)
		Usr 0 00:00:51, Sys 0 00:00:07  -  Run Remote Usage
		Usr 0 00:00:00, Sys 0 00:00:00  -  Run Local Usage
		Usr 0 00:00:51, Sys 0 00:00:07  -  Total Remote Usage
		Usr 0 00:00:00, Sys 0 00:00:00  -  Total Local Usage
	6897  -  Run Bytes Sent By Job
	11151  -  Run Bytes Received By Job
	6897  -  Total Bytes Sent By Job
	11151  -  Total Bytes Received By Job
	Partitionable Resources :    Usage  Request Allocated 
	   Cpus                 :     0.02        1         1 
	   Disk (KB)            :    39          12   1680406 
	   Memory (MB)          :   320        2000      2000 

	Job terminated of its own accord at 2023-07-14T14:56:11Z.
...
000 (9406801.000.000) 07/15 17:11:46 Job submitted from host: <137.138.120.116:9618?addrs=137.138.120.116-9618+[2001-1458-d00-16--17b]-9618&alias=bigbird12.cern.ch&noUDP&sock=schedd_8624_ecd7>
...
040 (9406801.000.000) 07/15 17:14:10 Started transferring input files
	Transferring to host: <188.184.163.209:9618?addrs=188.184.163.209-9618+[2001-1458-301-4d--100-cb]-9618&alias=b7s12p8199.cern.ch&noUDP&sock=slot1_5_288833_ba3a_11033>
...
040 (9406801.000.000) 07/15 17:14:10 Finished transferring input files
...
001 (9406801.000.000) 07/15 17:14:11 Job executing on host: <188.184.163.209:9618?addrs=188.184.163.209-9618+[2001-1458-301-4d--100-cb]-9618&alias=b7s12p8199.cern.ch&noUDP&sock=startd_173471_417a>
...
006 (9406801.000.000) 07/15 17:14:20 Image size of job updated: 896804
	17  -  MemoryUsage of job (MB)
	17112  -  ResidentSetSize of job (KB)
...
006 (9406801.000.000) 07/15 17:19:21 Image size of job updated: 1452408
	300  -  MemoryUsage of job (MB)
	307000  -  ResidentSetSize of job (KB)
...
006 (9406801.000.000) 07/15 17:24:21 Image size of job updated: 1452408
	312  -  MemoryUsage of job (MB)
	318876  -  ResidentSetSize of job (KB)
...
006 (9406801.000.000) 07/15 17:29:22 Image size of job updated: 1452408
	316  -  MemoryUsage of job (MB)
	323180  -  ResidentSetSize of job (KB)
...
006 (9406801.000.000) 07/15 17:34:23 Image size of job updated: 1452408
	319  -  MemoryUsage of job (MB)
	326028  -  ResidentSetSize of job (KB)
...
006 (9406801.000.000) 07/15 17:37:12 Image size of job updated: 1452448
	319  -  MemoryUsage of job (MB)
	326028  -  ResidentSetSize of job (KB)
...
040 (9406801.000.000) 07/15 17:37:12 Started transferring output files
...
040 (9406801.000.000) 07/15 17:37:12 Finished transferring output files
...
005 (9406801.000.000) 07/15 17:37:12 Job terminated.
	(1) Normal termination (return value 0)
		Usr 0 00:00:55, Sys 0 00:00:07  -  Run Remote Usage
		Usr 0 00:00:00, Sys 0 00:00:00  -  Run Local Usage
		Usr 0 00:00:55, Sys 0 00:00:07  -  Total Remote Usage
		Usr 0 00:00:00, Sys 0 00:00:00  -  Total Local Usage
	6897  -  Run Bytes Sent By Job
	10609  -  Run Bytes Received By Job
	6897  -  Total Bytes Sent By Job
	10609  -  Total Bytes Received By Job
	Partitionable Resources :    Usage  Request Allocated 
	   Cpus                 :     0.07        1         1 
	   Disk (KB)            :    38          12   2950098 
	   Memory (MB)          :   319        2000      2000 

	Job terminated of its own accord at 2023-07-15T15:37:12Z.
...
000 (9466280.000.000) 07/18 00:08:38 Job submitted from host: <137.138.120.116:9618?addrs=137.138.120.116-9618+[2001-1458-d00-16--17b]-9618&alias=bigbird12.cern.ch&noUDP&sock=schedd_8624_ecd7>
...
040 (9466280.000.000) 07/18 00:12:26 Started transferring input files
	Transferring to host: <128.142.58.69:9618?addrs=128.142.58.69-9618+[2001-1458-301-16--100-44]-9618&alias=b7s03p0320.cern.ch&noUDP&sock=slot1_38_4470_44ef_107263>
...
040 (9466280.000.000) 07/18 00:12:26 Finished transferring input files
...
001 (9466280.000.000) 07/18 00:12:27 Job executing on host: <128.142.58.69:9618?addrs=128.142.58.69-9618+[2001-1458-301-16--100-44]-9618&alias=b7s03p0320.cern.ch&noUDP&sock=startd_3221_eaa3>
...
006 (9466280.000.000) 07/18 00:12:35 Image size of job updated: 960700
	72  -  MemoryUsage of job (MB)
	73292  -  ResidentSetSize of job (KB)
...
006 (9466280.000.000) 07/18 00:17:35 Image size of job updated: 1452416
	293  -  MemoryUsage of job (MB)
	299884  -  ResidentSetSize of job (KB)
...
006 (9466280.000.000) 07/18 00:22:35 Image size of job updated: 1452416
	309  -  MemoryUsage of job (MB)
	315896  -  ResidentSetSize of job (KB)
...
006 (9466280.000.000) 07/18 00:27:35 Image size of job updated: 1452416
	316  -  MemoryUsage of job (MB)
	322748  -  ResidentSetSize of job (KB)
...
006 (9466280.000.000) 07/18 00:32:36 Image size of job updated: 1452416
	318  -  MemoryUsage of job (MB)
	325196  -  ResidentSetSize of job (KB)
...
006 (9466280.000.000) 07/18 00:35:05 Image size of job updated: 1452432
	318  -  MemoryUsage of job (MB)
	325196  -  ResidentSetSize of job (KB)
...
040 (9466280.000.000) 07/18 00:35:05 Started transferring output files
...
040 (9466280.000.000) 07/18 00:35:05 Finished transferring output files
...
005 (9466280.000.000) 07/18 00:35:05 Job terminated.
	(1) Normal termination (return value 0)
		Usr 0 00:00:29, Sys 0 00:00:08  -  Run Remote Usage
		Usr 0 00:00:00, Sys 0 00:00:00  -  Run Local Usage
		Usr 0 00:00:29, Sys 0 00:00:08  -  Total Remote Usage
		Usr 0 00:00:00, Sys 0 00:00:00  -  Total Local Usage
	6897  -  Run Bytes Sent By Job
	11175  -  Run Bytes Received By Job
	6897  -  Total Bytes Sent By Job
	11175  -  Total Bytes Received By Job
	Partitionable Resources :    Usage  Request Allocated 
	   Cpus                 :     0.01        1         1 
	   Disk (KB)            :    39          12   1362024 
	   Memory (MB)          :   318        2000      2000 

	Job terminated of its own accord at 2023-07-17T22:35:05Z.
...
