000 (9401211.000.000) 07/13 22:33:23 Job submitted from host: <137.138.120.116:9618?addrs=137.138.120.116-9618+[2001-1458-d00-16--17b]-9618&alias=bigbird12.cern.ch&noUDP&sock=schedd_8624_ecd7>
...
040 (9401211.000.000) 07/13 22:34:24 Started transferring input files
	Transferring to host: <128.142.192.198:9618?addrs=128.142.192.198-9618+[2001-1458-301-56--100-42]-9618&alias=b7g18p1240.cern.ch&noUDP&sock=slot1_5_9651_c0a2_7330>
...
040 (9401211.000.000) 07/13 22:34:24 Finished transferring input files
...
001 (9401211.000.000) 07/13 22:34:25 Job executing on host: <128.142.192.198:9618?addrs=128.142.192.198-9618+[2001-1458-301-56--100-42]-9618&alias=b7g18p1240.cern.ch&noUDP&sock=startd_4038_4f84>
...
006 (9401211.000.000) 07/13 22:34:34 Image size of job updated: 53352
	53  -  MemoryUsage of job (MB)
	53352  -  ResidentSetSize of job (KB)
...
006 (9401211.000.000) 07/13 22:39:35 Image size of job updated: 1463104
	306  -  MemoryUsage of job (MB)
	312472  -  ResidentSetSize of job (KB)
...
006 (9401211.000.000) 07/13 22:44:35 Image size of job updated: 1463104
	306  -  MemoryUsage of job (MB)
	312592  -  ResidentSetSize of job (KB)
...
006 (9401211.000.000) 07/13 22:49:36 Image size of job updated: 1463112
	324  -  MemoryUsage of job (MB)
	331044  -  ResidentSetSize of job (KB)
...
006 (9401211.000.000) 07/13 22:54:37 Image size of job updated: 1463112
	324  -  MemoryUsage of job (MB)
	331568  -  ResidentSetSize of job (KB)
...
006 (9401211.000.000) 07/13 22:59:37 Image size of job updated: 1463112
	324  -  MemoryUsage of job (MB)
	331580  -  ResidentSetSize of job (KB)
...
006 (9401211.000.000) 07/13 23:04:37 Image size of job updated: 1463112
	329  -  MemoryUsage of job (MB)
	335904  -  ResidentSetSize of job (KB)
...
006 (9401211.000.000) 07/13 23:09:38 Image size of job updated: 1463112
	329  -  MemoryUsage of job (MB)
	335932  -  ResidentSetSize of job (KB)
...
006 (9401211.000.000) 07/13 23:14:38 Image size of job updated: 1465048
	332  -  MemoryUsage of job (MB)
	339636  -  ResidentSetSize of job (KB)
...
006 (9401211.000.000) 07/13 23:19:38 Image size of job updated: 1465736
	334  -  MemoryUsage of job (MB)
	341832  -  ResidentSetSize of job (KB)
...
006 (9401211.000.000) 07/13 23:24:39 Image size of job updated: 1465736
	335  -  MemoryUsage of job (MB)
	342404  -  ResidentSetSize of job (KB)
...
006 (9401211.000.000) 07/13 23:39:40 Image size of job updated: 1465736
	335  -  MemoryUsage of job (MB)
	342556  -  ResidentSetSize of job (KB)
...
006 (9401211.000.000) 07/13 23:49:41 Image size of job updated: 1465736
	335  -  MemoryUsage of job (MB)
	342596  -  ResidentSetSize of job (KB)
...
006 (9401211.000.000) 07/13 23:59:43 Image size of job updated: 1465736
	335  -  MemoryUsage of job (MB)
	342644  -  ResidentSetSize of job (KB)
...
006 (9401211.000.000) 07/14 00:14:45 Image size of job updated: 1465736
	335  -  MemoryUsage of job (MB)
	342676  -  ResidentSetSize of job (KB)
...
006 (9401211.000.000) 07/14 00:29:47 Image size of job updated: 1465736
	335  -  MemoryUsage of job (MB)
	342784  -  ResidentSetSize of job (KB)
...
006 (9401211.000.000) 07/14 00:34:47 Image size of job updated: 1465736
	335  -  MemoryUsage of job (MB)
	342792  -  ResidentSetSize of job (KB)
...
006 (9401211.000.000) 07/14 00:44:48 Image size of job updated: 1465736
	335  -  MemoryUsage of job (MB)
	342796  -  ResidentSetSize of job (KB)
...
006 (9401211.000.000) 07/14 01:19:51 Image size of job updated: 1465736
	335  -  MemoryUsage of job (MB)
	342800  -  ResidentSetSize of job (KB)
...
006 (9401211.000.000) 07/14 02:45:00 Image size of job updated: 1465736
	335  -  MemoryUsage of job (MB)
	342860  -  ResidentSetSize of job (KB)
...
040 (9401211.000.000) 07/14 02:59:30 Started transferring output files
...
040 (9401211.000.000) 07/14 02:59:30 Finished transferring output files
...
005 (9401211.000.000) 07/14 02:59:30 Job terminated.
	(1) Normal termination (return value 0)
		Usr 0 01:58:10, Sys 0 00:00:51  -  Run Remote Usage
		Usr 0 00:00:00, Sys 0 00:00:00  -  Run Local Usage
		Usr 0 01:58:10, Sys 0 00:00:51  -  Total Remote Usage
		Usr 0 00:00:00, Sys 0 00:00:00  -  Total Local Usage
	57345  -  Run Bytes Sent By Job
	10613  -  Run Bytes Received By Job
	57345  -  Total Bytes Sent By Job
	10613  -  Total Bytes Received By Job
	Partitionable Resources :    Usage  Request Allocated 
	   Cpus                 :     0.11        1         1 
	   Disk (KB)            :    88          12   2935952 
	   Memory (MB)          :   335        2000      2000 

	Job terminated of its own accord at 2023-07-14T00:59:29Z.
...
000 (9406111.000.000) 07/14 16:24:21 Job submitted from host: <137.138.120.116:9618?addrs=137.138.120.116-9618+[2001-1458-d00-16--17b]-9618&alias=bigbird12.cern.ch&noUDP&sock=schedd_8624_ecd7>
...
000 (9406131.000.000) 07/14 16:26:38 Job submitted from host: <137.138.120.116:9618?addrs=137.138.120.116-9618+[2001-1458-d00-16--17b]-9618&alias=bigbird12.cern.ch&noUDP&sock=schedd_8624_ecd7>
...
000 (9406151.000.000) 07/14 16:28:34 Job submitted from host: <137.138.120.116:9618?addrs=137.138.120.116-9618+[2001-1458-d00-16--17b]-9618&alias=bigbird12.cern.ch&noUDP&sock=schedd_8624_ecd7>
...
040 (9406131.000.000) 07/14 16:29:52 Started transferring input files
	Transferring to host: <128.142.58.31:9618?addrs=128.142.58.31-9618+[2001-1458-301-16--100-1e]-9618&alias=b7s03p5163.cern.ch&noUDP&sock=slot1_17_4088_1d9f_105744>
...
040 (9406131.000.000) 07/14 16:29:52 Finished transferring input files
...
040 (9406111.000.000) 07/14 16:29:52 Started transferring input files
	Transferring to host: <128.142.192.155:9618?addrs=128.142.192.155-9618+[2001-1458-301-56--100-17]-9618&alias=b7g18p3514.cern.ch&noUDP&sock=slot1_43_18837_1ed7_1069>
...
040 (9406111.000.000) 07/14 16:29:52 Finished transferring input files
...
001 (9406131.000.000) 07/14 16:29:53 Job executing on host: <128.142.58.31:9618?addrs=128.142.58.31-9618+[2001-1458-301-16--100-1e]-9618&alias=b7s03p5163.cern.ch&noUDP&sock=startd_2963_f334>
...
001 (9406111.000.000) 07/14 16:29:53 Job executing on host: <128.142.192.155:9618?addrs=128.142.192.155-9618+[2001-1458-301-56--100-17]-9618&alias=b7g18p3514.cern.ch&noUDP&sock=startd_3120_a393>
...
006 (9406131.000.000) 07/14 16:30:02 Image size of job updated: 706196
	129  -  MemoryUsage of job (MB)
	132044  -  ResidentSetSize of job (KB)
...
006 (9406111.000.000) 07/14 16:30:02 Image size of job updated: 937852
	95  -  MemoryUsage of job (MB)
	97120  -  ResidentSetSize of job (KB)
...
040 (9406151.000.000) 07/14 16:30:05 Started transferring input files
	Transferring to host: <128.142.137.187:9618?addrs=128.142.137.187-9618+[2001-1458-301-5e--100-af]-9618&alias=b7g19p7305.cern.ch&noUDP&sock=slot1_48_3374_09c2_110634>
...
040 (9406151.000.000) 07/14 16:30:05 Finished transferring input files
...
001 (9406151.000.000) 07/14 16:30:06 Job executing on host: <128.142.137.187:9618?addrs=128.142.137.187-9618+[2001-1458-301-5e--100-af]-9618&alias=b7g19p7305.cern.ch&noUDP&sock=startd_2956_260b>
...
006 (9406151.000.000) 07/14 16:30:14 Image size of job updated: 911140
	179  -  MemoryUsage of job (MB)
	183204  -  ResidentSetSize of job (KB)
...
006 (9406131.000.000) 07/14 16:35:03 Image size of job updated: 1462244
	302  -  MemoryUsage of job (MB)
	308384  -  ResidentSetSize of job (KB)
...
006 (9406111.000.000) 07/14 16:35:03 Image size of job updated: 1463104
	306  -  MemoryUsage of job (MB)
	312612  -  ResidentSetSize of job (KB)
...
006 (9406151.000.000) 07/14 16:35:14 Image size of job updated: 1463104
	306  -  MemoryUsage of job (MB)
	312532  -  ResidentSetSize of job (KB)
...
006 (9406131.000.000) 07/14 16:40:03 Image size of job updated: 1463120
	304  -  MemoryUsage of job (MB)
	310480  -  ResidentSetSize of job (KB)
...
006 (9406111.000.000) 07/14 16:40:03 Image size of job updated: 1463104
	306  -  MemoryUsage of job (MB)
	312984  -  ResidentSetSize of job (KB)
...
006 (9406151.000.000) 07/14 16:40:15 Image size of job updated: 1463104
	306  -  MemoryUsage of job (MB)
	312968  -  ResidentSetSize of job (KB)
...
006 (9406131.000.000) 07/14 16:45:04 Image size of job updated: 1463120
	305  -  MemoryUsage of job (MB)
	312020  -  ResidentSetSize of job (KB)
...
006 (9406111.000.000) 07/14 16:45:04 Image size of job updated: 1463112
	325  -  MemoryUsage of job (MB)
	332792  -  ResidentSetSize of job (KB)
...
006 (9406151.000.000) 07/14 16:45:16 Image size of job updated: 1463112
	324  -  MemoryUsage of job (MB)
	331396  -  ResidentSetSize of job (KB)
...
006 (9406131.000.000) 07/14 16:50:05 Image size of job updated: 1463120
	306  -  MemoryUsage of job (MB)
	312492  -  ResidentSetSize of job (KB)
...
006 (9406111.000.000) 07/14 16:50:05 Image size of job updated: 1463112
	326  -  MemoryUsage of job (MB)
	332860  -  ResidentSetSize of job (KB)
...
006 (9406151.000.000) 07/14 16:50:16 Image size of job updated: 1463112
	324  -  MemoryUsage of job (MB)
	331704  -  ResidentSetSize of job (KB)
...
006 (9406131.000.000) 07/14 16:55:05 Image size of job updated: 1463120
	306  -  MemoryUsage of job (MB)
	312564  -  ResidentSetSize of job (KB)
...
006 (9406111.000.000) 07/14 16:55:05 Image size of job updated: 1463112
	331  -  MemoryUsage of job (MB)
	338344  -  ResidentSetSize of job (KB)
...
006 (9406151.000.000) 07/14 16:55:17 Image size of job updated: 1463112
	325  -  MemoryUsage of job (MB)
	332276  -  ResidentSetSize of job (KB)
...
006 (9406131.000.000) 07/14 17:00:05 Image size of job updated: 1463120
	306  -  MemoryUsage of job (MB)
	312672  -  ResidentSetSize of job (KB)
...
006 (9406111.000.000) 07/14 17:00:05 Image size of job updated: 1463112
	331  -  MemoryUsage of job (MB)
	338396  -  ResidentSetSize of job (KB)
...
006 (9406151.000.000) 07/14 17:00:18 Image size of job updated: 1463112
	328  -  MemoryUsage of job (MB)
	335440  -  ResidentSetSize of job (KB)
...
006 (9406111.000.000) 07/14 17:05:06 Image size of job updated: 1465336
	334  -  MemoryUsage of job (MB)
	341644  -  ResidentSetSize of job (KB)
...
006 (9406131.000.000) 07/14 17:05:06 Image size of job updated: 1463120
	306  -  MemoryUsage of job (MB)
	312688  -  ResidentSetSize of job (KB)
...
006 (9406151.000.000) 07/14 17:05:18 Image size of job updated: 1463112
	328  -  MemoryUsage of job (MB)
	335456  -  ResidentSetSize of job (KB)
...
006 (9406111.000.000) 07/14 17:10:06 Image size of job updated: 1466056
	335  -  MemoryUsage of job (MB)
	342688  -  ResidentSetSize of job (KB)
...
006 (9406131.000.000) 07/14 17:10:07 Image size of job updated: 1463120
	306  -  MemoryUsage of job (MB)
	312704  -  ResidentSetSize of job (KB)
...
006 (9406151.000.000) 07/14 17:10:18 Image size of job updated: 1465628
	332  -  MemoryUsage of job (MB)
	339852  -  ResidentSetSize of job (KB)
...
006 (9406111.000.000) 07/14 17:15:06 Image size of job updated: 1466056
	335  -  MemoryUsage of job (MB)
	342920  -  ResidentSetSize of job (KB)
...
006 (9406131.000.000) 07/14 17:15:07 Image size of job updated: 1463120
	306  -  MemoryUsage of job (MB)
	313060  -  ResidentSetSize of job (KB)
...
006 (9406151.000.000) 07/14 17:15:19 Image size of job updated: 1465776
	333  -  MemoryUsage of job (MB)
	340264  -  ResidentSetSize of job (KB)
...
006 (9406131.000.000) 07/14 17:20:07 Image size of job updated: 1463128
	325  -  MemoryUsage of job (MB)
	332088  -  ResidentSetSize of job (KB)
...
006 (9406151.000.000) 07/14 17:20:19 Image size of job updated: 1465776
	335  -  MemoryUsage of job (MB)
	342368  -  ResidentSetSize of job (KB)
...
006 (9406111.000.000) 07/14 17:25:07 Image size of job updated: 1466056
	335  -  MemoryUsage of job (MB)
	342928  -  ResidentSetSize of job (KB)
...
006 (9406131.000.000) 07/14 17:25:08 Image size of job updated: 1463128
	325  -  MemoryUsage of job (MB)
	332148  -  ResidentSetSize of job (KB)
...
006 (9406151.000.000) 07/14 17:25:19 Image size of job updated: 1465776
	335  -  MemoryUsage of job (MB)
	342396  -  ResidentSetSize of job (KB)
...
006 (9406111.000.000) 07/14 17:30:07 Image size of job updated: 1466056
	335  -  MemoryUsage of job (MB)
	342968  -  ResidentSetSize of job (KB)
...
006 (9406131.000.000) 07/14 17:30:08 Image size of job updated: 1463128
	325  -  MemoryUsage of job (MB)
	332152  -  ResidentSetSize of job (KB)
...
006 (9406131.000.000) 07/14 17:35:08 Image size of job updated: 1463128
	325  -  MemoryUsage of job (MB)
	332168  -  ResidentSetSize of job (KB)
...
006 (9406151.000.000) 07/14 17:35:21 Image size of job updated: 1465776
	335  -  MemoryUsage of job (MB)
	342540  -  ResidentSetSize of job (KB)
...
006 (9406111.000.000) 07/14 17:40:09 Image size of job updated: 1466056
	335  -  MemoryUsage of job (MB)
	342976  -  ResidentSetSize of job (KB)
...
006 (9406131.000.000) 07/14 17:40:09 Image size of job updated: 1463128
	329  -  MemoryUsage of job (MB)
	336056  -  ResidentSetSize of job (KB)
...
006 (9406111.000.000) 07/14 17:45:09 Image size of job updated: 1466056
	335  -  MemoryUsage of job (MB)
	342980  -  ResidentSetSize of job (KB)
...
006 (9406131.000.000) 07/14 17:45:10 Image size of job updated: 1463128
	329  -  MemoryUsage of job (MB)
	336452  -  ResidentSetSize of job (KB)
...
006 (9406151.000.000) 07/14 17:45:22 Image size of job updated: 1465776
	335  -  MemoryUsage of job (MB)
	342560  -  ResidentSetSize of job (KB)
...
006 (9406131.000.000) 07/14 17:50:10 Image size of job updated: 1463128
	329  -  MemoryUsage of job (MB)
	336472  -  ResidentSetSize of job (KB)
...
006 (9406131.000.000) 07/14 17:55:10 Image size of job updated: 1463128
	329  -  MemoryUsage of job (MB)
	336484  -  ResidentSetSize of job (KB)
...
006 (9406151.000.000) 07/14 17:55:23 Image size of job updated: 1465776
	335  -  MemoryUsage of job (MB)
	342596  -  ResidentSetSize of job (KB)
...
006 (9406111.000.000) 07/14 18:00:11 Image size of job updated: 1466056
	335  -  MemoryUsage of job (MB)
	343012  -  ResidentSetSize of job (KB)
...
006 (9406131.000.000) 07/14 18:00:11 Image size of job updated: 1463128
	329  -  MemoryUsage of job (MB)
	336768  -  ResidentSetSize of job (KB)
...
006 (9406131.000.000) 07/14 18:05:12 Image size of job updated: 1463128
	330  -  MemoryUsage of job (MB)
	337360  -  ResidentSetSize of job (KB)
...
006 (9406131.000.000) 07/14 18:10:12 Image size of job updated: 1466032
	333  -  MemoryUsage of job (MB)
	340320  -  ResidentSetSize of job (KB)
...
006 (9406151.000.000) 07/14 18:10:25 Image size of job updated: 1465776
	335  -  MemoryUsage of job (MB)
	342620  -  ResidentSetSize of job (KB)
...
006 (9406111.000.000) 07/14 18:15:12 Image size of job updated: 1466056
	336  -  MemoryUsage of job (MB)
	343076  -  ResidentSetSize of job (KB)
...
006 (9406131.000.000) 07/14 18:15:12 Image size of job updated: 1466032
	334  -  MemoryUsage of job (MB)
	341004  -  ResidentSetSize of job (KB)
...
006 (9406111.000.000) 07/14 18:20:12 Image size of job updated: 1466056
	336  -  MemoryUsage of job (MB)
	343080  -  ResidentSetSize of job (KB)
...
006 (9406131.000.000) 07/14 18:20:13 Image size of job updated: 1466032
	335  -  MemoryUsage of job (MB)
	342340  -  ResidentSetSize of job (KB)
...
006 (9406131.000.000) 07/14 18:25:13 Image size of job updated: 1466032
	335  -  MemoryUsage of job (MB)
	342404  -  ResidentSetSize of job (KB)
...
006 (9406151.000.000) 07/14 18:25:26 Image size of job updated: 1465776
	335  -  MemoryUsage of job (MB)
	342876  -  ResidentSetSize of job (KB)
...
006 (9406151.000.000) 07/14 18:30:26 Image size of job updated: 1465776
	335  -  MemoryUsage of job (MB)
	342884  -  ResidentSetSize of job (KB)
...
006 (9406131.000.000) 07/14 18:35:14 Image size of job updated: 1466032
	335  -  MemoryUsage of job (MB)
	342452  -  ResidentSetSize of job (KB)
...
006 (9406151.000.000) 07/14 18:40:28 Image size of job updated: 1465776
	335  -  MemoryUsage of job (MB)
	342888  -  ResidentSetSize of job (KB)
...
006 (9406111.000.000) 07/14 18:45:15 Image size of job updated: 1466056
	336  -  MemoryUsage of job (MB)
	343092  -  ResidentSetSize of job (KB)
...
006 (9406131.000.000) 07/14 18:55:16 Image size of job updated: 1466032
	335  -  MemoryUsage of job (MB)
	342664  -  ResidentSetSize of job (KB)
...
006 (9406131.000.000) 07/14 19:05:17 Image size of job updated: 1466032
	335  -  MemoryUsage of job (MB)
	342808  -  ResidentSetSize of job (KB)
...
006 (9406131.000.000) 07/14 19:10:18 Image size of job updated: 1466032
	335  -  MemoryUsage of job (MB)
	342868  -  ResidentSetSize of job (KB)
...
006 (9406131.000.000) 07/14 19:20:19 Image size of job updated: 1466032
	335  -  MemoryUsage of job (MB)
	342900  -  ResidentSetSize of job (KB)
...
006 (9406111.000.000) 07/14 19:25:19 Image size of job updated: 1466056
	336  -  MemoryUsage of job (MB)
	343096  -  ResidentSetSize of job (KB)
...
006 (9406151.000.000) 07/14 19:25:32 Image size of job updated: 1465776
	335  -  MemoryUsage of job (MB)
	342892  -  ResidentSetSize of job (KB)
...
006 (9406131.000.000) 07/14 19:30:20 Image size of job updated: 1466032
	336  -  MemoryUsage of job (MB)
	343060  -  ResidentSetSize of job (KB)
...
006 (9406131.000.000) 07/14 19:35:21 Image size of job updated: 1466032
	336  -  MemoryUsage of job (MB)
	343068  -  ResidentSetSize of job (KB)
...
006 (9406131.000.000) 07/14 19:40:21 Image size of job updated: 1466032
	336  -  MemoryUsage of job (MB)
	343088  -  ResidentSetSize of job (KB)
...
006 (9406111.000.000) 07/14 19:45:22 Image size of job updated: 1466312
	336  -  MemoryUsage of job (MB)
	343160  -  ResidentSetSize of job (KB)
...
006 (9406151.000.000) 07/14 19:45:34 Image size of job updated: 1465776
	335  -  MemoryUsage of job (MB)
	342900  -  ResidentSetSize of job (KB)
...
040 (9406111.000.000) 07/14 19:55:08 Started transferring output files
...
040 (9406111.000.000) 07/14 19:55:08 Finished transferring output files
...
005 (9406111.000.000) 07/14 19:55:08 Job terminated.
	(1) Normal termination (return value 0)
		Usr 0 01:46:18, Sys 0 00:01:16  -  Run Remote Usage
		Usr 0 00:00:00, Sys 0 00:00:00  -  Run Local Usage
		Usr 0 01:46:18, Sys 0 00:01:16  -  Total Remote Usage
		Usr 0 00:00:00, Sys 0 00:00:00  -  Total Local Usage
	57345  -  Run Bytes Sent By Job
	11151  -  Run Bytes Received By Job
	57345  -  Total Bytes Sent By Job
	11151  -  Total Bytes Received By Job
	Partitionable Resources :    Usage  Request Allocated 
	   Cpus                 :     0.70        1         1 
	   Disk (KB)            :    87          12   3038799 
	   Memory (MB)          :   336        2000      2000 

	Job terminated of its own accord at 2023-07-14T17:55:08Z.
...
006 (9406151.000.000) 07/14 20:00:35 Image size of job updated: 1465776
	335  -  MemoryUsage of job (MB)
	342956  -  ResidentSetSize of job (KB)
...
040 (9406151.000.000) 07/14 20:07:53 Started transferring output files
...
040 (9406151.000.000) 07/14 20:07:53 Finished transferring output files
...
005 (9406151.000.000) 07/14 20:07:53 Job terminated.
	(1) Normal termination (return value 0)
		Usr 0 02:04:59, Sys 0 00:01:28  -  Run Remote Usage
		Usr 0 00:00:00, Sys 0 00:00:00  -  Run Local Usage
		Usr 0 02:04:59, Sys 0 00:01:28  -  Total Remote Usage
		Usr 0 00:00:00, Sys 0 00:00:00  -  Total Local Usage
	57345  -  Run Bytes Sent By Job
	11151  -  Run Bytes Received By Job
	57345  -  Total Bytes Sent By Job
	11151  -  Total Bytes Received By Job
	Partitionable Resources :    Usage  Request Allocated 
	   Cpus                 :     0.56        1         1 
	   Disk (KB)            :    88          12   1656149 
	   Memory (MB)          :   335        2000      2000 

	Job terminated of its own accord at 2023-07-14T18:07:53Z.
...
006 (9406131.000.000) 07/14 20:10:25 Image size of job updated: 1466032
	336  -  MemoryUsage of job (MB)
	343100  -  ResidentSetSize of job (KB)
...
006 (9406131.000.000) 07/14 20:30:27 Image size of job updated: 1466032
	336  -  MemoryUsage of job (MB)
	343108  -  ResidentSetSize of job (KB)
...
006 (9406131.000.000) 07/14 20:35:27 Image size of job updated: 1466032
	336  -  MemoryUsage of job (MB)
	343164  -  ResidentSetSize of job (KB)
...
040 (9406131.000.000) 07/14 20:41:58 Started transferring output files
...
040 (9406131.000.000) 07/14 20:41:58 Finished transferring output files
...
005 (9406131.000.000) 07/14 20:41:58 Job terminated.
	(1) Normal termination (return value 0)
		Usr 0 01:00:20, Sys 0 00:00:37  -  Run Remote Usage
		Usr 0 00:00:00, Sys 0 00:00:00  -  Run Local Usage
		Usr 0 01:00:20, Sys 0 00:00:37  -  Total Remote Usage
		Usr 0 00:00:00, Sys 0 00:00:00  -  Total Local Usage
	57345  -  Run Bytes Sent By Job
	11151  -  Run Bytes Received By Job
	57345  -  Total Bytes Sent By Job
	11151  -  Total Bytes Received By Job
	Partitionable Resources :    Usage  Request Allocated 
	   Cpus                 :     0.47        1         1 
	   Disk (KB)            :    88          12   1371081 
	   Memory (MB)          :   336        2000      2000 

	Job terminated of its own accord at 2023-07-14T18:41:58Z.
...
000 (9406788.000.000) 07/15 17:10:43 Job submitted from host: <137.138.120.116:9618?addrs=137.138.120.116-9618+[2001-1458-d00-16--17b]-9618&alias=bigbird12.cern.ch&noUDP&sock=schedd_8624_ecd7>
...
040 (9406788.000.000) 07/15 17:14:06 Started transferring input files
	Transferring to host: <188.184.162.135:9618?addrs=188.184.162.135-9618+[2001-1458-301-4a--100-81]-9618&alias=b7s11p9669.cern.ch&noUDP&sock=slot1_7_43787_a70e_85613>
...
040 (9406788.000.000) 07/15 17:14:06 Finished transferring input files
...
001 (9406788.000.000) 07/15 17:14:07 Job executing on host: <188.184.162.135:9618?addrs=188.184.162.135-9618+[2001-1458-301-4a--100-81]-9618&alias=b7s11p9669.cern.ch&noUDP&sock=startd_43749_c0eb>
...
006 (9406788.000.000) 07/15 17:14:16 Image size of job updated: 934200
	5  -  MemoryUsage of job (MB)
	4836  -  ResidentSetSize of job (KB)
...
006 (9406788.000.000) 07/15 17:19:16 Image size of job updated: 1463100
	306  -  MemoryUsage of job (MB)
	312500  -  ResidentSetSize of job (KB)
...
006 (9406788.000.000) 07/15 17:24:16 Image size of job updated: 1463100
	306  -  MemoryUsage of job (MB)
	312944  -  ResidentSetSize of job (KB)
...
006 (9406788.000.000) 07/15 17:29:17 Image size of job updated: 1463108
	325  -  MemoryUsage of job (MB)
	332012  -  ResidentSetSize of job (KB)
...
006 (9406788.000.000) 07/15 17:34:18 Image size of job updated: 1463108
	325  -  MemoryUsage of job (MB)
	332516  -  ResidentSetSize of job (KB)
...
006 (9406788.000.000) 07/15 17:39:18 Image size of job updated: 1463108
	326  -  MemoryUsage of job (MB)
	333020  -  ResidentSetSize of job (KB)
...
006 (9406788.000.000) 07/15 17:44:19 Image size of job updated: 1463108
	329  -  MemoryUsage of job (MB)
	336644  -  ResidentSetSize of job (KB)
...
006 (9406788.000.000) 07/15 17:49:20 Image size of job updated: 1463108
	329  -  MemoryUsage of job (MB)
	336652  -  ResidentSetSize of job (KB)
...
006 (9406788.000.000) 07/15 17:54:20 Image size of job updated: 1465636
	333  -  MemoryUsage of job (MB)
	340920  -  ResidentSetSize of job (KB)
...
006 (9406788.000.000) 07/15 17:59:21 Image size of job updated: 1465908
	335  -  MemoryUsage of job (MB)
	342040  -  ResidentSetSize of job (KB)
...
006 (9406788.000.000) 07/15 18:04:22 Image size of job updated: 1465908
	335  -  MemoryUsage of job (MB)
	342196  -  ResidentSetSize of job (KB)
...
006 (9406788.000.000) 07/15 18:19:23 Image size of job updated: 1465908
	335  -  MemoryUsage of job (MB)
	342564  -  ResidentSetSize of job (KB)
...
006 (9406788.000.000) 07/15 18:29:23 Image size of job updated: 1465908
	335  -  MemoryUsage of job (MB)
	342692  -  ResidentSetSize of job (KB)
...
006 (9406788.000.000) 07/15 18:34:24 Image size of job updated: 1465908
	335  -  MemoryUsage of job (MB)
	342716  -  ResidentSetSize of job (KB)
...
006 (9406788.000.000) 07/15 18:39:24 Image size of job updated: 1465908
	335  -  MemoryUsage of job (MB)
	342736  -  ResidentSetSize of job (KB)
...
006 (9406788.000.000) 07/15 18:44:24 Image size of job updated: 1465908
	335  -  MemoryUsage of job (MB)
	342744  -  ResidentSetSize of job (KB)
...
006 (9406788.000.000) 07/15 18:54:25 Image size of job updated: 1465908
	335  -  MemoryUsage of job (MB)
	342772  -  ResidentSetSize of job (KB)
...
006 (9406788.000.000) 07/15 19:09:27 Image size of job updated: 1465908
	335  -  MemoryUsage of job (MB)
	342964  -  ResidentSetSize of job (KB)
...
006 (9406788.000.000) 07/15 19:14:27 Image size of job updated: 1465908
	335  -  MemoryUsage of job (MB)
	342976  -  ResidentSetSize of job (KB)
...
006 (9406788.000.000) 07/15 20:34:36 Image size of job updated: 1465908
	335  -  MemoryUsage of job (MB)
	342980  -  ResidentSetSize of job (KB)
...
006 (9406788.000.000) 07/15 21:04:39 Image size of job updated: 1465908
	335  -  MemoryUsage of job (MB)
	343036  -  ResidentSetSize of job (KB)
...
040 (9406788.000.000) 07/15 21:14:22 Started transferring output files
...
040 (9406788.000.000) 07/15 21:14:22 Finished transferring output files
...
005 (9406788.000.000) 07/15 21:14:22 Job terminated.
	(1) Normal termination (return value 0)
		Usr 0 01:57:22, Sys 0 00:00:37  -  Run Remote Usage
		Usr 0 00:00:00, Sys 0 00:00:00  -  Run Local Usage
		Usr 0 01:57:22, Sys 0 00:00:37  -  Total Remote Usage
		Usr 0 00:00:00, Sys 0 00:00:00  -  Total Local Usage
	57345  -  Run Bytes Sent By Job
	10609  -  Run Bytes Received By Job
	57345  -  Total Bytes Sent By Job
	10609  -  Total Bytes Received By Job
	Partitionable Resources :    Usage  Request Allocated 
	   Cpus                 :     0.57        1         1 
	   Disk (KB)            :    88          12   2939147 
	   Memory (MB)          :   335        2000      2000 

	Job terminated of its own accord at 2023-07-15T19:14:21Z.
...
000 (9466267.000.000) 07/18 00:07:34 Job submitted from host: <137.138.120.116:9618?addrs=137.138.120.116-9618+[2001-1458-d00-16--17b]-9618&alias=bigbird12.cern.ch&noUDP&sock=schedd_8624_ecd7>
...
040 (9466267.000.000) 07/18 00:12:24 Started transferring input files
	Transferring to host: <128.142.131.48:9618?addrs=128.142.131.48-9618+[2001-1458-301-59--100-24]-9618&alias=b7g11p0234.cern.ch&noUDP&sock=slot1_6_3228_2afc_104850>
...
040 (9466267.000.000) 07/18 00:12:24 Finished transferring input files
...
001 (9466267.000.000) 07/18 00:12:25 Job executing on host: <128.142.131.48:9618?addrs=128.142.131.48-9618+[2001-1458-301-59--100-24]-9618&alias=b7g11p0234.cern.ch&noUDP&sock=startd_2877_f60f>
...
006 (9466267.000.000) 07/18 00:12:34 Image size of job updated: 896824
	11  -  MemoryUsage of job (MB)
	10916  -  ResidentSetSize of job (KB)
...
006 (9466267.000.000) 07/18 00:17:35 Image size of job updated: 1463108
	306  -  MemoryUsage of job (MB)
	312452  -  ResidentSetSize of job (KB)
...
006 (9466267.000.000) 07/18 00:22:35 Image size of job updated: 1463108
	306  -  MemoryUsage of job (MB)
	312600  -  ResidentSetSize of job (KB)
...
006 (9466267.000.000) 07/18 00:27:35 Image size of job updated: 1463116
	319  -  MemoryUsage of job (MB)
	325956  -  ResidentSetSize of job (KB)
...
006 (9466267.000.000) 07/18 00:32:37 Image size of job updated: 1463116
	326  -  MemoryUsage of job (MB)
	333200  -  ResidentSetSize of job (KB)
...
006 (9466267.000.000) 07/18 00:42:37 Image size of job updated: 1463116
	330  -  MemoryUsage of job (MB)
	337016  -  ResidentSetSize of job (KB)
...
006 (9466267.000.000) 07/18 00:47:38 Image size of job updated: 1463116
	330  -  MemoryUsage of job (MB)
	337108  -  ResidentSetSize of job (KB)
...
006 (9466267.000.000) 07/18 00:52:39 Image size of job updated: 1463116
	330  -  MemoryUsage of job (MB)
	337124  -  ResidentSetSize of job (KB)
...
006 (9466267.000.000) 07/18 00:57:39 Image size of job updated: 1465324
	333  -  MemoryUsage of job (MB)
	340520  -  ResidentSetSize of job (KB)
...
006 (9466267.000.000) 07/18 01:02:40 Image size of job updated: 1466044
	335  -  MemoryUsage of job (MB)
	342020  -  ResidentSetSize of job (KB)
...
006 (9466267.000.000) 07/18 01:07:41 Image size of job updated: 1466044
	335  -  MemoryUsage of job (MB)
	342684  -  ResidentSetSize of job (KB)
...
006 (9466267.000.000) 07/18 01:12:41 Image size of job updated: 1466044
	335  -  MemoryUsage of job (MB)
	342708  -  ResidentSetSize of job (KB)
...
006 (9466267.000.000) 07/18 01:27:43 Image size of job updated: 1466044
	335  -  MemoryUsage of job (MB)
	342836  -  ResidentSetSize of job (KB)
...
006 (9466267.000.000) 07/18 01:42:44 Image size of job updated: 1466044
	335  -  MemoryUsage of job (MB)
	342996  -  ResidentSetSize of job (KB)
...
006 (9466267.000.000) 07/18 01:47:44 Image size of job updated: 1466044
	336  -  MemoryUsage of job (MB)
	343060  -  ResidentSetSize of job (KB)
...
006 (9466267.000.000) 07/18 01:52:45 Image size of job updated: 1466044
	336  -  MemoryUsage of job (MB)
	343072  -  ResidentSetSize of job (KB)
...
006 (9466267.000.000) 07/18 02:07:47 Image size of job updated: 1466044
	336  -  MemoryUsage of job (MB)
	343100  -  ResidentSetSize of job (KB)
...
006 (9466267.000.000) 07/18 02:22:48 Image size of job updated: 1466044
	336  -  MemoryUsage of job (MB)
	343104  -  ResidentSetSize of job (KB)
...
006 (9466267.000.000) 07/18 02:27:48 Image size of job updated: 1466044
	336  -  MemoryUsage of job (MB)
	343108  -  ResidentSetSize of job (KB)
...
006 (9466267.000.000) 07/18 02:42:49 Image size of job updated: 1466044
	336  -  MemoryUsage of job (MB)
	343112  -  ResidentSetSize of job (KB)
...
006 (9466267.000.000) 07/18 03:57:57 Image size of job updated: 1466044
	336  -  MemoryUsage of job (MB)
	343116  -  ResidentSetSize of job (KB)
...
006 (9466267.000.000) 07/18 04:12:59 Image size of job updated: 1466300
	336  -  MemoryUsage of job (MB)
	343172  -  ResidentSetSize of job (KB)
...
040 (9466267.000.000) 07/18 04:25:19 Started transferring output files
...
040 (9466267.000.000) 07/18 04:25:19 Finished transferring output files
...
005 (9466267.000.000) 07/18 04:25:19 Job terminated.
	(1) Normal termination (return value 0)
		Usr 0 02:18:29, Sys 0 00:00:25  -  Run Remote Usage
		Usr 0 00:00:00, Sys 0 00:00:00  -  Run Local Usage
		Usr 0 02:18:29, Sys 0 00:00:25  -  Total Remote Usage
		Usr 0 00:00:00, Sys 0 00:00:00  -  Total Local Usage
	57345  -  Run Bytes Sent By Job
	11175  -  Run Bytes Received By Job
	57345  -  Total Bytes Sent By Job
	11175  -  Total Bytes Received By Job
	Partitionable Resources :    Usage  Request Allocated 
	   Cpus                 :     0.41        1         1 
	   Disk (KB)            :    88          12   1599620 
	   Memory (MB)          :   336        2000      2000 

	Job terminated of its own accord at 2023-07-18T02:25:19Z.
...
