000 (9406813.000.000) 07/15 17:13:08 Job submitted from host: <137.138.120.116:9618?addrs=137.138.120.116-9618+[2001-1458-d00-16--17b]-9618&alias=bigbird12.cern.ch&noUDP&sock=schedd_8624_ecd7>
...
040 (9406813.000.000) 07/15 17:14:13 Started transferring input files
	Transferring to host: <128.142.248.233:9618?addrs=128.142.248.233-9618+[2001-1458-301-73--100-e8]-9618&alias=b7g23p1714.cern.ch&noUDP&sock=slot1_39_4194_cd64_148088>
...
040 (9406813.000.000) 07/15 17:14:13 Finished transferring input files
...
001 (9406813.000.000) 07/15 17:14:14 Job executing on host: <128.142.248.233:9618?addrs=128.142.248.233-9618+[2001-1458-301-73--100-e8]-9618&alias=b7g23p1714.cern.ch&noUDP&sock=startd_3466_f758>
...
006 (9406813.000.000) 07/15 17:14:22 Image size of job updated: 103100
	72  -  MemoryUsage of job (MB)
	73508  -  ResidentSetSize of job (KB)
...
006 (9406813.000.000) 07/15 17:19:22 Image size of job updated: 1459156
	304  -  MemoryUsage of job (MB)
	310912  -  ResidentSetSize of job (KB)
...
006 (9406813.000.000) 07/15 17:24:23 Image size of job updated: 1459156
	305  -  MemoryUsage of job (MB)
	311356  -  ResidentSetSize of job (KB)
...
006 (9406813.000.000) 07/15 17:29:23 Image size of job updated: 1459156
	305  -  MemoryUsage of job (MB)
	311508  -  ResidentSetSize of job (KB)
...
006 (9406813.000.000) 07/15 17:34:23 Image size of job updated: 1459156
	305  -  MemoryUsage of job (MB)
	311660  -  ResidentSetSize of job (KB)
...
006 (9406813.000.000) 07/15 17:39:24 Image size of job updated: 1459164
	320  -  MemoryUsage of job (MB)
	326872  -  ResidentSetSize of job (KB)
...
006 (9406813.000.000) 07/15 17:44:24 Image size of job updated: 1459164
	320  -  MemoryUsage of job (MB)
	327312  -  ResidentSetSize of job (KB)
...
040 (9406813.000.000) 07/15 17:47:55 Started transferring output files
...
040 (9406813.000.000) 07/15 17:47:55 Finished transferring output files
...
005 (9406813.000.000) 07/15 17:47:55 Job terminated.
	(1) Normal termination (return value 0)
		Usr 0 00:27:32, Sys 0 00:00:04  -  Run Remote Usage
		Usr 0 00:00:00, Sys 0 00:00:00  -  Run Local Usage
		Usr 0 00:27:32, Sys 0 00:00:04  -  Total Remote Usage
		Usr 0 00:00:00, Sys 0 00:00:00  -  Total Local Usage
	6944  -  Run Bytes Sent By Job
	10609  -  Run Bytes Received By Job
	6944  -  Total Bytes Sent By Job
	10609  -  Total Bytes Received By Job
	Partitionable Resources :    Usage  Request Allocated 
	   Cpus                 :     0.87        1         1 
	   Disk (KB)            :    38          12   2922408 
	   Memory (MB)          :   320        2000      2000 

	Job terminated of its own accord at 2023-07-15T15:47:55Z.
...
