000 (9406808.000.000) 07/15 17:12:43 Job submitted from host: <137.138.120.116:9618?addrs=137.138.120.116-9618+[2001-1458-d00-16--17b]-9618&alias=bigbird12.cern.ch&noUDP&sock=schedd_8624_ecd7>
...
040 (9406808.000.000) 07/15 17:14:16 Started transferring input files
	Transferring to host: <128.142.248.196:9618?addrs=128.142.248.196-9618+[2001-1458-301-73--100-c3]-9618&alias=b7g23p3833.cern.ch&noUDP&sock=slot1_15_161315_c2b9_32700>
...
040 (9406808.000.000) 07/15 17:14:16 Finished transferring input files
...
001 (9406808.000.000) 07/15 17:14:17 Job executing on host: <128.142.248.196:9618?addrs=128.142.248.196-9618+[2001-1458-301-73--100-c3]-9618&alias=b7g23p3833.cern.ch&noUDP&sock=startd_159955_676b>
...
006 (9406808.000.000) 07/15 17:14:26 Image size of job updated: 127708
	5  -  MemoryUsage of job (MB)
	4836  -  ResidentSetSize of job (KB)
...
006 (9406808.000.000) 07/15 17:19:26 Image size of job updated: 1463108
	306  -  MemoryUsage of job (MB)
	312692  -  ResidentSetSize of job (KB)
...
006 (9406808.000.000) 07/15 17:24:27 Image size of job updated: 1463108
	306  -  MemoryUsage of job (MB)
	313048  -  ResidentSetSize of job (KB)
...
006 (9406808.000.000) 07/15 17:29:28 Image size of job updated: 1463116
	324  -  MemoryUsage of job (MB)
	331704  -  ResidentSetSize of job (KB)
...
006 (9406808.000.000) 07/15 17:34:28 Image size of job updated: 1463116
	324  -  MemoryUsage of job (MB)
	331724  -  ResidentSetSize of job (KB)
...
006 (9406808.000.000) 07/15 17:39:29 Image size of job updated: 1463116
	329  -  MemoryUsage of job (MB)
	336852  -  ResidentSetSize of job (KB)
...
006 (9406808.000.000) 07/15 17:44:29 Image size of job updated: 1463116
	329  -  MemoryUsage of job (MB)
	336864  -  ResidentSetSize of job (KB)
...
006 (9406808.000.000) 07/15 17:49:35 Image size of job updated: 1465512
	334  -  MemoryUsage of job (MB)
	341172  -  ResidentSetSize of job (KB)
...
006 (9406808.000.000) 07/15 17:54:30 Image size of job updated: 1465672
	334  -  MemoryUsage of job (MB)
	341980  -  ResidentSetSize of job (KB)
...
006 (9406808.000.000) 07/15 17:59:31 Image size of job updated: 1465672
	335  -  MemoryUsage of job (MB)
	342044  -  ResidentSetSize of job (KB)
...
006 (9406808.000.000) 07/15 18:09:32 Image size of job updated: 1465672
	335  -  MemoryUsage of job (MB)
	342300  -  ResidentSetSize of job (KB)
...
006 (9406808.000.000) 07/15 18:14:33 Image size of job updated: 1465672
	335  -  MemoryUsage of job (MB)
	342384  -  ResidentSetSize of job (KB)
...
006 (9406808.000.000) 07/15 18:24:34 Image size of job updated: 1465672
	335  -  MemoryUsage of job (MB)
	342468  -  ResidentSetSize of job (KB)
...
006 (9406808.000.000) 07/15 18:29:35 Image size of job updated: 1465672
	335  -  MemoryUsage of job (MB)
	342476  -  ResidentSetSize of job (KB)
...
006 (9406808.000.000) 07/15 18:44:36 Image size of job updated: 1465672
	335  -  MemoryUsage of job (MB)
	342500  -  ResidentSetSize of job (KB)
...
006 (9406808.000.000) 07/15 18:59:37 Image size of job updated: 1465672
	335  -  MemoryUsage of job (MB)
	342652  -  ResidentSetSize of job (KB)
...
006 (9406808.000.000) 07/15 19:14:39 Image size of job updated: 1465672
	335  -  MemoryUsage of job (MB)
	342668  -  ResidentSetSize of job (KB)
...
006 (9406808.000.000) 07/15 20:14:43 Image size of job updated: 1465672
	335  -  MemoryUsage of job (MB)
	342672  -  ResidentSetSize of job (KB)
...
006 (9406808.000.000) 07/15 20:34:45 Image size of job updated: 1465672
	335  -  MemoryUsage of job (MB)
	342728  -  ResidentSetSize of job (KB)
...
006 (9406808.000.000) 07/15 20:41:19 Image size of job updated: 1465688
	335  -  MemoryUsage of job (MB)
	342728  -  ResidentSetSize of job (KB)
...
040 (9406808.000.000) 07/15 20:41:19 Started transferring output files
...
040 (9406808.000.000) 07/15 20:41:19 Finished transferring output files
...
005 (9406808.000.000) 07/15 20:41:19 Job terminated.
	(1) Normal termination (return value 0)
		Usr 0 01:46:11, Sys 0 00:00:32  -  Run Remote Usage
		Usr 0 00:00:00, Sys 0 00:00:00  -  Run Local Usage
		Usr 0 01:46:11, Sys 0 00:00:32  -  Total Remote Usage
		Usr 0 00:00:00, Sys 0 00:00:00  -  Total Local Usage
	57345  -  Run Bytes Sent By Job
	10609  -  Run Bytes Received By Job
	57345  -  Total Bytes Sent By Job
	10609  -  Total Bytes Received By Job
	Partitionable Resources :    Usage  Request Allocated 
	   Cpus                 :     0.62        1         1 
	   Disk (KB)            :    88          12   2899019 
	   Memory (MB)          :   335        2000      2000 

	Job terminated of its own accord at 2023-07-15T18:41:19Z.
...
