000 (9406817.000.000) 07/15 17:13:28 Job submitted from host: <137.138.120.116:9618?addrs=137.138.120.116-9618+[2001-1458-d00-16--17b]-9618&alias=bigbird12.cern.ch&noUDP&sock=schedd_8624_ecd7>
...
040 (9406817.000.000) 07/15 17:14:14 Started transferring input files
	Transferring to host: <188.184.163.108:9618?addrs=188.184.163.108-9618+[2001-1458-301-4d--100-66]-9618&alias=b7s12p8299.cern.ch&noUDP&sock=slot1_26_84457_58c3_10626>
...
040 (9406817.000.000) 07/15 17:14:14 Finished transferring input files
...
001 (9406817.000.000) 07/15 17:14:15 Job executing on host: <188.184.163.108:9618?addrs=188.184.163.108-9618+[2001-1458-301-4d--100-66]-9618&alias=b7s12p8299.cern.ch&noUDP&sock=startd_84416_eedc>
...
006 (9406817.000.000) 07/15 17:14:23 Image size of job updated: 126380
	11  -  MemoryUsage of job (MB)
	10916  -  ResidentSetSize of job (KB)
...
006 (9406817.000.000) 07/15 17:19:23 Image size of job updated: 1450464
	294  -  MemoryUsage of job (MB)
	300168  -  ResidentSetSize of job (KB)
...
006 (9406817.000.000) 07/15 17:24:25 Image size of job updated: 1450720
	304  -  MemoryUsage of job (MB)
	310972  -  ResidentSetSize of job (KB)
...
006 (9406817.000.000) 07/15 17:29:25 Image size of job updated: 1450720
	309  -  MemoryUsage of job (MB)
	315668  -  ResidentSetSize of job (KB)
...
006 (9406817.000.000) 07/15 17:34:25 Image size of job updated: 1450720
	312  -  MemoryUsage of job (MB)
	318508  -  ResidentSetSize of job (KB)
...
006 (9406817.000.000) 07/15 17:39:26 Image size of job updated: 1450720
	313  -  MemoryUsage of job (MB)
	319900  -  ResidentSetSize of job (KB)
...
006 (9406817.000.000) 07/15 17:43:13 Image size of job updated: 1450736
	313  -  MemoryUsage of job (MB)
	319900  -  ResidentSetSize of job (KB)
...
040 (9406817.000.000) 07/15 17:43:13 Started transferring output files
...
040 (9406817.000.000) 07/15 17:43:13 Finished transferring output files
...
005 (9406817.000.000) 07/15 17:43:13 Job terminated.
	(1) Normal termination (return value 0)
		Usr 0 00:00:38, Sys 0 00:00:09  -  Run Remote Usage
		Usr 0 00:00:00, Sys 0 00:00:00  -  Run Local Usage
		Usr 0 00:00:38, Sys 0 00:00:09  -  Total Remote Usage
		Usr 0 00:00:00, Sys 0 00:00:00  -  Total Local Usage
	7364  -  Run Bytes Sent By Job
	10609  -  Run Bytes Received By Job
	7364  -  Total Bytes Sent By Job
	10609  -  Total Bytes Received By Job
	Partitionable Resources :    Usage  Request Allocated 
	   Cpus                 :     0.04        1         1 
	   Disk (KB)            :    38          12   2876039 
	   Memory (MB)          :   313        2000      2000 

	Job terminated of its own accord at 2023-07-15T15:43:13Z.
...
