000 (9389949.000.000) 07/09 23:16:42 Job submitted from host: <137.138.120.116:9618?addrs=137.138.120.116-9618+[2001-1458-d00-16--17b]-9618&alias=bigbird12.cern.ch&noUDP&sock=schedd_8624_ecd7>
...
040 (9389949.000.000) 07/09 23:17:40 Started transferring input files
	Transferring to host: <128.142.192.177:9618?addrs=128.142.192.177-9618+[2001-1458-301-56--100-2d]-9618&alias=b7g18p0533.cern.ch&noUDP&sock=slot1_14_4824_b1bd_43756>
...
040 (9389949.000.000) 07/09 23:17:40 Finished transferring input files
...
001 (9389949.000.000) 07/09 23:17:41 Job executing on host: <128.142.192.177:9618?addrs=128.142.192.177-9618+[2001-1458-301-56--100-2d]-9618&alias=b7g18p0533.cern.ch&noUDP&sock=startd_3366_5fdf>
...
006 (9389949.000.000) 07/09 23:17:50 Image size of job updated: 369776
	11  -  MemoryUsage of job (MB)
	10908  -  ResidentSetSize of job (KB)
...
006 (9389949.000.000) 07/09 23:18:30 Image size of job updated: 944740
	11  -  MemoryUsage of job (MB)
	10908  -  ResidentSetSize of job (KB)
...
040 (9389949.000.000) 07/09 23:18:30 Started transferring output files
...
040 (9389949.000.000) 07/09 23:18:30 Finished transferring output files
...
005 (9389949.000.000) 07/09 23:18:30 Job terminated.
	(1) Normal termination (return value 1)
		Usr 0 00:00:06, Sys 0 00:00:02  -  Run Remote Usage
		Usr 0 00:00:00, Sys 0 00:00:00  -  Run Local Usage
		Usr 0 00:00:06, Sys 0 00:00:02  -  Total Remote Usage
		Usr 0 00:00:00, Sys 0 00:00:00  -  Total Local Usage
	1149  -  Run Bytes Sent By Job
	11159  -  Run Bytes Received By Job
	1149  -  Total Bytes Sent By Job
	11159  -  Total Bytes Received By Job
	Partitionable Resources :    Usage  Request Allocated 
	   Cpus                 :                 1         1 
	   Disk (KB)            :       29       12   3074694 
	   Memory (MB)          :       11     2000      2000 

	Job terminated of its own accord at 2023-07-09T21:18:30Z.
...
000 (9389969.000.000) 07/09 23:29:44 Job submitted from host: <137.138.120.116:9618?addrs=137.138.120.116-9618+[2001-1458-d00-16--17b]-9618&alias=bigbird12.cern.ch&noUDP&sock=schedd_8624_ecd7>
...
040 (9389969.000.000) 07/09 23:29:54 Started transferring input files
	Transferring to host: <128.142.61.81:9618?addrs=128.142.61.81-9618+[2001-1458-301-23--100-50]-9618&alias=b7s06p7482.cern.ch&noUDP&sock=slot1_5_51799_d4d3_1780>
...
040 (9389969.000.000) 07/09 23:29:54 Finished transferring input files
...
001 (9389969.000.000) 07/09 23:29:55 Job executing on host: <128.142.61.81:9618?addrs=128.142.61.81-9618+[2001-1458-301-23--100-50]-9618&alias=b7s06p7482.cern.ch&noUDP&sock=startd_51760_a21d>
...
006 (9389969.000.000) 07/09 23:30:03 Image size of job updated: 209352
	136  -  MemoryUsage of job (MB)
	138324  -  ResidentSetSize of job (KB)
...
006 (9389969.000.000) 07/09 23:30:16 Image size of job updated: 853468
	136  -  MemoryUsage of job (MB)
	138376  -  ResidentSetSize of job (KB)
...
040 (9389969.000.000) 07/09 23:30:16 Started transferring output files
...
040 (9389969.000.000) 07/09 23:30:16 Finished transferring output files
...
005 (9389969.000.000) 07/09 23:30:16 Job terminated.
	(1) Normal termination (return value 1)
		Usr 0 00:00:05, Sys 0 00:00:01  -  Run Remote Usage
		Usr 0 00:00:00, Sys 0 00:00:00  -  Run Local Usage
		Usr 0 00:00:05, Sys 0 00:00:01  -  Total Remote Usage
		Usr 0 00:00:00, Sys 0 00:00:00  -  Total Local Usage
	1149  -  Run Bytes Sent By Job
	11159  -  Run Bytes Received By Job
	1149  -  Total Bytes Sent By Job
	11159  -  Total Bytes Received By Job
	Partitionable Resources :    Usage  Request Allocated 
	   Cpus                 :                 1         1 
	   Disk (KB)            :       29       12   1315361 
	   Memory (MB)          :      136     2000      2000 

	Job terminated of its own accord at 2023-07-09T21:30:16Z.
...
000 (9389989.000.000) 07/09 23:39:39 Job submitted from host: <137.138.120.116:9618?addrs=137.138.120.116-9618+[2001-1458-d00-16--17b]-9618&alias=bigbird12.cern.ch&noUDP&sock=schedd_8624_ecd7>
...
040 (9389989.000.000) 07/09 23:40:03 Started transferring input files
	Transferring to host: <128.142.248.122:9618?addrs=128.142.248.122-9618+[2001-1458-301-73--100-16a]-9618&alias=b7g23p1073.cern.ch&noUDP&sock=slot1_3_133001_fc7a_30322>
...
040 (9389989.000.000) 07/09 23:40:03 Finished transferring input files
...
001 (9389989.000.000) 07/09 23:40:04 Job executing on host: <128.142.248.122:9618?addrs=128.142.248.122-9618+[2001-1458-301-73--100-16a]-9618&alias=b7g23p1073.cern.ch&noUDP&sock=startd_132962_737f>
...
006 (9389989.000.000) 07/09 23:40:12 Image size of job updated: 285336
	11  -  MemoryUsage of job (MB)
	10916  -  ResidentSetSize of job (KB)
...
000 (9390009.000.000) 07/09 23:43:03 Job submitted from host: <137.138.120.116:9618?addrs=137.138.120.116-9618+[2001-1458-d00-16--17b]-9618&alias=bigbird12.cern.ch&noUDP&sock=schedd_8624_ecd7>
...
040 (9390009.000.000) 07/09 23:43:53 Started transferring input files
	Transferring to host: <128.142.248.105:9618?addrs=128.142.248.105-9618+[2001-1458-301-73--100-159]-9618&alias=b7g23p1831.cern.ch&noUDP&sock=slot1_5_127493_1a1a_2202>
...
040 (9390009.000.000) 07/09 23:43:53 Finished transferring input files
...
001 (9390009.000.000) 07/09 23:43:54 Job executing on host: <128.142.248.105:9618?addrs=128.142.248.105-9618+[2001-1458-301-73--100-159]-9618&alias=b7g23p1831.cern.ch&noUDP&sock=startd_16915_dc8e>
...
006 (9390009.000.000) 07/09 23:44:03 Image size of job updated: 699936
	65  -  MemoryUsage of job (MB)
	65900  -  ResidentSetSize of job (KB)
...
006 (9389989.000.000) 07/09 23:45:12 Image size of job updated: 1422852
	287  -  MemoryUsage of job (MB)
	293532  -  ResidentSetSize of job (KB)
...
000 (9390029.000.000) 07/09 23:45:53 Job submitted from host: <137.138.120.116:9618?addrs=137.138.120.116-9618+[2001-1458-d00-16--17b]-9618&alias=bigbird12.cern.ch&noUDP&sock=schedd_8624_ecd7>
...
006 (9390009.000.000) 07/09 23:49:04 Image size of job updated: 1422820
	288  -  MemoryUsage of job (MB)
	294024  -  ResidentSetSize of job (KB)
...
006 (9389989.000.000) 07/09 23:50:13 Image size of job updated: 1422852
	298  -  MemoryUsage of job (MB)
	305144  -  ResidentSetSize of job (KB)
...
006 (9390009.000.000) 07/09 23:54:04 Image size of job updated: 1422820
	299  -  MemoryUsage of job (MB)
	305660  -  ResidentSetSize of job (KB)
...
006 (9389989.000.000) 07/09 23:55:07 Image size of job updated: 1555716
	298  -  MemoryUsage of job (MB)
	305144  -  ResidentSetSize of job (KB)
...
040 (9389989.000.000) 07/09 23:55:07 Started transferring output files
...
040 (9389989.000.000) 07/09 23:55:07 Finished transferring output files
...
005 (9389989.000.000) 07/09 23:55:07 Job terminated.
	(1) Normal termination (return value 0)
		Usr 0 00:00:16, Sys 0 00:00:04  -  Run Remote Usage
		Usr 0 00:00:00, Sys 0 00:00:00  -  Run Local Usage
		Usr 0 00:00:16, Sys 0 00:00:04  -  Total Remote Usage
		Usr 0 00:00:00, Sys 0 00:00:00  -  Total Local Usage
	7205  -  Run Bytes Sent By Job
	11159  -  Run Bytes Received By Job
	7205  -  Total Bytes Sent By Job
	11159  -  Total Bytes Received By Job
	Partitionable Resources :    Usage  Request Allocated 
	   Cpus                 :     0.02        1         1 
	   Disk (KB)            :    39          12   3146334 
	   Memory (MB)          :   298        2000      2000 

	Job terminated of its own accord at 2023-07-09T21:55:07Z.
...
040 (9390009.000.000) 07/09 23:58:41 Started transferring output files
...
040 (9390009.000.000) 07/09 23:58:42 Finished transferring output files
...
005 (9390009.000.000) 07/09 23:58:42 Job terminated.
	(1) Normal termination (return value 0)
		Usr 0 00:00:17, Sys 0 00:00:04  -  Run Remote Usage
		Usr 0 00:00:00, Sys 0 00:00:00  -  Run Local Usage
		Usr 0 00:00:17, Sys 0 00:00:04  -  Total Remote Usage
		Usr 0 00:00:00, Sys 0 00:00:00  -  Total Local Usage
	7205  -  Run Bytes Sent By Job
	11159  -  Run Bytes Received By Job
	7205  -  Total Bytes Sent By Job
	11159  -  Total Bytes Received By Job
	Partitionable Resources :    Usage  Request Allocated 
	   Cpus                 :     0.01        1         1 
	   Disk (KB)            :    39          12   3081640 
	   Memory (MB)          :   299        2000      2000 

	Job terminated of its own accord at 2023-07-09T21:58:41Z.
...
040 (9390029.000.000) 07/10 00:09:13 Started transferring input files
	Transferring to host: <128.142.192.164:9618?addrs=128.142.192.164-9618+[2001-1458-301-56--100-20]-9618&alias=b7g18p2229.cern.ch&noUDP&sock=slot1_7_5113_5229_2016>
...
040 (9390029.000.000) 07/10 00:09:13 Finished transferring input files
...
001 (9390029.000.000) 07/10 00:09:14 Job executing on host: <128.142.192.164:9618?addrs=128.142.192.164-9618+[2001-1458-301-56--100-20]-9618&alias=b7g18p2229.cern.ch&noUDP&sock=startd_5002_88d0>
...
006 (9390029.000.000) 07/10 00:09:22 Image size of job updated: 370372
	142  -  MemoryUsage of job (MB)
	144412  -  ResidentSetSize of job (KB)
...
006 (9390029.000.000) 07/10 00:14:22 Image size of job updated: 1422784
	290  -  MemoryUsage of job (MB)
	296720  -  ResidentSetSize of job (KB)
...
006 (9390029.000.000) 07/10 00:19:22 Image size of job updated: 1422784
	300  -  MemoryUsage of job (MB)
	307172  -  ResidentSetSize of job (KB)
...
040 (9390029.000.000) 07/10 00:22:52 Started transferring output files
...
040 (9390029.000.000) 07/10 00:22:52 Finished transferring output files
...
005 (9390029.000.000) 07/10 00:22:52 Job terminated.
	(1) Normal termination (return value 0)
		Usr 0 00:00:16, Sys 0 00:00:05  -  Run Remote Usage
		Usr 0 00:00:00, Sys 0 00:00:00  -  Run Local Usage
		Usr 0 00:00:16, Sys 0 00:00:05  -  Total Remote Usage
		Usr 0 00:00:00, Sys 0 00:00:00  -  Total Local Usage
	7205  -  Run Bytes Sent By Job
	11160  -  Run Bytes Received By Job
	7205  -  Total Bytes Sent By Job
	11160  -  Total Bytes Received By Job
	Partitionable Resources :    Usage  Request Allocated 
	   Cpus                 :     0.02        1         1 
	   Disk (KB)            :    40          12   3059229 
	   Memory (MB)          :   300        2000      2000 

	Job terminated of its own accord at 2023-07-09T22:22:52Z.
...
000 (9394516.000.000) 07/11 16:06:29 Job submitted from host: <137.138.120.116:9618?addrs=137.138.120.116-9618+[2001-1458-d00-16--17b]-9618&alias=bigbird12.cern.ch&noUDP&sock=schedd_8624_ecd7>
...
000 (9394538.000.000) 07/11 16:09:37 Job submitted from host: <137.138.120.116:9618?addrs=137.138.120.116-9618+[2001-1458-d00-16--17b]-9618&alias=bigbird12.cern.ch&noUDP&sock=schedd_8624_ecd7>
...
000 (9394565.000.000) 07/11 16:14:28 Job submitted from host: <137.138.120.116:9618?addrs=137.138.120.116-9618+[2001-1458-d00-16--17b]-9618&alias=bigbird12.cern.ch&noUDP&sock=schedd_8624_ecd7>
...
040 (9394516.000.000) 07/11 16:16:54 Started transferring input files
	Transferring to host: <128.142.195.139:9618?addrs=128.142.195.139-9618+[2001-1458-301-50--100-4]-9618&alias=b7g33p3882.cern.ch&noUDP&sock=slot1_10_4782_19fc_99760>
...
040 (9394516.000.000) 07/11 16:16:54 Finished transferring input files
...
001 (9394516.000.000) 07/11 16:16:55 Job executing on host: <128.142.195.139:9618?addrs=128.142.195.139-9618+[2001-1458-301-50--100-4]-9618&alias=b7g33p3882.cern.ch&noUDP&sock=startd_3420_69fc>
...
040 (9394538.000.000) 07/11 16:17:01 Started transferring input files
	Transferring to host: <128.142.58.42:9618?addrs=128.142.58.42-9618+[2001-1458-301-16--100-29]-9618&alias=b7s03p3972.cern.ch&noUDP&sock=slot1_18_4505_ee10_98647>
...
040 (9394538.000.000) 07/11 16:17:01 Finished transferring input files
...
001 (9394538.000.000) 07/11 16:17:02 Job executing on host: <128.142.58.42:9618?addrs=128.142.58.42-9618+[2001-1458-301-16--100-29]-9618&alias=b7s03p3972.cern.ch&noUDP&sock=startd_3159_63c4>
...
006 (9394516.000.000) 07/11 16:17:03 Image size of job updated: 165488
	74  -  MemoryUsage of job (MB)
	74820  -  ResidentSetSize of job (KB)
...
040 (9394565.000.000) 07/11 16:17:07 Started transferring input files
	Transferring to host: <128.142.59.61:9618?addrs=128.142.59.61-9618+[2001-1458-301-21--100-3c]-9618&alias=b7s04p0984.cern.ch&noUDP&sock=slot1_1_3213_995c_85030>
...
040 (9394565.000.000) 07/11 16:17:07 Finished transferring input files
...
001 (9394565.000.000) 07/11 16:17:08 Job executing on host: <128.142.59.61:9618?addrs=128.142.59.61-9618+[2001-1458-301-21--100-3c]-9618&alias=b7s04p0984.cern.ch&noUDP&sock=startd_3027_d944>
...
006 (9394538.000.000) 07/11 16:17:11 Image size of job updated: 876356
	199  -  MemoryUsage of job (MB)
	203460  -  ResidentSetSize of job (KB)
...
006 (9394565.000.000) 07/11 16:17:17 Image size of job updated: 375736
	130  -  MemoryUsage of job (MB)
	132296  -  ResidentSetSize of job (KB)
...
006 (9394516.000.000) 07/11 16:22:03 Image size of job updated: 1422836
	286  -  MemoryUsage of job (MB)
	292340  -  ResidentSetSize of job (KB)
...
006 (9394538.000.000) 07/11 16:22:12 Image size of job updated: 1422788
	288  -  MemoryUsage of job (MB)
	294136  -  ResidentSetSize of job (KB)
...
006 (9394565.000.000) 07/11 16:22:18 Image size of job updated: 1422784
	283  -  MemoryUsage of job (MB)
	289544  -  ResidentSetSize of job (KB)
...
006 (9394516.000.000) 07/11 16:27:04 Image size of job updated: 1422836
	296  -  MemoryUsage of job (MB)
	302980  -  ResidentSetSize of job (KB)
...
006 (9394538.000.000) 07/11 16:27:13 Image size of job updated: 1422788
	298  -  MemoryUsage of job (MB)
	304828  -  ResidentSetSize of job (KB)
...
006 (9394565.000.000) 07/11 16:27:18 Image size of job updated: 1422784
	296  -  MemoryUsage of job (MB)
	302588  -  ResidentSetSize of job (KB)
...
040 (9394538.000.000) 07/11 16:30:53 Started transferring output files
...
040 (9394538.000.000) 07/11 16:30:53 Finished transferring output files
...
005 (9394538.000.000) 07/11 16:30:53 Job terminated.
	(1) Normal termination (return value 0)
		Usr 0 00:00:13, Sys 0 00:00:04  -  Run Remote Usage
		Usr 0 00:00:00, Sys 0 00:00:00  -  Run Local Usage
		Usr 0 00:00:13, Sys 0 00:00:04  -  Total Remote Usage
		Usr 0 00:00:00, Sys 0 00:00:00  -  Total Local Usage
	7205  -  Run Bytes Sent By Job
	11160  -  Run Bytes Received By Job
	7205  -  Total Bytes Sent By Job
	11160  -  Total Bytes Received By Job
	Partitionable Resources :    Usage  Request Allocated 
	   Cpus                 :     0.02        1         1 
	   Disk (KB)            :    39          12   1327217 
	   Memory (MB)          :   298        2000      2000 

	Job terminated of its own accord at 2023-07-11T14:30:53Z.
...
006 (9394516.000.000) 07/11 16:32:04 Image size of job updated: 1422836
	301  -  MemoryUsage of job (MB)
	307928  -  ResidentSetSize of job (KB)
...
040 (9394516.000.000) 07/11 16:32:08 Started transferring output files
...
040 (9394516.000.000) 07/11 16:32:08 Finished transferring output files
...
005 (9394516.000.000) 07/11 16:32:08 Job terminated.
	(1) Normal termination (return value 0)
		Usr 0 00:00:13, Sys 0 00:00:04  -  Run Remote Usage
		Usr 0 00:00:00, Sys 0 00:00:00  -  Run Local Usage
		Usr 0 00:00:13, Sys 0 00:00:04  -  Total Remote Usage
		Usr 0 00:00:00, Sys 0 00:00:00  -  Total Local Usage
	7205  -  Run Bytes Sent By Job
	11160  -  Run Bytes Received By Job
	7205  -  Total Bytes Sent By Job
	11160  -  Total Bytes Received By Job
	Partitionable Resources :    Usage  Request Allocated 
	   Cpus                 :     0.02        1         1 
	   Disk (KB)            :    39          12   2908247 
	   Memory (MB)          :   301        2000      2000 

	Job terminated of its own accord at 2023-07-11T14:32:08Z.
...
006 (9394565.000.000) 07/11 16:32:18 Image size of job updated: 1422784
	303  -  MemoryUsage of job (MB)
	309444  -  ResidentSetSize of job (KB)
...
040 (9394565.000.000) 07/11 16:34:28 Started transferring output files
...
040 (9394565.000.000) 07/11 16:34:28 Finished transferring output files
...
005 (9394565.000.000) 07/11 16:34:28 Job terminated.
	(1) Normal termination (return value 0)
		Usr 0 00:00:07, Sys 0 00:00:02  -  Run Remote Usage
		Usr 0 00:00:00, Sys 0 00:00:00  -  Run Local Usage
		Usr 0 00:00:07, Sys 0 00:00:02  -  Total Remote Usage
		Usr 0 00:00:00, Sys 0 00:00:00  -  Total Local Usage
	7205  -  Run Bytes Sent By Job
	11160  -  Run Bytes Received By Job
	7205  -  Total Bytes Sent By Job
	11160  -  Total Bytes Received By Job
	Partitionable Resources :    Usage  Request Allocated 
	   Cpus                 :     0.00        1         1 
	   Disk (KB)            :    39          12   1307200 
	   Memory (MB)          :   303        2000      2000 

	Job terminated of its own accord at 2023-07-11T14:34:28Z.
...
