000 (9389951.000.000) 07/09 23:16:52 Job submitted from host: <137.138.120.116:9618?addrs=137.138.120.116-9618+[2001-1458-d00-16--17b]-9618&alias=bigbird12.cern.ch&noUDP&sock=schedd_8624_ecd7>
...
040 (9389951.000.000) 07/09 23:17:41 Started transferring input files
	Transferring to host: <128.142.61.28:9618?addrs=128.142.61.28-9618+[2001-1458-301-23--100-1b]-9618&alias=b7s06p2762.cern.ch&noUDP&sock=slot1_3_59025_33b9_90883>
...
040 (9389951.000.000) 07/09 23:17:41 Finished transferring input files
...
001 (9389951.000.000) 07/09 23:17:42 Job executing on host: <128.142.61.28:9618?addrs=128.142.61.28-9618+[2001-1458-301-23--100-1b]-9618&alias=b7s06p2762.cern.ch&noUDP&sock=startd_58987_c10f>
...
006 (9389951.000.000) 07/09 23:17:51 Image size of job updated: 285076
	79  -  MemoryUsage of job (MB)
	80004  -  ResidentSetSize of job (KB)
...
006 (9389951.000.000) 07/09 23:18:05 Image size of job updated: 934344
	79  -  MemoryUsage of job (MB)
	80004  -  ResidentSetSize of job (KB)
...
040 (9389951.000.000) 07/09 23:18:05 Started transferring output files
...
040 (9389951.000.000) 07/09 23:18:05 Finished transferring output files
...
005 (9389951.000.000) 07/09 23:18:05 Job terminated.
	(1) Normal termination (return value 1)
		Usr 0 00:00:04, Sys 0 00:00:02  -  Run Remote Usage
		Usr 0 00:00:00, Sys 0 00:00:00  -  Run Local Usage
		Usr 0 00:00:04, Sys 0 00:00:02  -  Total Remote Usage
		Usr 0 00:00:00, Sys 0 00:00:00  -  Total Local Usage
	1149  -  Run Bytes Sent By Job
	11159  -  Run Bytes Received By Job
	1149  -  Total Bytes Sent By Job
	11159  -  Total Bytes Received By Job
	Partitionable Resources :    Usage  Request Allocated 
	   Cpus                 :                 1         1 
	   Disk (KB)            :       29       12   1297013 
	   Memory (MB)          :       79     2000      2000 

	Job terminated of its own accord at 2023-07-09T21:18:05Z.
...
000 (9389971.000.000) 07/09 23:29:54 Job submitted from host: <137.138.120.116:9618?addrs=137.138.120.116-9618+[2001-1458-d00-16--17b]-9618&alias=bigbird12.cern.ch&noUDP&sock=schedd_8624_ecd7>
...
040 (9389971.000.000) 07/09 23:29:55 Started transferring input files
	Transferring to host: <188.184.162.193:9618?addrs=188.184.162.193-9618&alias=b7s11p7899.cern.ch&noUDP&sock=slot1_15_101440_6816_38484>
...
040 (9389971.000.000) 07/09 23:29:55 Finished transferring input files
...
001 (9389971.000.000) 07/09 23:29:56 Job executing on host: <188.184.162.193:9618?addrs=188.184.162.193-9618&alias=b7s11p7899.cern.ch&noUDP&sock=startd_2924_3303>
...
006 (9389971.000.000) 07/09 23:30:05 Image size of job updated: 869688
	168  -  MemoryUsage of job (MB)
	171372  -  ResidentSetSize of job (KB)
...
006 (9389971.000.000) 07/09 23:30:08 Image size of job updated: 968120
	168  -  MemoryUsage of job (MB)
	171448  -  ResidentSetSize of job (KB)
...
040 (9389971.000.000) 07/09 23:30:09 Started transferring output files
...
040 (9389971.000.000) 07/09 23:30:09 Finished transferring output files
...
005 (9389971.000.000) 07/09 23:30:09 Job terminated.
	(1) Normal termination (return value 1)
		Usr 0 00:00:06, Sys 0 00:00:01  -  Run Remote Usage
		Usr 0 00:00:00, Sys 0 00:00:00  -  Run Local Usage
		Usr 0 00:00:06, Sys 0 00:00:01  -  Total Remote Usage
		Usr 0 00:00:00, Sys 0 00:00:00  -  Total Local Usage
	1149  -  Run Bytes Sent By Job
	11159  -  Run Bytes Received By Job
	1149  -  Total Bytes Sent By Job
	11159  -  Total Bytes Received By Job
	Partitionable Resources :    Usage  Request Allocated 
	   Cpus                 :                 1         1 
	   Disk (KB)            :       29       12   3059867 
	   Memory (MB)          :      168     2000      2000 

	Job terminated of its own accord at 2023-07-09T21:30:08Z.
...
000 (9389991.000.000) 07/09 23:39:49 Job submitted from host: <137.138.120.116:9618?addrs=137.138.120.116-9618+[2001-1458-d00-16--17b]-9618&alias=bigbird12.cern.ch&noUDP&sock=schedd_8624_ecd7>
...
040 (9389991.000.000) 07/09 23:40:03 Started transferring input files
	Transferring to host: <128.142.61.135:9618?addrs=128.142.61.135-9618+[2001-1458-301-23--100-86]-9618&alias=b7s06p7796.cern.ch&noUDP&sock=slot1_7_24018_9a8a_25816>
...
040 (9389991.000.000) 07/09 23:40:03 Finished transferring input files
...
001 (9389991.000.000) 07/09 23:40:04 Job executing on host: <128.142.61.135:9618?addrs=128.142.61.135-9618+[2001-1458-301-23--100-86]-9618&alias=b7s06p7796.cern.ch&noUDP&sock=startd_3986_a497>
...
006 (9389991.000.000) 07/09 23:40:13 Image size of job updated: 577916
	68  -  MemoryUsage of job (MB)
	69432  -  ResidentSetSize of job (KB)
...
000 (9390011.000.000) 07/09 23:43:13 Job submitted from host: <137.138.120.116:9618?addrs=137.138.120.116-9618+[2001-1458-d00-16--17b]-9618&alias=bigbird12.cern.ch&noUDP&sock=schedd_8624_ecd7>
...
040 (9390011.000.000) 07/09 23:43:54 Started transferring input files
	Transferring to host: <128.142.192.176:9618?addrs=128.142.192.176-9618+[2001-1458-301-56--100-2c]-9618&alias=b7g18p0140.cern.ch&noUDP&sock=slot1_4_48871_ca5c_15407>
...
040 (9390011.000.000) 07/09 23:43:54 Finished transferring input files
...
001 (9390011.000.000) 07/09 23:43:55 Job executing on host: <128.142.192.176:9618?addrs=128.142.192.176-9618+[2001-1458-301-56--100-2c]-9618&alias=b7g18p0140.cern.ch&noUDP&sock=startd_48833_f468>
...
006 (9390011.000.000) 07/09 23:44:04 Image size of job updated: 285332
	11  -  MemoryUsage of job (MB)
	10908  -  ResidentSetSize of job (KB)
...
006 (9389991.000.000) 07/09 23:45:14 Image size of job updated: 1425480
	292  -  MemoryUsage of job (MB)
	298464  -  ResidentSetSize of job (KB)
...
000 (9390031.000.000) 07/09 23:46:03 Job submitted from host: <137.138.120.116:9618?addrs=137.138.120.116-9618+[2001-1458-d00-16--17b]-9618&alias=bigbird12.cern.ch&noUDP&sock=schedd_8624_ecd7>
...
006 (9390011.000.000) 07/09 23:49:05 Image size of job updated: 1424292
	290  -  MemoryUsage of job (MB)
	296716  -  ResidentSetSize of job (KB)
...
006 (9389991.000.000) 07/09 23:50:14 Image size of job updated: 1427876
	295  -  MemoryUsage of job (MB)
	302016  -  ResidentSetSize of job (KB)
...
006 (9390011.000.000) 07/09 23:54:05 Image size of job updated: 1427164
	295  -  MemoryUsage of job (MB)
	301356  -  ResidentSetSize of job (KB)
...
006 (9389991.000.000) 07/09 23:55:15 Image size of job updated: 1427884
	306  -  MemoryUsage of job (MB)
	312420  -  ResidentSetSize of job (KB)
...
006 (9390011.000.000) 07/09 23:59:06 Image size of job updated: 1427740
	295  -  MemoryUsage of job (MB)
	302052  -  ResidentSetSize of job (KB)
...
006 (9389991.000.000) 07/10 00:00:15 Image size of job updated: 1427884
	310  -  MemoryUsage of job (MB)
	317268  -  ResidentSetSize of job (KB)
...
006 (9390011.000.000) 07/10 00:04:07 Image size of job updated: 1427748
	310  -  MemoryUsage of job (MB)
	316684  -  ResidentSetSize of job (KB)
...
006 (9389991.000.000) 07/10 00:05:15 Image size of job updated: 1427884
	311  -  MemoryUsage of job (MB)
	317928  -  ResidentSetSize of job (KB)
...
006 (9390011.000.000) 07/10 00:09:07 Image size of job updated: 1427748
	310  -  MemoryUsage of job (MB)
	317316  -  ResidentSetSize of job (KB)
...
040 (9390031.000.000) 07/10 00:09:31 Started transferring input files
	Transferring to host: <128.142.59.147:9618?addrs=128.142.59.147-9618+[2001-1458-301-21--100-92]-9618&alias=b7s04p2767.cern.ch&noUDP&sock=slot1_19_9308_13f4_93389>
...
040 (9390031.000.000) 07/10 00:09:31 Finished transferring input files
...
001 (9390031.000.000) 07/10 00:09:32 Job executing on host: <128.142.59.147:9618?addrs=128.142.59.147-9618+[2001-1458-301-21--100-92]-9618&alias=b7s04p2767.cern.ch&noUDP&sock=startd_8124_f77c>
...
006 (9390031.000.000) 07/10 00:09:41 Image size of job updated: 53908
	26  -  MemoryUsage of job (MB)
	26384  -  ResidentSetSize of job (KB)
...
006 (9389991.000.000) 07/10 00:10:16 Image size of job updated: 1428140
	315  -  MemoryUsage of job (MB)
	321892  -  ResidentSetSize of job (KB)
...
040 (9389991.000.000) 07/10 00:12:27 Started transferring output files
...
040 (9389991.000.000) 07/10 00:12:27 Finished transferring output files
...
005 (9389991.000.000) 07/10 00:12:27 Job terminated.
	(1) Normal termination (return value 0)
		Usr 0 00:14:12, Sys 0 00:00:08  -  Run Remote Usage
		Usr 0 00:00:00, Sys 0 00:00:00  -  Run Local Usage
		Usr 0 00:14:12, Sys 0 00:00:08  -  Total Remote Usage
		Usr 0 00:00:00, Sys 0 00:00:00  -  Total Local Usage
	6967  -  Run Bytes Sent By Job
	11159  -  Run Bytes Received By Job
	6967  -  Total Bytes Sent By Job
	11159  -  Total Bytes Received By Job
	Partitionable Resources :    Usage  Request Allocated 
	   Cpus                 :        0        1         1 
	   Disk (KB)            :       39       12   1343098 
	   Memory (MB)          :      315     2000      2000 

	Job terminated of its own accord at 2023-07-09T22:12:27Z.
...
006 (9390011.000.000) 07/10 00:14:08 Image size of job updated: 1428004
	315  -  MemoryUsage of job (MB)
	321604  -  ResidentSetSize of job (KB)
...
006 (9390031.000.000) 07/10 00:14:42 Image size of job updated: 1424292
	291  -  MemoryUsage of job (MB)
	297224  -  ResidentSetSize of job (KB)
...
006 (9390011.000.000) 07/10 00:15:22 Image size of job updated: 1559860
	315  -  MemoryUsage of job (MB)
	321604  -  ResidentSetSize of job (KB)
...
040 (9390011.000.000) 07/10 00:15:22 Started transferring output files
...
040 (9390011.000.000) 07/10 00:15:22 Finished transferring output files
...
005 (9390011.000.000) 07/10 00:15:22 Job terminated.
	(1) Normal termination (return value 0)
		Usr 0 00:23:21, Sys 0 00:00:06  -  Run Remote Usage
		Usr 0 00:00:00, Sys 0 00:00:00  -  Run Local Usage
		Usr 0 00:23:21, Sys 0 00:00:06  -  Total Remote Usage
		Usr 0 00:00:00, Sys 0 00:00:00  -  Total Local Usage
	6967  -  Run Bytes Sent By Job
	11159  -  Run Bytes Received By Job
	6967  -  Total Bytes Sent By Job
	11159  -  Total Bytes Received By Job
	Partitionable Resources :    Usage  Request Allocated 
	   Cpus                 :     0.84        1         1 
	   Disk (KB)            :    39          12   2966690 
	   Memory (MB)          :   315        2000      2000 

	Job terminated of its own accord at 2023-07-09T22:15:22Z.
...
006 (9390031.000.000) 07/10 00:19:42 Image size of job updated: 1427756
	295  -  MemoryUsage of job (MB)
	301904  -  ResidentSetSize of job (KB)
...
006 (9390031.000.000) 07/10 00:24:42 Image size of job updated: 1427900
	310  -  MemoryUsage of job (MB)
	316956  -  ResidentSetSize of job (KB)
...
006 (9390031.000.000) 07/10 00:29:43 Image size of job updated: 1427900
	313  -  MemoryUsage of job (MB)
	320212  -  ResidentSetSize of job (KB)
...
006 (9390031.000.000) 07/10 00:33:25 Image size of job updated: 1428156
	313  -  MemoryUsage of job (MB)
	320212  -  ResidentSetSize of job (KB)
...
040 (9390031.000.000) 07/10 00:33:25 Started transferring output files
...
040 (9390031.000.000) 07/10 00:33:25 Finished transferring output files
...
005 (9390031.000.000) 07/10 00:33:25 Job terminated.
	(1) Normal termination (return value 0)
		Usr 0 00:16:02, Sys 0 00:00:04  -  Run Remote Usage
		Usr 0 00:00:00, Sys 0 00:00:00  -  Run Local Usage
		Usr 0 00:16:02, Sys 0 00:00:04  -  Total Remote Usage
		Usr 0 00:00:00, Sys 0 00:00:00  -  Total Local Usage
	6967  -  Run Bytes Sent By Job
	11160  -  Run Bytes Received By Job
	6967  -  Total Bytes Sent By Job
	11160  -  Total Bytes Received By Job
	Partitionable Resources :    Usage  Request Allocated 
	   Cpus                 :     0.86        1         1 
	   Disk (KB)            :    39          12   1252463 
	   Memory (MB)          :   313        2000      2000 

	Job terminated of its own accord at 2023-07-09T22:33:25Z.
...
000 (9394518.000.000) 07/11 16:06:39 Job submitted from host: <137.138.120.116:9618?addrs=137.138.120.116-9618+[2001-1458-d00-16--17b]-9618&alias=bigbird12.cern.ch&noUDP&sock=schedd_8624_ecd7>
...
000 (9394540.000.000) 07/11 16:09:45 Job submitted from host: <137.138.120.116:9618?addrs=137.138.120.116-9618+[2001-1458-d00-16--17b]-9618&alias=bigbird12.cern.ch&noUDP&sock=schedd_8624_ecd7>
...
000 (9394567.000.000) 07/11 16:14:38 Job submitted from host: <137.138.120.116:9618?addrs=137.138.120.116-9618+[2001-1458-d00-16--17b]-9618&alias=bigbird12.cern.ch&noUDP&sock=schedd_8624_ecd7>
...
040 (9394518.000.000) 07/11 16:16:54 Started transferring input files
	Transferring to host: <128.142.59.110:9618?addrs=128.142.59.110-9618+[2001-1458-301-21--100-6d]-9618&alias=b7s04p2027.cern.ch&noUDP&sock=slot1_5_20887_87ea_17997>
...
040 (9394518.000.000) 07/11 16:16:54 Finished transferring input files
...
001 (9394518.000.000) 07/11 16:16:55 Job executing on host: <128.142.59.110:9618?addrs=128.142.59.110-9618+[2001-1458-301-21--100-6d]-9618&alias=b7s04p2027.cern.ch&noUDP&sock=startd_3144_19d9>
...
040 (9394540.000.000) 07/11 16:17:01 Started transferring input files
	Transferring to host: <128.142.58.67:9618?addrs=128.142.58.67-9618+[2001-1458-301-16--100-42]-9618&alias=b7s03p0375.cern.ch&noUDP&sock=slot1_9_28867_29af_26651>
...
040 (9394540.000.000) 07/11 16:17:01 Finished transferring input files
...
001 (9394540.000.000) 07/11 16:17:02 Job executing on host: <128.142.58.67:9618?addrs=128.142.58.67-9618+[2001-1458-301-16--100-42]-9618&alias=b7s03p0375.cern.ch&noUDP&sock=startd_28829_dfe4>
...
006 (9394518.000.000) 07/11 16:17:03 Image size of job updated: 294748
	142  -  MemoryUsage of job (MB)
	144408  -  ResidentSetSize of job (KB)
...
040 (9394567.000.000) 07/11 16:17:07 Started transferring input files
	Transferring to host: <128.142.195.153:9618?addrs=128.142.195.153-9618+[2001-1458-301-50--100-12]-9618&alias=b7g33p5485.cern.ch&noUDP&sock=slot1_7_26456_652d_953>
...
040 (9394567.000.000) 07/11 16:17:07 Finished transferring input files
...
001 (9394567.000.000) 07/11 16:17:08 Job executing on host: <128.142.195.153:9618?addrs=128.142.195.153-9618+[2001-1458-301-50--100-12]-9618&alias=b7g33p5485.cern.ch&noUDP&sock=startd_26417_7175>
...
006 (9394540.000.000) 07/11 16:17:11 Image size of job updated: 335944
	176  -  MemoryUsage of job (MB)
	179340  -  ResidentSetSize of job (KB)
...
006 (9394567.000.000) 07/11 16:17:17 Image size of job updated: 334032
	176  -  MemoryUsage of job (MB)
	179780  -  ResidentSetSize of job (KB)
...
006 (9394518.000.000) 07/11 16:22:03 Image size of job updated: 1426056
	293  -  MemoryUsage of job (MB)
	299060  -  ResidentSetSize of job (KB)
...
006 (9394540.000.000) 07/11 16:22:12 Image size of job updated: 1425956
	293  -  MemoryUsage of job (MB)
	299764  -  ResidentSetSize of job (KB)
...
006 (9394567.000.000) 07/11 16:22:18 Image size of job updated: 1426012
	293  -  MemoryUsage of job (MB)
	299040  -  ResidentSetSize of job (KB)
...
006 (9394518.000.000) 07/11 16:27:04 Image size of job updated: 1427740
	295  -  MemoryUsage of job (MB)
	302076  -  ResidentSetSize of job (KB)
...
006 (9394540.000.000) 07/11 16:27:12 Image size of job updated: 1427764
	296  -  MemoryUsage of job (MB)
	302420  -  ResidentSetSize of job (KB)
...
006 (9394567.000.000) 07/11 16:27:18 Image size of job updated: 1427836
	295  -  MemoryUsage of job (MB)
	302064  -  ResidentSetSize of job (KB)
...
006 (9394518.000.000) 07/11 16:32:05 Image size of job updated: 1427748
	311  -  MemoryUsage of job (MB)
	318392  -  ResidentSetSize of job (KB)
...
006 (9394540.000.000) 07/11 16:32:12 Image size of job updated: 1427772
	313  -  MemoryUsage of job (MB)
	319788  -  ResidentSetSize of job (KB)
...
006 (9394567.000.000) 07/11 16:32:18 Image size of job updated: 1427844
	311  -  MemoryUsage of job (MB)
	317672  -  ResidentSetSize of job (KB)
...
006 (9394540.000.000) 07/11 16:35:58 Image size of job updated: 1428028
	313  -  MemoryUsage of job (MB)
	319788  -  ResidentSetSize of job (KB)
...
040 (9394540.000.000) 07/11 16:35:58 Started transferring output files
...
040 (9394540.000.000) 07/11 16:35:58 Finished transferring output files
...
005 (9394540.000.000) 07/11 16:35:58 Job terminated.
	(1) Normal termination (return value 0)
		Usr 0 00:11:48, Sys 0 00:00:05  -  Run Remote Usage
		Usr 0 00:00:00, Sys 0 00:00:00  -  Run Local Usage
		Usr 0 00:11:48, Sys 0 00:00:05  -  Total Remote Usage
		Usr 0 00:00:00, Sys 0 00:00:00  -  Total Local Usage
	6967  -  Run Bytes Sent By Job
	11160  -  Run Bytes Received By Job
	6967  -  Total Bytes Sent By Job
	11160  -  Total Bytes Received By Job
	Partitionable Resources :    Usage  Request Allocated 
	   Cpus                 :     0.66        1         1 
	   Disk (KB)            :    39          12   2903207 
	   Memory (MB)          :   313        2000      2000 

	Job terminated of its own accord at 2023-07-11T14:35:58Z.
...
006 (9394518.000.000) 07/11 16:37:05 Image size of job updated: 1428004
	315  -  MemoryUsage of job (MB)
	322224  -  ResidentSetSize of job (KB)
...
006 (9394567.000.000) 07/11 16:37:19 Image size of job updated: 1428100
	315  -  MemoryUsage of job (MB)
	321820  -  ResidentSetSize of job (KB)
...
040 (9394518.000.000) 07/11 16:37:38 Started transferring output files
...
040 (9394518.000.000) 07/11 16:37:38 Finished transferring output files
...
005 (9394518.000.000) 07/11 16:37:38 Job terminated.
	(1) Normal termination (return value 0)
		Usr 0 00:13:19, Sys 0 00:00:05  -  Run Remote Usage
		Usr 0 00:00:00, Sys 0 00:00:00  -  Run Local Usage
		Usr 0 00:13:19, Sys 0 00:00:05  -  Total Remote Usage
		Usr 0 00:00:00, Sys 0 00:00:00  -  Total Local Usage
	6967  -  Run Bytes Sent By Job
	11160  -  Run Bytes Received By Job
	6967  -  Total Bytes Sent By Job
	11160  -  Total Bytes Received By Job
	Partitionable Resources :    Usage  Request Allocated 
	   Cpus                 :     0.89        1         1 
	   Disk (KB)            :    39          12   1259041 
	   Memory (MB)          :   315        2000      2000 

	Job terminated of its own accord at 2023-07-11T14:37:38Z.
...
006 (9394567.000.000) 07/11 16:37:51 Image size of job updated: 1559956
	315  -  MemoryUsage of job (MB)
	321820  -  ResidentSetSize of job (KB)
...
040 (9394567.000.000) 07/11 16:37:51 Started transferring output files
...
040 (9394567.000.000) 07/11 16:37:51 Finished transferring output files
...
005 (9394567.000.000) 07/11 16:37:51 Job terminated.
	(1) Normal termination (return value 0)
		Usr 0 00:13:11, Sys 0 00:00:06  -  Run Remote Usage
		Usr 0 00:00:00, Sys 0 00:00:00  -  Run Local Usage
		Usr 0 00:13:11, Sys 0 00:00:06  -  Total Remote Usage
		Usr 0 00:00:00, Sys 0 00:00:00  -  Total Local Usage
	6967  -  Run Bytes Sent By Job
	11160  -  Run Bytes Received By Job
	6967  -  Total Bytes Sent By Job
	11160  -  Total Bytes Received By Job
	Partitionable Resources :    Usage  Request Allocated 
	   Cpus                 :     0.83        1         1 
	   Disk (KB)            :    39          12   2892160 
	   Memory (MB)          :   315        2000      2000 

	Job terminated of its own accord at 2023-07-11T14:37:51Z.
...
