000 (9389941.000.000) 07/09 23:16:02 Job submitted from host: <137.138.120.116:9618?addrs=137.138.120.116-9618+[2001-1458-d00-16--17b]-9618&alias=bigbird12.cern.ch&noUDP&sock=schedd_8624_ecd7>
...
040 (9389941.000.000) 07/09 23:17:39 Started transferring input files
	Transferring to host: <128.142.192.138:9618?addrs=128.142.192.138-9618+[2001-1458-301-56--100-6]-9618&alias=b7g18p2122.cern.ch&noUDP&sock=slot1_31_1621_e41b_23730>
...
040 (9389941.000.000) 07/09 23:17:39 Finished transferring input files
...
001 (9389941.000.000) 07/09 23:17:40 Job executing on host: <128.142.192.138:9618?addrs=128.142.192.138-9618+[2001-1458-301-56--100-6]-9618&alias=b7g18p2122.cern.ch&noUDP&sock=startd_1574_3628>
...
006 (9389941.000.000) 07/09 23:17:49 Image size of job updated: 26348
	11  -  MemoryUsage of job (MB)
	10900  -  ResidentSetSize of job (KB)
...
006 (9389941.000.000) 07/09 23:18:09 Image size of job updated: 951612
	11  -  MemoryUsage of job (MB)
	10900  -  ResidentSetSize of job (KB)
...
040 (9389941.000.000) 07/09 23:18:10 Started transferring output files
...
040 (9389941.000.000) 07/09 23:18:10 Finished transferring output files
...
005 (9389941.000.000) 07/09 23:18:10 Job terminated.
	(1) Normal termination (return value 1)
		Usr 0 00:00:05, Sys 0 00:00:01  -  Run Remote Usage
		Usr 0 00:00:00, Sys 0 00:00:00  -  Run Local Usage
		Usr 0 00:00:05, Sys 0 00:00:01  -  Total Remote Usage
		Usr 0 00:00:00, Sys 0 00:00:00  -  Total Local Usage
	1149  -  Run Bytes Sent By Job
	11159  -  Run Bytes Received By Job
	1149  -  Total Bytes Sent By Job
	11159  -  Total Bytes Received By Job
	Partitionable Resources :    Usage  Request Allocated 
	   Cpus                 :                 1         1 
	   Disk (KB)            :       29       12   3104370 
	   Memory (MB)          :       11     2000      2000 

	Job terminated of its own accord at 2023-07-09T21:18:09Z.
...
000 (9389961.000.000) 07/09 23:29:04 Job submitted from host: <137.138.120.116:9618?addrs=137.138.120.116-9618+[2001-1458-d00-16--17b]-9618&alias=bigbird12.cern.ch&noUDP&sock=schedd_8624_ecd7>
...
040 (9389961.000.000) 07/09 23:29:28 Started transferring input files
	Transferring to host: <128.142.192.174:9618?addrs=128.142.192.174-9618+[2001-1458-301-56--100-2a]-9618&alias=b7g18p1742.cern.ch&noUDP&sock=slot1_7_3869_cf76_13049>
...
040 (9389961.000.000) 07/09 23:29:28 Finished transferring input files
...
001 (9389961.000.000) 07/09 23:29:29 Job executing on host: <128.142.192.174:9618?addrs=128.142.192.174-9618+[2001-1458-301-56--100-2a]-9618&alias=b7g18p1742.cern.ch&noUDP&sock=startd_2917_65d9>
...
006 (9389961.000.000) 07/09 23:29:38 Image size of job updated: 370372
	18  -  MemoryUsage of job (MB)
	17656  -  ResidentSetSize of job (KB)
...
006 (9389961.000.000) 07/09 23:29:49 Image size of job updated: 370372
	18  -  MemoryUsage of job (MB)
	17660  -  ResidentSetSize of job (KB)
...
040 (9389961.000.000) 07/09 23:29:49 Started transferring output files
...
040 (9389961.000.000) 07/09 23:29:49 Finished transferring output files
...
005 (9389961.000.000) 07/09 23:29:49 Job terminated.
	(1) Normal termination (return value 1)
		Usr 0 00:00:06, Sys 0 00:00:01  -  Run Remote Usage
		Usr 0 00:00:00, Sys 0 00:00:00  -  Run Local Usage
		Usr 0 00:00:06, Sys 0 00:00:01  -  Total Remote Usage
		Usr 0 00:00:00, Sys 0 00:00:00  -  Total Local Usage
	1149  -  Run Bytes Sent By Job
	11159  -  Run Bytes Received By Job
	1149  -  Total Bytes Sent By Job
	11159  -  Total Bytes Received By Job
	Partitionable Resources :    Usage  Request Allocated 
	   Cpus                 :                 1         1 
	   Disk (KB)            :       29       12   3131818 
	   Memory (MB)          :       18     2000      2000 

	Job terminated of its own accord at 2023-07-09T21:29:49Z.
...
000 (9389981.000.000) 07/09 23:38:59 Job submitted from host: <137.138.120.116:9618?addrs=137.138.120.116-9618+[2001-1458-d00-16--17b]-9618&alias=bigbird12.cern.ch&noUDP&sock=schedd_8624_ecd7>
...
040 (9389981.000.000) 07/09 23:39:59 Started transferring input files
	Transferring to host: <128.142.192.212:9618?addrs=128.142.192.212-9618+[2001-1458-301-56--100-50]-9618&alias=b7g18p0338.cern.ch&noUDP&sock=slot1_38_3334_dac1_45134>
...
040 (9389981.000.000) 07/09 23:39:59 Finished transferring input files
...
001 (9389981.000.000) 07/09 23:40:00 Job executing on host: <128.142.192.212:9618?addrs=128.142.192.212-9618+[2001-1458-301-56--100-50]-9618&alias=b7g18p0338.cern.ch&noUDP&sock=startd_2857_3e2a>
...
006 (9389981.000.000) 07/09 23:40:09 Image size of job updated: 370372
	99  -  MemoryUsage of job (MB)
	101304  -  ResidentSetSize of job (KB)
...
000 (9390001.000.000) 07/09 23:42:23 Job submitted from host: <137.138.120.116:9618?addrs=137.138.120.116-9618+[2001-1458-d00-16--17b]-9618&alias=bigbird12.cern.ch&noUDP&sock=schedd_8624_ecd7>
...
040 (9390001.000.000) 07/09 23:43:49 Started transferring input files
	Transferring to host: <128.142.192.164:9618?addrs=128.142.192.164-9618+[2001-1458-301-56--100-20]-9618&alias=b7g18p2229.cern.ch&noUDP&sock=slot1_8_5113_5229_1840>
...
040 (9390001.000.000) 07/09 23:43:49 Finished transferring input files
...
001 (9390001.000.000) 07/09 23:43:50 Job executing on host: <128.142.192.164:9618?addrs=128.142.192.164-9618+[2001-1458-301-56--100-20]-9618&alias=b7g18p2229.cern.ch&noUDP&sock=startd_5002_88d0>
...
006 (9390001.000.000) 07/09 23:43:59 Image size of job updated: 223360
	219  -  MemoryUsage of job (MB)
	223360  -  ResidentSetSize of job (KB)
...
006 (9389981.000.000) 07/09 23:45:10 Image size of job updated: 1423036
	300  -  MemoryUsage of job (MB)
	306628  -  ResidentSetSize of job (KB)
...
000 (9390021.000.000) 07/09 23:45:13 Job submitted from host: <137.138.120.116:9618?addrs=137.138.120.116-9618+[2001-1458-d00-16--17b]-9618&alias=bigbird12.cern.ch&noUDP&sock=schedd_8624_ecd7>
...
006 (9390001.000.000) 07/09 23:49:00 Image size of job updated: 1423036
	304  -  MemoryUsage of job (MB)
	310808  -  ResidentSetSize of job (KB)
...
006 (9389981.000.000) 07/09 23:50:10 Image size of job updated: 1423292
	308  -  MemoryUsage of job (MB)
	314464  -  ResidentSetSize of job (KB)
...
006 (9390001.000.000) 07/09 23:54:00 Image size of job updated: 1423292
	311  -  MemoryUsage of job (MB)
	317468  -  ResidentSetSize of job (KB)
...
006 (9389981.000.000) 07/09 23:55:11 Image size of job updated: 1423292
	310  -  MemoryUsage of job (MB)
	316984  -  ResidentSetSize of job (KB)
...
006 (9390001.000.000) 07/09 23:59:01 Image size of job updated: 1423448
	312  -  MemoryUsage of job (MB)
	318900  -  ResidentSetSize of job (KB)
...
006 (9389981.000.000) 07/10 00:00:12 Image size of job updated: 1423448
	312  -  MemoryUsage of job (MB)
	318824  -  ResidentSetSize of job (KB)
...
040 (9390021.000.000) 07/10 00:01:06 Started transferring input files
	Transferring to host: <128.142.61.77:9618?addrs=128.142.61.77-9618+[2001-1458-301-23--100-4c]-9618&alias=b7s06p7522.cern.ch&noUDP&sock=slot1_3_1097_af86_2108>
...
040 (9390021.000.000) 07/10 00:01:06 Finished transferring input files
...
001 (9390021.000.000) 07/10 00:01:07 Job executing on host: <128.142.61.77:9618?addrs=128.142.61.77-9618+[2001-1458-301-23--100-4c]-9618&alias=b7s06p7522.cern.ch&noUDP&sock=startd_2988_1912>
...
006 (9390021.000.000) 07/10 00:01:16 Image size of job updated: 370364
	65  -  MemoryUsage of job (MB)
	65852  -  ResidentSetSize of job (KB)
...
006 (9390001.000.000) 07/10 00:04:02 Image size of job updated: 1423992
	313  -  MemoryUsage of job (MB)
	319796  -  ResidentSetSize of job (KB)
...
006 (9389981.000.000) 07/10 00:05:12 Image size of job updated: 1424024
	312  -  MemoryUsage of job (MB)
	319396  -  ResidentSetSize of job (KB)
...
006 (9390021.000.000) 07/10 00:06:16 Image size of job updated: 1384304
	262  -  MemoryUsage of job (MB)
	267864  -  ResidentSetSize of job (KB)
...
006 (9390001.000.000) 07/10 00:09:02 Image size of job updated: 1423992
	313  -  MemoryUsage of job (MB)
	320120  -  ResidentSetSize of job (KB)
...
006 (9389981.000.000) 07/10 00:10:13 Image size of job updated: 1424024
	313  -  MemoryUsage of job (MB)
	319960  -  ResidentSetSize of job (KB)
...
006 (9390021.000.000) 07/10 00:11:16 Image size of job updated: 1422732
	286  -  MemoryUsage of job (MB)
	292260  -  ResidentSetSize of job (KB)
...
006 (9390001.000.000) 07/10 00:14:02 Image size of job updated: 1423992
	313  -  MemoryUsage of job (MB)
	320244  -  ResidentSetSize of job (KB)
...
006 (9389981.000.000) 07/10 00:15:14 Image size of job updated: 1424024
	313  -  MemoryUsage of job (MB)
	320268  -  ResidentSetSize of job (KB)
...
006 (9390021.000.000) 07/10 00:16:17 Image size of job updated: 1423020
	287  -  MemoryUsage of job (MB)
	293520  -  ResidentSetSize of job (KB)
...
006 (9390001.000.000) 07/10 00:19:03 Image size of job updated: 1423992
	313  -  MemoryUsage of job (MB)
	320488  -  ResidentSetSize of job (KB)
...
006 (9389981.000.000) 07/10 00:20:14 Image size of job updated: 1424024
	313  -  MemoryUsage of job (MB)
	320400  -  ResidentSetSize of job (KB)
...
006 (9390021.000.000) 07/10 00:21:17 Image size of job updated: 1423020
	288  -  MemoryUsage of job (MB)
	294040  -  ResidentSetSize of job (KB)
...
006 (9390001.000.000) 07/10 00:24:03 Image size of job updated: 1423992
	314  -  MemoryUsage of job (MB)
	320516  -  ResidentSetSize of job (KB)
...
006 (9389981.000.000) 07/10 00:25:14 Image size of job updated: 1424024
	313  -  MemoryUsage of job (MB)
	320472  -  ResidentSetSize of job (KB)
...
006 (9390021.000.000) 07/10 00:26:17 Image size of job updated: 1423284
	304  -  MemoryUsage of job (MB)
	311116  -  ResidentSetSize of job (KB)
...
006 (9390001.000.000) 07/10 00:29:03 Image size of job updated: 1423992
	314  -  MemoryUsage of job (MB)
	320556  -  ResidentSetSize of job (KB)
...
006 (9389981.000.000) 07/10 00:30:15 Image size of job updated: 1424024
	313  -  MemoryUsage of job (MB)
	320508  -  ResidentSetSize of job (KB)
...
006 (9390021.000.000) 07/10 00:31:18 Image size of job updated: 1423284
	309  -  MemoryUsage of job (MB)
	315940  -  ResidentSetSize of job (KB)
...
006 (9390001.000.000) 07/10 00:34:04 Image size of job updated: 1423992
	314  -  MemoryUsage of job (MB)
	320560  -  ResidentSetSize of job (KB)
...
006 (9390021.000.000) 07/10 00:36:19 Image size of job updated: 1423284
	310  -  MemoryUsage of job (MB)
	317276  -  ResidentSetSize of job (KB)
...
006 (9390001.000.000) 07/10 00:39:05 Image size of job updated: 1423992
	314  -  MemoryUsage of job (MB)
	320564  -  ResidentSetSize of job (KB)
...
006 (9389981.000.000) 07/10 00:40:15 Image size of job updated: 1424024
	314  -  MemoryUsage of job (MB)
	320516  -  ResidentSetSize of job (KB)
...
006 (9390021.000.000) 07/10 00:41:19 Image size of job updated: 1423444
	312  -  MemoryUsage of job (MB)
	319236  -  ResidentSetSize of job (KB)
...
006 (9390001.000.000) 07/10 00:44:05 Image size of job updated: 1424248
	314  -  MemoryUsage of job (MB)
	320708  -  ResidentSetSize of job (KB)
...
006 (9389981.000.000) 07/10 00:45:16 Image size of job updated: 1424024
	314  -  MemoryUsage of job (MB)
	320520  -  ResidentSetSize of job (KB)
...
006 (9390021.000.000) 07/10 00:46:20 Image size of job updated: 1424000
	313  -  MemoryUsage of job (MB)
	320188  -  ResidentSetSize of job (KB)
...
006 (9389981.000.000) 07/10 00:50:16 Image size of job updated: 1424024
	314  -  MemoryUsage of job (MB)
	320528  -  ResidentSetSize of job (KB)
...
006 (9390021.000.000) 07/10 00:51:21 Image size of job updated: 1424000
	313  -  MemoryUsage of job (MB)
	320440  -  ResidentSetSize of job (KB)
...
006 (9390001.000.000) 07/10 00:54:07 Image size of job updated: 1424248
	314  -  MemoryUsage of job (MB)
	320716  -  ResidentSetSize of job (KB)
...
006 (9389981.000.000) 07/10 00:55:16 Image size of job updated: 1424280
	314  -  MemoryUsage of job (MB)
	320528  -  ResidentSetSize of job (KB)
...
006 (9390021.000.000) 07/10 00:56:21 Image size of job updated: 1424000
	313  -  MemoryUsage of job (MB)
	320480  -  ResidentSetSize of job (KB)
...
006 (9390001.000.000) 07/10 00:59:07 Image size of job updated: 1424248
	314  -  MemoryUsage of job (MB)
	320760  -  ResidentSetSize of job (KB)
...
006 (9389981.000.000) 07/10 01:00:17 Image size of job updated: 1424280
	314  -  MemoryUsage of job (MB)
	320588  -  ResidentSetSize of job (KB)
...
006 (9390021.000.000) 07/10 01:01:21 Image size of job updated: 1424000
	314  -  MemoryUsage of job (MB)
	320520  -  ResidentSetSize of job (KB)
...
006 (9390001.000.000) 07/10 01:04:07 Image size of job updated: 1424248
	314  -  MemoryUsage of job (MB)
	320764  -  ResidentSetSize of job (KB)
...
006 (9389981.000.000) 07/10 01:10:18 Image size of job updated: 1424280
	314  -  MemoryUsage of job (MB)
	320592  -  ResidentSetSize of job (KB)
...
006 (9390001.000.000) 07/10 01:14:08 Image size of job updated: 1424248
	314  -  MemoryUsage of job (MB)
	320944  -  ResidentSetSize of job (KB)
...
006 (9390021.000.000) 07/10 01:16:23 Image size of job updated: 1424256
	314  -  MemoryUsage of job (MB)
	320668  -  ResidentSetSize of job (KB)
...
006 (9390021.000.000) 07/10 01:21:23 Image size of job updated: 1424256
	314  -  MemoryUsage of job (MB)
	320676  -  ResidentSetSize of job (KB)
...
006 (9390021.000.000) 07/10 01:26:24 Image size of job updated: 1424256
	314  -  MemoryUsage of job (MB)
	320704  -  ResidentSetSize of job (KB)
...
006 (9389981.000.000) 07/10 01:35:21 Image size of job updated: 1424280
	314  -  MemoryUsage of job (MB)
	320640  -  ResidentSetSize of job (KB)
...
006 (9390021.000.000) 07/10 01:41:25 Image size of job updated: 1424512
	314  -  MemoryUsage of job (MB)
	320704  -  ResidentSetSize of job (KB)
...
006 (9389981.000.000) 07/10 01:50:23 Image size of job updated: 1424280
	314  -  MemoryUsage of job (MB)
	320644  -  ResidentSetSize of job (KB)
...
006 (9390021.000.000) 07/10 01:56:26 Image size of job updated: 1424512
	314  -  MemoryUsage of job (MB)
	320876  -  ResidentSetSize of job (KB)
...
040 (9390001.000.000) 07/10 02:11:57 Started transferring output files
...
040 (9390001.000.000) 07/10 02:11:57 Finished transferring output files
...
005 (9390001.000.000) 07/10 02:11:57 Job terminated.
	(1) Normal termination (return value 0)
		Usr 0 01:49:29, Sys 0 00:00:27  -  Run Remote Usage
		Usr 0 00:00:00, Sys 0 00:00:00  -  Run Local Usage
		Usr 0 01:49:29, Sys 0 00:00:27  -  Total Remote Usage
		Usr 0 00:00:00, Sys 0 00:00:00  -  Total Local Usage
	14853  -  Run Bytes Sent By Job
	11159  -  Run Bytes Received By Job
	14853  -  Total Bytes Sent By Job
	11159  -  Total Bytes Received By Job
	Partitionable Resources :    Usage  Request Allocated 
	   Cpus                 :     0.72        1         1 
	   Disk (KB)            :    46          12   3067933 
	   Memory (MB)          :   314        2000      2000 

	Job terminated of its own accord at 2023-07-10T00:11:57Z.
...
006 (9389981.000.000) 07/10 02:15:25 Image size of job updated: 1424280
	314  -  MemoryUsage of job (MB)
	320704  -  ResidentSetSize of job (KB)
...
006 (9390021.000.000) 07/10 02:16:29 Image size of job updated: 1424512
	314  -  MemoryUsage of job (MB)
	320880  -  ResidentSetSize of job (KB)
...
006 (9389981.000.000) 07/10 02:20:25 Image size of job updated: 1424280
	314  -  MemoryUsage of job (MB)
	320712  -  ResidentSetSize of job (KB)
...
006 (9390021.000.000) 07/10 02:21:30 Image size of job updated: 1424512
	314  -  MemoryUsage of job (MB)
	320884  -  ResidentSetSize of job (KB)
...
040 (9390021.000.000) 07/10 02:36:27 Started transferring output files
...
040 (9390021.000.000) 07/10 02:36:27 Finished transferring output files
...
005 (9390021.000.000) 07/10 02:36:27 Job terminated.
	(1) Normal termination (return value 0)
		Usr 0 01:24:28, Sys 0 00:01:26  -  Run Remote Usage
		Usr 0 00:00:00, Sys 0 00:00:00  -  Run Local Usage
		Usr 0 01:24:28, Sys 0 00:01:26  -  Total Remote Usage
		Usr 0 00:00:00, Sys 0 00:00:00  -  Total Local Usage
	14853  -  Run Bytes Sent By Job
	11160  -  Run Bytes Received By Job
	14853  -  Total Bytes Sent By Job
	11160  -  Total Bytes Received By Job
	Partitionable Resources :    Usage  Request Allocated 
	   Cpus                 :     0.87        1         1 
	   Disk (KB)            :    47          12   2939940 
	   Memory (MB)          :   314        2000      2000 

	Job terminated of its own accord at 2023-07-10T00:36:27Z.
...
040 (9389981.000.000) 07/10 02:40:54 Started transferring output files
...
040 (9389981.000.000) 07/10 02:40:54 Finished transferring output files
...
005 (9389981.000.000) 07/10 02:40:54 Job terminated.
	(1) Normal termination (return value 0)
		Usr 0 02:19:29, Sys 0 00:00:29  -  Run Remote Usage
		Usr 0 00:00:00, Sys 0 00:00:00  -  Run Local Usage
		Usr 0 02:19:29, Sys 0 00:00:29  -  Total Remote Usage
		Usr 0 00:00:00, Sys 0 00:00:00  -  Total Local Usage
	14853  -  Run Bytes Sent By Job
	11159  -  Run Bytes Received By Job
	14853  -  Total Bytes Sent By Job
	11159  -  Total Bytes Received By Job
	Partitionable Resources :    Usage  Request Allocated 
	   Cpus                 :     0.95        1         1 
	   Disk (KB)            :    46          12   3065533 
	   Memory (MB)          :   314        2000      2000 

	Job terminated of its own accord at 2023-07-10T00:40:54Z.
...
000 (9394507.000.000) 07/11 16:05:49 Job submitted from host: <137.138.120.116:9618?addrs=137.138.120.116-9618+[2001-1458-d00-16--17b]-9618&alias=bigbird12.cern.ch&noUDP&sock=schedd_8624_ecd7>
...
040 (9394507.000.000) 07/11 16:08:08 Started transferring input files
	Transferring to host: <188.184.162.193:9618?addrs=188.184.162.193-9618&alias=b7s11p7899.cern.ch&noUDP&sock=slot1_3_101440_6816_40608>
...
040 (9394507.000.000) 07/11 16:08:08 Finished transferring input files
...
001 (9394507.000.000) 07/11 16:08:09 Job executing on host: <188.184.162.193:9618?addrs=188.184.162.193-9618&alias=b7s11p7899.cern.ch&noUDP&sock=startd_2924_3303>
...
006 (9394507.000.000) 07/11 16:08:17 Image size of job updated: 940352
	72  -  MemoryUsage of job (MB)
	72968  -  ResidentSetSize of job (KB)
...
000 (9394529.000.000) 07/11 16:08:54 Job submitted from host: <137.138.120.116:9618?addrs=137.138.120.116-9618+[2001-1458-d00-16--17b]-9618&alias=bigbird12.cern.ch&noUDP&sock=schedd_8624_ecd7>
...
006 (9394507.000.000) 07/11 16:13:17 Image size of job updated: 1423032
	304  -  MemoryUsage of job (MB)
	310904  -  ResidentSetSize of job (KB)
...
000 (9394556.000.000) 07/11 16:13:48 Job submitted from host: <137.138.120.116:9618?addrs=137.138.120.116-9618+[2001-1458-d00-16--17b]-9618&alias=bigbird12.cern.ch&noUDP&sock=schedd_8624_ecd7>
...
040 (9394529.000.000) 07/11 16:16:57 Started transferring input files
	Transferring to host: <128.142.196.40:9618?addrs=128.142.196.40-9618+[2001-1458-301-3c--100-26]-9618&alias=b7g32p5517.cern.ch&noUDP&sock=slot1_7_59990_21c1_3292>
...
040 (9394529.000.000) 07/11 16:16:57 Finished transferring input files
...
001 (9394529.000.000) 07/11 16:16:58 Job executing on host: <128.142.196.40:9618?addrs=128.142.196.40-9618+[2001-1458-301-3c--100-26]-9618&alias=b7g32p5517.cern.ch&noUDP&sock=startd_59952_a9f4>
...
040 (9394556.000.000) 07/11 16:17:05 Started transferring input files
	Transferring to host: <128.142.137.206:9618?addrs=128.142.137.206-9618+[2001-1458-301-5e--100-c2]-9618&alias=b7g19p8821.cern.ch&noUDP&sock=slot1_2_12647_b49b_4605>
...
040 (9394556.000.000) 07/11 16:17:05 Finished transferring input files
...
001 (9394556.000.000) 07/11 16:17:06 Job executing on host: <128.142.137.206:9618?addrs=128.142.137.206-9618+[2001-1458-301-5e--100-c2]-9618&alias=b7g19p8821.cern.ch&noUDP&sock=startd_12607_ee8f>
...
006 (9394529.000.000) 07/11 16:17:07 Image size of job updated: 370372
	130  -  MemoryUsage of job (MB)
	132460  -  ResidentSetSize of job (KB)
...
006 (9394556.000.000) 07/11 16:17:14 Image size of job updated: 285332
	142  -  MemoryUsage of job (MB)
	144564  -  ResidentSetSize of job (KB)
...
006 (9394507.000.000) 07/11 16:18:18 Image size of job updated: 1423288
	309  -  MemoryUsage of job (MB)
	315908  -  ResidentSetSize of job (KB)
...
006 (9394529.000.000) 07/11 16:22:15 Image size of job updated: 1423292
	305  -  MemoryUsage of job (MB)
	311620  -  ResidentSetSize of job (KB)
...
006 (9394507.000.000) 07/11 16:23:18 Image size of job updated: 1423288
	311  -  MemoryUsage of job (MB)
	317668  -  ResidentSetSize of job (KB)
...
006 (9394556.000.000) 07/11 16:23:44 Image size of job updated: 1423028
	291  -  MemoryUsage of job (MB)
	297800  -  ResidentSetSize of job (KB)
...
006 (9394529.000.000) 07/11 16:27:09 Image size of job updated: 1423292
	312  -  MemoryUsage of job (MB)
	318796  -  ResidentSetSize of job (KB)
...
006 (9394556.000.000) 07/11 16:28:15 Image size of job updated: 1423292
	301  -  MemoryUsage of job (MB)
	308048  -  ResidentSetSize of job (KB)
...
006 (9394507.000.000) 07/11 16:28:19 Image size of job updated: 1423988
	313  -  MemoryUsage of job (MB)
	319712  -  ResidentSetSize of job (KB)
...
006 (9394529.000.000) 07/11 16:32:09 Image size of job updated: 1424012
	313  -  MemoryUsage of job (MB)
	319748  -  ResidentSetSize of job (KB)
...
006 (9394556.000.000) 07/11 16:33:15 Image size of job updated: 1423292
	305  -  MemoryUsage of job (MB)
	312048  -  ResidentSetSize of job (KB)
...
006 (9394507.000.000) 07/11 16:33:19 Image size of job updated: 1424140
	313  -  MemoryUsage of job (MB)
	320084  -  ResidentSetSize of job (KB)
...
006 (9394529.000.000) 07/11 16:37:10 Image size of job updated: 1424012
	313  -  MemoryUsage of job (MB)
	320180  -  ResidentSetSize of job (KB)
...
006 (9394556.000.000) 07/11 16:38:15 Image size of job updated: 1423448
	307  -  MemoryUsage of job (MB)
	313612  -  ResidentSetSize of job (KB)
...
006 (9394507.000.000) 07/11 16:38:19 Image size of job updated: 1424140
	313  -  MemoryUsage of job (MB)
	320192  -  ResidentSetSize of job (KB)
...
006 (9394529.000.000) 07/11 16:42:10 Image size of job updated: 1424012
	313  -  MemoryUsage of job (MB)
	320332  -  ResidentSetSize of job (KB)
...
006 (9394556.000.000) 07/11 16:43:16 Image size of job updated: 1423904
	307  -  MemoryUsage of job (MB)
	314164  -  ResidentSetSize of job (KB)
...
006 (9394507.000.000) 07/11 16:43:20 Image size of job updated: 1424140
	313  -  MemoryUsage of job (MB)
	320428  -  ResidentSetSize of job (KB)
...
006 (9394529.000.000) 07/11 16:47:11 Image size of job updated: 1424012
	313  -  MemoryUsage of job (MB)
	320344  -  ResidentSetSize of job (KB)
...
006 (9394556.000.000) 07/11 16:48:17 Image size of job updated: 1423904
	308  -  MemoryUsage of job (MB)
	314680  -  ResidentSetSize of job (KB)
...
006 (9394507.000.000) 07/11 16:48:21 Image size of job updated: 1424140
	313  -  MemoryUsage of job (MB)
	320512  -  ResidentSetSize of job (KB)
...
006 (9394529.000.000) 07/11 16:52:12 Image size of job updated: 1424012
	313  -  MemoryUsage of job (MB)
	320352  -  ResidentSetSize of job (KB)
...
006 (9394556.000.000) 07/11 16:53:17 Image size of job updated: 1423904
	308  -  MemoryUsage of job (MB)
	314772  -  ResidentSetSize of job (KB)
...
006 (9394507.000.000) 07/11 16:53:21 Image size of job updated: 1424140
	314  -  MemoryUsage of job (MB)
	320572  -  ResidentSetSize of job (KB)
...
006 (9394529.000.000) 07/11 16:57:12 Image size of job updated: 1424012
	313  -  MemoryUsage of job (MB)
	320360  -  ResidentSetSize of job (KB)
...
006 (9394556.000.000) 07/11 16:58:18 Image size of job updated: 1423904
	308  -  MemoryUsage of job (MB)
	315136  -  ResidentSetSize of job (KB)
...
006 (9394507.000.000) 07/11 16:58:22 Image size of job updated: 1424140
	314  -  MemoryUsage of job (MB)
	320584  -  ResidentSetSize of job (KB)
...
006 (9394529.000.000) 07/11 17:02:12 Image size of job updated: 1424268
	314  -  MemoryUsage of job (MB)
	320640  -  ResidentSetSize of job (KB)
...
006 (9394556.000.000) 07/11 17:03:19 Image size of job updated: 1423904
	308  -  MemoryUsage of job (MB)
	315212  -  ResidentSetSize of job (KB)
...
006 (9394556.000.000) 07/11 17:08:19 Image size of job updated: 1423904
	308  -  MemoryUsage of job (MB)
	315228  -  ResidentSetSize of job (KB)
...
006 (9394507.000.000) 07/11 17:08:23 Image size of job updated: 1424140
	314  -  MemoryUsage of job (MB)
	320588  -  ResidentSetSize of job (KB)
...
006 (9394529.000.000) 07/11 17:17:13 Image size of job updated: 1424268
	314  -  MemoryUsage of job (MB)
	320664  -  ResidentSetSize of job (KB)
...
006 (9394556.000.000) 07/11 17:18:20 Image size of job updated: 1423904
	308  -  MemoryUsage of job (MB)
	315240  -  ResidentSetSize of job (KB)
...
006 (9394507.000.000) 07/11 17:18:24 Image size of job updated: 1424396
	314  -  MemoryUsage of job (MB)
	320764  -  ResidentSetSize of job (KB)
...
006 (9394529.000.000) 07/11 17:22:14 Image size of job updated: 1424268
	314  -  MemoryUsage of job (MB)
	320668  -  ResidentSetSize of job (KB)
...
006 (9394556.000.000) 07/11 17:23:20 Image size of job updated: 1423904
	308  -  MemoryUsage of job (MB)
	315260  -  ResidentSetSize of job (KB)
...
006 (9394507.000.000) 07/11 17:23:24 Image size of job updated: 1424396
	314  -  MemoryUsage of job (MB)
	320784  -  ResidentSetSize of job (KB)
...
006 (9394556.000.000) 07/11 17:28:20 Image size of job updated: 1423904
	308  -  MemoryUsage of job (MB)
	315392  -  ResidentSetSize of job (KB)
...
006 (9394556.000.000) 07/11 17:33:21 Image size of job updated: 1424160
	309  -  MemoryUsage of job (MB)
	315592  -  ResidentSetSize of job (KB)
...
006 (9394529.000.000) 07/11 17:37:15 Image size of job updated: 1424268
	314  -  MemoryUsage of job (MB)
	320848  -  ResidentSetSize of job (KB)
...
006 (9394507.000.000) 07/11 17:38:25 Image size of job updated: 1424396
	314  -  MemoryUsage of job (MB)
	320796  -  ResidentSetSize of job (KB)
...
006 (9394507.000.000) 07/11 17:43:25 Image size of job updated: 1424396
	314  -  MemoryUsage of job (MB)
	320820  -  ResidentSetSize of job (KB)
...
006 (9394529.000.000) 07/11 17:47:16 Image size of job updated: 1424268
	314  -  MemoryUsage of job (MB)
	320852  -  ResidentSetSize of job (KB)
...
006 (9394507.000.000) 07/11 17:48:26 Image size of job updated: 1424396
	314  -  MemoryUsage of job (MB)
	320824  -  ResidentSetSize of job (KB)
...
006 (9394556.000.000) 07/11 17:58:24 Image size of job updated: 1424160
	309  -  MemoryUsage of job (MB)
	315616  -  ResidentSetSize of job (KB)
...
006 (9394529.000.000) 07/11 18:02:17 Image size of job updated: 1424268
	314  -  MemoryUsage of job (MB)
	320856  -  ResidentSetSize of job (KB)
...
006 (9394529.000.000) 07/11 18:07:17 Image size of job updated: 1424268
	314  -  MemoryUsage of job (MB)
	320860  -  ResidentSetSize of job (KB)
...
006 (9394507.000.000) 07/11 18:08:29 Image size of job updated: 1424396
	314  -  MemoryUsage of job (MB)
	321004  -  ResidentSetSize of job (KB)
...
006 (9394556.000.000) 07/11 18:18:25 Image size of job updated: 1424160
	309  -  MemoryUsage of job (MB)
	315620  -  ResidentSetSize of job (KB)
...
040 (9394529.000.000) 07/11 18:25:18 Started transferring output files
...
040 (9394529.000.000) 07/11 18:25:19 Finished transferring output files
...
005 (9394529.000.000) 07/11 18:25:19 Job terminated.
	(1) Normal termination (return value 0)
		Usr 0 01:26:32, Sys 0 00:00:19  -  Run Remote Usage
		Usr 0 00:00:00, Sys 0 00:00:00  -  Run Local Usage
		Usr 0 01:26:32, Sys 0 00:00:19  -  Total Remote Usage
		Usr 0 00:00:00, Sys 0 00:00:00  -  Total Local Usage
	14853  -  Run Bytes Sent By Job
	11160  -  Run Bytes Received By Job
	14853  -  Total Bytes Sent By Job
	11160  -  Total Bytes Received By Job
	Partitionable Resources :    Usage  Request Allocated 
	   Cpus                 :     0.87        1         1 
	   Disk (KB)            :    46          12   2932763 
	   Memory (MB)          :   314        2000      2000 

	Job terminated of its own accord at 2023-07-11T16:25:18Z.
...
006 (9394556.000.000) 07/11 18:43:27 Image size of job updated: 1424160
	309  -  MemoryUsage of job (MB)
	315784  -  ResidentSetSize of job (KB)
...
006 (9394556.000.000) 07/11 19:13:31 Image size of job updated: 1424160
	309  -  MemoryUsage of job (MB)
	315788  -  ResidentSetSize of job (KB)
...
040 (9394507.000.000) 07/11 19:21:34 Started transferring output files
...
040 (9394507.000.000) 07/11 19:21:34 Finished transferring output files
...
005 (9394507.000.000) 07/11 19:21:34 Job terminated.
	(1) Normal termination (return value 0)
		Usr 0 02:27:36, Sys 0 00:00:30  -  Run Remote Usage
		Usr 0 00:00:00, Sys 0 00:00:00  -  Run Local Usage
		Usr 0 02:27:36, Sys 0 00:00:30  -  Total Remote Usage
		Usr 0 00:00:00, Sys 0 00:00:00  -  Total Local Usage
	14853  -  Run Bytes Sent By Job
	11159  -  Run Bytes Received By Job
	14853  -  Total Bytes Sent By Job
	11159  -  Total Bytes Received By Job
	Partitionable Resources :    Usage  Request Allocated 
	   Cpus                 :     0.46        1         1 
	   Disk (KB)            :    46          12   3055407 
	   Memory (MB)          :   314        2000      2000 

	Job terminated of its own accord at 2023-07-11T17:21:34Z.
...
006 (9394556.000.000) 07/11 19:28:32 Image size of job updated: 1424160
	309  -  MemoryUsage of job (MB)
	315796  -  ResidentSetSize of job (KB)
...
006 (9394556.000.000) 07/11 19:40:47 Image size of job updated: 1556256
	309  -  MemoryUsage of job (MB)
	315796  -  ResidentSetSize of job (KB)
...
040 (9394556.000.000) 07/11 19:40:47 Started transferring output files
...
040 (9394556.000.000) 07/11 19:40:47 Finished transferring output files
...
005 (9394556.000.000) 07/11 19:40:47 Job terminated.
	(1) Normal termination (return value 0)
		Usr 0 02:37:19, Sys 0 00:00:40  -  Run Remote Usage
		Usr 0 00:00:00, Sys 0 00:00:00  -  Run Local Usage
		Usr 0 02:37:19, Sys 0 00:00:40  -  Total Remote Usage
		Usr 0 00:00:00, Sys 0 00:00:00  -  Total Local Usage
	14853  -  Run Bytes Sent By Job
	11160  -  Run Bytes Received By Job
	14853  -  Total Bytes Sent By Job
	11160  -  Total Bytes Received By Job
	Partitionable Resources :    Usage  Request Allocated 
	   Cpus                 :     0.02        1         1 
	   Disk (KB)            :    46          12   1670926 
	   Memory (MB)          :   309        2000      2000 

	Job terminated of its own accord at 2023-07-11T17:40:47Z.
...
