000 (9389942.000.000) 07/09 23:16:08 Job submitted from host: <137.138.120.116:9618?addrs=137.138.120.116-9618+[2001-1458-d00-16--17b]-9618&alias=bigbird12.cern.ch&noUDP&sock=schedd_8624_ecd7>
...
040 (9389942.000.000) 07/09 23:17:39 Started transferring input files
	Transferring to host: <128.142.192.174:9618?addrs=128.142.192.174-9618+[2001-1458-301-56--100-2a]-9618&alias=b7g18p1742.cern.ch&noUDP&sock=slot1_26_3869_cf76_13036>
...
040 (9389942.000.000) 07/09 23:17:39 Finished transferring input files
...
001 (9389942.000.000) 07/09 23:17:40 Job executing on host: <128.142.192.174:9618?addrs=128.142.192.174-9618+[2001-1458-301-56--100-2a]-9618&alias=b7g18p1742.cern.ch&noUDP&sock=startd_2917_65d9>
...
006 (9389942.000.000) 07/09 23:17:49 Image size of job updated: 24600
	11  -  MemoryUsage of job (MB)
	10900  -  ResidentSetSize of job (KB)
...
006 (9389942.000.000) 07/09 23:18:19 Image size of job updated: 917220
	11  -  MemoryUsage of job (MB)
	10900  -  ResidentSetSize of job (KB)
...
040 (9389942.000.000) 07/09 23:18:19 Started transferring output files
...
040 (9389942.000.000) 07/09 23:18:19 Finished transferring output files
...
005 (9389942.000.000) 07/09 23:18:19 Job terminated.
	(1) Normal termination (return value 1)
		Usr 0 00:00:06, Sys 0 00:00:02  -  Run Remote Usage
		Usr 0 00:00:00, Sys 0 00:00:00  -  Run Local Usage
		Usr 0 00:00:06, Sys 0 00:00:02  -  Total Remote Usage
		Usr 0 00:00:00, Sys 0 00:00:00  -  Total Local Usage
	1149  -  Run Bytes Sent By Job
	11159  -  Run Bytes Received By Job
	1149  -  Total Bytes Sent By Job
	11159  -  Total Bytes Received By Job
	Partitionable Resources :    Usage  Request Allocated 
	   Cpus                 :                 1         1 
	   Disk (KB)            :       29       12   3130877 
	   Memory (MB)          :       11     2000      2000 

	Job terminated of its own accord at 2023-07-09T21:18:19Z.
...
000 (9389962.000.000) 07/09 23:29:09 Job submitted from host: <137.138.120.116:9618?addrs=137.138.120.116-9618+[2001-1458-d00-16--17b]-9618&alias=bigbird12.cern.ch&noUDP&sock=schedd_8624_ecd7>
...
040 (9389962.000.000) 07/09 23:29:27 Started transferring input files
	Transferring to host: <128.142.61.127:9618?addrs=128.142.61.127-9618&alias=b7s06p4472.cern.ch&noUDP&sock=slot1_56_14471_e0e6_25440>
...
040 (9389962.000.000) 07/09 23:29:27 Finished transferring input files
...
001 (9389962.000.000) 07/09 23:29:28 Job executing on host: <128.142.61.127:9618?addrs=128.142.61.127-9618&alias=b7s06p4472.cern.ch&noUDP&sock=startd_3942_766c>
...
006 (9389962.000.000) 07/09 23:29:37 Image size of job updated: 145632
	130  -  MemoryUsage of job (MB)
	132292  -  ResidentSetSize of job (KB)
...
006 (9389962.000.000) 07/09 23:29:47 Image size of job updated: 933308
	130  -  MemoryUsage of job (MB)
	132292  -  ResidentSetSize of job (KB)
...
040 (9389962.000.000) 07/09 23:29:47 Started transferring output files
...
040 (9389962.000.000) 07/09 23:29:47 Finished transferring output files
...
005 (9389962.000.000) 07/09 23:29:47 Job terminated.
	(1) Normal termination (return value 1)
		Usr 0 00:00:04, Sys 0 00:00:01  -  Run Remote Usage
		Usr 0 00:00:00, Sys 0 00:00:00  -  Run Local Usage
		Usr 0 00:00:04, Sys 0 00:00:01  -  Total Remote Usage
		Usr 0 00:00:00, Sys 0 00:00:00  -  Total Local Usage
	1149  -  Run Bytes Sent By Job
	11159  -  Run Bytes Received By Job
	1149  -  Total Bytes Sent By Job
	11159  -  Total Bytes Received By Job
	Partitionable Resources :    Usage  Request Allocated 
	   Cpus                 :                 1         1 
	   Disk (KB)            :       28       12   2933408 
	   Memory (MB)          :      130     2000      2000 

	Job terminated of its own accord at 2023-07-09T21:29:47Z.
...
000 (9389982.000.000) 07/09 23:39:04 Job submitted from host: <137.138.120.116:9618?addrs=137.138.120.116-9618+[2001-1458-d00-16--17b]-9618&alias=bigbird12.cern.ch&noUDP&sock=schedd_8624_ecd7>
...
040 (9389982.000.000) 07/09 23:39:59 Started transferring input files
	Transferring to host: <128.142.192.177:9618?addrs=128.142.192.177-9618+[2001-1458-301-56--100-2d]-9618&alias=b7g18p0533.cern.ch&noUDP&sock=slot1_39_4824_b1bd_43823>
...
040 (9389982.000.000) 07/09 23:39:59 Finished transferring input files
...
001 (9389982.000.000) 07/09 23:40:00 Job executing on host: <128.142.192.177:9618?addrs=128.142.192.177-9618+[2001-1458-301-56--100-2d]-9618&alias=b7g18p0533.cern.ch&noUDP&sock=startd_3366_5fdf>
...
006 (9389982.000.000) 07/09 23:40:09 Image size of job updated: 370372
	12  -  MemoryUsage of job (MB)
	11456  -  ResidentSetSize of job (KB)
...
000 (9390002.000.000) 07/09 23:42:28 Job submitted from host: <137.138.120.116:9618?addrs=137.138.120.116-9618+[2001-1458-d00-16--17b]-9618&alias=bigbird12.cern.ch&noUDP&sock=schedd_8624_ecd7>
...
040 (9390002.000.000) 07/09 23:43:51 Started transferring input files
	Transferring to host: <128.142.61.29:9618?addrs=128.142.61.29-9618+[2001-1458-301-23--100-1c]-9618&alias=b7s06p7938.cern.ch&noUDP&sock=slot1_5_52402_b30c_1898>
...
040 (9390002.000.000) 07/09 23:43:51 Finished transferring input files
...
001 (9390002.000.000) 07/09 23:43:52 Job executing on host: <128.142.61.29:9618?addrs=128.142.61.29-9618+[2001-1458-301-23--100-1c]-9618&alias=b7s06p7938.cern.ch&noUDP&sock=startd_52362_8e21>
...
006 (9390002.000.000) 07/09 23:44:00 Image size of job updated: 80048
	79  -  MemoryUsage of job (MB)
	80020  -  ResidentSetSize of job (KB)
...
006 (9389982.000.000) 07/09 23:45:10 Image size of job updated: 1423404
	289  -  MemoryUsage of job (MB)
	295444  -  ResidentSetSize of job (KB)
...
000 (9390022.000.000) 07/09 23:45:18 Job submitted from host: <137.138.120.116:9618?addrs=137.138.120.116-9618+[2001-1458-d00-16--17b]-9618&alias=bigbird12.cern.ch&noUDP&sock=schedd_8624_ecd7>
...
006 (9390002.000.000) 07/09 23:49:00 Image size of job updated: 1423404
	306  -  MemoryUsage of job (MB)
	313020  -  ResidentSetSize of job (KB)
...
006 (9389982.000.000) 07/09 23:50:10 Image size of job updated: 1423544
	305  -  MemoryUsage of job (MB)
	311944  -  ResidentSetSize of job (KB)
...
006 (9390002.000.000) 07/09 23:54:01 Image size of job updated: 1423556
	311  -  MemoryUsage of job (MB)
	317996  -  ResidentSetSize of job (KB)
...
006 (9389982.000.000) 07/09 23:55:11 Image size of job updated: 1423544
	309  -  MemoryUsage of job (MB)
	315904  -  ResidentSetSize of job (KB)
...
006 (9390002.000.000) 07/09 23:59:01 Image size of job updated: 1423812
	313  -  MemoryUsage of job (MB)
	319620  -  ResidentSetSize of job (KB)
...
006 (9389982.000.000) 07/10 00:00:11 Image size of job updated: 1423800
	312  -  MemoryUsage of job (MB)
	318856  -  ResidentSetSize of job (KB)
...
040 (9390022.000.000) 07/10 00:01:17 Started transferring input files
	Transferring to host: <128.142.61.15:9618?addrs=128.142.61.15-9618+[2001-1458-301-23--100-e]-9618&alias=b7s06p7712.cern.ch&noUDP&sock=slot1_1_6563_fa24_30339>
...
040 (9390022.000.000) 07/10 00:01:17 Finished transferring input files
...
001 (9390022.000.000) 07/10 00:01:18 Job executing on host: <128.142.61.15:9618?addrs=128.142.61.15-9618+[2001-1458-301-23--100-e]-9618&alias=b7s06p7712.cern.ch&noUDP&sock=startd_4312_4077>
...
006 (9390022.000.000) 07/10 00:01:26 Image size of job updated: 370372
	14  -  MemoryUsage of job (MB)
	13568  -  ResidentSetSize of job (KB)
...
006 (9390002.000.000) 07/10 00:04:02 Image size of job updated: 1423812
	313  -  MemoryUsage of job (MB)
	320184  -  ResidentSetSize of job (KB)
...
006 (9389982.000.000) 07/10 00:05:11 Image size of job updated: 1423800
	313  -  MemoryUsage of job (MB)
	319688  -  ResidentSetSize of job (KB)
...
006 (9390022.000.000) 07/10 00:06:26 Image size of job updated: 1423432
	305  -  MemoryUsage of job (MB)
	312188  -  ResidentSetSize of job (KB)
...
006 (9390002.000.000) 07/10 00:09:03 Image size of job updated: 1423812
	313  -  MemoryUsage of job (MB)
	320380  -  ResidentSetSize of job (KB)
...
006 (9389982.000.000) 07/10 00:10:12 Image size of job updated: 1423800
	313  -  MemoryUsage of job (MB)
	319992  -  ResidentSetSize of job (KB)
...
006 (9390022.000.000) 07/10 00:11:27 Image size of job updated: 1423432
	311  -  MemoryUsage of job (MB)
	317692  -  ResidentSetSize of job (KB)
...
006 (9390002.000.000) 07/10 00:14:03 Image size of job updated: 1423812
	313  -  MemoryUsage of job (MB)
	320412  -  ResidentSetSize of job (KB)
...
006 (9389982.000.000) 07/10 00:15:12 Image size of job updated: 1423800
	313  -  MemoryUsage of job (MB)
	320268  -  ResidentSetSize of job (KB)
...
006 (9390022.000.000) 07/10 00:16:27 Image size of job updated: 1423688
	313  -  MemoryUsage of job (MB)
	319852  -  ResidentSetSize of job (KB)
...
006 (9389982.000.000) 07/10 00:20:12 Image size of job updated: 1423800
	313  -  MemoryUsage of job (MB)
	320328  -  ResidentSetSize of job (KB)
...
006 (9390022.000.000) 07/10 00:21:27 Image size of job updated: 1423688
	313  -  MemoryUsage of job (MB)
	320020  -  ResidentSetSize of job (KB)
...
006 (9390002.000.000) 07/10 00:24:05 Image size of job updated: 1423812
	313  -  MemoryUsage of job (MB)
	320424  -  ResidentSetSize of job (KB)
...
006 (9389982.000.000) 07/10 00:25:13 Image size of job updated: 1423800
	313  -  MemoryUsage of job (MB)
	320332  -  ResidentSetSize of job (KB)
...
006 (9390022.000.000) 07/10 00:26:28 Image size of job updated: 1423984
	313  -  MemoryUsage of job (MB)
	320368  -  ResidentSetSize of job (KB)
...
006 (9390002.000.000) 07/10 00:29:05 Image size of job updated: 1423812
	313  -  MemoryUsage of job (MB)
	320440  -  ResidentSetSize of job (KB)
...
006 (9389982.000.000) 07/10 00:30:14 Image size of job updated: 1423800
	313  -  MemoryUsage of job (MB)
	320360  -  ResidentSetSize of job (KB)
...
006 (9390022.000.000) 07/10 00:31:29 Image size of job updated: 1423984
	313  -  MemoryUsage of job (MB)
	320388  -  ResidentSetSize of job (KB)
...
006 (9390002.000.000) 07/10 00:34:05 Image size of job updated: 1423812
	313  -  MemoryUsage of job (MB)
	320448  -  ResidentSetSize of job (KB)
...
006 (9389982.000.000) 07/10 00:35:14 Image size of job updated: 1423800
	313  -  MemoryUsage of job (MB)
	320364  -  ResidentSetSize of job (KB)
...
006 (9390022.000.000) 07/10 00:36:29 Image size of job updated: 1423984
	313  -  MemoryUsage of job (MB)
	320428  -  ResidentSetSize of job (KB)
...
006 (9390002.000.000) 07/10 00:39:06 Image size of job updated: 1423812
	313  -  MemoryUsage of job (MB)
	320452  -  ResidentSetSize of job (KB)
...
006 (9389982.000.000) 07/10 00:40:15 Image size of job updated: 1423800
	313  -  MemoryUsage of job (MB)
	320380  -  ResidentSetSize of job (KB)
...
006 (9390022.000.000) 07/10 00:41:30 Image size of job updated: 1423984
	313  -  MemoryUsage of job (MB)
	320448  -  ResidentSetSize of job (KB)
...
006 (9390002.000.000) 07/10 00:44:06 Image size of job updated: 1423812
	313  -  MemoryUsage of job (MB)
	320456  -  ResidentSetSize of job (KB)
...
006 (9389982.000.000) 07/10 00:45:16 Image size of job updated: 1423800
	313  -  MemoryUsage of job (MB)
	320384  -  ResidentSetSize of job (KB)
...
006 (9390022.000.000) 07/10 00:46:31 Image size of job updated: 1423984
	313  -  MemoryUsage of job (MB)
	320480  -  ResidentSetSize of job (KB)
...
006 (9389982.000.000) 07/10 00:50:16 Image size of job updated: 1423800
	313  -  MemoryUsage of job (MB)
	320388  -  ResidentSetSize of job (KB)
...
006 (9390002.000.000) 07/10 01:04:08 Image size of job updated: 1424116
	314  -  MemoryUsage of job (MB)
	320684  -  ResidentSetSize of job (KB)
...
006 (9389982.000.000) 07/10 01:05:18 Image size of job updated: 1423800
	313  -  MemoryUsage of job (MB)
	320396  -  ResidentSetSize of job (KB)
...
006 (9390022.000.000) 07/10 01:06:33 Image size of job updated: 1423984
	313  -  MemoryUsage of job (MB)
	320488  -  ResidentSetSize of job (KB)
...
006 (9389982.000.000) 07/10 01:10:18 Image size of job updated: 1423800
	313  -  MemoryUsage of job (MB)
	320412  -  ResidentSetSize of job (KB)
...
006 (9389982.000.000) 07/10 01:15:19 Image size of job updated: 1423800
	313  -  MemoryUsage of job (MB)
	320416  -  ResidentSetSize of job (KB)
...
006 (9390022.000.000) 07/10 01:16:34 Image size of job updated: 1423984
	314  -  MemoryUsage of job (MB)
	320604  -  ResidentSetSize of job (KB)
...
006 (9390022.000.000) 07/10 01:21:34 Image size of job updated: 1423984
	314  -  MemoryUsage of job (MB)
	320612  -  ResidentSetSize of job (KB)
...
006 (9389982.000.000) 07/10 01:35:21 Image size of job updated: 1424240
	314  -  MemoryUsage of job (MB)
	320784  -  ResidentSetSize of job (KB)
...
006 (9390002.000.000) 07/10 01:39:12 Image size of job updated: 1424116
	314  -  MemoryUsage of job (MB)
	320688  -  ResidentSetSize of job (KB)
...
006 (9390002.000.000) 07/10 01:54:13 Image size of job updated: 1424116
	314  -  MemoryUsage of job (MB)
	320692  -  ResidentSetSize of job (KB)
...
006 (9390022.000.000) 07/10 01:56:37 Image size of job updated: 1423984
	314  -  MemoryUsage of job (MB)
	320616  -  ResidentSetSize of job (KB)
...
006 (9389982.000.000) 07/10 02:00:23 Image size of job updated: 1424240
	314  -  MemoryUsage of job (MB)
	320788  -  ResidentSetSize of job (KB)
...
006 (9390022.000.000) 07/10 02:11:39 Image size of job updated: 1423984
	314  -  MemoryUsage of job (MB)
	320620  -  ResidentSetSize of job (KB)
...
040 (9390002.000.000) 07/10 02:15:30 Started transferring output files
...
040 (9390002.000.000) 07/10 02:15:30 Finished transferring output files
...
005 (9390002.000.000) 07/10 02:15:30 Job terminated.
	(1) Normal termination (return value 0)
		Usr 0 01:40:21, Sys 0 00:01:22  -  Run Remote Usage
		Usr 0 00:00:00, Sys 0 00:00:00  -  Run Local Usage
		Usr 0 01:40:21, Sys 0 00:01:22  -  Total Remote Usage
		Usr 0 00:00:00, Sys 0 00:00:00  -  Total Local Usage
	17355  -  Run Bytes Sent By Job
	11159  -  Run Bytes Received By Job
	17355  -  Total Bytes Sent By Job
	11159  -  Total Bytes Received By Job
	Partitionable Resources :    Usage  Request Allocated 
	   Cpus                 :     0.90        1         1 
	   Disk (KB)            :    49          12   3020790 
	   Memory (MB)          :   314        2000      2000 

	Job terminated of its own accord at 2023-07-10T00:15:30Z.
...
006 (9390022.000.000) 07/10 02:16:40 Image size of job updated: 1423984
	314  -  MemoryUsage of job (MB)
	320624  -  ResidentSetSize of job (KB)
...
006 (9389982.000.000) 07/10 02:20:25 Image size of job updated: 1424240
	314  -  MemoryUsage of job (MB)
	320792  -  ResidentSetSize of job (KB)
...
006 (9390022.000.000) 07/10 02:26:41 Image size of job updated: 1423984
	314  -  MemoryUsage of job (MB)
	320628  -  ResidentSetSize of job (KB)
...
040 (9390022.000.000) 07/10 02:28:13 Started transferring output files
...
040 (9390022.000.000) 07/10 02:28:13 Finished transferring output files
...
005 (9390022.000.000) 07/10 02:28:13 Job terminated.
	(1) Normal termination (return value 0)
		Usr 0 01:37:30, Sys 0 00:00:40  -  Run Remote Usage
		Usr 0 00:00:00, Sys 0 00:00:00  -  Run Local Usage
		Usr 0 01:37:30, Sys 0 00:00:40  -  Total Remote Usage
		Usr 0 00:00:00, Sys 0 00:00:00  -  Total Local Usage
	17355  -  Run Bytes Sent By Job
	11160  -  Run Bytes Received By Job
	17355  -  Total Bytes Sent By Job
	11160  -  Total Bytes Received By Job
	Partitionable Resources :    Usage  Request Allocated 
	   Cpus                 :     0.28        1         1 
	   Disk (KB)            :    50          12   1357251 
	   Memory (MB)          :   314        2000      2000 

	Job terminated of its own accord at 2023-07-10T00:28:13Z.
...
006 (9389982.000.000) 07/10 02:55:29 Image size of job updated: 1424240
	314  -  MemoryUsage of job (MB)
	320796  -  ResidentSetSize of job (KB)
...
006 (9389982.000.000) 07/10 03:12:42 Image size of job updated: 1556080
	314  -  MemoryUsage of job (MB)
	320796  -  ResidentSetSize of job (KB)
...
040 (9389982.000.000) 07/10 03:12:42 Started transferring output files
...
040 (9389982.000.000) 07/10 03:12:42 Finished transferring output files
...
005 (9389982.000.000) 07/10 03:12:42 Job terminated.
	(1) Normal termination (return value 0)
		Usr 0 02:41:24, Sys 0 00:00:52  -  Run Remote Usage
		Usr 0 00:00:00, Sys 0 00:00:00  -  Run Local Usage
		Usr 0 02:41:24, Sys 0 00:00:52  -  Total Remote Usage
		Usr 0 00:00:00, Sys 0 00:00:00  -  Total Local Usage
	17355  -  Run Bytes Sent By Job
	11159  -  Run Bytes Received By Job
	17355  -  Total Bytes Sent By Job
	11159  -  Total Bytes Received By Job
	Partitionable Resources :    Usage  Request Allocated 
	   Cpus                 :     0.53        1         1 
	   Disk (KB)            :    49          12   3072418 
	   Memory (MB)          :   314        2000      2000 

	Job terminated of its own accord at 2023-07-10T01:12:42Z.
...
000 (9394508.000.000) 07/11 16:05:54 Job submitted from host: <137.138.120.116:9618?addrs=137.138.120.116-9618+[2001-1458-d00-16--17b]-9618&alias=bigbird12.cern.ch&noUDP&sock=schedd_8624_ecd7>
...
040 (9394508.000.000) 07/11 16:08:08 Started transferring input files
	Transferring to host: <128.142.248.233:9618?addrs=128.142.248.233-9618+[2001-1458-301-73--100-e8]-9618&alias=b7g23p1714.cern.ch&noUDP&sock=slot1_15_4194_cd64_141536>
...
040 (9394508.000.000) 07/11 16:08:08 Finished transferring input files
...
001 (9394508.000.000) 07/11 16:08:09 Job executing on host: <128.142.248.233:9618?addrs=128.142.248.233-9618+[2001-1458-301-73--100-e8]-9618&alias=b7g23p1714.cern.ch&noUDP&sock=startd_3466_f758>
...
006 (9394508.000.000) 07/11 16:08:18 Image size of job updated: 578072
	11  -  MemoryUsage of job (MB)
	10916  -  ResidentSetSize of job (KB)
...
000 (9394530.000.000) 07/11 16:08:59 Job submitted from host: <137.138.120.116:9618?addrs=137.138.120.116-9618+[2001-1458-d00-16--17b]-9618&alias=bigbird12.cern.ch&noUDP&sock=schedd_8624_ecd7>
...
006 (9394508.000.000) 07/11 16:13:19 Image size of job updated: 1423404
	289  -  MemoryUsage of job (MB)
	295456  -  ResidentSetSize of job (KB)
...
000 (9394558.000.000) 07/11 16:13:54 Job submitted from host: <137.138.120.116:9618?addrs=137.138.120.116-9618+[2001-1458-d00-16--17b]-9618&alias=bigbird12.cern.ch&noUDP&sock=schedd_8624_ecd7>
...
040 (9394530.000.000) 07/11 16:16:58 Started transferring input files
	Transferring to host: <188.184.163.39:9618?addrs=188.184.163.39-9618+[2001-1458-301-4d--100-21]-9618&alias=b7s12p1233.cern.ch&noUDP&sock=slot1_5_201030_9228_81406>
...
040 (9394530.000.000) 07/11 16:16:58 Finished transferring input files
...
001 (9394530.000.000) 07/11 16:16:59 Job executing on host: <188.184.163.39:9618?addrs=188.184.163.39-9618+[2001-1458-301-4d--100-21]-9618&alias=b7s12p1233.cern.ch&noUDP&sock=startd_3303_2968>
...
040 (9394558.000.000) 07/11 16:17:05 Started transferring input files
	Transferring to host: <128.142.132.111:9618?addrs=128.142.132.111-9618+[2001-1458-301-5a--100-63]-9618&alias=b7g12p5052.cern.ch&noUDP&sock=slot1_6_3224_597c_89098>
...
040 (9394558.000.000) 07/11 16:17:05 Finished transferring input files
...
001 (9394558.000.000) 07/11 16:17:06 Job executing on host: <128.142.132.111:9618?addrs=128.142.132.111-9618+[2001-1458-301-5a--100-63]-9618&alias=b7g12p5052.cern.ch&noUDP&sock=startd_2849_c168>
...
006 (9394530.000.000) 07/11 16:17:08 Image size of job updated: 273788
	127  -  MemoryUsage of job (MB)
	129532  -  ResidentSetSize of job (KB)
...
006 (9394558.000.000) 07/11 16:17:14 Image size of job updated: 169084
	159  -  MemoryUsage of job (MB)
	161968  -  ResidentSetSize of job (KB)
...
006 (9394508.000.000) 07/11 16:18:20 Image size of job updated: 1423552
	306  -  MemoryUsage of job (MB)
	313192  -  ResidentSetSize of job (KB)
...
006 (9394530.000.000) 07/11 16:22:09 Image size of job updated: 1423448
	305  -  MemoryUsage of job (MB)
	312008  -  ResidentSetSize of job (KB)
...
006 (9394558.000.000) 07/11 16:22:14 Image size of job updated: 1423576
	289  -  MemoryUsage of job (MB)
	295592  -  ResidentSetSize of job (KB)
...
006 (9394508.000.000) 07/11 16:23:20 Image size of job updated: 1423552
	311  -  MemoryUsage of job (MB)
	318264  -  ResidentSetSize of job (KB)
...
006 (9394530.000.000) 07/11 16:27:10 Image size of job updated: 1423448
	311  -  MemoryUsage of job (MB)
	317912  -  ResidentSetSize of job (KB)
...
006 (9394558.000.000) 07/11 16:27:15 Image size of job updated: 1423584
	306  -  MemoryUsage of job (MB)
	312664  -  ResidentSetSize of job (KB)
...
006 (9394508.000.000) 07/11 16:28:21 Image size of job updated: 1423808
	312  -  MemoryUsage of job (MB)
	319476  -  ResidentSetSize of job (KB)
...
006 (9394530.000.000) 07/11 16:32:10 Image size of job updated: 1423704
	312  -  MemoryUsage of job (MB)
	319220  -  ResidentSetSize of job (KB)
...
006 (9394558.000.000) 07/11 16:32:16 Image size of job updated: 1423584
	310  -  MemoryUsage of job (MB)
	317172  -  ResidentSetSize of job (KB)
...
006 (9394508.000.000) 07/11 16:33:21 Image size of job updated: 1423808
	313  -  MemoryUsage of job (MB)
	319808  -  ResidentSetSize of job (KB)
...
006 (9394530.000.000) 07/11 16:37:11 Image size of job updated: 1423704
	313  -  MemoryUsage of job (MB)
	320076  -  ResidentSetSize of job (KB)
...
006 (9394558.000.000) 07/11 16:37:16 Image size of job updated: 1423840
	312  -  MemoryUsage of job (MB)
	318604  -  ResidentSetSize of job (KB)
...
006 (9394508.000.000) 07/11 16:38:21 Image size of job updated: 1423808
	313  -  MemoryUsage of job (MB)
	320280  -  ResidentSetSize of job (KB)
...
006 (9394530.000.000) 07/11 16:42:12 Image size of job updated: 1423704
	313  -  MemoryUsage of job (MB)
	320220  -  ResidentSetSize of job (KB)
...
006 (9394558.000.000) 07/11 16:42:17 Image size of job updated: 1423840
	312  -  MemoryUsage of job (MB)
	319032  -  ResidentSetSize of job (KB)
...
006 (9394508.000.000) 07/11 16:43:22 Image size of job updated: 1423808
	313  -  MemoryUsage of job (MB)
	320392  -  ResidentSetSize of job (KB)
...
006 (9394530.000.000) 07/11 16:47:12 Image size of job updated: 1423704
	313  -  MemoryUsage of job (MB)
	320248  -  ResidentSetSize of job (KB)
...
006 (9394558.000.000) 07/11 16:47:18 Image size of job updated: 1423840
	312  -  MemoryUsage of job (MB)
	319260  -  ResidentSetSize of job (KB)
...
006 (9394508.000.000) 07/11 16:48:22 Image size of job updated: 1423808
	313  -  MemoryUsage of job (MB)
	320412  -  ResidentSetSize of job (KB)
...
006 (9394530.000.000) 07/11 16:52:12 Image size of job updated: 1423704
	313  -  MemoryUsage of job (MB)
	320284  -  ResidentSetSize of job (KB)
...
006 (9394558.000.000) 07/11 16:52:18 Image size of job updated: 1423840
	313  -  MemoryUsage of job (MB)
	320100  -  ResidentSetSize of job (KB)
...
006 (9394530.000.000) 07/11 16:57:13 Image size of job updated: 1423704
	313  -  MemoryUsage of job (MB)
	320300  -  ResidentSetSize of job (KB)
...
006 (9394558.000.000) 07/11 16:57:18 Image size of job updated: 1423980
	313  -  MemoryUsage of job (MB)
	320332  -  ResidentSetSize of job (KB)
...
006 (9394508.000.000) 07/11 16:58:23 Image size of job updated: 1423808
	313  -  MemoryUsage of job (MB)
	320424  -  ResidentSetSize of job (KB)
...
006 (9394558.000.000) 07/11 17:02:19 Image size of job updated: 1423980
	313  -  MemoryUsage of job (MB)
	320380  -  ResidentSetSize of job (KB)
...
006 (9394508.000.000) 07/11 17:03:24 Image size of job updated: 1423808
	313  -  MemoryUsage of job (MB)
	320428  -  ResidentSetSize of job (KB)
...
006 (9394530.000.000) 07/11 17:07:14 Image size of job updated: 1423928
	313  -  MemoryUsage of job (MB)
	320416  -  ResidentSetSize of job (KB)
...
006 (9394558.000.000) 07/11 17:07:19 Image size of job updated: 1423980
	313  -  MemoryUsage of job (MB)
	320408  -  ResidentSetSize of job (KB)
...
006 (9394508.000.000) 07/11 17:08:24 Image size of job updated: 1423808
	313  -  MemoryUsage of job (MB)
	320440  -  ResidentSetSize of job (KB)
...
006 (9394558.000.000) 07/11 17:17:20 Image size of job updated: 1423980
	313  -  MemoryUsage of job (MB)
	320412  -  ResidentSetSize of job (KB)
...
006 (9394508.000.000) 07/11 17:18:25 Image size of job updated: 1423808
	313  -  MemoryUsage of job (MB)
	320444  -  ResidentSetSize of job (KB)
...
006 (9394558.000.000) 07/11 17:22:21 Image size of job updated: 1423980
	313  -  MemoryUsage of job (MB)
	320424  -  ResidentSetSize of job (KB)
...
006 (9394530.000.000) 07/11 17:27:15 Image size of job updated: 1423928
	313  -  MemoryUsage of job (MB)
	320420  -  ResidentSetSize of job (KB)
...
006 (9394558.000.000) 07/11 17:27:21 Image size of job updated: 1423980
	313  -  MemoryUsage of job (MB)
	320432  -  ResidentSetSize of job (KB)
...
006 (9394508.000.000) 07/11 17:28:25 Image size of job updated: 1423808
	313  -  MemoryUsage of job (MB)
	320448  -  ResidentSetSize of job (KB)
...
006 (9394530.000.000) 07/11 17:32:16 Image size of job updated: 1423928
	313  -  MemoryUsage of job (MB)
	320424  -  ResidentSetSize of job (KB)
...
006 (9394558.000.000) 07/11 17:32:22 Image size of job updated: 1423980
	313  -  MemoryUsage of job (MB)
	320468  -  ResidentSetSize of job (KB)
...
006 (9394530.000.000) 07/11 17:37:17 Image size of job updated: 1424212
	314  -  MemoryUsage of job (MB)
	320708  -  ResidentSetSize of job (KB)
...
006 (9394558.000.000) 07/11 17:37:23 Image size of job updated: 1423980
	313  -  MemoryUsage of job (MB)
	320476  -  ResidentSetSize of job (KB)
...
006 (9394508.000.000) 07/11 17:43:27 Image size of job updated: 1423808
	313  -  MemoryUsage of job (MB)
	320496  -  ResidentSetSize of job (KB)
...
006 (9394508.000.000) 07/11 17:48:28 Image size of job updated: 1424208
	314  -  MemoryUsage of job (MB)
	320760  -  ResidentSetSize of job (KB)
...
006 (9394530.000.000) 07/11 17:57:19 Image size of job updated: 1424212
	314  -  MemoryUsage of job (MB)
	320716  -  ResidentSetSize of job (KB)
...
006 (9394508.000.000) 07/11 17:58:29 Image size of job updated: 1424208
	314  -  MemoryUsage of job (MB)
	320764  -  ResidentSetSize of job (KB)
...
006 (9394558.000.000) 07/11 18:17:26 Image size of job updated: 1424320
	314  -  MemoryUsage of job (MB)
	320860  -  ResidentSetSize of job (KB)
...
006 (9394508.000.000) 07/11 18:18:30 Image size of job updated: 1424208
	314  -  MemoryUsage of job (MB)
	320768  -  ResidentSetSize of job (KB)
...
006 (9394530.000.000) 07/11 18:32:23 Image size of job updated: 1424212
	314  -  MemoryUsage of job (MB)
	320720  -  ResidentSetSize of job (KB)
...
006 (9394558.000.000) 07/11 18:37:28 Image size of job updated: 1424320
	314  -  MemoryUsage of job (MB)
	320864  -  ResidentSetSize of job (KB)
...
006 (9394530.000.000) 07/11 18:47:25 Image size of job updated: 1424212
	314  -  MemoryUsage of job (MB)
	320724  -  ResidentSetSize of job (KB)
...
006 (9394558.000.000) 07/11 18:52:30 Image size of job updated: 1424320
	314  -  MemoryUsage of job (MB)
	320868  -  ResidentSetSize of job (KB)
...
006 (9394508.000.000) 07/11 18:58:36 Image size of job updated: 1424208
	314  -  MemoryUsage of job (MB)
	320772  -  ResidentSetSize of job (KB)
...
006 (9394530.000.000) 07/11 19:02:26 Image size of job updated: 1424212
	314  -  MemoryUsage of job (MB)
	320728  -  ResidentSetSize of job (KB)
...
006 (9394558.000.000) 07/11 19:02:32 Image size of job updated: 1424320
	314  -  MemoryUsage of job (MB)
	320872  -  ResidentSetSize of job (KB)
...
006 (9394508.000.000) 07/11 19:08:37 Image size of job updated: 1424208
	314  -  MemoryUsage of job (MB)
	320776  -  ResidentSetSize of job (KB)
...
006 (9394530.000.000) 07/11 19:12:27 Image size of job updated: 1424212
	314  -  MemoryUsage of job (MB)
	320732  -  ResidentSetSize of job (KB)
...
040 (9394530.000.000) 07/11 19:12:30 Started transferring output files
...
040 (9394530.000.000) 07/11 19:12:30 Finished transferring output files
...
005 (9394530.000.000) 07/11 19:12:30 Job terminated.
	(1) Normal termination (return value 0)
		Usr 0 01:58:22, Sys 0 00:00:32  -  Run Remote Usage
		Usr 0 00:00:00, Sys 0 00:00:00  -  Run Local Usage
		Usr 0 01:58:22, Sys 0 00:00:32  -  Total Remote Usage
		Usr 0 00:00:00, Sys 0 00:00:00  -  Total Local Usage
	17355  -  Run Bytes Sent By Job
	11160  -  Run Bytes Received By Job
	17355  -  Total Bytes Sent By Job
	11160  -  Total Bytes Received By Job
	Partitionable Resources :    Usage  Request Allocated 
	   Cpus                 :     0.27        1         1 
	   Disk (KB)            :    49          12   3112326 
	   Memory (MB)          :   314        2000      2000 

	Job terminated of its own accord at 2023-07-11T17:12:30Z.
...
040 (9394508.000.000) 07/11 19:32:14 Started transferring output files
...
040 (9394508.000.000) 07/11 19:32:14 Finished transferring output files
...
005 (9394508.000.000) 07/11 19:32:14 Job terminated.
	(1) Normal termination (return value 0)
		Usr 0 02:21:33, Sys 0 00:00:48  -  Run Remote Usage
		Usr 0 00:00:00, Sys 0 00:00:00  -  Run Local Usage
		Usr 0 02:21:33, Sys 0 00:00:48  -  Total Remote Usage
		Usr 0 00:00:00, Sys 0 00:00:00  -  Total Local Usage
	17355  -  Run Bytes Sent By Job
	11159  -  Run Bytes Received By Job
	17355  -  Total Bytes Sent By Job
	11159  -  Total Bytes Received By Job
	Partitionable Resources :    Usage  Request Allocated 
	   Cpus                 :     0.61        1         1 
	   Disk (KB)            :    49          12   2974160 
	   Memory (MB)          :   314        2000      2000 

	Job terminated of its own accord at 2023-07-11T17:32:14Z.
...
006 (9394558.000.000) 07/11 19:32:34 Image size of job updated: 1424320
	314  -  MemoryUsage of job (MB)
	320876  -  ResidentSetSize of job (KB)
...
006 (9394558.000.000) 07/11 19:52:37 Image size of job updated: 1424320
	314  -  MemoryUsage of job (MB)
	320880  -  ResidentSetSize of job (KB)
...
040 (9394558.000.000) 07/11 20:13:42 Started transferring output files
...
040 (9394558.000.000) 07/11 20:13:42 Finished transferring output files
...
005 (9394558.000.000) 07/11 20:13:42 Job terminated.
	(1) Normal termination (return value 0)
		Usr 0 03:04:06, Sys 0 00:00:43  -  Run Remote Usage
		Usr 0 00:00:00, Sys 0 00:00:00  -  Run Local Usage
		Usr 0 03:04:06, Sys 0 00:00:43  -  Total Remote Usage
		Usr 0 00:00:00, Sys 0 00:00:00  -  Total Local Usage
	17355  -  Run Bytes Sent By Job
	11160  -  Run Bytes Received By Job
	17355  -  Total Bytes Sent By Job
	11160  -  Total Bytes Received By Job
	Partitionable Resources :    Usage  Request Allocated 
	   Cpus                 :     0.35        1         1 
	   Disk (KB)            :    49          12   1639705 
	   Memory (MB)          :   314        2000      2000 

	Job terminated of its own accord at 2023-07-11T18:13:42Z.
...
