000 (9389939.000.000) 07/09 23:15:52 Job submitted from host: <137.138.120.116:9618?addrs=137.138.120.116-9618+[2001-1458-d00-16--17b]-9618&alias=bigbird12.cern.ch&noUDP&sock=schedd_8624_ecd7>
...
040 (9389939.000.000) 07/09 23:17:38 Started transferring input files
	Transferring to host: <188.184.163.75:9618?addrs=188.184.163.75-9618&alias=b7s12p5359.cern.ch&noUDP&sock=slot1_11_162389_7da5_21069>
...
040 (9389939.000.000) 07/09 23:17:38 Finished transferring input files
...
001 (9389939.000.000) 07/09 23:17:39 Job executing on host: <188.184.163.75:9618?addrs=188.184.163.75-9618&alias=b7s12p5359.cern.ch&noUDP&sock=startd_2907_89e7>
...
006 (9389939.000.000) 07/09 23:17:48 Image size of job updated: 24068
	11  -  MemoryUsage of job (MB)
	10904  -  ResidentSetSize of job (KB)
...
006 (9389939.000.000) 07/09 23:18:29 Image size of job updated: 945464
	11  -  MemoryUsage of job (MB)
	10904  -  ResidentSetSize of job (KB)
...
040 (9389939.000.000) 07/09 23:18:29 Started transferring output files
...
040 (9389939.000.000) 07/09 23:18:29 Finished transferring output files
...
005 (9389939.000.000) 07/09 23:18:29 Job terminated.
	(1) Normal termination (return value 1)
		Usr 0 00:00:07, Sys 0 00:00:02  -  Run Remote Usage
		Usr 0 00:00:00, Sys 0 00:00:00  -  Run Local Usage
		Usr 0 00:00:07, Sys 0 00:00:02  -  Total Remote Usage
		Usr 0 00:00:00, Sys 0 00:00:00  -  Total Local Usage
	1149  -  Run Bytes Sent By Job
	11159  -  Run Bytes Received By Job
	1149  -  Total Bytes Sent By Job
	11159  -  Total Bytes Received By Job
	Partitionable Resources :    Usage  Request Allocated 
	   Cpus                 :                 1         1 
	   Disk (KB)            :       28       12   3043168 
	   Memory (MB)          :       11     2000      2000 

	Job terminated of its own accord at 2023-07-09T21:18:29Z.
...
000 (9389959.000.000) 07/09 23:28:54 Job submitted from host: <137.138.120.116:9618?addrs=137.138.120.116-9618+[2001-1458-d00-16--17b]-9618&alias=bigbird12.cern.ch&noUDP&sock=schedd_8624_ecd7>
...
040 (9389959.000.000) 07/09 23:29:27 Started transferring input files
	Transferring to host: <188.184.163.184:9618?addrs=188.184.163.184-9618&alias=b7s12p7289.cern.ch&noUDP&sock=slot1_1_41325_f36a_23236>
...
040 (9389959.000.000) 07/09 23:29:27 Finished transferring input files
...
001 (9389959.000.000) 07/09 23:29:28 Job executing on host: <188.184.163.184:9618?addrs=188.184.163.184-9618&alias=b7s12p7289.cern.ch&noUDP&sock=startd_2977_8d88>
...
006 (9389959.000.000) 07/09 23:29:37 Image size of job updated: 272488
	74  -  MemoryUsage of job (MB)
	75068  -  ResidentSetSize of job (KB)
...
006 (9389959.000.000) 07/09 23:29:55 Image size of job updated: 960476
	74  -  MemoryUsage of job (MB)
	75372  -  ResidentSetSize of job (KB)
...
040 (9389959.000.000) 07/09 23:29:55 Started transferring output files
...
040 (9389959.000.000) 07/09 23:29:55 Finished transferring output files
...
005 (9389959.000.000) 07/09 23:29:55 Job terminated.
	(1) Normal termination (return value 1)
		Usr 0 00:00:06, Sys 0 00:00:01  -  Run Remote Usage
		Usr 0 00:00:00, Sys 0 00:00:00  -  Run Local Usage
		Usr 0 00:00:06, Sys 0 00:00:01  -  Total Remote Usage
		Usr 0 00:00:00, Sys 0 00:00:00  -  Total Local Usage
	1149  -  Run Bytes Sent By Job
	11159  -  Run Bytes Received By Job
	1149  -  Total Bytes Sent By Job
	11159  -  Total Bytes Received By Job
	Partitionable Resources :    Usage  Request Allocated 
	   Cpus                 :                 1         1 
	   Disk (KB)            :       28       12   3040564 
	   Memory (MB)          :       74     2000      2000 

	Job terminated of its own accord at 2023-07-09T21:29:55Z.
...
000 (9389979.000.000) 07/09 23:38:49 Job submitted from host: <137.138.120.116:9618?addrs=137.138.120.116-9618+[2001-1458-d00-16--17b]-9618&alias=bigbird12.cern.ch&noUDP&sock=schedd_8624_ecd7>
...
040 (9389979.000.000) 07/09 23:39:59 Started transferring input files
	Transferring to host: <128.142.248.105:9618?addrs=128.142.248.105-9618+[2001-1458-301-73--100-159]-9618&alias=b7g23p1831.cern.ch&noUDP&sock=slot1_27_127493_1a1a_2195>
...
040 (9389979.000.000) 07/09 23:39:59 Finished transferring input files
...
001 (9389979.000.000) 07/09 23:40:00 Job executing on host: <128.142.248.105:9618?addrs=128.142.248.105-9618+[2001-1458-301-73--100-159]-9618&alias=b7g23p1831.cern.ch&noUDP&sock=startd_16915_dc8e>
...
006 (9389979.000.000) 07/09 23:40:09 Image size of job updated: 26360
	11  -  MemoryUsage of job (MB)
	10912  -  ResidentSetSize of job (KB)
...
000 (9389999.000.000) 07/09 23:42:13 Job submitted from host: <137.138.120.116:9618?addrs=137.138.120.116-9618+[2001-1458-d00-16--17b]-9618&alias=bigbird12.cern.ch&noUDP&sock=schedd_8624_ecd7>
...
040 (9389999.000.000) 07/09 23:43:50 Started transferring input files
	Transferring to host: <188.184.163.209:9618?addrs=188.184.163.209-9618+[2001-1458-301-4d--100-cb]-9618&alias=b7s12p8199.cern.ch&noUDP&sock=slot1_8_288833_ba3a_2123>
...
040 (9389999.000.000) 07/09 23:43:50 Finished transferring input files
...
001 (9389999.000.000) 07/09 23:43:51 Job executing on host: <188.184.163.209:9618?addrs=188.184.163.209-9618+[2001-1458-301-4d--100-cb]-9618&alias=b7s12p8199.cern.ch&noUDP&sock=startd_173471_417a>
...
006 (9389999.000.000) 07/09 23:44:00 Image size of job updated: 370368
	72  -  MemoryUsage of job (MB)
	73504  -  ResidentSetSize of job (KB)
...
000 (9390019.000.000) 07/09 23:45:03 Job submitted from host: <137.138.120.116:9618?addrs=137.138.120.116-9618+[2001-1458-d00-16--17b]-9618&alias=bigbird12.cern.ch&noUDP&sock=schedd_8624_ecd7>
...
006 (9389979.000.000) 07/09 23:45:09 Image size of job updated: 1430028
	294  -  MemoryUsage of job (MB)
	300756  -  ResidentSetSize of job (KB)
...
006 (9389999.000.000) 07/09 23:49:01 Image size of job updated: 1430028
	294  -  MemoryUsage of job (MB)
	300792  -  ResidentSetSize of job (KB)
...
006 (9389979.000.000) 07/09 23:50:10 Image size of job updated: 1430028
	295  -  MemoryUsage of job (MB)
	301176  -  ResidentSetSize of job (KB)
...
006 (9389999.000.000) 07/09 23:54:01 Image size of job updated: 1430028
	295  -  MemoryUsage of job (MB)
	301208  -  ResidentSetSize of job (KB)
...
006 (9389979.000.000) 07/09 23:55:10 Image size of job updated: 1430028
	295  -  MemoryUsage of job (MB)
	301580  -  ResidentSetSize of job (KB)
...
006 (9389999.000.000) 07/09 23:59:02 Image size of job updated: 1430028
	295  -  MemoryUsage of job (MB)
	301588  -  ResidentSetSize of job (KB)
...
040 (9390019.000.000) 07/10 00:00:01 Started transferring input files
	Transferring to host: <128.142.61.95:9618?addrs=128.142.61.95-9618+[2001-1458-301-23--100-5e]-9618&alias=b7s06p7589.cern.ch&noUDP&sock=slot1_1_4941_21a2_130214>
...
040 (9390019.000.000) 07/10 00:00:01 Finished transferring input files
...
001 (9390019.000.000) 07/10 00:00:02 Job executing on host: <128.142.61.95:9618?addrs=128.142.61.95-9618+[2001-1458-301-23--100-5e]-9618&alias=b7s06p7589.cern.ch&noUDP&sock=startd_4496_75e4>
...
006 (9389979.000.000) 07/10 00:00:10 Image size of job updated: 1430028
	295  -  MemoryUsage of job (MB)
	301648  -  ResidentSetSize of job (KB)
...
006 (9390019.000.000) 07/10 00:00:11 Image size of job updated: 797672
	130  -  MemoryUsage of job (MB)
	132448  -  ResidentSetSize of job (KB)
...
006 (9389999.000.000) 07/10 00:04:02 Image size of job updated: 1430028
	295  -  MemoryUsage of job (MB)
	301680  -  ResidentSetSize of job (KB)
...
006 (9390019.000.000) 07/10 00:05:11 Image size of job updated: 1428652
	292  -  MemoryUsage of job (MB)
	298288  -  ResidentSetSize of job (KB)
...
006 (9389979.000.000) 07/10 00:05:12 Image size of job updated: 1430028
	296  -  MemoryUsage of job (MB)
	302472  -  ResidentSetSize of job (KB)
...
006 (9389999.000.000) 07/10 00:09:02 Image size of job updated: 1430028
	295  -  MemoryUsage of job (MB)
	301804  -  ResidentSetSize of job (KB)
...
006 (9390019.000.000) 07/10 00:10:11 Image size of job updated: 1429864
	294  -  MemoryUsage of job (MB)
	300684  -  ResidentSetSize of job (KB)
...
006 (9389979.000.000) 07/10 00:10:12 Image size of job updated: 1430036
	312  -  MemoryUsage of job (MB)
	319276  -  ResidentSetSize of job (KB)
...
006 (9389999.000.000) 07/10 00:14:03 Image size of job updated: 1430036
	313  -  MemoryUsage of job (MB)
	319952  -  ResidentSetSize of job (KB)
...
006 (9390019.000.000) 07/10 00:15:12 Image size of job updated: 1430028
	295  -  MemoryUsage of job (MB)
	301068  -  ResidentSetSize of job (KB)
...
006 (9389979.000.000) 07/10 00:15:12 Image size of job updated: 1430036
	313  -  MemoryUsage of job (MB)
	319640  -  ResidentSetSize of job (KB)
...
006 (9389999.000.000) 07/10 00:19:03 Image size of job updated: 1430036
	313  -  MemoryUsage of job (MB)
	320496  -  ResidentSetSize of job (KB)
...
040 (9389979.000.000) 07/10 00:19:07 Started transferring output files
...
040 (9389979.000.000) 07/10 00:19:07 Finished transferring output files
...
005 (9389979.000.000) 07/10 00:19:07 Job terminated.
	(1) Normal termination (return value 0)
		Usr 0 00:32:04, Sys 0 00:00:14  -  Run Remote Usage
		Usr 0 00:00:00, Sys 0 00:00:00  -  Run Local Usage
		Usr 0 00:32:04, Sys 0 00:00:14  -  Total Remote Usage
		Usr 0 00:00:00, Sys 0 00:00:00  -  Total Local Usage
	7048  -  Run Bytes Sent By Job
	11159  -  Run Bytes Received By Job
	7048  -  Total Bytes Sent By Job
	11159  -  Total Bytes Received By Job
	Partitionable Resources :    Usage  Request Allocated 
	   Cpus                 :     0.88        1         1 
	   Disk (KB)            :    39          12   3071663 
	   Memory (MB)          :   313        2000      2000 

	Job terminated of its own accord at 2023-07-09T22:19:06Z.
...
006 (9390019.000.000) 07/10 00:20:12 Image size of job updated: 1430028
	295  -  MemoryUsage of job (MB)
	301180  -  ResidentSetSize of job (KB)
...
006 (9389999.000.000) 07/10 00:24:03 Image size of job updated: 1430036
	314  -  MemoryUsage of job (MB)
	321204  -  ResidentSetSize of job (KB)
...
040 (9389999.000.000) 07/10 00:24:25 Started transferring output files
...
040 (9389999.000.000) 07/10 00:24:25 Finished transferring output files
...
005 (9389999.000.000) 07/10 00:24:25 Job terminated.
	(1) Normal termination (return value 0)
		Usr 0 00:33:37, Sys 0 00:00:16  -  Run Remote Usage
		Usr 0 00:00:00, Sys 0 00:00:00  -  Run Local Usage
		Usr 0 00:33:37, Sys 0 00:00:16  -  Total Remote Usage
		Usr 0 00:00:00, Sys 0 00:00:00  -  Total Local Usage
	7048  -  Run Bytes Sent By Job
	11159  -  Run Bytes Received By Job
	7048  -  Total Bytes Sent By Job
	11159  -  Total Bytes Received By Job
	Partitionable Resources :    Usage  Request Allocated 
	   Cpus                 :     0.91        1         1 
	   Disk (KB)            :    39          12   3067544 
	   Memory (MB)          :   314        2000      2000 

	Job terminated of its own accord at 2023-07-09T22:24:25Z.
...
006 (9390019.000.000) 07/10 00:25:12 Image size of job updated: 1430028
	295  -  MemoryUsage of job (MB)
	301476  -  ResidentSetSize of job (KB)
...
006 (9390019.000.000) 07/10 00:30:13 Image size of job updated: 1430028
	295  -  MemoryUsage of job (MB)
	301536  -  ResidentSetSize of job (KB)
...
006 (9390019.000.000) 07/10 00:40:14 Image size of job updated: 1430028
	295  -  MemoryUsage of job (MB)
	301568  -  ResidentSetSize of job (KB)
...
006 (9390019.000.000) 07/10 00:45:15 Image size of job updated: 1430028
	295  -  MemoryUsage of job (MB)
	301600  -  ResidentSetSize of job (KB)
...
006 (9390019.000.000) 07/10 00:50:16 Image size of job updated: 1430028
	295  -  MemoryUsage of job (MB)
	301612  -  ResidentSetSize of job (KB)
...
006 (9390019.000.000) 07/10 00:55:16 Image size of job updated: 1430028
	295  -  MemoryUsage of job (MB)
	301676  -  ResidentSetSize of job (KB)
...
006 (9390019.000.000) 07/10 01:00:16 Image size of job updated: 1430028
	295  -  MemoryUsage of job (MB)
	301728  -  ResidentSetSize of job (KB)
...
006 (9390019.000.000) 07/10 01:05:18 Image size of job updated: 1430028
	296  -  MemoryUsage of job (MB)
	302668  -  ResidentSetSize of job (KB)
...
006 (9390019.000.000) 07/10 01:10:18 Image size of job updated: 1430036
	312  -  MemoryUsage of job (MB)
	318512  -  ResidentSetSize of job (KB)
...
040 (9390019.000.000) 07/10 01:14:14 Started transferring output files
...
040 (9390019.000.000) 07/10 01:14:14 Finished transferring output files
...
005 (9390019.000.000) 07/10 01:14:14 Job terminated.
	(1) Normal termination (return value 0)
		Usr 0 00:17:54, Sys 0 00:00:14  -  Run Remote Usage
		Usr 0 00:00:00, Sys 0 00:00:00  -  Run Local Usage
		Usr 0 00:17:54, Sys 0 00:00:14  -  Total Remote Usage
		Usr 0 00:00:00, Sys 0 00:00:00  -  Total Local Usage
	7048  -  Run Bytes Sent By Job
	11160  -  Run Bytes Received By Job
	7048  -  Total Bytes Sent By Job
	11160  -  Total Bytes Received By Job
	Partitionable Resources :    Usage  Request Allocated 
	   Cpus                 :     0.01        1         1 
	   Disk (KB)            :    40          12   1358324 
	   Memory (MB)          :   312        2000      2000 

	Job terminated of its own accord at 2023-07-09T23:14:14Z.
...
000 (9394504.000.000) 07/11 16:05:39 Job submitted from host: <137.138.120.116:9618?addrs=137.138.120.116-9618+[2001-1458-d00-16--17b]-9618&alias=bigbird12.cern.ch&noUDP&sock=schedd_8624_ecd7>
...
040 (9394504.000.000) 07/11 16:08:07 Started transferring input files
	Transferring to host: <128.142.61.127:9618?addrs=128.142.61.127-9618&alias=b7s06p4472.cern.ch&noUDP&sock=slot1_5_14471_e0e6_28131>
...
040 (9394504.000.000) 07/11 16:08:07 Finished transferring input files
...
001 (9394504.000.000) 07/11 16:08:08 Job executing on host: <128.142.61.127:9618?addrs=128.142.61.127-9618&alias=b7s06p4472.cern.ch&noUDP&sock=startd_3942_766c>
...
006 (9394504.000.000) 07/11 16:08:17 Image size of job updated: 937828
	237  -  MemoryUsage of job (MB)
	241672  -  ResidentSetSize of job (KB)
...
000 (9394527.000.000) 07/11 16:08:44 Job submitted from host: <137.138.120.116:9618?addrs=137.138.120.116-9618+[2001-1458-d00-16--17b]-9618&alias=bigbird12.cern.ch&noUDP&sock=schedd_8624_ecd7>
...
006 (9394504.000.000) 07/11 16:13:18 Image size of job updated: 1430044
	295  -  MemoryUsage of job (MB)
	301256  -  ResidentSetSize of job (KB)
...
000 (9394554.000.000) 07/11 16:13:39 Job submitted from host: <137.138.120.116:9618?addrs=137.138.120.116-9618+[2001-1458-d00-16--17b]-9618&alias=bigbird12.cern.ch&noUDP&sock=schedd_8624_ecd7>
...
040 (9394527.000.000) 07/11 16:16:59 Started transferring input files
	Transferring to host: <128.142.61.85:9618?addrs=128.142.61.85-9618+[2001-1458-301-23--100-54]-9618&alias=b7s06p9082.cern.ch&noUDP&sock=slot1_16_4663_4157_101498>
...
040 (9394527.000.000) 07/11 16:16:59 Finished transferring input files
...
001 (9394527.000.000) 07/11 16:17:00 Job executing on host: <128.142.61.85:9618?addrs=128.142.61.85-9618+[2001-1458-301-23--100-54]-9618&alias=b7s06p9082.cern.ch&noUDP&sock=startd_3231_c696>
...
040 (9394554.000.000) 07/11 16:17:04 Started transferring input files
	Transferring to host: <188.184.162.63:9618?addrs=188.184.162.63-9618+[2001-1458-301-4a--100-39]-9618&alias=b7s11p9434.cern.ch&noUDP&sock=slot1_5_4269_a587_90253>
...
040 (9394554.000.000) 07/11 16:17:04 Finished transferring input files
...
001 (9394554.000.000) 07/11 16:17:05 Job executing on host: <188.184.162.63:9618?addrs=188.184.162.63-9618+[2001-1458-301-4a--100-39]-9618&alias=b7s11p9434.cern.ch&noUDP&sock=startd_4195_ffe2>
...
006 (9394527.000.000) 07/11 16:17:08 Image size of job updated: 408188
	164  -  MemoryUsage of job (MB)
	167788  -  ResidentSetSize of job (KB)
...
006 (9394554.000.000) 07/11 16:17:13 Image size of job updated: 689540
	138  -  MemoryUsage of job (MB)
	140824  -  ResidentSetSize of job (KB)
...
006 (9394504.000.000) 07/11 16:18:19 Image size of job updated: 1430044
	295  -  MemoryUsage of job (MB)
	301708  -  ResidentSetSize of job (KB)
...
006 (9394527.000.000) 07/11 16:22:08 Image size of job updated: 1430032
	295  -  MemoryUsage of job (MB)
	301276  -  ResidentSetSize of job (KB)
...
006 (9394554.000.000) 07/11 16:22:13 Image size of job updated: 1429904
	294  -  MemoryUsage of job (MB)
	300884  -  ResidentSetSize of job (KB)
...
006 (9394504.000.000) 07/11 16:23:19 Image size of job updated: 1430044
	298  -  MemoryUsage of job (MB)
	304256  -  ResidentSetSize of job (KB)
...
006 (9394527.000.000) 07/11 16:27:09 Image size of job updated: 1430032
	295  -  MemoryUsage of job (MB)
	301736  -  ResidentSetSize of job (KB)
...
006 (9394554.000.000) 07/11 16:27:13 Image size of job updated: 1430048
	295  -  MemoryUsage of job (MB)
	301308  -  ResidentSetSize of job (KB)
...
006 (9394504.000.000) 07/11 16:28:20 Image size of job updated: 1430052
	312  -  MemoryUsage of job (MB)
	319052  -  ResidentSetSize of job (KB)
...
040 (9394504.000.000) 07/11 16:30:33 Started transferring output files
...
040 (9394504.000.000) 07/11 16:30:33 Finished transferring output files
...
005 (9394504.000.000) 07/11 16:30:33 Job terminated.
	(1) Normal termination (return value 0)
		Usr 0 00:16:39, Sys 0 00:00:07  -  Run Remote Usage
		Usr 0 00:00:00, Sys 0 00:00:00  -  Run Local Usage
		Usr 0 00:16:39, Sys 0 00:00:07  -  Total Remote Usage
		Usr 0 00:00:00, Sys 0 00:00:00  -  Total Local Usage
	7048  -  Run Bytes Sent By Job
	11159  -  Run Bytes Received By Job
	7048  -  Total Bytes Sent By Job
	11159  -  Total Bytes Received By Job
	Partitionable Resources :    Usage  Request Allocated 
	   Cpus                 :     0.67        1         1 
	   Disk (KB)            :    38          12   2948114 
	   Memory (MB)          :   312        2000      2000 

	Job terminated of its own accord at 2023-07-11T14:30:33Z.
...
006 (9394527.000.000) 07/11 16:32:10 Image size of job updated: 1430040
	307  -  MemoryUsage of job (MB)
	314280  -  ResidentSetSize of job (KB)
...
006 (9394554.000.000) 07/11 16:32:14 Image size of job updated: 1430048
	295  -  MemoryUsage of job (MB)
	301684  -  ResidentSetSize of job (KB)
...
006 (9394527.000.000) 07/11 16:37:10 Image size of job updated: 1430040
	313  -  MemoryUsage of job (MB)
	319596  -  ResidentSetSize of job (KB)
...
006 (9394554.000.000) 07/11 16:37:14 Image size of job updated: 1430048
	295  -  MemoryUsage of job (MB)
	301760  -  ResidentSetSize of job (KB)
...
040 (9394527.000.000) 07/11 16:38:42 Started transferring output files
...
040 (9394527.000.000) 07/11 16:38:42 Finished transferring output files
...
005 (9394527.000.000) 07/11 16:38:42 Job terminated.
	(1) Normal termination (return value 0)
		Usr 0 00:16:08, Sys 0 00:00:05  -  Run Remote Usage
		Usr 0 00:00:00, Sys 0 00:00:00  -  Run Local Usage
		Usr 0 00:16:08, Sys 0 00:00:05  -  Total Remote Usage
		Usr 0 00:00:00, Sys 0 00:00:00  -  Total Local Usage
	7048  -  Run Bytes Sent By Job
	11160  -  Run Bytes Received By Job
	7048  -  Total Bytes Sent By Job
	11160  -  Total Bytes Received By Job
	Partitionable Resources :    Usage  Request Allocated 
	   Cpus                 :     0.86        1         1 
	   Disk (KB)            :    39          12   2987830 
	   Memory (MB)          :   313        2000      2000 

	Job terminated of its own accord at 2023-07-11T14:38:42Z.
...
006 (9394554.000.000) 07/11 16:42:14 Image size of job updated: 1430048
	295  -  MemoryUsage of job (MB)
	301972  -  ResidentSetSize of job (KB)
...
006 (9394554.000.000) 07/11 16:47:15 Image size of job updated: 1430056
	312  -  MemoryUsage of job (MB)
	318868  -  ResidentSetSize of job (KB)
...
006 (9394554.000.000) 07/11 16:52:16 Image size of job updated: 1430056
	312  -  MemoryUsage of job (MB)
	319304  -  ResidentSetSize of job (KB)
...
040 (9394554.000.000) 07/11 16:56:32 Started transferring output files
...
040 (9394554.000.000) 07/11 16:56:32 Finished transferring output files
...
005 (9394554.000.000) 07/11 16:56:32 Job terminated.
	(1) Normal termination (return value 0)
		Usr 0 00:32:47, Sys 0 00:00:05  -  Run Remote Usage
		Usr 0 00:00:00, Sys 0 00:00:00  -  Run Local Usage
		Usr 0 00:32:47, Sys 0 00:00:05  -  Total Remote Usage
		Usr 0 00:00:00, Sys 0 00:00:00  -  Total Local Usage
	7048  -  Run Bytes Sent By Job
	11160  -  Run Bytes Received By Job
	7048  -  Total Bytes Sent By Job
	11160  -  Total Bytes Received By Job
	Partitionable Resources :    Usage  Request Allocated 
	   Cpus                 :     0.89        1         1 
	   Disk (KB)            :    39          12   3073371 
	   Memory (MB)          :   312        2000      2000 

	Job terminated of its own accord at 2023-07-11T14:56:32Z.
...
