000 (9389934.000.000) 07/09 23:15:28 Job submitted from host: <137.138.120.116:9618?addrs=137.138.120.116-9618+[2001-1458-d00-16--17b]-9618&alias=bigbird12.cern.ch&noUDP&sock=schedd_8624_ecd7>
...
040 (9389934.000.000) 07/09 23:17:36 Started transferring input files
	Transferring to host: <188.184.163.184:9618?addrs=188.184.163.184-9618&alias=b7s12p7289.cern.ch&noUDP&sock=slot1_29_41325_f36a_23224>
...
040 (9389934.000.000) 07/09 23:17:36 Finished transferring input files
...
001 (9389934.000.000) 07/09 23:17:37 Job executing on host: <188.184.163.184:9618?addrs=188.184.163.184-9618&alias=b7s12p7289.cern.ch&noUDP&sock=startd_2977_8d88>
...
006 (9389934.000.000) 07/09 23:17:46 Image size of job updated: 370356
	12  -  MemoryUsage of job (MB)
	11688  -  ResidentSetSize of job (KB)
...
006 (9389934.000.000) 07/09 23:18:14 Image size of job updated: 872564
	12  -  MemoryUsage of job (MB)
	11700  -  ResidentSetSize of job (KB)
...
040 (9389934.000.000) 07/09 23:18:14 Started transferring output files
...
040 (9389934.000.000) 07/09 23:18:14 Finished transferring output files
...
005 (9389934.000.000) 07/09 23:18:14 Job terminated.
	(1) Normal termination (return value 1)
		Usr 0 00:00:06, Sys 0 00:00:01  -  Run Remote Usage
		Usr 0 00:00:00, Sys 0 00:00:00  -  Run Local Usage
		Usr 0 00:00:06, Sys 0 00:00:01  -  Total Remote Usage
		Usr 0 00:00:00, Sys 0 00:00:00  -  Total Local Usage
	1149  -  Run Bytes Sent By Job
	11159  -  Run Bytes Received By Job
	1149  -  Total Bytes Sent By Job
	11159  -  Total Bytes Received By Job
	Partitionable Resources :    Usage  Request Allocated 
	   Cpus                 :                 1         1 
	   Disk (KB)            :       28       12   3043192 
	   Memory (MB)          :       12     2000      2000 

	Job terminated of its own accord at 2023-07-09T21:18:14Z.
...
000 (9389954.000.000) 07/09 23:28:29 Job submitted from host: <137.138.120.116:9618?addrs=137.138.120.116-9618+[2001-1458-d00-16--17b]-9618&alias=bigbird12.cern.ch&noUDP&sock=schedd_8624_ecd7>
...
040 (9389954.000.000) 07/09 23:29:25 Started transferring input files
	Transferring to host: <128.142.61.15:9618?addrs=128.142.61.15-9618+[2001-1458-301-23--100-e]-9618&alias=b7s06p7712.cern.ch&noUDP&sock=slot1_14_6563_fa24_30231>
...
040 (9389954.000.000) 07/09 23:29:25 Finished transferring input files
...
001 (9389954.000.000) 07/09 23:29:26 Job executing on host: <128.142.61.15:9618?addrs=128.142.61.15-9618+[2001-1458-301-23--100-e]-9618&alias=b7s06p7712.cern.ch&noUDP&sock=startd_4312_4077>
...
006 (9389954.000.000) 07/09 23:29:35 Image size of job updated: 6672
	7  -  MemoryUsage of job (MB)
	6672  -  ResidentSetSize of job (KB)
...
006 (9389954.000.000) 07/09 23:30:27 Image size of job updated: 967328
	7  -  MemoryUsage of job (MB)
	6672  -  ResidentSetSize of job (KB)
...
040 (9389954.000.000) 07/09 23:30:27 Started transferring output files
...
040 (9389954.000.000) 07/09 23:30:27 Finished transferring output files
...
005 (9389954.000.000) 07/09 23:30:27 Job terminated.
	(1) Normal termination (return value 1)
		Usr 0 00:00:05, Sys 0 00:00:01  -  Run Remote Usage
		Usr 0 00:00:00, Sys 0 00:00:00  -  Run Local Usage
		Usr 0 00:00:05, Sys 0 00:00:01  -  Total Remote Usage
		Usr 0 00:00:00, Sys 0 00:00:00  -  Total Local Usage
	1149  -  Run Bytes Sent By Job
	11159  -  Run Bytes Received By Job
	1149  -  Total Bytes Sent By Job
	11159  -  Total Bytes Received By Job
	Partitionable Resources :    Usage  Request Allocated 
	   Cpus                 :     0.04        1         1 
	   Disk (KB)            :    36          12   1323775 
	   Memory (MB)          :     7        2000      2000 

	Job terminated of its own accord at 2023-07-09T21:30:27Z.
...
000 (9389974.000.000) 07/09 23:38:25 Job submitted from host: <137.138.120.116:9618?addrs=137.138.120.116-9618+[2001-1458-d00-16--17b]-9618&alias=bigbird12.cern.ch&noUDP&sock=schedd_8624_ecd7>
...
040 (9389974.000.000) 07/09 23:39:58 Started transferring input files
	Transferring to host: <128.142.61.29:9618?addrs=128.142.61.29-9618+[2001-1458-301-23--100-1c]-9618&alias=b7s06p7938.cern.ch&noUDP&sock=slot1_32_52402_b30c_1879>
...
040 (9389974.000.000) 07/09 23:39:58 Finished transferring input files
...
001 (9389974.000.000) 07/09 23:39:59 Job executing on host: <128.142.61.29:9618?addrs=128.142.61.29-9618+[2001-1458-301-23--100-1c]-9618&alias=b7s06p7938.cern.ch&noUDP&sock=startd_52362_8e21>
...
006 (9389974.000.000) 07/09 23:40:08 Image size of job updated: 963412
	14  -  MemoryUsage of job (MB)
	13800  -  ResidentSetSize of job (KB)
...
000 (9389994.000.000) 07/09 23:41:48 Job submitted from host: <137.138.120.116:9618?addrs=137.138.120.116-9618+[2001-1458-d00-16--17b]-9618&alias=bigbird12.cern.ch&noUDP&sock=schedd_8624_ecd7>
...
040 (9389994.000.000) 07/09 23:43:33 Started transferring input files
	Transferring to host: <128.142.192.137:9618?addrs=128.142.192.137-9618+[2001-1458-301-56--100-5]-9618&alias=b7g18p2227.cern.ch&noUDP&sock=slot1_17_29187_a1bc_24854>
...
040 (9389994.000.000) 07/09 23:43:33 Finished transferring input files
...
001 (9389994.000.000) 07/09 23:43:34 Job executing on host: <128.142.192.137:9618?addrs=128.142.192.137-9618+[2001-1458-301-56--100-5]-9618&alias=b7g18p2227.cern.ch&noUDP&sock=startd_29148_ae9a>
...
006 (9389994.000.000) 07/09 23:43:43 Image size of job updated: 970376
	217  -  MemoryUsage of job (MB)
	221692  -  ResidentSetSize of job (KB)
...
000 (9390014.000.000) 07/09 23:44:38 Job submitted from host: <137.138.120.116:9618?addrs=137.138.120.116-9618+[2001-1458-d00-16--17b]-9618&alias=bigbird12.cern.ch&noUDP&sock=schedd_8624_ecd7>
...
006 (9389974.000.000) 07/09 23:45:09 Image size of job updated: 1433572
	296  -  MemoryUsage of job (MB)
	302656  -  ResidentSetSize of job (KB)
...
006 (9389994.000.000) 07/09 23:48:44 Image size of job updated: 1433576
	296  -  MemoryUsage of job (MB)
	302704  -  ResidentSetSize of job (KB)
...
040 (9390014.000.000) 07/09 23:48:46 Started transferring input files
	Transferring to host: <128.142.192.198:9618?addrs=128.142.192.198-9618+[2001-1458-301-56--100-42]-9618&alias=b7g18p1240.cern.ch&noUDP&sock=slot1_6_9651_c0a2_1451>
...
040 (9390014.000.000) 07/09 23:48:46 Finished transferring input files
...
001 (9390014.000.000) 07/09 23:48:47 Job executing on host: <128.142.192.198:9618?addrs=128.142.192.198-9618+[2001-1458-301-56--100-42]-9618&alias=b7g18p1240.cern.ch&noUDP&sock=startd_4038_4f84>
...
006 (9390014.000.000) 07/09 23:48:55 Image size of job updated: 960704
	71  -  MemoryUsage of job (MB)
	71928  -  ResidentSetSize of job (KB)
...
006 (9389974.000.000) 07/09 23:50:09 Image size of job updated: 1433572
	296  -  MemoryUsage of job (MB)
	303060  -  ResidentSetSize of job (KB)
...
006 (9389994.000.000) 07/09 23:53:45 Image size of job updated: 1433576
	297  -  MemoryUsage of job (MB)
	303108  -  ResidentSetSize of job (KB)
...
006 (9390014.000.000) 07/09 23:53:55 Image size of job updated: 1433580
	296  -  MemoryUsage of job (MB)
	302604  -  ResidentSetSize of job (KB)
...
006 (9389974.000.000) 07/09 23:55:10 Image size of job updated: 1433580
	315  -  MemoryUsage of job (MB)
	322256  -  ResidentSetSize of job (KB)
...
006 (9389994.000.000) 07/09 23:58:45 Image size of job updated: 1433584
	315  -  MemoryUsage of job (MB)
	321980  -  ResidentSetSize of job (KB)
...
006 (9390014.000.000) 07/09 23:58:56 Image size of job updated: 1433580
	296  -  MemoryUsage of job (MB)
	303028  -  ResidentSetSize of job (KB)
...
006 (9389974.000.000) 07/10 00:00:10 Image size of job updated: 1433580
	315  -  MemoryUsage of job (MB)
	322300  -  ResidentSetSize of job (KB)
...
006 (9389994.000.000) 07/10 00:03:46 Image size of job updated: 1433584
	315  -  MemoryUsage of job (MB)
	322000  -  ResidentSetSize of job (KB)
...
006 (9390014.000.000) 07/10 00:03:57 Image size of job updated: 1433588
	315  -  MemoryUsage of job (MB)
	321992  -  ResidentSetSize of job (KB)
...
006 (9389974.000.000) 07/10 00:05:10 Image size of job updated: 1433580
	321  -  MemoryUsage of job (MB)
	327904  -  ResidentSetSize of job (KB)
...
006 (9389994.000.000) 07/10 00:08:47 Image size of job updated: 1433584
	320  -  MemoryUsage of job (MB)
	326904  -  ResidentSetSize of job (KB)
...
006 (9390014.000.000) 07/10 00:08:57 Image size of job updated: 1433588
	315  -  MemoryUsage of job (MB)
	322272  -  ResidentSetSize of job (KB)
...
006 (9389974.000.000) 07/10 00:10:11 Image size of job updated: 1433836
	322  -  MemoryUsage of job (MB)
	329036  -  ResidentSetSize of job (KB)
...
006 (9389994.000.000) 07/10 00:13:47 Image size of job updated: 1433584
	320  -  MemoryUsage of job (MB)
	326940  -  ResidentSetSize of job (KB)
...
006 (9390014.000.000) 07/10 00:13:58 Image size of job updated: 1433588
	315  -  MemoryUsage of job (MB)
	322420  -  ResidentSetSize of job (KB)
...
006 (9389974.000.000) 07/10 00:15:12 Image size of job updated: 1436488
	325  -  MemoryUsage of job (MB)
	332196  -  ResidentSetSize of job (KB)
...
006 (9389994.000.000) 07/10 00:18:48 Image size of job updated: 1436044
	323  -  MemoryUsage of job (MB)
	330624  -  ResidentSetSize of job (KB)
...
006 (9390014.000.000) 07/10 00:18:59 Image size of job updated: 1433588
	320  -  MemoryUsage of job (MB)
	327332  -  ResidentSetSize of job (KB)
...
006 (9389974.000.000) 07/10 00:20:12 Image size of job updated: 1436488
	325  -  MemoryUsage of job (MB)
	332740  -  ResidentSetSize of job (KB)
...
006 (9389994.000.000) 07/10 00:23:49 Image size of job updated: 1436620
	324  -  MemoryUsage of job (MB)
	331620  -  ResidentSetSize of job (KB)
...
006 (9390014.000.000) 07/10 00:23:59 Image size of job updated: 1433588
	320  -  MemoryUsage of job (MB)
	327360  -  ResidentSetSize of job (KB)
...
006 (9389974.000.000) 07/10 00:25:13 Image size of job updated: 1436488
	325  -  MemoryUsage of job (MB)
	332748  -  ResidentSetSize of job (KB)
...
006 (9389994.000.000) 07/10 00:28:49 Image size of job updated: 1436620
	325  -  MemoryUsage of job (MB)
	332588  -  ResidentSetSize of job (KB)
...
006 (9390014.000.000) 07/10 00:28:59 Image size of job updated: 1435892
	323  -  MemoryUsage of job (MB)
	330656  -  ResidentSetSize of job (KB)
...
006 (9389974.000.000) 07/10 00:30:14 Image size of job updated: 1436488
	325  -  MemoryUsage of job (MB)
	332768  -  ResidentSetSize of job (KB)
...
006 (9390014.000.000) 07/10 00:34:00 Image size of job updated: 1436608
	325  -  MemoryUsage of job (MB)
	331804  -  ResidentSetSize of job (KB)
...
006 (9390014.000.000) 07/10 00:39:00 Image size of job updated: 1436608
	325  -  MemoryUsage of job (MB)
	332692  -  ResidentSetSize of job (KB)
...
006 (9389974.000.000) 07/10 00:40:14 Image size of job updated: 1436488
	325  -  MemoryUsage of job (MB)
	332772  -  ResidentSetSize of job (KB)
...
006 (9389994.000.000) 07/10 00:43:51 Image size of job updated: 1436620
	326  -  MemoryUsage of job (MB)
	332944  -  ResidentSetSize of job (KB)
...
006 (9390014.000.000) 07/10 00:44:00 Image size of job updated: 1436608
	325  -  MemoryUsage of job (MB)
	332720  -  ResidentSetSize of job (KB)
...
006 (9389974.000.000) 07/10 00:45:15 Image size of job updated: 1436488
	326  -  MemoryUsage of job (MB)
	332836  -  ResidentSetSize of job (KB)
...
006 (9389994.000.000) 07/10 00:48:51 Image size of job updated: 1436620
	326  -  MemoryUsage of job (MB)
	332948  -  ResidentSetSize of job (KB)
...
006 (9390014.000.000) 07/10 00:49:01 Image size of job updated: 1436608
	325  -  MemoryUsage of job (MB)
	332728  -  ResidentSetSize of job (KB)
...
006 (9389974.000.000) 07/10 00:50:15 Image size of job updated: 1436488
	326  -  MemoryUsage of job (MB)
	332924  -  ResidentSetSize of job (KB)
...
006 (9389994.000.000) 07/10 00:53:52 Image size of job updated: 1436620
	326  -  MemoryUsage of job (MB)
	332952  -  ResidentSetSize of job (KB)
...
006 (9390014.000.000) 07/10 00:54:01 Image size of job updated: 1436608
	326  -  MemoryUsage of job (MB)
	332916  -  ResidentSetSize of job (KB)
...
006 (9389994.000.000) 07/10 00:58:53 Image size of job updated: 1436620
	326  -  MemoryUsage of job (MB)
	332956  -  ResidentSetSize of job (KB)
...
006 (9390014.000.000) 07/10 00:59:01 Image size of job updated: 1436608
	326  -  MemoryUsage of job (MB)
	332960  -  ResidentSetSize of job (KB)
...
006 (9389974.000.000) 07/10 01:00:16 Image size of job updated: 1436488
	326  -  MemoryUsage of job (MB)
	332940  -  ResidentSetSize of job (KB)
...
006 (9389994.000.000) 07/10 01:03:53 Image size of job updated: 1436620
	326  -  MemoryUsage of job (MB)
	332964  -  ResidentSetSize of job (KB)
...
006 (9390014.000.000) 07/10 01:09:03 Image size of job updated: 1436608
	326  -  MemoryUsage of job (MB)
	332996  -  ResidentSetSize of job (KB)
...
006 (9389994.000.000) 07/10 01:13:55 Image size of job updated: 1436620
	326  -  MemoryUsage of job (MB)
	332980  -  ResidentSetSize of job (KB)
...
006 (9390014.000.000) 07/10 01:14:03 Image size of job updated: 1436608
	326  -  MemoryUsage of job (MB)
	333008  -  ResidentSetSize of job (KB)
...
006 (9389974.000.000) 07/10 01:15:17 Image size of job updated: 1436488
	326  -  MemoryUsage of job (MB)
	332956  -  ResidentSetSize of job (KB)
...
006 (9390014.000.000) 07/10 01:19:04 Image size of job updated: 1436608
	326  -  MemoryUsage of job (MB)
	333012  -  ResidentSetSize of job (KB)
...
006 (9389994.000.000) 07/10 01:33:57 Image size of job updated: 1436620
	326  -  MemoryUsage of job (MB)
	332992  -  ResidentSetSize of job (KB)
...
006 (9390014.000.000) 07/10 01:34:05 Image size of job updated: 1436608
	326  -  MemoryUsage of job (MB)
	333024  -  ResidentSetSize of job (KB)
...
006 (9390014.000.000) 07/10 01:54:07 Image size of job updated: 1436608
	326  -  MemoryUsage of job (MB)
	333036  -  ResidentSetSize of job (KB)
...
006 (9390014.000.000) 07/10 02:04:07 Image size of job updated: 1436608
	326  -  MemoryUsage of job (MB)
	333040  -  ResidentSetSize of job (KB)
...
006 (9389974.000.000) 07/10 02:05:22 Image size of job updated: 1436488
	326  -  MemoryUsage of job (MB)
	332960  -  ResidentSetSize of job (KB)
...
006 (9389974.000.000) 07/10 02:25:25 Image size of job updated: 1436488
	326  -  MemoryUsage of job (MB)
	333000  -  ResidentSetSize of job (KB)
...
040 (9389974.000.000) 07/10 02:32:39 Started transferring output files
...
040 (9389974.000.000) 07/10 02:32:39 Finished transferring output files
...
005 (9389974.000.000) 07/10 02:32:39 Job terminated.
	(1) Normal termination (return value 0)
		Usr 0 01:13:35, Sys 0 00:01:24  -  Run Remote Usage
		Usr 0 00:00:00, Sys 0 00:00:00  -  Run Local Usage
		Usr 0 01:13:35, Sys 0 00:01:24  -  Total Remote Usage
		Usr 0 00:00:00, Sys 0 00:00:00  -  Total Local Usage
	57894  -  Run Bytes Sent By Job
	11159  -  Run Bytes Received By Job
	57894  -  Total Bytes Sent By Job
	11159  -  Total Bytes Received By Job
	Partitionable Resources :    Usage  Request Allocated 
	   Cpus                 :     0.42        1         1 
	   Disk (KB)            :    88          12   3011671 
	   Memory (MB)          :   326        2000      2000 

	Job terminated of its own accord at 2023-07-10T00:32:39Z.
...
006 (9389994.000.000) 07/10 02:59:06 Image size of job updated: 1436620
	326  -  MemoryUsage of job (MB)
	333024  -  ResidentSetSize of job (KB)
...
040 (9389994.000.000) 07/10 03:08:45 Started transferring output files
...
040 (9389994.000.000) 07/10 03:08:45 Finished transferring output files
...
005 (9389994.000.000) 07/10 03:08:45 Job terminated.
	(1) Normal termination (return value 0)
		Usr 0 01:49:05, Sys 0 00:01:51  -  Run Remote Usage
		Usr 0 00:00:00, Sys 0 00:00:00  -  Run Local Usage
		Usr 0 01:49:05, Sys 0 00:01:51  -  Total Remote Usage
		Usr 0 00:00:00, Sys 0 00:00:00  -  Total Local Usage
	57894  -  Run Bytes Sent By Job
	11159  -  Run Bytes Received By Job
	57894  -  Total Bytes Sent By Job
	11159  -  Total Bytes Received By Job
	Partitionable Resources :    Usage  Request Allocated 
	   Cpus                 :     0.70        1         1 
	   Disk (KB)            :    89          12   3092077 
	   Memory (MB)          :   326        2000      2000 

	Job terminated of its own accord at 2023-07-10T01:08:45Z.
...
006 (9390014.000.000) 07/10 03:09:15 Image size of job updated: 1436608
	326  -  MemoryUsage of job (MB)
	333044  -  ResidentSetSize of job (KB)
...
006 (9390014.000.000) 07/10 04:24:23 Image size of job updated: 1436608
	326  -  MemoryUsage of job (MB)
	333084  -  ResidentSetSize of job (KB)
...
040 (9390014.000.000) 07/10 04:33:46 Started transferring output files
...
040 (9390014.000.000) 07/10 04:33:46 Finished transferring output files
...
005 (9390014.000.000) 07/10 04:33:46 Job terminated.
	(1) Normal termination (return value 0)
		Usr 0 02:08:55, Sys 0 00:00:38  -  Run Remote Usage
		Usr 0 00:00:00, Sys 0 00:00:00  -  Run Local Usage
		Usr 0 02:08:55, Sys 0 00:00:38  -  Total Remote Usage
		Usr 0 00:00:00, Sys 0 00:00:00  -  Total Local Usage
	57894  -  Run Bytes Sent By Job
	11160  -  Run Bytes Received By Job
	57894  -  Total Bytes Sent By Job
	11160  -  Total Bytes Received By Job
	Partitionable Resources :    Usage  Request Allocated 
	   Cpus                 :     0.17        1         1 
	   Disk (KB)            :    89          12   3061967 
	   Memory (MB)          :   326        2000      2000 

	Job terminated of its own accord at 2023-07-10T02:33:45Z.
...
000 (9394499.000.000) 07/11 16:05:14 Job submitted from host: <137.138.120.116:9618?addrs=137.138.120.116-9618+[2001-1458-d00-16--17b]-9618&alias=bigbird12.cern.ch&noUDP&sock=schedd_8624_ecd7>
...
040 (9394499.000.000) 07/11 16:08:06 Started transferring input files
	Transferring to host: <128.142.61.127:9618?addrs=128.142.61.127-9618&alias=b7s06p4472.cern.ch&noUDP&sock=slot1_3_14471_e0e6_28130>
...
040 (9394499.000.000) 07/11 16:08:06 Finished transferring input files
...
001 (9394499.000.000) 07/11 16:08:07 Job executing on host: <128.142.61.127:9618?addrs=128.142.61.127-9618&alias=b7s06p4472.cern.ch&noUDP&sock=startd_3942_766c>
...
006 (9394499.000.000) 07/11 16:08:15 Image size of job updated: 929296
	209  -  MemoryUsage of job (MB)
	213208  -  ResidentSetSize of job (KB)
...
000 (9394522.000.000) 07/11 16:08:19 Job submitted from host: <137.138.120.116:9618?addrs=137.138.120.116-9618+[2001-1458-d00-16--17b]-9618&alias=bigbird12.cern.ch&noUDP&sock=schedd_8624_ecd7>
...
000 (9394548.000.000) 07/11 16:13:14 Job submitted from host: <137.138.120.116:9618?addrs=137.138.120.116-9618+[2001-1458-d00-16--17b]-9618&alias=bigbird12.cern.ch&noUDP&sock=schedd_8624_ecd7>
...
006 (9394499.000.000) 07/11 16:13:15 Image size of job updated: 1433568
	296  -  MemoryUsage of job (MB)
	302636  -  ResidentSetSize of job (KB)
...
040 (9394522.000.000) 07/11 16:16:55 Started transferring input files
	Transferring to host: <128.142.56.14:9618?addrs=128.142.56.14-9618+[2001-1458-301-6--100-d]-9618&alias=b7s01p9279.cern.ch&noUDP&sock=slot1_4_5568_e8db_92785>
...
040 (9394522.000.000) 07/11 16:16:55 Finished transferring input files
...
001 (9394522.000.000) 07/11 16:16:56 Job executing on host: <128.142.56.14:9618?addrs=128.142.56.14-9618+[2001-1458-301-6--100-d]-9618&alias=b7s01p9279.cern.ch&noUDP&sock=startd_4638_dc57>
...
040 (9394548.000.000) 07/11 16:17:02 Started transferring input files
	Transferring to host: <188.184.162.83:9618?addrs=188.184.162.83-9618+[2001-1458-301-4a--100-4d]-9618&alias=b7s11p9943.cern.ch&noUDP&sock=slot1_18_3603_63ac_124049>
...
040 (9394548.000.000) 07/11 16:17:02 Finished transferring input files
...
001 (9394548.000.000) 07/11 16:17:03 Job executing on host: <188.184.162.83:9618?addrs=188.184.162.83-9618+[2001-1458-301-4a--100-4d]-9618&alias=b7s11p9943.cern.ch&noUDP&sock=startd_2994_36a4>
...
006 (9394522.000.000) 07/11 16:17:04 Image size of job updated: 237788
	219  -  MemoryUsage of job (MB)
	223568  -  ResidentSetSize of job (KB)
...
006 (9394548.000.000) 07/11 16:17:12 Image size of job updated: 369780
	83  -  MemoryUsage of job (MB)
	84100  -  ResidentSetSize of job (KB)
...
006 (9394499.000.000) 07/11 16:18:16 Image size of job updated: 1433576
	314  -  MemoryUsage of job (MB)
	321324  -  ResidentSetSize of job (KB)
...
006 (9394522.000.000) 07/11 16:22:04 Image size of job updated: 1433580
	296  -  MemoryUsage of job (MB)
	302704  -  ResidentSetSize of job (KB)
...
006 (9394548.000.000) 07/11 16:22:13 Image size of job updated: 1433484
	296  -  MemoryUsage of job (MB)
	302632  -  ResidentSetSize of job (KB)
...
006 (9394499.000.000) 07/11 16:23:16 Image size of job updated: 1433576
	314  -  MemoryUsage of job (MB)
	321468  -  ResidentSetSize of job (KB)
...
006 (9394522.000.000) 07/11 16:27:05 Image size of job updated: 1433580
	297  -  MemoryUsage of job (MB)
	303752  -  ResidentSetSize of job (KB)
...
006 (9394548.000.000) 07/11 16:27:13 Image size of job updated: 1433484
	296  -  MemoryUsage of job (MB)
	302992  -  ResidentSetSize of job (KB)
...
006 (9394499.000.000) 07/11 16:28:16 Image size of job updated: 1433576
	318  -  MemoryUsage of job (MB)
	325460  -  ResidentSetSize of job (KB)
...
006 (9394522.000.000) 07/11 16:32:06 Image size of job updated: 1433588
	314  -  MemoryUsage of job (MB)
	320704  -  ResidentSetSize of job (KB)
...
006 (9394548.000.000) 07/11 16:32:13 Image size of job updated: 1433492
	315  -  MemoryUsage of job (MB)
	322552  -  ResidentSetSize of job (KB)
...
006 (9394499.000.000) 07/11 16:33:17 Image size of job updated: 1433832
	320  -  MemoryUsage of job (MB)
	327372  -  ResidentSetSize of job (KB)
...
006 (9394522.000.000) 07/11 16:37:06 Image size of job updated: 1433588
	319  -  MemoryUsage of job (MB)
	326488  -  ResidentSetSize of job (KB)
...
006 (9394548.000.000) 07/11 16:37:14 Image size of job updated: 1433492
	315  -  MemoryUsage of job (MB)
	322556  -  ResidentSetSize of job (KB)
...
006 (9394499.000.000) 07/11 16:38:18 Image size of job updated: 1436628
	324  -  MemoryUsage of job (MB)
	330980  -  ResidentSetSize of job (KB)
...
006 (9394522.000.000) 07/11 16:42:06 Image size of job updated: 1433844
	319  -  MemoryUsage of job (MB)
	326528  -  ResidentSetSize of job (KB)
...
006 (9394548.000.000) 07/11 16:42:15 Image size of job updated: 1433492
	319  -  MemoryUsage of job (MB)
	326232  -  ResidentSetSize of job (KB)
...
006 (9394499.000.000) 07/11 16:43:18 Image size of job updated: 1436628
	325  -  MemoryUsage of job (MB)
	332472  -  ResidentSetSize of job (KB)
...
006 (9394522.000.000) 07/11 16:47:07 Image size of job updated: 1436508
	323  -  MemoryUsage of job (MB)
	330676  -  ResidentSetSize of job (KB)
...
006 (9394548.000.000) 07/11 16:47:15 Image size of job updated: 1433492
	319  -  MemoryUsage of job (MB)
	326264  -  ResidentSetSize of job (KB)
...
006 (9394499.000.000) 07/11 16:48:19 Image size of job updated: 1436628
	325  -  MemoryUsage of job (MB)
	332484  -  ResidentSetSize of job (KB)
...
006 (9394522.000.000) 07/11 16:52:07 Image size of job updated: 1436508
	324  -  MemoryUsage of job (MB)
	331768  -  ResidentSetSize of job (KB)
...
006 (9394548.000.000) 07/11 16:52:16 Image size of job updated: 1436680
	324  -  MemoryUsage of job (MB)
	330900  -  ResidentSetSize of job (KB)
...
006 (9394499.000.000) 07/11 16:53:20 Image size of job updated: 1436628
	325  -  MemoryUsage of job (MB)
	332568  -  ResidentSetSize of job (KB)
...
006 (9394548.000.000) 07/11 16:57:17 Image size of job updated: 1436680
	325  -  MemoryUsage of job (MB)
	332392  -  ResidentSetSize of job (KB)
...
006 (9394522.000.000) 07/11 17:02:08 Image size of job updated: 1436508
	325  -  MemoryUsage of job (MB)
	332740  -  ResidentSetSize of job (KB)
...
006 (9394548.000.000) 07/11 17:02:17 Image size of job updated: 1436680
	325  -  MemoryUsage of job (MB)
	332476  -  ResidentSetSize of job (KB)
...
006 (9394499.000.000) 07/11 17:03:20 Image size of job updated: 1436628
	325  -  MemoryUsage of job (MB)
	332660  -  ResidentSetSize of job (KB)
...
006 (9394548.000.000) 07/11 17:07:18 Image size of job updated: 1436680
	325  -  MemoryUsage of job (MB)
	332480  -  ResidentSetSize of job (KB)
...
006 (9394499.000.000) 07/11 17:08:22 Image size of job updated: 1436628
	326  -  MemoryUsage of job (MB)
	332940  -  ResidentSetSize of job (KB)
...
006 (9394522.000.000) 07/11 17:12:09 Image size of job updated: 1436508
	325  -  MemoryUsage of job (MB)
	332772  -  ResidentSetSize of job (KB)
...
006 (9394522.000.000) 07/11 17:17:09 Image size of job updated: 1436508
	326  -  MemoryUsage of job (MB)
	332888  -  ResidentSetSize of job (KB)
...
006 (9394499.000.000) 07/11 17:18:22 Image size of job updated: 1436628
	326  -  MemoryUsage of job (MB)
	332952  -  ResidentSetSize of job (KB)
...
006 (9394522.000.000) 07/11 17:27:11 Image size of job updated: 1436508
	326  -  MemoryUsage of job (MB)
	332900  -  ResidentSetSize of job (KB)
...
006 (9394499.000.000) 07/11 17:28:24 Image size of job updated: 1436628
	326  -  MemoryUsage of job (MB)
	332956  -  ResidentSetSize of job (KB)
...
006 (9394499.000.000) 07/11 17:33:24 Image size of job updated: 1436628
	326  -  MemoryUsage of job (MB)
	332968  -  ResidentSetSize of job (KB)
...
006 (9394522.000.000) 07/11 17:37:11 Image size of job updated: 1436508
	326  -  MemoryUsage of job (MB)
	332916  -  ResidentSetSize of job (KB)
...
006 (9394522.000.000) 07/11 17:42:12 Image size of job updated: 1436508
	326  -  MemoryUsage of job (MB)
	332928  -  ResidentSetSize of job (KB)
...
006 (9394499.000.000) 07/11 17:43:26 Image size of job updated: 1436628
	326  -  MemoryUsage of job (MB)
	332972  -  ResidentSetSize of job (KB)
...
006 (9394522.000.000) 07/11 17:47:13 Image size of job updated: 1436508
	326  -  MemoryUsage of job (MB)
	332932  -  ResidentSetSize of job (KB)
...
006 (9394499.000.000) 07/11 17:58:27 Image size of job updated: 1436628
	326  -  MemoryUsage of job (MB)
	332976  -  ResidentSetSize of job (KB)
...
006 (9394499.000.000) 07/11 18:23:29 Image size of job updated: 1436628
	326  -  MemoryUsage of job (MB)
	332980  -  ResidentSetSize of job (KB)
...
006 (9394499.000.000) 07/11 18:33:31 Image size of job updated: 1436628
	326  -  MemoryUsage of job (MB)
	332984  -  ResidentSetSize of job (KB)
...
006 (9394499.000.000) 07/11 18:43:31 Image size of job updated: 1436628
	326  -  MemoryUsage of job (MB)
	333024  -  ResidentSetSize of job (KB)
...
006 (9394499.000.000) 07/11 18:50:18 Image size of job updated: 1568980
	326  -  MemoryUsage of job (MB)
	333024  -  ResidentSetSize of job (KB)
...
040 (9394499.000.000) 07/11 18:50:18 Started transferring output files
...
040 (9394499.000.000) 07/11 18:50:18 Finished transferring output files
...
005 (9394499.000.000) 07/11 18:50:18 Job terminated.
	(1) Normal termination (return value 0)
		Usr 0 01:09:03, Sys 0 00:00:40  -  Run Remote Usage
		Usr 0 00:00:00, Sys 0 00:00:00  -  Run Local Usage
		Usr 0 01:09:03, Sys 0 00:00:40  -  Total Remote Usage
		Usr 0 00:00:00, Sys 0 00:00:00  -  Total Local Usage
	57894  -  Run Bytes Sent By Job
	11159  -  Run Bytes Received By Job
	57894  -  Total Bytes Sent By Job
	11159  -  Total Bytes Received By Job
	Partitionable Resources :    Usage  Request Allocated 
	   Cpus                 :     0.23        1         1 
	   Disk (KB)            :    88          12   2948115 
	   Memory (MB)          :   326        2000      2000 

	Job terminated of its own accord at 2023-07-11T16:50:18Z.
...
040 (9394548.000.000) 07/11 20:02:14 Started transferring output files
...
040 (9394548.000.000) 07/11 20:02:14 Finished transferring output files
...
005 (9394548.000.000) 07/11 20:02:14 Job terminated.
	(1) Normal termination (return value 0)
		Usr 0 01:57:22, Sys 0 00:00:38  -  Run Remote Usage
		Usr 0 00:00:00, Sys 0 00:00:00  -  Run Local Usage
		Usr 0 01:57:22, Sys 0 00:00:38  -  Total Remote Usage
		Usr 0 00:00:00, Sys 0 00:00:00  -  Total Local Usage
	57894  -  Run Bytes Sent By Job
	11160  -  Run Bytes Received By Job
	57894  -  Total Bytes Sent By Job
	11160  -  Total Bytes Received By Job
	Partitionable Resources :    Usage  Request Allocated 
	   Cpus                 :     0.65        1         1 
	   Disk (KB)            :    89          12   2917782 
	   Memory (MB)          :   325        2000      2000 

	Job terminated of its own accord at 2023-07-11T18:02:14Z.
...
006 (9394522.000.000) 07/11 20:12:28 Image size of job updated: 1436508
	326  -  MemoryUsage of job (MB)
	332940  -  ResidentSetSize of job (KB)
...
006 (9394522.000.000) 07/11 20:22:29 Image size of job updated: 1436508
	326  -  MemoryUsage of job (MB)
	332980  -  ResidentSetSize of job (KB)
...
040 (9394522.000.000) 07/11 20:27:54 Started transferring output files
...
040 (9394522.000.000) 07/11 20:27:54 Finished transferring output files
...
005 (9394522.000.000) 07/11 20:27:54 Job terminated.
	(1) Normal termination (return value 0)
		Usr 0 01:01:39, Sys 0 00:00:37  -  Run Remote Usage
		Usr 0 00:00:00, Sys 0 00:00:00  -  Run Local Usage
		Usr 0 01:01:39, Sys 0 00:00:37  -  Total Remote Usage
		Usr 0 00:00:00, Sys 0 00:00:00  -  Total Local Usage
	57894  -  Run Bytes Sent By Job
	11160  -  Run Bytes Received By Job
	57894  -  Total Bytes Sent By Job
	11160  -  Total Bytes Received By Job
	Partitionable Resources :    Usage  Request Allocated 
	   Cpus                 :     0.42        1         1 
	   Disk (KB)            :    89          12   1296764 
	   Memory (MB)          :   326        2000      2000 

	Job terminated of its own accord at 2023-07-11T18:27:54Z.
...
