000 (9389936.000.000) 07/09 23:15:37 Job submitted from host: <137.138.120.116:9618?addrs=137.138.120.116-9618+[2001-1458-d00-16--17b]-9618&alias=bigbird12.cern.ch&noUDP&sock=schedd_8624_ecd7>
...
040 (9389936.000.000) 07/09 23:17:38 Started transferring input files
	Transferring to host: <128.142.61.15:9618?addrs=128.142.61.15-9618+[2001-1458-301-23--100-e]-9618&alias=b7s06p7712.cern.ch&noUDP&sock=slot1_14_6563_fa24_30219>
...
040 (9389936.000.000) 07/09 23:17:38 Finished transferring input files
...
001 (9389936.000.000) 07/09 23:17:39 Job executing on host: <128.142.61.15:9618?addrs=128.142.61.15-9618+[2001-1458-301-23--100-e]-9618&alias=b7s06p7712.cern.ch&noUDP&sock=startd_4312_4077>
...
006 (9389936.000.000) 07/09 23:17:48 Image size of job updated: 26364
	11  -  MemoryUsage of job (MB)
	10904  -  ResidentSetSize of job (KB)
...
006 (9389936.000.000) 07/09 23:18:19 Image size of job updated: 912972
	11  -  MemoryUsage of job (MB)
	10904  -  ResidentSetSize of job (KB)
...
040 (9389936.000.000) 07/09 23:18:19 Started transferring output files
...
040 (9389936.000.000) 07/09 23:18:19 Finished transferring output files
...
005 (9389936.000.000) 07/09 23:18:19 Job terminated.
	(1) Normal termination (return value 1)
		Usr 0 00:00:05, Sys 0 00:00:01  -  Run Remote Usage
		Usr 0 00:00:00, Sys 0 00:00:00  -  Run Local Usage
		Usr 0 00:00:05, Sys 0 00:00:01  -  Total Remote Usage
		Usr 0 00:00:00, Sys 0 00:00:00  -  Total Local Usage
	1149  -  Run Bytes Sent By Job
	11159  -  Run Bytes Received By Job
	1149  -  Total Bytes Sent By Job
	11159  -  Total Bytes Received By Job
	Partitionable Resources :    Usage  Request Allocated 
	   Cpus                 :     0.16        1         1 
	   Disk (KB)            :    36          12   1326277 
	   Memory (MB)          :    11        2000      2000 

	Job terminated of its own accord at 2023-07-09T21:18:19Z.
...
000 (9389956.000.000) 07/09 23:28:39 Job submitted from host: <137.138.120.116:9618?addrs=137.138.120.116-9618+[2001-1458-d00-16--17b]-9618&alias=bigbird12.cern.ch&noUDP&sock=schedd_8624_ecd7>
...
040 (9389956.000.000) 07/09 23:29:26 Started transferring input files
	Transferring to host: <128.142.61.81:9618?addrs=128.142.61.81-9618+[2001-1458-301-23--100-50]-9618&alias=b7s06p7482.cern.ch&noUDP&sock=slot1_5_51799_d4d3_1775>
...
040 (9389956.000.000) 07/09 23:29:26 Finished transferring input files
...
001 (9389956.000.000) 07/09 23:29:27 Job executing on host: <128.142.61.81:9618?addrs=128.142.61.81-9618+[2001-1458-301-23--100-50]-9618&alias=b7s06p7482.cern.ch&noUDP&sock=startd_51760_a21d>
...
006 (9389956.000.000) 07/09 23:29:36 Image size of job updated: 963436
	42  -  MemoryUsage of job (MB)
	42172  -  ResidentSetSize of job (KB)
...
006 (9389956.000.000) 07/09 23:29:53 Image size of job updated: 968116
	42  -  MemoryUsage of job (MB)
	42196  -  ResidentSetSize of job (KB)
...
040 (9389956.000.000) 07/09 23:29:53 Started transferring output files
...
040 (9389956.000.000) 07/09 23:29:53 Finished transferring output files
...
005 (9389956.000.000) 07/09 23:29:53 Job terminated.
	(1) Normal termination (return value 1)
		Usr 0 00:00:05, Sys 0 00:00:02  -  Run Remote Usage
		Usr 0 00:00:00, Sys 0 00:00:00  -  Run Local Usage
		Usr 0 00:00:05, Sys 0 00:00:02  -  Total Remote Usage
		Usr 0 00:00:00, Sys 0 00:00:00  -  Total Local Usage
	1149  -  Run Bytes Sent By Job
	11159  -  Run Bytes Received By Job
	1149  -  Total Bytes Sent By Job
	11159  -  Total Bytes Received By Job
	Partitionable Resources :    Usage  Request Allocated 
	   Cpus                 :                 1         1 
	   Disk (KB)            :       28       12   1315442 
	   Memory (MB)          :       42     2000      2000 

	Job terminated of its own accord at 2023-07-09T21:29:53Z.
...
000 (9389976.000.000) 07/09 23:38:34 Job submitted from host: <137.138.120.116:9618?addrs=137.138.120.116-9618+[2001-1458-d00-16--17b]-9618&alias=bigbird12.cern.ch&noUDP&sock=schedd_8624_ecd7>
...
040 (9389976.000.000) 07/09 23:39:59 Started transferring input files
	Transferring to host: <188.184.163.79:9618?addrs=188.184.163.79-9618+[2001-1458-301-4d--100-49]-9618&alias=b7s12p2939.cern.ch&noUDP&sock=slot1_11_172068_38ce_26083>
...
040 (9389976.000.000) 07/09 23:39:59 Finished transferring input files
...
001 (9389976.000.000) 07/09 23:40:00 Job executing on host: <188.184.163.79:9618?addrs=188.184.163.79-9618+[2001-1458-301-4d--100-49]-9618&alias=b7s12p2939.cern.ch&noUDP&sock=startd_172030_d981>
...
006 (9389976.000.000) 07/09 23:40:09 Image size of job updated: 370368
	11  -  MemoryUsage of job (MB)
	10912  -  ResidentSetSize of job (KB)
...
000 (9389996.000.000) 07/09 23:41:58 Job submitted from host: <137.138.120.116:9618?addrs=137.138.120.116-9618+[2001-1458-d00-16--17b]-9618&alias=bigbird12.cern.ch&noUDP&sock=schedd_8624_ecd7>
...
040 (9389996.000.000) 07/09 23:43:49 Started transferring input files
	Transferring to host: <128.142.61.67:9618?addrs=128.142.61.67-9618+[2001-1458-301-23--100-42]-9618&alias=b7s06p7999.cern.ch&noUDP&sock=slot1_1_8806_5f9f_128712>
...
040 (9389996.000.000) 07/09 23:43:49 Finished transferring input files
...
001 (9389996.000.000) 07/09 23:43:50 Job executing on host: <128.142.61.67:9618?addrs=128.142.61.67-9618+[2001-1458-301-23--100-42]-9618&alias=b7s06p7999.cern.ch&noUDP&sock=startd_6884_6e0d>
...
006 (9389996.000.000) 07/09 23:43:59 Image size of job updated: 825072
	163  -  MemoryUsage of job (MB)
	166508  -  ResidentSetSize of job (KB)
...
000 (9390016.000.000) 07/09 23:44:48 Job submitted from host: <137.138.120.116:9618?addrs=137.138.120.116-9618+[2001-1458-d00-16--17b]-9618&alias=bigbird12.cern.ch&noUDP&sock=schedd_8624_ecd7>
...
006 (9389976.000.000) 07/09 23:45:10 Image size of job updated: 1428484
	293  -  MemoryUsage of job (MB)
	299572  -  ResidentSetSize of job (KB)
...
006 (9389996.000.000) 07/09 23:49:01 Image size of job updated: 1429500
	295  -  MemoryUsage of job (MB)
	301096  -  ResidentSetSize of job (KB)
...
006 (9389976.000.000) 07/09 23:50:10 Image size of job updated: 1429500
	295  -  MemoryUsage of job (MB)
	301300  -  ResidentSetSize of job (KB)
...
040 (9390016.000.000) 07/09 23:53:59 Started transferring input files
	Transferring to host: <188.184.163.144:9618?addrs=188.184.163.144-9618+[2001-1458-301-4d--100-8a]-9618&alias=b7s12p8659.cern.ch&noUDP&sock=slot1_12_195018_92b3_1479>
...
040 (9390016.000.000) 07/09 23:53:59 Finished transferring input files
...
001 (9390016.000.000) 07/09 23:54:00 Job executing on host: <188.184.163.144:9618?addrs=188.184.163.144-9618+[2001-1458-301-4d--100-8a]-9618&alias=b7s12p8659.cern.ch&noUDP&sock=startd_194977_953e>
...
006 (9389996.000.000) 07/09 23:54:01 Image size of job updated: 1429500
	295  -  MemoryUsage of job (MB)
	301468  -  ResidentSetSize of job (KB)
...
006 (9390016.000.000) 07/09 23:54:09 Image size of job updated: 25544
	11  -  MemoryUsage of job (MB)
	10920  -  ResidentSetSize of job (KB)
...
006 (9389976.000.000) 07/09 23:55:11 Image size of job updated: 1429500
	295  -  MemoryUsage of job (MB)
	301468  -  ResidentSetSize of job (KB)
...
006 (9389996.000.000) 07/09 23:59:01 Image size of job updated: 1429500
	295  -  MemoryUsage of job (MB)
	301588  -  ResidentSetSize of job (KB)
...
006 (9390016.000.000) 07/09 23:59:09 Image size of job updated: 1428480
	293  -  MemoryUsage of job (MB)
	299512  -  ResidentSetSize of job (KB)
...
006 (9389976.000.000) 07/10 00:00:12 Image size of job updated: 1429500
	295  -  MemoryUsage of job (MB)
	301488  -  ResidentSetSize of job (KB)
...
006 (9389996.000.000) 07/10 00:04:02 Image size of job updated: 1429500
	295  -  MemoryUsage of job (MB)
	301608  -  ResidentSetSize of job (KB)
...
006 (9390016.000.000) 07/10 00:04:09 Image size of job updated: 1429496
	295  -  MemoryUsage of job (MB)
	301312  -  ResidentSetSize of job (KB)
...
006 (9389976.000.000) 07/10 00:05:12 Image size of job updated: 1429500
	295  -  MemoryUsage of job (MB)
	301596  -  ResidentSetSize of job (KB)
...
006 (9389996.000.000) 07/10 00:09:02 Image size of job updated: 1429500
	295  -  MemoryUsage of job (MB)
	301628  -  ResidentSetSize of job (KB)
...
006 (9390016.000.000) 07/10 00:09:10 Image size of job updated: 1429496
	295  -  MemoryUsage of job (MB)
	301464  -  ResidentSetSize of job (KB)
...
006 (9389976.000.000) 07/10 00:10:13 Image size of job updated: 1429500
	295  -  MemoryUsage of job (MB)
	301600  -  ResidentSetSize of job (KB)
...
006 (9389996.000.000) 07/10 00:14:02 Image size of job updated: 1429500
	295  -  MemoryUsage of job (MB)
	301696  -  ResidentSetSize of job (KB)
...
006 (9390016.000.000) 07/10 00:14:10 Image size of job updated: 1429496
	295  -  MemoryUsage of job (MB)
	301468  -  ResidentSetSize of job (KB)
...
006 (9389976.000.000) 07/10 00:15:14 Image size of job updated: 1429500
	295  -  MemoryUsage of job (MB)
	301620  -  ResidentSetSize of job (KB)
...
006 (9389996.000.000) 07/10 00:19:03 Image size of job updated: 1429508
	312  -  MemoryUsage of job (MB)
	319288  -  ResidentSetSize of job (KB)
...
006 (9390016.000.000) 07/10 00:19:10 Image size of job updated: 1429496
	295  -  MemoryUsage of job (MB)
	301588  -  ResidentSetSize of job (KB)
...
006 (9389996.000.000) 07/10 00:24:04 Image size of job updated: 1429508
	313  -  MemoryUsage of job (MB)
	320056  -  ResidentSetSize of job (KB)
...
006 (9390016.000.000) 07/10 00:24:12 Image size of job updated: 1429496
	295  -  MemoryUsage of job (MB)
	301592  -  ResidentSetSize of job (KB)
...
006 (9389976.000.000) 07/10 00:25:15 Image size of job updated: 1429500
	295  -  MemoryUsage of job (MB)
	301644  -  ResidentSetSize of job (KB)
...
006 (9389996.000.000) 07/10 00:29:04 Image size of job updated: 1429508
	313  -  MemoryUsage of job (MB)
	320112  -  ResidentSetSize of job (KB)
...
006 (9390016.000.000) 07/10 00:29:12 Image size of job updated: 1429496
	295  -  MemoryUsage of job (MB)
	301608  -  ResidentSetSize of job (KB)
...
006 (9389976.000.000) 07/10 00:30:16 Image size of job updated: 1429500
	295  -  MemoryUsage of job (MB)
	301696  -  ResidentSetSize of job (KB)
...
006 (9389996.000.000) 07/10 00:34:05 Image size of job updated: 1429508
	313  -  MemoryUsage of job (MB)
	320120  -  ResidentSetSize of job (KB)
...
006 (9390016.000.000) 07/10 00:34:12 Image size of job updated: 1429496
	295  -  MemoryUsage of job (MB)
	301612  -  ResidentSetSize of job (KB)
...
006 (9389996.000.000) 07/10 00:39:06 Image size of job updated: 1429508
	313  -  MemoryUsage of job (MB)
	320124  -  ResidentSetSize of job (KB)
...
006 (9390016.000.000) 07/10 00:39:13 Image size of job updated: 1429496
	295  -  MemoryUsage of job (MB)
	301636  -  ResidentSetSize of job (KB)
...
006 (9389976.000.000) 07/10 00:40:16 Image size of job updated: 1429508
	312  -  MemoryUsage of job (MB)
	318896  -  ResidentSetSize of job (KB)
...
006 (9390016.000.000) 07/10 00:44:14 Image size of job updated: 1429496
	295  -  MemoryUsage of job (MB)
	301684  -  ResidentSetSize of job (KB)
...
006 (9389976.000.000) 07/10 00:45:17 Image size of job updated: 1429508
	313  -  MemoryUsage of job (MB)
	319748  -  ResidentSetSize of job (KB)
...
006 (9389996.000.000) 07/10 00:49:06 Image size of job updated: 1429508
	313  -  MemoryUsage of job (MB)
	320248  -  ResidentSetSize of job (KB)
...
006 (9389976.000.000) 07/10 00:50:17 Image size of job updated: 1429508
	313  -  MemoryUsage of job (MB)
	319856  -  ResidentSetSize of job (KB)
...
006 (9389996.000.000) 07/10 00:54:07 Image size of job updated: 1429508
	316  -  MemoryUsage of job (MB)
	323216  -  ResidentSetSize of job (KB)
...
006 (9390016.000.000) 07/10 00:54:15 Image size of job updated: 1429504
	311  -  MemoryUsage of job (MB)
	317556  -  ResidentSetSize of job (KB)
...
006 (9389976.000.000) 07/10 00:55:17 Image size of job updated: 1429508
	313  -  MemoryUsage of job (MB)
	319864  -  ResidentSetSize of job (KB)
...
006 (9389996.000.000) 07/10 00:59:07 Image size of job updated: 1429508
	316  -  MemoryUsage of job (MB)
	323304  -  ResidentSetSize of job (KB)
...
006 (9390016.000.000) 07/10 00:59:16 Image size of job updated: 1429504
	311  -  MemoryUsage of job (MB)
	318272  -  ResidentSetSize of job (KB)
...
006 (9389976.000.000) 07/10 01:00:18 Image size of job updated: 1429508
	313  -  MemoryUsage of job (MB)
	319868  -  ResidentSetSize of job (KB)
...
006 (9389996.000.000) 07/10 01:04:07 Image size of job updated: 1429508
	316  -  MemoryUsage of job (MB)
	323328  -  ResidentSetSize of job (KB)
...
006 (9390016.000.000) 07/10 01:04:16 Image size of job updated: 1429504
	311  -  MemoryUsage of job (MB)
	318372  -  ResidentSetSize of job (KB)
...
006 (9389996.000.000) 07/10 01:09:08 Image size of job updated: 1429764
	316  -  MemoryUsage of job (MB)
	323392  -  ResidentSetSize of job (KB)
...
006 (9390016.000.000) 07/10 01:09:17 Image size of job updated: 1429504
	311  -  MemoryUsage of job (MB)
	318384  -  ResidentSetSize of job (KB)
...
006 (9389976.000.000) 07/10 01:10:18 Image size of job updated: 1429508
	313  -  MemoryUsage of job (MB)
	319876  -  ResidentSetSize of job (KB)
...
006 (9389976.000.000) 07/10 01:15:20 Image size of job updated: 1429508
	313  -  MemoryUsage of job (MB)
	319880  -  ResidentSetSize of job (KB)
...
006 (9389976.000.000) 07/10 01:20:20 Image size of job updated: 1429508
	313  -  MemoryUsage of job (MB)
	319960  -  ResidentSetSize of job (KB)
...
006 (9389996.000.000) 07/10 01:24:09 Image size of job updated: 1429764
	316  -  MemoryUsage of job (MB)
	323400  -  ResidentSetSize of job (KB)
...
006 (9390016.000.000) 07/10 01:24:19 Image size of job updated: 1429504
	311  -  MemoryUsage of job (MB)
	318388  -  ResidentSetSize of job (KB)
...
006 (9389976.000.000) 07/10 01:25:20 Image size of job updated: 1429508
	317  -  MemoryUsage of job (MB)
	324224  -  ResidentSetSize of job (KB)
...
006 (9389996.000.000) 07/10 01:29:11 Image size of job updated: 1429764
	318  -  MemoryUsage of job (MB)
	325136  -  ResidentSetSize of job (KB)
...
006 (9390016.000.000) 07/10 01:29:20 Image size of job updated: 1429504
	311  -  MemoryUsage of job (MB)
	318400  -  ResidentSetSize of job (KB)
...
006 (9389976.000.000) 07/10 01:30:21 Image size of job updated: 1429508
	317  -  MemoryUsage of job (MB)
	324316  -  ResidentSetSize of job (KB)
...
006 (9389996.000.000) 07/10 01:34:11 Image size of job updated: 1429764
	318  -  MemoryUsage of job (MB)
	325140  -  ResidentSetSize of job (KB)
...
006 (9389976.000.000) 07/10 01:35:22 Image size of job updated: 1429508
	317  -  MemoryUsage of job (MB)
	324320  -  ResidentSetSize of job (KB)
...
006 (9390016.000.000) 07/10 01:39:21 Image size of job updated: 1429504
	311  -  MemoryUsage of job (MB)
	318456  -  ResidentSetSize of job (KB)
...
006 (9390016.000.000) 07/10 01:44:22 Image size of job updated: 1429504
	312  -  MemoryUsage of job (MB)
	318572  -  ResidentSetSize of job (KB)
...
006 (9389976.000.000) 07/10 01:45:23 Image size of job updated: 1429764
	317  -  MemoryUsage of job (MB)
	324396  -  ResidentSetSize of job (KB)
...
006 (9390016.000.000) 07/10 01:49:22 Image size of job updated: 1429504
	316  -  MemoryUsage of job (MB)
	323028  -  ResidentSetSize of job (KB)
...
006 (9390016.000.000) 07/10 01:54:22 Image size of job updated: 1429504
	316  -  MemoryUsage of job (MB)
	323068  -  ResidentSetSize of job (KB)
...
006 (9390016.000.000) 07/10 01:59:23 Image size of job updated: 1429504
	316  -  MemoryUsage of job (MB)
	323096  -  ResidentSetSize of job (KB)
...
006 (9389996.000.000) 07/10 02:04:13 Image size of job updated: 1429764
	318  -  MemoryUsage of job (MB)
	325264  -  ResidentSetSize of job (KB)
...
006 (9389976.000.000) 07/10 02:10:26 Image size of job updated: 1429764
	317  -  MemoryUsage of job (MB)
	324416  -  ResidentSetSize of job (KB)
...
006 (9389976.000.000) 07/10 02:15:26 Image size of job updated: 1429764
	318  -  MemoryUsage of job (MB)
	325540  -  ResidentSetSize of job (KB)
...
006 (9390016.000.000) 07/10 02:19:24 Image size of job updated: 1429760
	316  -  MemoryUsage of job (MB)
	323172  -  ResidentSetSize of job (KB)
...
006 (9389976.000.000) 07/10 02:20:27 Image size of job updated: 1429764
	318  -  MemoryUsage of job (MB)
	325596  -  ResidentSetSize of job (KB)
...
006 (9389996.000.000) 07/10 02:24:15 Image size of job updated: 1429764
	318  -  MemoryUsage of job (MB)
	325268  -  ResidentSetSize of job (KB)
...
006 (9389996.000.000) 07/10 02:29:15 Image size of job updated: 1429764
	318  -  MemoryUsage of job (MB)
	325276  -  ResidentSetSize of job (KB)
...
006 (9389996.000.000) 07/10 02:34:16 Image size of job updated: 1429764
	319  -  MemoryUsage of job (MB)
	326180  -  ResidentSetSize of job (KB)
...
006 (9390016.000.000) 07/10 02:44:27 Image size of job updated: 1429760
	316  -  MemoryUsage of job (MB)
	323180  -  ResidentSetSize of job (KB)
...
006 (9390016.000.000) 07/10 02:49:28 Image size of job updated: 1429760
	316  -  MemoryUsage of job (MB)
	323184  -  ResidentSetSize of job (KB)
...
006 (9390016.000.000) 07/10 02:54:28 Image size of job updated: 1429760
	317  -  MemoryUsage of job (MB)
	324568  -  ResidentSetSize of job (KB)
...
006 (9390016.000.000) 07/10 02:59:29 Image size of job updated: 1429760
	318  -  MemoryUsage of job (MB)
	324764  -  ResidentSetSize of job (KB)
...
006 (9390016.000.000) 07/10 03:04:29 Image size of job updated: 1429760
	318  -  MemoryUsage of job (MB)
	324772  -  ResidentSetSize of job (KB)
...
006 (9389976.000.000) 07/10 03:05:32 Image size of job updated: 1429764
	318  -  MemoryUsage of job (MB)
	325604  -  ResidentSetSize of job (KB)
...
006 (9389996.000.000) 07/10 03:14:20 Image size of job updated: 1429764
	319  -  MemoryUsage of job (MB)
	326216  -  ResidentSetSize of job (KB)
...
006 (9389976.000.000) 07/10 03:15:33 Image size of job updated: 1429764
	319  -  MemoryUsage of job (MB)
	325760  -  ResidentSetSize of job (KB)
...
006 (9389976.000.000) 07/10 03:40:36 Image size of job updated: 1429764
	319  -  MemoryUsage of job (MB)
	325764  -  ResidentSetSize of job (KB)
...
006 (9389996.000.000) 07/10 03:54:25 Image size of job updated: 1429764
	319  -  MemoryUsage of job (MB)
	326232  -  ResidentSetSize of job (KB)
...
006 (9390016.000.000) 07/10 03:54:34 Image size of job updated: 1429760
	318  -  MemoryUsage of job (MB)
	325320  -  ResidentSetSize of job (KB)
...
006 (9389976.000.000) 07/10 03:55:38 Image size of job updated: 1429764
	319  -  MemoryUsage of job (MB)
	325852  -  ResidentSetSize of job (KB)
...
006 (9389996.000.000) 07/10 03:59:26 Image size of job updated: 1432576
	322  -  MemoryUsage of job (MB)
	328996  -  ResidentSetSize of job (KB)
...
006 (9390016.000.000) 07/10 03:59:35 Image size of job updated: 1429760
	318  -  MemoryUsage of job (MB)
	325364  -  ResidentSetSize of job (KB)
...
006 (9389976.000.000) 07/10 04:00:39 Image size of job updated: 1429764
	319  -  MemoryUsage of job (MB)
	325868  -  ResidentSetSize of job (KB)
...
006 (9389996.000.000) 07/10 04:04:26 Image size of job updated: 1432860
	322  -  MemoryUsage of job (MB)
	329244  -  ResidentSetSize of job (KB)
...
006 (9390016.000.000) 07/10 04:04:36 Image size of job updated: 1429760
	318  -  MemoryUsage of job (MB)
	325376  -  ResidentSetSize of job (KB)
...
040 (9389996.000.000) 07/10 04:09:21 Started transferring output files
...
040 (9389996.000.000) 07/10 04:09:21 Finished transferring output files
...
005 (9389996.000.000) 07/10 04:09:21 Job terminated.
	(1) Normal termination (return value 0)
		Usr 0 03:12:37, Sys 0 00:01:22  -  Run Remote Usage
		Usr 0 00:00:00, Sys 0 00:00:00  -  Run Local Usage
		Usr 0 03:12:37, Sys 0 00:01:22  -  Total Remote Usage
		Usr 0 00:00:00, Sys 0 00:00:00  -  Total Local Usage
	33854  -  Run Bytes Sent By Job
	11159  -  Run Bytes Received By Job
	33854  -  Total Bytes Sent By Job
	11159  -  Total Bytes Received By Job
	Partitionable Resources :    Usage  Request Allocated 
	   Cpus                 :     0.81        1         1 
	   Disk (KB)            :    65          12   1351106 
	   Memory (MB)          :   322        2000      2000 

	Job terminated of its own accord at 2023-07-10T02:09:21Z.
...
006 (9389976.000.000) 07/10 04:15:40 Image size of job updated: 1429764
	319  -  MemoryUsage of job (MB)
	325872  -  ResidentSetSize of job (KB)
...
006 (9390016.000.000) 07/10 04:39:38 Image size of job updated: 1429760
	319  -  MemoryUsage of job (MB)
	325736  -  ResidentSetSize of job (KB)
...
006 (9389976.000.000) 07/10 04:40:41 Image size of job updated: 1429764
	319  -  MemoryUsage of job (MB)
	325876  -  ResidentSetSize of job (KB)
...
006 (9390016.000.000) 07/10 04:44:38 Image size of job updated: 1429760
	319  -  MemoryUsage of job (MB)
	325752  -  ResidentSetSize of job (KB)
...
006 (9389976.000.000) 07/10 04:55:43 Image size of job updated: 1429764
	319  -  MemoryUsage of job (MB)
	326088  -  ResidentSetSize of job (KB)
...
006 (9389976.000.000) 07/10 05:00:44 Image size of job updated: 1429764
	319  -  MemoryUsage of job (MB)
	326096  -  ResidentSetSize of job (KB)
...
006 (9390016.000.000) 07/10 05:34:43 Image size of job updated: 1429760
	319  -  MemoryUsage of job (MB)
	325756  -  ResidentSetSize of job (KB)
...
006 (9390016.000.000) 07/10 05:39:44 Image size of job updated: 1429760
	319  -  MemoryUsage of job (MB)
	326092  -  ResidentSetSize of job (KB)
...
006 (9389976.000.000) 07/10 05:45:48 Image size of job updated: 1429764
	319  -  MemoryUsage of job (MB)
	326120  -  ResidentSetSize of job (KB)
...
040 (9389976.000.000) 07/10 05:46:17 Started transferring output files
...
040 (9389976.000.000) 07/10 05:46:17 Finished transferring output files
...
005 (9389976.000.000) 07/10 05:46:18 Job terminated.
	(1) Normal termination (return value 1)
		Usr 0 04:50:22, Sys 0 00:01:02  -  Run Remote Usage
		Usr 0 00:00:00, Sys 0 00:00:00  -  Run Local Usage
		Usr 0 04:50:22, Sys 0 00:01:02  -  Total Remote Usage
		Usr 0 00:00:00, Sys 0 00:00:00  -  Total Local Usage
	27679  -  Run Bytes Sent By Job
	11159  -  Run Bytes Received By Job
	27679  -  Total Bytes Sent By Job
	11159  -  Total Bytes Received By Job
	Partitionable Resources :    Usage  Request Allocated 
	   Cpus                 :     0.86        1         1 
	   Disk (KB)            :    62          12   3028544 
	   Memory (MB)          :   319        2000      2000 

	Job terminated of its own accord at 2023-07-10T03:46:17Z.
...
040 (9390016.000.000) 07/10 06:36:18 Started transferring output files
...
040 (9390016.000.000) 07/10 06:36:18 Finished transferring output files
...
005 (9390016.000.000) 07/10 06:36:18 Job terminated.
	(1) Normal termination (return value 1)
		Usr 0 05:26:54, Sys 0 00:00:47  -  Run Remote Usage
		Usr 0 00:00:00, Sys 0 00:00:00  -  Run Local Usage
		Usr 0 05:26:54, Sys 0 00:00:47  -  Total Remote Usage
		Usr 0 00:00:00, Sys 0 00:00:00  -  Total Local Usage
	27679  -  Run Bytes Sent By Job
	11160  -  Run Bytes Received By Job
	27679  -  Total Bytes Sent By Job
	11160  -  Total Bytes Received By Job
	Partitionable Resources :    Usage  Request Allocated 
	   Cpus                 :     0.84        1         1 
	   Disk (KB)            :    63          12   3070043 
	   Memory (MB)          :   319        2000      2000 

	Job terminated of its own accord at 2023-07-10T04:36:18Z.
...
000 (9394501.000.000) 07/11 16:05:24 Job submitted from host: <137.138.120.116:9618?addrs=137.138.120.116-9618+[2001-1458-d00-16--17b]-9618&alias=bigbird12.cern.ch&noUDP&sock=schedd_8624_ecd7>
...
040 (9394501.000.000) 07/11 16:08:07 Started transferring input files
	Transferring to host: <188.184.162.193:9618?addrs=188.184.162.193-9618&alias=b7s11p7899.cern.ch&noUDP&sock=slot1_2_101440_6816_40607>
...
040 (9394501.000.000) 07/11 16:08:07 Finished transferring input files
...
001 (9394501.000.000) 07/11 16:08:08 Job executing on host: <188.184.162.193:9618?addrs=188.184.162.193-9618&alias=b7s11p7899.cern.ch&noUDP&sock=startd_2924_3303>
...
006 (9394501.000.000) 07/11 16:08:17 Image size of job updated: 896804
	73  -  MemoryUsage of job (MB)
	74456  -  ResidentSetSize of job (KB)
...
000 (9394524.000.000) 07/11 16:08:29 Job submitted from host: <137.138.120.116:9618?addrs=137.138.120.116-9618+[2001-1458-d00-16--17b]-9618&alias=bigbird12.cern.ch&noUDP&sock=schedd_8624_ecd7>
...
006 (9394501.000.000) 07/11 16:13:18 Image size of job updated: 1429496
	294  -  MemoryUsage of job (MB)
	300936  -  ResidentSetSize of job (KB)
...
000 (9394551.000.000) 07/11 16:13:23 Job submitted from host: <137.138.120.116:9618?addrs=137.138.120.116-9618+[2001-1458-d00-16--17b]-9618&alias=bigbird12.cern.ch&noUDP&sock=schedd_8624_ecd7>
...
040 (9394524.000.000) 07/11 16:16:56 Started transferring input files
	Transferring to host: <188.184.163.155:9618?addrs=188.184.163.155-9618+[2001-1458-301-4d--100-95]-9618&alias=b7s12p1633.cern.ch&noUDP&sock=slot1_22_123101_8a67_122531>
...
040 (9394524.000.000) 07/11 16:16:56 Finished transferring input files
...
001 (9394524.000.000) 07/11 16:16:57 Job executing on host: <188.184.163.155:9618?addrs=188.184.163.155-9618+[2001-1458-301-4d--100-95]-9618&alias=b7s12p1633.cern.ch&noUDP&sock=startd_28699_b494>
...
040 (9394551.000.000) 07/11 16:17:03 Started transferring input files
	Transferring to host: <188.184.162.56:9618?addrs=188.184.162.56-9618+[2001-1458-301-4a--100-32]-9618&alias=b7s11p5592.cern.ch&noUDP&sock=slot1_11_113026_caad_3991>
...
040 (9394551.000.000) 07/11 16:17:03 Finished transferring input files
...
001 (9394551.000.000) 07/11 16:17:04 Job executing on host: <188.184.162.56:9618?addrs=188.184.162.56-9618+[2001-1458-301-4a--100-32]-9618&alias=b7s11p5592.cern.ch&noUDP&sock=startd_112988_f2d3>
...
006 (9394524.000.000) 07/11 16:17:06 Image size of job updated: 285324
	83  -  MemoryUsage of job (MB)
	84120  -  ResidentSetSize of job (KB)
...
006 (9394551.000.000) 07/11 16:17:13 Image size of job updated: 370368
	146  -  MemoryUsage of job (MB)
	149264  -  ResidentSetSize of job (KB)
...
006 (9394501.000.000) 07/11 16:18:19 Image size of job updated: 1429496
	295  -  MemoryUsage of job (MB)
	301320  -  ResidentSetSize of job (KB)
...
006 (9394524.000.000) 07/11 16:22:07 Image size of job updated: 1429492
	294  -  MemoryUsage of job (MB)
	300644  -  ResidentSetSize of job (KB)
...
006 (9394551.000.000) 07/11 16:22:14 Image size of job updated: 1429496
	294  -  MemoryUsage of job (MB)
	300856  -  ResidentSetSize of job (KB)
...
006 (9394501.000.000) 07/11 16:23:19 Image size of job updated: 1429496
	295  -  MemoryUsage of job (MB)
	301488  -  ResidentSetSize of job (KB)
...
006 (9394524.000.000) 07/11 16:27:08 Image size of job updated: 1429492
	295  -  MemoryUsage of job (MB)
	301244  -  ResidentSetSize of job (KB)
...
006 (9394551.000.000) 07/11 16:27:14 Image size of job updated: 1429496
	295  -  MemoryUsage of job (MB)
	301228  -  ResidentSetSize of job (KB)
...
006 (9394501.000.000) 07/11 16:28:20 Image size of job updated: 1429496
	295  -  MemoryUsage of job (MB)
	301588  -  ResidentSetSize of job (KB)
...
006 (9394524.000.000) 07/11 16:32:08 Image size of job updated: 1429492
	295  -  MemoryUsage of job (MB)
	301404  -  ResidentSetSize of job (KB)
...
006 (9394551.000.000) 07/11 16:32:14 Image size of job updated: 1429496
	295  -  MemoryUsage of job (MB)
	301392  -  ResidentSetSize of job (KB)
...
006 (9394501.000.000) 07/11 16:33:20 Image size of job updated: 1429496
	295  -  MemoryUsage of job (MB)
	301684  -  ResidentSetSize of job (KB)
...
006 (9394524.000.000) 07/11 16:37:09 Image size of job updated: 1429492
	295  -  MemoryUsage of job (MB)
	301492  -  ResidentSetSize of job (KB)
...
006 (9394551.000.000) 07/11 16:37:15 Image size of job updated: 1429496
	295  -  MemoryUsage of job (MB)
	301492  -  ResidentSetSize of job (KB)
...
006 (9394524.000.000) 07/11 16:42:10 Image size of job updated: 1429492
	295  -  MemoryUsage of job (MB)
	301528  -  ResidentSetSize of job (KB)
...
006 (9394551.000.000) 07/11 16:42:15 Image size of job updated: 1429496
	295  -  MemoryUsage of job (MB)
	301520  -  ResidentSetSize of job (KB)
...
006 (9394524.000.000) 07/11 16:47:10 Image size of job updated: 1429492
	295  -  MemoryUsage of job (MB)
	301560  -  ResidentSetSize of job (KB)
...
006 (9394551.000.000) 07/11 16:47:15 Image size of job updated: 1429496
	295  -  MemoryUsage of job (MB)
	301552  -  ResidentSetSize of job (KB)
...
006 (9394501.000.000) 07/11 16:48:22 Image size of job updated: 1429496
	295  -  MemoryUsage of job (MB)
	301696  -  ResidentSetSize of job (KB)
...
006 (9394551.000.000) 07/11 16:52:16 Image size of job updated: 1429496
	295  -  MemoryUsage of job (MB)
	301560  -  ResidentSetSize of job (KB)
...
006 (9394501.000.000) 07/11 16:53:22 Image size of job updated: 1429496
	295  -  MemoryUsage of job (MB)
	301776  -  ResidentSetSize of job (KB)
...
006 (9394524.000.000) 07/11 16:57:11 Image size of job updated: 1429492
	295  -  MemoryUsage of job (MB)
	301580  -  ResidentSetSize of job (KB)
...
006 (9394551.000.000) 07/11 16:57:16 Image size of job updated: 1429496
	295  -  MemoryUsage of job (MB)
	301584  -  ResidentSetSize of job (KB)
...
006 (9394501.000.000) 07/11 16:58:23 Image size of job updated: 1429496
	295  -  MemoryUsage of job (MB)
	301784  -  ResidentSetSize of job (KB)
...
006 (9394524.000.000) 07/11 17:02:11 Image size of job updated: 1429492
	295  -  MemoryUsage of job (MB)
	301652  -  ResidentSetSize of job (KB)
...
006 (9394551.000.000) 07/11 17:02:17 Image size of job updated: 1429496
	295  -  MemoryUsage of job (MB)
	301640  -  ResidentSetSize of job (KB)
...
006 (9394501.000.000) 07/11 17:03:24 Image size of job updated: 1429504
	312  -  MemoryUsage of job (MB)
	318764  -  ResidentSetSize of job (KB)
...
006 (9394551.000.000) 07/11 17:07:18 Image size of job updated: 1429496
	296  -  MemoryUsage of job (MB)
	302416  -  ResidentSetSize of job (KB)
...
006 (9394501.000.000) 07/11 17:08:24 Image size of job updated: 1429504
	312  -  MemoryUsage of job (MB)
	319104  -  ResidentSetSize of job (KB)
...
006 (9394524.000.000) 07/11 17:12:12 Image size of job updated: 1429500
	310  -  MemoryUsage of job (MB)
	316612  -  ResidentSetSize of job (KB)
...
006 (9394551.000.000) 07/11 17:12:18 Image size of job updated: 1429504
	312  -  MemoryUsage of job (MB)
	318712  -  ResidentSetSize of job (KB)
...
006 (9394501.000.000) 07/11 17:13:24 Image size of job updated: 1429504
	312  -  MemoryUsage of job (MB)
	319128  -  ResidentSetSize of job (KB)
...
006 (9394524.000.000) 07/11 17:17:12 Image size of job updated: 1429500
	310  -  MemoryUsage of job (MB)
	317124  -  ResidentSetSize of job (KB)
...
006 (9394551.000.000) 07/11 17:17:19 Image size of job updated: 1429504
	312  -  MemoryUsage of job (MB)
	318828  -  ResidentSetSize of job (KB)
...
006 (9394501.000.000) 07/11 17:18:25 Image size of job updated: 1429504
	312  -  MemoryUsage of job (MB)
	319136  -  ResidentSetSize of job (KB)
...
006 (9394524.000.000) 07/11 17:22:12 Image size of job updated: 1429500
	310  -  MemoryUsage of job (MB)
	317212  -  ResidentSetSize of job (KB)
...
006 (9394551.000.000) 07/11 17:22:20 Image size of job updated: 1429504
	312  -  MemoryUsage of job (MB)
	318844  -  ResidentSetSize of job (KB)
...
006 (9394524.000.000) 07/11 17:27:13 Image size of job updated: 1429500
	310  -  MemoryUsage of job (MB)
	317224  -  ResidentSetSize of job (KB)
...
006 (9394551.000.000) 07/11 17:27:20 Image size of job updated: 1429504
	312  -  MemoryUsage of job (MB)
	318852  -  ResidentSetSize of job (KB)
...
006 (9394524.000.000) 07/11 17:32:13 Image size of job updated: 1429500
	310  -  MemoryUsage of job (MB)
	317236  -  ResidentSetSize of job (KB)
...
006 (9394524.000.000) 07/11 17:37:13 Image size of job updated: 1429500
	310  -  MemoryUsage of job (MB)
	317244  -  ResidentSetSize of job (KB)
...
006 (9394524.000.000) 07/11 17:42:14 Image size of job updated: 1429500
	310  -  MemoryUsage of job (MB)
	317256  -  ResidentSetSize of job (KB)
...
006 (9394501.000.000) 07/11 17:43:26 Image size of job updated: 1429504
	312  -  MemoryUsage of job (MB)
	319148  -  ResidentSetSize of job (KB)
...
006 (9394501.000.000) 07/11 17:48:27 Image size of job updated: 1429504
	312  -  MemoryUsage of job (MB)
	319276  -  ResidentSetSize of job (KB)
...
006 (9394524.000.000) 07/11 17:52:15 Image size of job updated: 1429500
	310  -  MemoryUsage of job (MB)
	317264  -  ResidentSetSize of job (KB)
...
006 (9394551.000.000) 07/11 17:52:23 Image size of job updated: 1429504
	312  -  MemoryUsage of job (MB)
	318948  -  ResidentSetSize of job (KB)
...
006 (9394501.000.000) 07/11 17:53:28 Image size of job updated: 1429504
	315  -  MemoryUsage of job (MB)
	322032  -  ResidentSetSize of job (KB)
...
006 (9394551.000.000) 07/11 17:57:23 Image size of job updated: 1429504
	316  -  MemoryUsage of job (MB)
	323508  -  ResidentSetSize of job (KB)
...
006 (9394501.000.000) 07/11 17:58:28 Image size of job updated: 1429504
	315  -  MemoryUsage of job (MB)
	322052  -  ResidentSetSize of job (KB)
...
006 (9394524.000.000) 07/11 18:02:17 Image size of job updated: 1429500
	310  -  MemoryUsage of job (MB)
	317392  -  ResidentSetSize of job (KB)
...
006 (9394551.000.000) 07/11 18:02:23 Image size of job updated: 1429504
	317  -  MemoryUsage of job (MB)
	323752  -  ResidentSetSize of job (KB)
...
006 (9394501.000.000) 07/11 18:03:28 Image size of job updated: 1429504
	315  -  MemoryUsage of job (MB)
	322076  -  ResidentSetSize of job (KB)
...
006 (9394524.000.000) 07/11 18:07:17 Image size of job updated: 1429500
	311  -  MemoryUsage of job (MB)
	317532  -  ResidentSetSize of job (KB)
...
006 (9394551.000.000) 07/11 18:07:24 Image size of job updated: 1429504
	317  -  MemoryUsage of job (MB)
	323776  -  ResidentSetSize of job (KB)
...
006 (9394524.000.000) 07/11 18:12:18 Image size of job updated: 1429500
	316  -  MemoryUsage of job (MB)
	323400  -  ResidentSetSize of job (KB)
...
006 (9394551.000.000) 07/11 18:12:24 Image size of job updated: 1429504
	317  -  MemoryUsage of job (MB)
	323780  -  ResidentSetSize of job (KB)
...
006 (9394524.000.000) 07/11 18:17:19 Image size of job updated: 1429500
	316  -  MemoryUsage of job (MB)
	323448  -  ResidentSetSize of job (KB)
...
006 (9394551.000.000) 07/11 18:17:24 Image size of job updated: 1429504
	317  -  MemoryUsage of job (MB)
	323784  -  ResidentSetSize of job (KB)
...
006 (9394501.000.000) 07/11 18:18:29 Image size of job updated: 1429760
	315  -  MemoryUsage of job (MB)
	322140  -  ResidentSetSize of job (KB)
...
006 (9394524.000.000) 07/11 18:22:19 Image size of job updated: 1429500
	316  -  MemoryUsage of job (MB)
	323460  -  ResidentSetSize of job (KB)
...
006 (9394551.000.000) 07/11 18:22:25 Image size of job updated: 1429760
	317  -  MemoryUsage of job (MB)
	323860  -  ResidentSetSize of job (KB)
...
006 (9394501.000.000) 07/11 18:23:30 Image size of job updated: 1429760
	315  -  MemoryUsage of job (MB)
	322144  -  ResidentSetSize of job (KB)
...
006 (9394524.000.000) 07/11 18:32:20 Image size of job updated: 1429500
	316  -  MemoryUsage of job (MB)
	323476  -  ResidentSetSize of job (KB)
...
006 (9394524.000.000) 07/11 18:42:20 Image size of job updated: 1429756
	316  -  MemoryUsage of job (MB)
	323540  -  ResidentSetSize of job (KB)
...
006 (9394524.000.000) 07/11 18:47:21 Image size of job updated: 1429756
	316  -  MemoryUsage of job (MB)
	323548  -  ResidentSetSize of job (KB)
...
006 (9394551.000.000) 07/11 18:47:28 Image size of job updated: 1429760
	317  -  MemoryUsage of job (MB)
	323876  -  ResidentSetSize of job (KB)
...
006 (9394501.000.000) 07/11 18:48:32 Image size of job updated: 1429760
	315  -  MemoryUsage of job (MB)
	322152  -  ResidentSetSize of job (KB)
...
006 (9394524.000.000) 07/11 18:52:21 Image size of job updated: 1429756
	316  -  MemoryUsage of job (MB)
	323552  -  ResidentSetSize of job (KB)
...
006 (9394551.000.000) 07/11 18:52:28 Image size of job updated: 1429760
	317  -  MemoryUsage of job (MB)
	323928  -  ResidentSetSize of job (KB)
...
006 (9394501.000.000) 07/11 18:53:33 Image size of job updated: 1429760
	315  -  MemoryUsage of job (MB)
	322176  -  ResidentSetSize of job (KB)
...
006 (9394551.000.000) 07/11 18:57:29 Image size of job updated: 1429760
	318  -  MemoryUsage of job (MB)
	324712  -  ResidentSetSize of job (KB)
...
006 (9394501.000.000) 07/11 18:58:34 Image size of job updated: 1429760
	318  -  MemoryUsage of job (MB)
	324876  -  ResidentSetSize of job (KB)
...
006 (9394524.000.000) 07/11 19:02:22 Image size of job updated: 1429756
	316  -  MemoryUsage of job (MB)
	323556  -  ResidentSetSize of job (KB)
...
006 (9394551.000.000) 07/11 19:02:29 Image size of job updated: 1429760
	318  -  MemoryUsage of job (MB)
	324744  -  ResidentSetSize of job (KB)
...
006 (9394501.000.000) 07/11 19:03:34 Image size of job updated: 1429760
	318  -  MemoryUsage of job (MB)
	324944  -  ResidentSetSize of job (KB)
...
006 (9394501.000.000) 07/11 19:08:35 Image size of job updated: 1429760
	318  -  MemoryUsage of job (MB)
	324964  -  ResidentSetSize of job (KB)
...
006 (9394524.000.000) 07/11 19:12:22 Image size of job updated: 1429756
	316  -  MemoryUsage of job (MB)
	323564  -  ResidentSetSize of job (KB)
...
006 (9394551.000.000) 07/11 19:12:30 Image size of job updated: 1429760
	318  -  MemoryUsage of job (MB)
	324756  -  ResidentSetSize of job (KB)
...
006 (9394524.000.000) 07/11 19:17:23 Image size of job updated: 1429756
	316  -  MemoryUsage of job (MB)
	323572  -  ResidentSetSize of job (KB)
...
006 (9394524.000.000) 07/11 19:22:24 Image size of job updated: 1429756
	318  -  MemoryUsage of job (MB)
	325256  -  ResidentSetSize of job (KB)
...
006 (9394501.000.000) 07/11 19:23:36 Image size of job updated: 1429760
	318  -  MemoryUsage of job (MB)
	324972  -  ResidentSetSize of job (KB)
...
006 (9394524.000.000) 07/11 19:27:24 Image size of job updated: 1429756
	318  -  MemoryUsage of job (MB)
	325288  -  ResidentSetSize of job (KB)
...
006 (9394551.000.000) 07/11 19:42:33 Image size of job updated: 1429760
	319  -  MemoryUsage of job (MB)
	325936  -  ResidentSetSize of job (KB)
...
006 (9394501.000.000) 07/11 19:58:40 Image size of job updated: 1429760
	318  -  MemoryUsage of job (MB)
	325312  -  ResidentSetSize of job (KB)
...
006 (9394501.000.000) 07/11 20:03:41 Image size of job updated: 1429760
	318  -  MemoryUsage of job (MB)
	325484  -  ResidentSetSize of job (KB)
...
006 (9394501.000.000) 07/11 20:08:41 Image size of job updated: 1429760
	318  -  MemoryUsage of job (MB)
	325516  -  ResidentSetSize of job (KB)
...
006 (9394551.000.000) 07/11 20:12:36 Image size of job updated: 1429760
	319  -  MemoryUsage of job (MB)
	325984  -  ResidentSetSize of job (KB)
...
006 (9394524.000.000) 07/11 20:17:30 Image size of job updated: 1429756
	319  -  MemoryUsage of job (MB)
	325924  -  ResidentSetSize of job (KB)
...
006 (9394551.000.000) 07/11 20:17:36 Image size of job updated: 1429760
	319  -  MemoryUsage of job (MB)
	326064  -  ResidentSetSize of job (KB)
...
006 (9394524.000.000) 07/11 20:22:30 Image size of job updated: 1429756
	319  -  MemoryUsage of job (MB)
	326012  -  ResidentSetSize of job (KB)
...
006 (9394501.000.000) 07/11 20:23:43 Image size of job updated: 1429760
	318  -  MemoryUsage of job (MB)
	325528  -  ResidentSetSize of job (KB)
...
006 (9394501.000.000) 07/11 20:48:46 Image size of job updated: 1429760
	319  -  MemoryUsage of job (MB)
	325888  -  ResidentSetSize of job (KB)
...
006 (9394524.000.000) 07/11 20:52:34 Image size of job updated: 1429756
	319  -  MemoryUsage of job (MB)
	326112  -  ResidentSetSize of job (KB)
...
006 (9394524.000.000) 07/11 20:57:34 Image size of job updated: 1429756
	319  -  MemoryUsage of job (MB)
	326148  -  ResidentSetSize of job (KB)
...
006 (9394551.000.000) 07/11 21:02:41 Image size of job updated: 1429760
	319  -  MemoryUsage of job (MB)
	326072  -  ResidentSetSize of job (KB)
...
006 (9394501.000.000) 07/11 21:48:52 Image size of job updated: 1429760
	319  -  MemoryUsage of job (MB)
	325920  -  ResidentSetSize of job (KB)
...
006 (9394501.000.000) 07/11 21:53:53 Image size of job updated: 1429760
	319  -  MemoryUsage of job (MB)
	325940  -  ResidentSetSize of job (KB)
...
006 (9394524.000.000) 07/11 21:57:40 Image size of job updated: 1429756
	319  -  MemoryUsage of job (MB)
	326232  -  ResidentSetSize of job (KB)
...
006 (9394551.000.000) 07/11 22:02:47 Image size of job updated: 1429760
	319  -  MemoryUsage of job (MB)
	326092  -  ResidentSetSize of job (KB)
...
006 (9394551.000.000) 07/11 22:12:47 Image size of job updated: 1432728
	322  -  MemoryUsage of job (MB)
	329040  -  ResidentSetSize of job (KB)
...
040 (9394551.000.000) 07/11 22:42:25 Started transferring output files
...
040 (9394551.000.000) 07/11 22:42:26 Finished transferring output files
...
005 (9394551.000.000) 07/11 22:42:26 Job terminated.
	(1) Normal termination (return value 0)
		Usr 0 04:50:47, Sys 0 00:00:40  -  Run Remote Usage
		Usr 0 00:00:00, Sys 0 00:00:00  -  Run Local Usage
		Usr 0 04:50:47, Sys 0 00:00:40  -  Total Remote Usage
		Usr 0 00:00:00, Sys 0 00:00:00  -  Total Local Usage
	33854  -  Run Bytes Sent By Job
	11160  -  Run Bytes Received By Job
	33854  -  Total Bytes Sent By Job
	11160  -  Total Bytes Received By Job
	Partitionable Resources :    Usage  Request Allocated 
	   Cpus                 :     0.00        1         1 
	   Disk (KB)            :    65          12   2989957 
	   Memory (MB)          :   322        2000      2000 

	Job terminated of its own accord at 2023-07-11T20:42:25Z.
...
006 (9394524.000.000) 07/11 22:42:45 Image size of job updated: 1429756
	319  -  MemoryUsage of job (MB)
	326236  -  ResidentSetSize of job (KB)
...
006 (9394524.000.000) 07/11 22:47:46 Image size of job updated: 1432880
	322  -  MemoryUsage of job (MB)
	329356  -  ResidentSetSize of job (KB)
...
006 (9394501.000.000) 07/11 22:48:57 Image size of job updated: 1429760
	319  -  MemoryUsage of job (MB)
	325956  -  ResidentSetSize of job (KB)
...
006 (9394501.000.000) 07/11 22:53:59 Image size of job updated: 1429760
	319  -  MemoryUsage of job (MB)
	325964  -  ResidentSetSize of job (KB)
...
040 (9394524.000.000) 07/11 22:56:41 Started transferring output files
...
040 (9394524.000.000) 07/11 22:56:41 Finished transferring output files
...
005 (9394524.000.000) 07/11 22:56:41 Job terminated.
	(1) Normal termination (return value 0)
		Usr 0 05:14:09, Sys 0 00:00:56  -  Run Remote Usage
		Usr 0 00:00:00, Sys 0 00:00:00  -  Run Local Usage
		Usr 0 05:14:09, Sys 0 00:00:56  -  Total Remote Usage
		Usr 0 00:00:00, Sys 0 00:00:00  -  Total Local Usage
	33854  -  Run Bytes Sent By Job
	11160  -  Run Bytes Received By Job
	33854  -  Total Bytes Sent By Job
	11160  -  Total Bytes Received By Job
	Partitionable Resources :    Usage  Request Allocated 
	   Cpus                 :     0.57        1         1 
	   Disk (KB)            :    65          12   2966277 
	   Memory (MB)          :   322        2000      2000 

	Job terminated of its own accord at 2023-07-11T20:56:41Z.
...
006 (9394501.000.000) 07/11 22:58:59 Image size of job updated: 1432568
	322  -  MemoryUsage of job (MB)
	328800  -  ResidentSetSize of job (KB)
...
006 (9394501.000.000) 07/11 23:03:59 Image size of job updated: 1432568
	322  -  MemoryUsage of job (MB)
	328872  -  ResidentSetSize of job (KB)
...
040 (9394501.000.000) 07/11 23:12:38 Started transferring output files
...
040 (9394501.000.000) 07/11 23:12:38 Finished transferring output files
...
005 (9394501.000.000) 07/11 23:12:38 Job terminated.
	(1) Normal termination (return value 0)
		Usr 0 05:42:33, Sys 0 00:00:56  -  Run Remote Usage
		Usr 0 00:00:00, Sys 0 00:00:00  -  Run Local Usage
		Usr 0 05:42:33, Sys 0 00:00:56  -  Total Remote Usage
		Usr 0 00:00:00, Sys 0 00:00:00  -  Total Local Usage
	33854  -  Run Bytes Sent By Job
	11159  -  Run Bytes Received By Job
	33854  -  Total Bytes Sent By Job
	11159  -  Total Bytes Received By Job
	Partitionable Resources :    Usage  Request Allocated 
	   Cpus                 :     0.60        1         1 
	   Disk (KB)            :    65          12   3055404 
	   Memory (MB)          :   322        2000      2000 

	Job terminated of its own accord at 2023-07-11T21:12:38Z.
...
