Acquisizione batchfile 0/61
Event: 0
Acquisizione batchfile 1/61
Event: 0
Acquisizione batchfile 2/61
Event: 0
Acquisizione batchfile 3/61
Event: 0
Acquisizione batchfile 4/61
Event: 0
Acquisizione batchfile 5/61
Event: 0
Acquisizione batchfile 6/61
Event: 0
Acquisizione batchfile 7/61
Event: 0
Acquisizione batchfile 8/61
Event: 0
Acquisizione batchfile 9/61
Event: 0
Acquisizione batchfile 10/61
Event: 0
Acquisizione batchfile 11/61
Event: 0
Acquisizione batchfile 12/61
Event: 0
Acquisizione batchfile 13/61
Event: 0
Acquisizione batchfile 14/61
Event: 0
Acquisizione batchfile 15/61
Event: 0
Acquisizione batchfile 16/61
Event: 0
Acquisizione batchfile 17/61
Event: 0
Acquisizione batchfile 18/61
Event: 0
Acquisizione batchfile 19/61
Event: 0
Acquisizione batchfile 20/61
Event: 0
Acquisizione batchfile 21/61
Event: 0
Acquisizione batchfile 22/61
Event: 0
Acquisizione batchfile 23/61
Event: 0
Acquisizione batchfile 24/61
Event: 0
Acquisizione batchfile 25/61
Event: 0
Acquisizione batchfile 26/61
Event: 0
Acquisizione batchfile 27/61
Acquisizione batchfile 28/61
Event: 0
Acquisizione batchfile 29/61
Event: 0
Acquisizione batchfile 30/61
Event: 0
Acquisizione batchfile 31/61
Event: 0
Acquisizione batchfile 32/61
Event: 0
Acquisizione batchfile 33/61
Acquisizione batchfile 34/61
Event: 0
Acquisizione batchfile 35/61
Event: 0
Acquisizione batchfile 36/61
Event: 0
Acquisizione batchfile 37/61
Event: 0
Acquisizione batchfile 38/61
Acquisizione batchfile 39/61
Event: 0
Acquisizione batchfile 40/61
Event: 0
Acquisizione batchfile 41/61
Event: 0
Acquisizione batchfile 42/61
Event: 0
Acquisizione batchfile 43/61
Acquisizione batchfile 44/61
Event: 0
Acquisizione batchfile 45/61
Event: 0
Acquisizione batchfile 46/61
Event: 0
Acquisizione batchfile 47/61
Event: 0
Acquisizione batchfile 48/61
Event: 0
Acquisizione batchfile 49/61
Event: 0
Acquisizione batchfile 50/61
Event: 0
Acquisizione batchfile 51/61
Event: 0
Acquisizione batchfile 52/61
Event: 0
Acquisizione batchfile 53/61
Event: 0
Acquisizione batchfile 54/61
Event: 0
Acquisizione batchfile 55/61
Event: 0
Acquisizione batchfile 56/61
Event: 0
Acquisizione batchfile 57/61
Event: 0
Acquisizione batchfile 58/61
Event: 0
Acquisizione batchfile 59/61
Event: 0
Acquisizione batchfile 60/61
Event: 0
Processo completo.
Print test...
Caso full:
(1103, 11)
(1103, 10)
(1103, 6)
(1103, 12)
(1103, 1)
()
15466225.0
Caso Forward:
(242, 11)
(242, 10)
(242, 6)
(242, 12)
(242, 1)
()
Caso Non Forward:
(862, 11)
(862, 10)
(862, 6)
(862, 12)
(862, 1)
()
