Acquisizione batchfile 0/88
Event: 0
Acquisizione batchfile 1/88
Acquisizione batchfile 2/88
Acquisizione batchfile 3/88
Acquisizione batchfile 4/88
Acquisizione batchfile 5/88
Event: 0
Acquisizione batchfile 6/88
Acquisizione batchfile 7/88
Acquisizione batchfile 8/88
Acquisizione batchfile 9/88
Event: 0
Acquisizione batchfile 10/88
Acquisizione batchfile 11/88
Acquisizione batchfile 12/88
Event: 0
Acquisizione batchfile 13/88
Acquisizione batchfile 14/88
Acquisizione batchfile 15/88
Acquisizione batchfile 16/88
Acquisizione batchfile 17/88
Acquisizione batchfile 18/88
Acquisizione batchfile 19/88
Acquisizione batchfile 20/88
Acquisizione batchfile 21/88
Event: 0
Acquisizione batchfile 22/88
Event: 0
Acquisizione batchfile 23/88
Acquisizione batchfile 24/88
Acquisizione batchfile 25/88
Acquisizione batchfile 26/88
Acquisizione batchfile 27/88
Acquisizione batchfile 28/88
Acquisizione batchfile 29/88
Acquisizione batchfile 30/88
Event: 0
Acquisizione batchfile 31/88
Acquisizione batchfile 32/88
Acquisizione batchfile 33/88
Acquisizione batchfile 34/88
Acquisizione batchfile 35/88
Acquisizione batchfile 36/88
Acquisizione batchfile 37/88
Acquisizione batchfile 38/88
Acquisizione batchfile 39/88
Acquisizione batchfile 40/88
Acquisizione batchfile 41/88
Acquisizione batchfile 42/88
Acquisizione batchfile 43/88
Acquisizione batchfile 44/88
Acquisizione batchfile 45/88
Acquisizione batchfile 46/88
Acquisizione batchfile 47/88
Acquisizione batchfile 48/88
Acquisizione batchfile 49/88
Acquisizione batchfile 50/88
Acquisizione batchfile 51/88
Acquisizione batchfile 52/88
Acquisizione batchfile 53/88
Acquisizione batchfile 54/88
Acquisizione batchfile 55/88
Acquisizione batchfile 56/88
Acquisizione batchfile 57/88
Acquisizione batchfile 58/88
Acquisizione batchfile 59/88
Acquisizione batchfile 60/88
Acquisizione batchfile 61/88
Acquisizione batchfile 62/88
Acquisizione batchfile 63/88
Acquisizione batchfile 64/88
Acquisizione batchfile 65/88
Acquisizione batchfile 66/88
Acquisizione batchfile 67/88
Acquisizione batchfile 68/88
Acquisizione batchfile 69/88
Acquisizione batchfile 70/88
Acquisizione batchfile 71/88
Acquisizione batchfile 72/88
Acquisizione batchfile 73/88
Acquisizione batchfile 74/88
Acquisizione batchfile 75/88
Acquisizione batchfile 76/88
Acquisizione batchfile 77/88
Acquisizione batchfile 78/88
Acquisizione batchfile 79/88
Acquisizione batchfile 80/88
Acquisizione batchfile 81/88
Acquisizione batchfile 82/88
Acquisizione batchfile 83/88
Acquisizione batchfile 84/88
Acquisizione batchfile 85/88
Acquisizione batchfile 86/88
Acquisizione batchfile 87/88
Processo completo.
Print test...
Caso full:
(6, 11)
(6, 10)
(6, 6)
(6, 12)
(6, 1)
()
54661579.0
Caso Forward:
(2, 11)
(2, 10)
(2, 6)
(2, 12)
(2, 1)
()
Caso Non Forward:
(5, 11)
(5, 10)
(5, 6)
(5, 12)
(5, 1)
()
