Acquisizione batchfile 0/43
Event: 0
Acquisizione batchfile 1/43
Event: 0
Acquisizione batchfile 2/43
Event: 0
Acquisizione batchfile 3/43
Event: 0
Acquisizione batchfile 4/43
Event: 0
Acquisizione batchfile 5/43
Event: 0
Acquisizione batchfile 6/43
Event: 0
Acquisizione batchfile 7/43
Event: 0
Acquisizione batchfile 8/43
Event: 0
Acquisizione batchfile 9/43
Event: 0
Acquisizione batchfile 10/43
Event: 0
Acquisizione batchfile 11/43
Event: 0
Acquisizione batchfile 12/43
Event: 0
Acquisizione batchfile 13/43
Event: 0
Acquisizione batchfile 14/43
Event: 0
Acquisizione batchfile 15/43
Event: 0
Acquisizione batchfile 16/43
Event: 0
Acquisizione batchfile 17/43
Event: 0
Acquisizione batchfile 18/43
Event: 0
Acquisizione batchfile 19/43
Event: 0
Acquisizione batchfile 20/43
Event: 0
Acquisizione batchfile 21/43
Event: 0
Acquisizione batchfile 22/43
Event: 0
Acquisizione batchfile 23/43
Event: 0
Acquisizione batchfile 24/43
Event: 0
Acquisizione batchfile 25/43
Event: 0
Acquisizione batchfile 26/43
Event: 0
Acquisizione batchfile 27/43
Event: 0
Acquisizione batchfile 28/43
Event: 0
Acquisizione batchfile 29/43
Event: 0
Acquisizione batchfile 30/43
Event: 0
Acquisizione batchfile 31/43
Event: 0
Acquisizione batchfile 32/43
Event: 0
Acquisizione batchfile 33/43
Event: 0
Acquisizione batchfile 34/43
Event: 0
Acquisizione batchfile 35/43
Event: 0
Acquisizione batchfile 36/43
Event: 0
Acquisizione batchfile 37/43
Event: 0
Acquisizione batchfile 38/43
Event: 0
Acquisizione batchfile 39/43
Event: 0
Acquisizione batchfile 40/43
Event: 0
Acquisizione batchfile 41/43
Event: 0
Acquisizione batchfile 42/43
Event: 0
Processo completo.
Print test...
Caso full:
(2485, 11)
(2485, 10)
(2485, 6)
(2485, 12)
(2485, 1)
()
5475677.0
Caso Forward:
(489, 11)
(489, 10)
(489, 6)
(489, 12)
(489, 1)
()
Caso Non Forward:
(1997, 11)
(1997, 10)
(1997, 6)
(1997, 12)
(1997, 1)
()
