Acquisizione batchfile 0/55
Event: 0
Acquisizione batchfile 1/55
Event: 0
Acquisizione batchfile 2/55
Event: 0
Acquisizione batchfile 3/55
Event: 0
Acquisizione batchfile 4/55
Event: 0
Acquisizione batchfile 5/55
Event: 0
Acquisizione batchfile 6/55
Event: 0
Acquisizione batchfile 7/55
Event: 0
Acquisizione batchfile 8/55
Event: 0
Acquisizione batchfile 9/55
Event: 0
Acquisizione batchfile 10/55
Event: 0
Acquisizione batchfile 11/55
Event: 0
Acquisizione batchfile 12/55
Event: 0
Acquisizione batchfile 13/55
Event: 0
Acquisizione batchfile 14/55
Event: 0
Acquisizione batchfile 15/55
Event: 0
Acquisizione batchfile 16/55
Event: 0
Acquisizione batchfile 17/55
Event: 0
Acquisizione batchfile 18/55
Event: 0
Acquisizione batchfile 19/55
Event: 0
Acquisizione batchfile 20/55
Event: 0
Acquisizione batchfile 21/55
Event: 0
Acquisizione batchfile 22/55
Event: 0
Acquisizione batchfile 23/55
Event: 0
Acquisizione batchfile 24/55
Event: 0
Acquisizione batchfile 25/55
Event: 0
Acquisizione batchfile 26/55
Event: 0
Acquisizione batchfile 27/55
Event: 0
Acquisizione batchfile 28/55
Event: 0
Acquisizione batchfile 29/55
Event: 0
Acquisizione batchfile 30/55
Event: 0
Acquisizione batchfile 31/55
Event: 0
Acquisizione batchfile 32/55
Event: 0
Acquisizione batchfile 33/55
Event: 0
Acquisizione batchfile 34/55
Event: 0
Acquisizione batchfile 35/55
Event: 0
Acquisizione batchfile 36/55
Event: 0
Acquisizione batchfile 37/55
Event: 0
Acquisizione batchfile 38/55
Event: 0
Acquisizione batchfile 39/55
Event: 0
Acquisizione batchfile 40/55
Event: 0
Acquisizione batchfile 41/55
Event: 0
Acquisizione batchfile 42/55
Event: 0
Acquisizione batchfile 43/55
Event: 0
Acquisizione batchfile 44/55
Event: 0
Acquisizione batchfile 45/55
Event: 0
Acquisizione batchfile 46/55
Event: 0
Acquisizione batchfile 47/55
Event: 0
Acquisizione batchfile 48/55
Event: 0
Acquisizione batchfile 49/55
Event: 0
Acquisizione batchfile 50/55
Event: 0
Acquisizione batchfile 51/55
Event: 0
Acquisizione batchfile 52/55
Event: 0
Acquisizione batchfile 53/55
Event: 0
Acquisizione batchfile 54/55
Processo completo.
Print test...
Caso full:
(704, 11)
(704, 10)
(704, 6)
(704, 12)
(704, 1)
()
48158738.0
Caso Forward:
(158, 11)
(158, 10)
(158, 6)
(158, 12)
(158, 1)
()
Caso Non Forward:
(547, 11)
(547, 10)
(547, 6)
(547, 12)
(547, 1)
()
