Acquisizione batchfile 0/54
Event: 0
Acquisizione batchfile 1/54
Event: 0
Acquisizione batchfile 2/54
Event: 0
Acquisizione batchfile 3/54
Event: 0
Acquisizione batchfile 4/54
Event: 0
Acquisizione batchfile 5/54
Event: 0
Acquisizione batchfile 6/54
Event: 0
Acquisizione batchfile 7/54
Event: 0
Acquisizione batchfile 8/54
Event: 0
Acquisizione batchfile 9/54
Event: 0
Acquisizione batchfile 10/54
Event: 0
Acquisizione batchfile 11/54
Event: 0
Acquisizione batchfile 12/54
Event: 0
Acquisizione batchfile 13/54
Event: 0
Acquisizione batchfile 14/54
Event: 0
Acquisizione batchfile 15/54
Event: 0
Acquisizione batchfile 16/54
Event: 0
Acquisizione batchfile 17/54
Event: 0
Acquisizione batchfile 18/54
Event: 0
Acquisizione batchfile 19/54
Event: 0
Acquisizione batchfile 20/54
Event: 0
Acquisizione batchfile 21/54
Event: 0
Acquisizione batchfile 22/54
Event: 0
Acquisizione batchfile 23/54
Event: 0
Acquisizione batchfile 24/54
Event: 0
Acquisizione batchfile 25/54
Event: 0
Acquisizione batchfile 26/54
Event: 0
Acquisizione batchfile 27/54
Event: 0
Acquisizione batchfile 28/54
Event: 0
Acquisizione batchfile 29/54
Event: 0
Acquisizione batchfile 30/54
Event: 0
Acquisizione batchfile 31/54
Event: 0
Acquisizione batchfile 32/54
Event: 0
Acquisizione batchfile 33/54
Event: 0
Acquisizione batchfile 34/54
Event: 0
Acquisizione batchfile 35/54
Event: 0
Acquisizione batchfile 36/54
Event: 0
Acquisizione batchfile 37/54
Event: 0
Acquisizione batchfile 38/54
Event: 0
Acquisizione batchfile 39/54
Event: 0
Acquisizione batchfile 40/54
Event: 0
Acquisizione batchfile 41/54
Event: 0
Acquisizione batchfile 42/54
Event: 0
Acquisizione batchfile 43/54
Event: 0
Acquisizione batchfile 44/54
Event: 0
Acquisizione batchfile 45/54
Event: 0
Acquisizione batchfile 46/54
Event: 0
Acquisizione batchfile 47/54
Event: 0
Acquisizione batchfile 48/54
Event: 0
Acquisizione batchfile 49/54
Event: 0
Acquisizione batchfile 50/54
Event: 0
Acquisizione batchfile 51/54
Acquisizione batchfile 52/54
Event: 0
Acquisizione batchfile 53/54
Event: 0
Processo completo.
Print test...
Caso full:
(2252, 11)
(2252, 10)
(2252, 6)
(2252, 12)
(2252, 1)
()
10955087.0
Caso Forward:
(450, 11)
(450, 10)
(450, 6)
(450, 12)
(450, 1)
()
Caso Non Forward:
(1803, 11)
(1803, 10)
(1803, 6)
(1803, 12)
(1803, 1)
()
