Acquisizione batchfile 0/42
Event: 0
Acquisizione batchfile 1/42
Event: 0
Acquisizione batchfile 2/42
Event: 0
Acquisizione batchfile 3/42
Event: 0
Acquisizione batchfile 4/42
Event: 0
Acquisizione batchfile 5/42
Event: 0
Acquisizione batchfile 6/42
Event: 0
Acquisizione batchfile 7/42
Event: 0
Acquisizione batchfile 8/42
Event: 0
Acquisizione batchfile 9/42
Event: 0
Acquisizione batchfile 10/42
Acquisizione batchfile 11/42
Event: 0
Acquisizione batchfile 12/42
Event: 0
Acquisizione batchfile 13/42
Event: 0
Acquisizione batchfile 14/42
Event: 0
Acquisizione batchfile 15/42
Event: 0
Acquisizione batchfile 16/42
Acquisizione batchfile 17/42
Event: 0
Acquisizione batchfile 18/42
Event: 0
Acquisizione batchfile 19/42
Event: 0
Acquisizione batchfile 20/42
Event: 0
Acquisizione batchfile 21/42
Event: 0
Acquisizione batchfile 22/42
Event: 0
Acquisizione batchfile 23/42
Event: 0
Acquisizione batchfile 24/42
Event: 0
Acquisizione batchfile 25/42
Acquisizione batchfile 26/42
Event: 0
Acquisizione batchfile 27/42
Event: 0
Acquisizione batchfile 28/42
Acquisizione batchfile 29/42
Event: 0
Acquisizione batchfile 30/42
Event: 0
Acquisizione batchfile 31/42
Event: 0
Acquisizione batchfile 32/42
Event: 0
Acquisizione batchfile 33/42
Event: 0
Acquisizione batchfile 34/42
Event: 0
Acquisizione batchfile 35/42
Event: 0
Acquisizione batchfile 36/42
Event: 0
Acquisizione batchfile 37/42
Event: 0
Acquisizione batchfile 38/42
Event: 0
Acquisizione batchfile 39/42
Acquisizione batchfile 40/42
Event: 0
Acquisizione batchfile 41/42
Event: 0
Processo completo.
Print test...
Caso full:
(118, 11)
(118, 10)
(118, 6)
(118, 12)
(118, 1)
()
55152960.0
Caso Forward:
(25, 11)
(25, 10)
(25, 6)
(25, 12)
(25, 1)
()
Caso Non Forward:
(94, 11)
(94, 10)
(94, 6)
(94, 12)
(94, 1)
()
