Acquisizione batchfile 0/67
Event: 0
Event: 1000
Event: 2000
Event: 3000
Event: 4000
Event: 5000
Event: 6000
Acquisizione batchfile 1/67
Event: 0
Event: 1000
Event: 2000
Event: 3000
Event: 4000
Event: 5000
Event: 6000
Acquisizione batchfile 2/67
Event: 0
Event: 1000
Event: 2000
Event: 3000
Acquisizione batchfile 3/67
Event: 0
Event: 1000
Event: 2000
Event: 3000
Acquisizione batchfile 4/67
Event: 0
Event: 1000
Event: 2000
Event: 3000
Acquisizione batchfile 5/67
Event: 0
Event: 1000
Event: 2000
Event: 3000
Event: 4000
Event: 5000
Event: 6000
Event: 7000
Event: 8000
Event: 9000
Event: 10000
Acquisizione batchfile 6/67
Event: 0
Event: 1000
Acquisizione batchfile 7/67
Event: 0
Event: 1000
Event: 2000
Event: 3000
Event: 4000
Event: 5000
Event: 6000
Event: 7000
Acquisizione batchfile 8/67
Event: 0
Event: 1000
Acquisizione batchfile 9/67
Event: 0
Event: 1000
Event: 2000
Event: 3000
Event: 4000
Event: 5000
Event: 6000
Event: 7000
Event: 8000
Acquisizione batchfile 10/67
Event: 0
Event: 1000
Acquisizione batchfile 11/67
Event: 0
Event: 1000
Acquisizione batchfile 12/67
Event: 0
Event: 1000
Event: 2000
Event: 3000
Event: 4000
Event: 5000
Event: 6000
Event: 7000
Acquisizione batchfile 13/67
Event: 0
Event: 1000
Event: 2000
Event: 3000
Event: 4000
Event: 5000
Event: 6000
Event: 7000
Event: 8000
Acquisizione batchfile 14/67
Event: 0
Acquisizione batchfile 15/67
Event: 0
Event: 1000
Acquisizione batchfile 16/67
Event: 0
Event: 1000
Event: 2000
Event: 3000
Event: 4000
Event: 5000
Event: 6000
Event: 7000
Event: 8000
Acquisizione batchfile 17/67
Event: 0
Event: 1000
Event: 2000
Event: 3000
Event: 4000
Event: 5000
Event: 6000
Event: 7000
Event: 8000
Acquisizione batchfile 18/67
Event: 0
Event: 1000
Event: 2000
Event: 3000
Event: 4000
Event: 5000
Event: 6000
Event: 7000
Event: 8000
Acquisizione batchfile 19/67
Event: 0
Acquisizione batchfile 20/67
Event: 0
Event: 1000
Event: 2000
Event: 3000
Event: 4000
Event: 5000
Event: 6000
Event: 7000
Acquisizione batchfile 21/67
Event: 0
Event: 1000
Event: 2000
Event: 3000
Event: 4000
Event: 5000
Event: 6000
Event: 7000
Event: 8000
Event: 9000
Event: 10000
Event: 11000
Event: 12000
Acquisizione batchfile 22/67
Event: 0
Acquisizione batchfile 23/67
Event: 0
Event: 1000
Event: 2000
Event: 3000
Event: 4000
Event: 5000
Event: 6000
Event: 7000
Event: 8000
Event: 9000
Event: 10000
Event: 11000
Event: 12000
Event: 13000
Acquisizione batchfile 24/67
Event: 0
Event: 1000
Event: 2000
Event: 3000
Event: 4000
Event: 5000
Event: 6000
Event: 7000
Acquisizione batchfile 25/67
Event: 0
Event: 1000
Event: 2000
Event: 3000
Event: 4000
Event: 5000
Event: 6000
Event: 7000
Event: 8000
Event: 9000
Event: 10000
Event: 11000
Event: 12000
Event: 13000
Acquisizione batchfile 26/67
Event: 0
Event: 1000
Event: 2000
Event: 3000
Event: 4000
Event: 5000
Event: 6000
Event: 7000
Event: 8000
Event: 9000
Event: 10000
Acquisizione batchfile 27/67
Event: 0
Acquisizione batchfile 28/67
Event: 0
Event: 1000
Event: 2000
Event: 3000
Acquisizione batchfile 29/67
Event: 0
Event: 1000
Event: 2000
Event: 3000
Event: 4000
Event: 5000
Event: 6000
Event: 7000
Event: 8000
Acquisizione batchfile 30/67
Event: 0
Event: 1000
Event: 2000
Event: 3000
Event: 4000
Event: 5000
Event: 6000
Event: 7000
Event: 8000
Acquisizione batchfile 31/67
Event: 0
Acquisizione batchfile 32/67
Event: 0
Acquisizione batchfile 33/67
Event: 0
Event: 1000
Event: 2000
Event: 3000
Event: 4000
Event: 5000
Event: 6000
Event: 7000
Acquisizione batchfile 34/67
Event: 0
Event: 1000
Event: 2000
Event: 3000
Event: 4000
Event: 5000
Event: 6000
Event: 7000
Acquisizione batchfile 35/67
Event: 0
Event: 1000
Event: 2000
Event: 3000
Event: 4000
Event: 5000
Event: 6000
Acquisizione batchfile 36/67
Event: 0
Event: 1000
Event: 2000
Acquisizione batchfile 37/67
Event: 0
Event: 1000
Event: 2000
Acquisizione batchfile 38/67
Event: 0
Event: 1000
Event: 2000
Event: 3000
Acquisizione batchfile 39/67
Event: 0
Event: 1000
Event: 2000
Event: 3000
Event: 4000
Acquisizione batchfile 40/67
Event: 0
Event: 1000
Event: 2000
Event: 3000
Acquisizione batchfile 41/67
Event: 0
Event: 1000
Event: 2000
Acquisizione batchfile 42/67
Event: 0
Event: 1000
Event: 2000
Acquisizione batchfile 43/67
Event: 0
Event: 1000
Acquisizione batchfile 44/67
Event: 0
Acquisizione batchfile 45/67
Event: 0
Event: 1000
Event: 2000
Acquisizione batchfile 46/67
Event: 0
Event: 1000
Event: 2000
Event: 3000
Acquisizione batchfile 47/67
Event: 0
Acquisizione batchfile 48/67
Event: 0
Event: 1000
Acquisizione batchfile 49/67
Event: 0
Acquisizione batchfile 50/67
Event: 0
Event: 1000
Acquisizione batchfile 51/67
Event: 0
Event: 1000
Acquisizione batchfile 52/67
Event: 0
Event: 1000
Acquisizione batchfile 53/67
Event: 0
Event: 1000
Acquisizione batchfile 54/67
Event: 0
Acquisizione batchfile 55/67
Event: 0
Acquisizione batchfile 56/67
Event: 0
Acquisizione batchfile 57/67
Event: 0
Acquisizione batchfile 58/67
Event: 0
Acquisizione batchfile 59/67
Event: 0
Acquisizione batchfile 60/67
Event: 0
Acquisizione batchfile 61/67
Event: 0
Acquisizione batchfile 62/67
Event: 0
Acquisizione batchfile 63/67
Event: 0
Acquisizione batchfile 64/67
Event: 0
Acquisizione batchfile 65/67
Event: 0
Acquisizione batchfile 66/67
Event: 0
Event: 1000
Event: 2000
Event: 3000
Processo completo.
Print test...
Caso full:
(242594, 11)
(242594, 10)
(242594, 6)
(242594, 12)
(242594, 1)
()
22971051.0
Caso Forward:
(86990, 11)
(86990, 10)
(86990, 6)
(86990, 12)
(86990, 1)
()
Caso Non Forward:
(155605, 11)
(155605, 10)
(155605, 6)
(155605, 12)
(155605, 1)
()
