Acquisizione batchfile 0/85
Event: 0
Event: 1000
Event: 2000
Event: 3000
Event: 4000
Event: 5000
Event: 6000
Event: 7000
Event: 8000
Acquisizione batchfile 1/85
Event: 0
Event: 1000
Event: 2000
Event: 3000
Event: 4000
Event: 5000
Event: 6000
Event: 7000
Acquisizione batchfile 2/85
Event: 0
Event: 1000
Event: 2000
Event: 3000
Event: 4000
Event: 5000
Event: 6000
Event: 7000
Event: 8000
Acquisizione batchfile 3/85
Event: 0
Event: 1000
Event: 2000
Event: 3000
Event: 4000
Event: 5000
Event: 6000
Event: 7000
Event: 8000
Acquisizione batchfile 4/85
Event: 0
Event: 1000
Event: 2000
Event: 3000
Event: 4000
Event: 5000
Event: 6000
Event: 7000
Event: 8000
Acquisizione batchfile 5/85
Event: 0
Event: 1000
Event: 2000
Event: 3000
Event: 4000
Acquisizione batchfile 6/85
Event: 0
Event: 1000
Event: 2000
Event: 3000
Event: 4000
Event: 5000
Event: 6000
Event: 7000
Event: 8000
Acquisizione batchfile 7/85
Event: 0
Event: 1000
Event: 2000
Acquisizione batchfile 8/85
Event: 0
Event: 1000
Event: 2000
Event: 3000
Event: 4000
Event: 5000
Event: 6000
Event: 7000
Event: 8000
Event: 9000
Event: 10000
Event: 11000
Acquisizione batchfile 9/85
Event: 0
Event: 1000
Event: 2000
Event: 3000
Event: 4000
Event: 5000
Event: 6000
Event: 7000
Event: 8000
Acquisizione batchfile 10/85
Event: 0
Event: 1000
Event: 2000
Event: 3000
Event: 4000
Event: 5000
Event: 6000
Event: 7000
Acquisizione batchfile 11/85
Event: 0
Event: 1000
Event: 2000
Event: 3000
Acquisizione batchfile 12/85
Event: 0
Acquisizione batchfile 13/85
Event: 0
Event: 1000
Event: 2000
Event: 3000
Event: 4000
Event: 5000
Event: 6000
Acquisizione batchfile 14/85
Event: 0
Event: 1000
Event: 2000
Event: 3000
Event: 4000
Acquisizione batchfile 15/85
Event: 0
Event: 1000
Event: 2000
Event: 3000
Event: 4000
Event: 5000
Event: 6000
Event: 7000
Event: 8000
Event: 9000
Acquisizione batchfile 16/85
Event: 0
Event: 1000
Event: 2000
Event: 3000
Event: 4000
Event: 5000
Event: 6000
Event: 7000
Event: 8000
Event: 9000
Event: 10000
Event: 11000
Event: 12000
Acquisizione batchfile 17/85
Event: 0
Event: 1000
Event: 2000
Acquisizione batchfile 18/85
Event: 0
Event: 1000
Event: 2000
Event: 3000
Event: 4000
Event: 5000
Event: 6000
Event: 7000
Event: 8000
Event: 9000
Event: 10000
Event: 11000
Event: 12000
Acquisizione batchfile 19/85
Event: 0
Event: 1000
Event: 2000
Event: 3000
Event: 4000
Event: 5000
Event: 6000
Acquisizione batchfile 20/85
Event: 0
Event: 1000
Event: 2000
Event: 3000
Event: 4000
Event: 5000
Event: 6000
Acquisizione batchfile 21/85
Event: 0
Event: 1000
Event: 2000
Event: 3000
Event: 4000
Event: 5000
Event: 6000
Event: 7000
Event: 8000
Event: 9000
Event: 10000
Acquisizione batchfile 22/85
Event: 0
Event: 1000
Event: 2000
Event: 3000
Event: 4000
Event: 5000
Event: 6000
Event: 7000
Acquisizione batchfile 23/85
Event: 0
Event: 1000
Event: 2000
Event: 3000
Event: 4000
Event: 5000
Event: 6000
Event: 7000
Event: 8000
Event: 9000
Event: 10000
Acquisizione batchfile 24/85
Event: 0
Event: 1000
Event: 2000
Event: 3000
Event: 4000
Event: 5000
Event: 6000
Event: 7000
Event: 8000
Event: 9000
Acquisizione batchfile 25/85
Event: 0
Event: 1000
Event: 2000
Event: 3000
Event: 4000
Event: 5000
Event: 6000
Event: 7000
Event: 8000
Acquisizione batchfile 26/85
Event: 0
Acquisizione batchfile 27/85
Event: 0
Event: 1000
Event: 2000
Event: 3000
Event: 4000
Event: 5000
Event: 6000
Event: 7000
Acquisizione batchfile 28/85
Event: 0
Acquisizione batchfile 29/85
Event: 0
Event: 1000
Event: 2000
Event: 3000
Event: 4000
Event: 5000
Event: 6000
Event: 7000
Event: 8000
Event: 9000
Event: 10000
Event: 11000
Acquisizione batchfile 30/85
Event: 0
Event: 1000
Event: 2000
Event: 3000
Event: 4000
Event: 5000
Acquisizione batchfile 31/85
Event: 0
Event: 1000
Event: 2000
Event: 3000
Event: 4000
Event: 5000
Event: 6000
Event: 7000
Acquisizione batchfile 32/85
Event: 0
Event: 1000
Event: 2000
Event: 3000
Event: 4000
Event: 5000
Event: 6000
Event: 7000
Acquisizione batchfile 33/85
Event: 0
Event: 1000
Event: 2000
Event: 3000
Event: 4000
Event: 5000
Event: 6000
Event: 7000
Acquisizione batchfile 34/85
Event: 0
Event: 1000
Event: 2000
Event: 3000
Acquisizione batchfile 35/85
Event: 0
Event: 1000
Event: 2000
Event: 3000
Event: 4000
Event: 5000
Event: 6000
Event: 7000
Event: 8000
Acquisizione batchfile 36/85
Event: 0
Event: 1000
Event: 2000
Event: 3000
Event: 4000
Acquisizione batchfile 37/85
Event: 0
Event: 1000
Event: 2000
Acquisizione batchfile 38/85
Event: 0
Event: 1000
Event: 2000
Event: 3000
Acquisizione batchfile 39/85
Event: 0
Event: 1000
Event: 2000
Event: 3000
Acquisizione batchfile 40/85
Event: 0
Event: 1000
Event: 2000
Event: 3000
Acquisizione batchfile 41/85
Event: 0
Event: 1000
Event: 2000
Event: 3000
Acquisizione batchfile 42/85
Event: 0
Event: 1000
Event: 2000
Event: 3000
Acquisizione batchfile 43/85
Event: 0
Event: 1000
Event: 2000
Event: 3000
Event: 4000
Event: 5000
Acquisizione batchfile 44/85
Event: 0
Event: 1000
Acquisizione batchfile 45/85
Event: 0
Event: 1000
Acquisizione batchfile 46/85
Event: 0
Event: 1000
Acquisizione batchfile 47/85
Event: 0
Event: 1000
Event: 2000
Event: 3000
Acquisizione batchfile 48/85
Event: 0
Event: 1000
Acquisizione batchfile 49/85
Event: 0
Event: 1000
Event: 2000
Acquisizione batchfile 50/85
Event: 0
Event: 1000
Event: 2000
Acquisizione batchfile 51/85
Event: 0
Event: 1000
Event: 2000
Acquisizione batchfile 52/85
Event: 0
Event: 1000
Acquisizione batchfile 53/85
Event: 0
Event: 1000
Event: 2000
Acquisizione batchfile 54/85
Event: 0
Acquisizione batchfile 55/85
Event: 0
Acquisizione batchfile 56/85
Event: 0
Acquisizione batchfile 57/85
Event: 0
Acquisizione batchfile 58/85
Event: 0
Acquisizione batchfile 59/85
Event: 0
Acquisizione batchfile 60/85
Event: 0
Acquisizione batchfile 61/85
Event: 0
Acquisizione batchfile 62/85
Event: 0
Acquisizione batchfile 63/85
Event: 0
Acquisizione batchfile 64/85
Event: 0
Acquisizione batchfile 65/85
Event: 0
Acquisizione batchfile 66/85
Event: 0
Acquisizione batchfile 67/85
Event: 0
Acquisizione batchfile 68/85
Event: 0
Event: 1000
Acquisizione batchfile 69/85
Event: 0
Acquisizione batchfile 70/85
Event: 0
Acquisizione batchfile 71/85
Event: 0
Acquisizione batchfile 72/85
Event: 0
Acquisizione batchfile 73/85
Event: 0
Acquisizione batchfile 74/85
Event: 0
Acquisizione batchfile 75/85
Event: 0
Acquisizione batchfile 76/85
Event: 0
Acquisizione batchfile 77/85
Event: 0
Event: 1000
Acquisizione batchfile 78/85
Event: 0
Acquisizione batchfile 79/85
Event: 0
Acquisizione batchfile 80/85
Event: 0
Acquisizione batchfile 81/85
Event: 0
Acquisizione batchfile 82/85
Event: 0
Acquisizione batchfile 83/85
Event: 0
Acquisizione batchfile 84/85
Event: 0
Processo completo.
Print test...
Caso full:
(324006, 11)
(324006, 10)
(324006, 6)
(324006, 12)
(324006, 1)
()
34823327.0
Caso Forward:
(94862, 11)
(94862, 10)
(94862, 6)
(94862, 12)
(94862, 1)
()
Caso Non Forward:
(229145, 11)
(229145, 10)
(229145, 6)
(229145, 12)
(229145, 1)
()
