Acquisizione batchfile 0/109
Event: 0
Acquisizione batchfile 1/109
Acquisizione batchfile 2/109
Event: 0
Acquisizione batchfile 3/109
Event: 0
Acquisizione batchfile 4/109
Acquisizione batchfile 5/109
Event: 0
Acquisizione batchfile 6/109
Acquisizione batchfile 7/109
Event: 0
Acquisizione batchfile 8/109
Acquisizione batchfile 9/109
Acquisizione batchfile 10/109
Event: 0
Acquisizione batchfile 11/109
Event: 0
Acquisizione batchfile 12/109
Event: 0
Acquisizione batchfile 13/109
Acquisizione batchfile 14/109
Event: 0
Acquisizione batchfile 15/109
Event: 0
Acquisizione batchfile 16/109
Acquisizione batchfile 17/109
Acquisizione batchfile 18/109
Acquisizione batchfile 19/109
Event: 0
Acquisizione batchfile 20/109
Event: 0
Acquisizione batchfile 21/109
Event: 0
Acquisizione batchfile 22/109
Event: 0
Acquisizione batchfile 23/109
Event: 0
Acquisizione batchfile 24/109
Event: 0
Acquisizione batchfile 25/109
Event: 0
Acquisizione batchfile 26/109
Event: 0
Acquisizione batchfile 27/109
Event: 0
Acquisizione batchfile 28/109
Event: 0
Acquisizione batchfile 29/109
Acquisizione batchfile 30/109
Event: 0
Acquisizione batchfile 31/109
Event: 0
Acquisizione batchfile 32/109
Acquisizione batchfile 33/109
Event: 0
Acquisizione batchfile 34/109
Event: 0
Acquisizione batchfile 35/109
Acquisizione batchfile 36/109
Acquisizione batchfile 37/109
Event: 0
Acquisizione batchfile 38/109
Event: 0
Acquisizione batchfile 39/109
Event: 0
Acquisizione batchfile 40/109
Event: 0
Acquisizione batchfile 41/109
Event: 0
Acquisizione batchfile 42/109
Event: 0
Acquisizione batchfile 43/109
Event: 0
Acquisizione batchfile 44/109
Event: 0
Acquisizione batchfile 45/109
Event: 0
Acquisizione batchfile 46/109
Event: 0
Acquisizione batchfile 47/109
Acquisizione batchfile 48/109
Event: 0
Acquisizione batchfile 49/109
Event: 0
Acquisizione batchfile 50/109
Event: 0
Acquisizione batchfile 51/109
Acquisizione batchfile 52/109
Acquisizione batchfile 53/109
Event: 0
Acquisizione batchfile 54/109
Event: 0
Acquisizione batchfile 55/109
Event: 0
Acquisizione batchfile 56/109
Event: 0
Acquisizione batchfile 57/109
Acquisizione batchfile 58/109
Event: 0
Acquisizione batchfile 59/109
Event: 0
Acquisizione batchfile 60/109
Acquisizione batchfile 61/109
Acquisizione batchfile 62/109
Event: 0
Acquisizione batchfile 63/109
Acquisizione batchfile 64/109
Event: 0
Acquisizione batchfile 65/109
Event: 0
Acquisizione batchfile 66/109
Acquisizione batchfile 67/109
Event: 0
Acquisizione batchfile 68/109
Acquisizione batchfile 69/109
Event: 0
Acquisizione batchfile 70/109
Acquisizione batchfile 71/109
Event: 0
Acquisizione batchfile 72/109
Event: 0
Acquisizione batchfile 73/109
Event: 0
Acquisizione batchfile 74/109
Acquisizione batchfile 75/109
Acquisizione batchfile 76/109
Acquisizione batchfile 77/109
Event: 0
Acquisizione batchfile 78/109
Event: 0
Acquisizione batchfile 79/109
Event: 0
Acquisizione batchfile 80/109
Acquisizione batchfile 81/109
Acquisizione batchfile 82/109
Event: 0
Acquisizione batchfile 83/109
Event: 0
Acquisizione batchfile 84/109
Event: 0
Acquisizione batchfile 85/109
Event: 0
Acquisizione batchfile 86/109
Event: 0
Acquisizione batchfile 87/109
Acquisizione batchfile 88/109
Event: 0
Acquisizione batchfile 89/109
Acquisizione batchfile 90/109
Event: 0
Acquisizione batchfile 91/109
Event: 0
Acquisizione batchfile 92/109
Event: 0
Acquisizione batchfile 93/109
Acquisizione batchfile 94/109
Event: 0
Acquisizione batchfile 95/109
Event: 0
Acquisizione batchfile 96/109
Event: 0
Acquisizione batchfile 97/109
Event: 0
Acquisizione batchfile 98/109
Event: 0
Acquisizione batchfile 99/109
Event: 0
Acquisizione batchfile 100/109
Event: 0
Acquisizione batchfile 101/109
Event: 0
Acquisizione batchfile 102/109
Event: 0
Acquisizione batchfile 103/109
Event: 0
Acquisizione batchfile 104/109
Acquisizione batchfile 105/109
Acquisizione batchfile 106/109
Event: 0
Acquisizione batchfile 107/109
Event: 0
Acquisizione batchfile 108/109
Processo completo.
Print test...
Caso full:
(155, 11)
(155, 10)
(155, 6)
(155, 12)
(155, 1)
()
128640000.0
Caso Forward:
(55, 11)
(55, 10)
(55, 6)
(55, 12)
(55, 1)
()
Caso Non Forward:
(101, 11)
(101, 10)
(101, 6)
(101, 12)
(101, 1)
()
