Acquisizione batchfile 0/87
Event: 0
Event: 1000
Event: 2000
Event: 3000
Event: 4000
Event: 5000
Event: 6000
Event: 7000
Event: 8000
Acquisizione batchfile 1/87
Event: 0
Event: 1000
Event: 2000
Event: 3000
Event: 4000
Event: 5000
Event: 6000
Event: 7000
Event: 8000
Acquisizione batchfile 2/87
Event: 0
Event: 1000
Event: 2000
Event: 3000
Event: 4000
Event: 5000
Acquisizione batchfile 3/87
Event: 0
Event: 1000
Event: 2000
Event: 3000
Event: 4000
Event: 5000
Event: 6000
Event: 7000
Event: 8000
Acquisizione batchfile 4/87
Event: 0
Event: 1000
Event: 2000
Event: 3000
Event: 4000
Event: 5000
Acquisizione batchfile 5/87
Event: 0
Event: 1000
Event: 2000
Event: 3000
Event: 4000
Event: 5000
Acquisizione batchfile 6/87
Event: 0
Event: 1000
Event: 2000
Event: 3000
Event: 4000
Acquisizione batchfile 7/87
Event: 0
Event: 1000
Event: 2000
Event: 3000
Event: 4000
Event: 5000
Event: 6000
Event: 7000
Event: 8000
Acquisizione batchfile 8/87
Event: 0
Event: 1000
Event: 2000
Event: 3000
Event: 4000
Event: 5000
Event: 6000
Event: 7000
Event: 8000
Acquisizione batchfile 9/87
Event: 0
Event: 1000
Event: 2000
Event: 3000
Event: 4000
Event: 5000
Event: 6000
Event: 7000
Acquisizione batchfile 10/87
Event: 0
Event: 1000
Event: 2000
Event: 3000
Event: 4000
Event: 5000
Event: 6000
Acquisizione batchfile 11/87
Event: 0
Event: 1000
Event: 2000
Event: 3000
Event: 4000
Event: 5000
Event: 6000
Event: 7000
Event: 8000
Acquisizione batchfile 12/87
Event: 0
Event: 1000
Event: 2000
Event: 3000
Event: 4000
Event: 5000
Event: 6000
Event: 7000
Event: 8000
Acquisizione batchfile 13/87
Event: 0
Event: 1000
Event: 2000
Event: 3000
Event: 4000
Event: 5000
Event: 6000
Acquisizione batchfile 14/87
Event: 0
Event: 1000
Event: 2000
Event: 3000
Event: 4000
Acquisizione batchfile 15/87
Event: 0
Event: 1000
Event: 2000
Event: 3000
Event: 4000
Event: 5000
Acquisizione batchfile 16/87
Event: 0
Event: 1000
Event: 2000
Event: 3000
Event: 4000
Acquisizione batchfile 17/87
Event: 0
Event: 1000
Event: 2000
Event: 3000
Event: 4000
Event: 5000
Acquisizione batchfile 18/87
Event: 0
Event: 1000
Event: 2000
Event: 3000
Event: 4000
Event: 5000
Acquisizione batchfile 19/87
Event: 0
Event: 1000
Event: 2000
Event: 3000
Event: 4000
Acquisizione batchfile 20/87
Event: 0
Event: 1000
Event: 2000
Event: 3000
Event: 4000
Acquisizione batchfile 21/87
Event: 0
Event: 1000
Event: 2000
Event: 3000
Event: 4000
Acquisizione batchfile 22/87
Event: 0
Event: 1000
Acquisizione batchfile 23/87
Event: 0
Event: 1000
Event: 2000
Event: 3000
Event: 4000
Event: 5000
Event: 6000
Event: 7000
Acquisizione batchfile 24/87
Event: 0
Event: 1000
Event: 2000
Event: 3000
Event: 4000
Event: 5000
Event: 6000
Event: 7000
Event: 8000
Acquisizione batchfile 25/87
Event: 0
Event: 1000
Event: 2000
Event: 3000
Event: 4000
Event: 5000
Event: 6000
Event: 7000
Event: 8000
Acquisizione batchfile 26/87
Event: 0
Event: 1000
Event: 2000
Event: 3000
Event: 4000
Event: 5000
Event: 6000
Event: 7000
Event: 8000
Acquisizione batchfile 27/87
Event: 0
Event: 1000
Event: 2000
Event: 3000
Event: 4000
Event: 5000
Event: 6000
Event: 7000
Acquisizione batchfile 28/87
Event: 0
Event: 1000
Event: 2000
Event: 3000
Event: 4000
Event: 5000
Event: 6000
Event: 7000
Event: 8000
Acquisizione batchfile 29/87
Event: 0
Event: 1000
Event: 2000
Event: 3000
Event: 4000
Event: 5000
Event: 6000
Event: 7000
Event: 8000
Acquisizione batchfile 30/87
Event: 0
Event: 1000
Event: 2000
Event: 3000
Event: 4000
Event: 5000
Event: 6000
Event: 7000
Event: 8000
Acquisizione batchfile 31/87
Event: 0
Event: 1000
Event: 2000
Event: 3000
Event: 4000
Event: 5000
Acquisizione batchfile 32/87
Event: 0
Event: 1000
Event: 2000
Event: 3000
Event: 4000
Event: 5000
Acquisizione batchfile 33/87
Event: 0
Event: 1000
Event: 2000
Event: 3000
Event: 4000
Event: 5000
Event: 6000
Event: 7000
Acquisizione batchfile 34/87
Event: 0
Event: 1000
Event: 2000
Event: 3000
Event: 4000
Event: 5000
Event: 6000
Event: 7000
Event: 8000
Acquisizione batchfile 35/87
Event: 0
Event: 1000
Event: 2000
Event: 3000
Event: 4000
Event: 5000
Event: 6000
Acquisizione batchfile 36/87
Event: 0
Event: 1000
Event: 2000
Event: 3000
Event: 4000
Event: 5000
Event: 6000
Acquisizione batchfile 37/87
Event: 0
Event: 1000
Event: 2000
Event: 3000
Event: 4000
Event: 5000
Event: 6000
Acquisizione batchfile 38/87
Event: 0
Event: 1000
Event: 2000
Event: 3000
Event: 4000
Event: 5000
Event: 6000
Event: 7000
Acquisizione batchfile 39/87
Event: 0
Event: 1000
Event: 2000
Event: 3000
Event: 4000
Event: 5000
Event: 6000
Event: 7000
Acquisizione batchfile 40/87
Event: 0
Event: 1000
Event: 2000
Event: 3000
Event: 4000
Event: 5000
Event: 6000
Event: 7000
Acquisizione batchfile 41/87
Event: 0
Event: 1000
Event: 2000
Event: 3000
Event: 4000
Event: 5000
Event: 6000
Event: 7000
Acquisizione batchfile 42/87
Event: 0
Event: 1000
Event: 2000
Event: 3000
Event: 4000
Event: 5000
Event: 6000
Event: 7000
Event: 8000
Acquisizione batchfile 43/87
Event: 0
Event: 1000
Event: 2000
Event: 3000
Event: 4000
Acquisizione batchfile 44/87
Event: 0
Event: 1000
Event: 2000
Event: 3000
Event: 4000
Event: 5000
Event: 6000
Event: 7000
Acquisizione batchfile 45/87
Event: 0
Event: 1000
Event: 2000
Event: 3000
Event: 4000
Event: 5000
Event: 6000
Event: 7000
Event: 8000
Acquisizione batchfile 46/87
Event: 0
Event: 1000
Event: 2000
Event: 3000
Event: 4000
Event: 5000
Event: 6000
Acquisizione batchfile 47/87
Event: 0
Event: 1000
Event: 2000
Event: 3000
Event: 4000
Event: 5000
Event: 6000
Event: 7000
Acquisizione batchfile 48/87
Event: 0
Event: 1000
Event: 2000
Event: 3000
Event: 4000
Event: 5000
Event: 6000
Event: 7000
Event: 8000
Acquisizione batchfile 49/87
Event: 0
Event: 1000
Event: 2000
Event: 3000
Event: 4000
Event: 5000
Event: 6000
Acquisizione batchfile 50/87
Event: 0
Event: 1000
Event: 2000
Event: 3000
Event: 4000
Event: 5000
Event: 6000
Acquisizione batchfile 51/87
Event: 0
Event: 1000
Event: 2000
Event: 3000
Event: 4000
Acquisizione batchfile 52/87
Event: 0
Event: 1000
Event: 2000
Event: 3000
Event: 4000
Event: 5000
Acquisizione batchfile 53/87
Event: 0
Event: 1000
Event: 2000
Event: 3000
Event: 4000
Acquisizione batchfile 54/87
Event: 0
Event: 1000
Event: 2000
Event: 3000
Event: 4000
Event: 5000
Event: 6000
Event: 7000
Event: 8000
Acquisizione batchfile 55/87
Event: 0
Event: 1000
Event: 2000
Event: 3000
Event: 4000
Acquisizione batchfile 56/87
Event: 0
Event: 1000
Event: 2000
Event: 3000
Event: 4000
Event: 5000
Event: 6000
Acquisizione batchfile 57/87
Event: 0
Event: 1000
Event: 2000
Event: 3000
Event: 4000
Event: 5000
Acquisizione batchfile 58/87
Event: 0
Event: 1000
Event: 2000
Event: 3000
Event: 4000
Event: 5000
Acquisizione batchfile 59/87
Event: 0
Event: 1000
Event: 2000
Event: 3000
Event: 4000
Acquisizione batchfile 60/87
Event: 0
Event: 1000
Event: 2000
Event: 3000
Event: 4000
Event: 5000
Acquisizione batchfile 61/87
Event: 0
Event: 1000
Event: 2000
Event: 3000
Event: 4000
Acquisizione batchfile 62/87
Event: 0
Event: 1000
Event: 2000
Event: 3000
Event: 4000
Event: 5000
Acquisizione batchfile 63/87
Event: 0
Event: 1000
Event: 2000
Event: 3000
Event: 4000
Event: 5000
Acquisizione batchfile 64/87
Event: 0
Event: 1000
Event: 2000
Event: 3000
Event: 4000
Event: 5000
Acquisizione batchfile 65/87
Event: 0
Event: 1000
Event: 2000
Event: 3000
Event: 4000
Event: 5000
Event: 6000
Event: 7000
Event: 8000
Acquisizione batchfile 66/87
Event: 0
Event: 1000
Event: 2000
Event: 3000
Event: 4000
Acquisizione batchfile 67/87
Event: 0
Event: 1000
Event: 2000
Event: 3000
Event: 4000
Event: 5000
Acquisizione batchfile 68/87
Event: 0
Event: 1000
Event: 2000
Event: 3000
Event: 4000
Acquisizione batchfile 69/87
Event: 0
Event: 1000
Event: 2000
Event: 3000
Event: 4000
Acquisizione batchfile 70/87
Event: 0
Event: 1000
Event: 2000
Event: 3000
Event: 4000
Event: 5000
Event: 6000
Acquisizione batchfile 71/87
Event: 0
Event: 1000
Event: 2000
Event: 3000
Event: 4000
Event: 5000
Acquisizione batchfile 72/87
Event: 0
Event: 1000
Event: 2000
Event: 3000
Event: 4000
Event: 5000
Acquisizione batchfile 73/87
Event: 0
Event: 1000
Event: 2000
Event: 3000
Event: 4000
Acquisizione batchfile 74/87
Event: 0
Event: 1000
Event: 2000
Event: 3000
Event: 4000
Event: 5000
Acquisizione batchfile 75/87
Event: 0
Event: 1000
Event: 2000
Event: 3000
Event: 4000
Acquisizione batchfile 76/87
Event: 0
Event: 1000
Event: 2000
Event: 3000
Event: 4000
Acquisizione batchfile 77/87
Event: 0
Event: 1000
Event: 2000
Event: 3000
Event: 4000
Acquisizione batchfile 78/87
Event: 0
Event: 1000
Event: 2000
Event: 3000
Event: 4000
Acquisizione batchfile 79/87
Event: 0
Event: 1000
Event: 2000
Event: 3000
Event: 4000
Event: 5000
Event: 6000
Acquisizione batchfile 80/87
Event: 0
Event: 1000
Event: 2000
Acquisizione batchfile 81/87
Event: 0
Event: 1000
Event: 2000
Event: 3000
Acquisizione batchfile 82/87
Event: 0
Event: 1000
Event: 2000
Event: 3000
Event: 4000
Acquisizione batchfile 83/87
Event: 0
Event: 1000
Event: 2000
Acquisizione batchfile 84/87
Event: 0
Event: 1000
Event: 2000
Event: 3000
Acquisizione batchfile 85/87
Event: 0
Event: 1000
Event: 2000
Event: 3000
Event: 4000
Acquisizione batchfile 86/87
Event: 0
Processo completo.
Print test...
Caso full:
(517298, 11)
(517298, 10)
(517298, 6)
(517298, 12)
(517298, 1)
()
91195000.0
Caso Forward:
(155367, 11)
(155367, 10)
(155367, 6)
(155367, 12)
(155367, 1)
()
Caso Non Forward:
(361932, 11)
(361932, 10)
(361932, 6)
(361932, 12)
(361932, 1)
()
