Acquisizione batchfile 0/3
Event: 0
Event: 1000
Event: 2000
Event: 3000
Event: 4000
Event: 5000
Event: 6000
Acquisizione batchfile 1/3
Event: 0
Event: 1000
Event: 2000
Event: 3000
Event: 4000
Event: 5000
Event: 6000
Event: 7000
Event: 8000
Event: 9000
Event: 10000
Event: 11000
Event: 12000
Event: 13000
Event: 14000
Event: 15000
Event: 16000
Event: 17000
Event: 18000
Event: 19000
Event: 20000
Event: 21000
Event: 22000
Event: 23000
Event: 24000
Event: 25000
Event: 26000
Event: 27000
Event: 28000
Event: 29000
Event: 30000
Event: 31000
Event: 32000
Event: 33000
Event: 34000
Event: 35000
Event: 36000
Event: 37000
Event: 38000
Event: 39000
Event: 40000
Event: 41000
Event: 42000
Event: 43000
Event: 44000
Event: 45000
Acquisizione batchfile 2/3
Event: 0
Processo completo.
Print test...
Caso full:
(52248, 11)
(52248, 10)
(52248, 6)
(52248, 12)
(52248, 1)
()
343198.0
Caso Forward:
(10543, 11)
(10543, 10)
(10543, 6)
(10543, 12)
(10543, 1)
()
Caso Non Forward:
(41706, 11)
(41706, 10)
(41706, 6)
(41706, 12)
(41706, 1)
()
