Acquisizione batchfile 0/19
Event: 0
Event: 1000
Event: 2000
Acquisizione batchfile 1/19
Event: 0
Event: 1000
Event: 2000
Acquisizione batchfile 2/19
Event: 0
Event: 1000
Acquisizione batchfile 3/19
Event: 0
Event: 1000
Event: 2000
Event: 3000
Acquisizione batchfile 4/19
Event: 0
Event: 1000
Acquisizione batchfile 5/19
Event: 0
Event: 1000
Event: 2000
Event: 3000
Acquisizione batchfile 6/19
Event: 0
Event: 1000
Event: 2000
Event: 3000
Acquisizione batchfile 7/19
Event: 0
Event: 1000
Event: 2000
Acquisizione batchfile 8/19
Event: 0
Event: 1000
Event: 2000
Acquisizione batchfile 9/19
Event: 0
Event: 1000
Event: 2000
Acquisizione batchfile 10/19
Event: 0
Event: 1000
Event: 2000
Acquisizione batchfile 11/19
Event: 0
Event: 1000
Event: 2000
Acquisizione batchfile 12/19
Event: 0
Event: 1000
Event: 2000
Acquisizione batchfile 13/19
Event: 0
Event: 1000
Event: 2000
Event: 3000
Acquisizione batchfile 14/19
Event: 0
Event: 1000
Event: 2000
Acquisizione batchfile 15/19
Event: 0
Event: 1000
Event: 2000
Acquisizione batchfile 16/19
Event: 0
Event: 1000
Event: 2000
Acquisizione batchfile 17/19
Event: 0
Event: 1000
Event: 2000
Acquisizione batchfile 18/19
Event: 0
Event: 1000
Processo completo.
Print test...
Caso full:
(15434, 11)
(15434, 10)
(15434, 6)
(15434, 12)
(15434, 1)
()
23702894.0
Caso Forward:
(3380, 11)
(3380, 10)
(3380, 6)
(3380, 12)
(3380, 1)
()
Caso Non Forward:
(12055, 11)
(12055, 10)
(12055, 6)
(12055, 12)
(12055, 1)
()
