Acquisizione batchfile 0/3
Event: 0
Event: 1000
Event: 2000
Event: 3000
Event: 4000
Event: 5000
Event: 6000
Event: 7000
Event: 8000
Event: 9000
Event: 10000
Event: 11000
Event: 12000
Event: 13000
Event: 14000
Event: 15000
Event: 16000
Event: 17000
Event: 18000
Event: 19000
Event: 20000
Event: 21000
Event: 22000
Event: 23000
Event: 24000
Event: 25000
Event: 26000
Event: 27000
Event: 28000
Event: 29000
Event: 30000
Event: 31000
Event: 32000
Event: 33000
Event: 34000
Event: 35000
Event: 36000
Event: 37000
Acquisizione batchfile 1/3
Event: 0
Event: 1000
Event: 2000
Event: 3000
Event: 4000
Event: 5000
Event: 6000
Event: 7000
Event: 8000
Event: 9000
Event: 10000
Event: 11000
Event: 12000
Event: 13000
Event: 14000
Event: 15000
Acquisizione batchfile 2/3
Event: 0
Processo completo.
Print test...
Caso full:
(52768, 11)
(52768, 10)
(52768, 6)
(52768, 12)
(52768, 1)
()
359639.0
Caso Forward:
(8365, 11)
(8365, 10)
(8365, 6)
(8365, 12)
(8365, 1)
()
Caso Non Forward:
(44404, 11)
(44404, 10)
(44404, 6)
(44404, 12)
(44404, 1)
()
