000 (9482027.000.000) 07/26 11:45:11 Job submitted from host: <137.138.120.116:9618?addrs=137.138.120.116-9618+[2001-1458-d00-16--17b]-9618&alias=bigbird12.cern.ch&noUDP&sock=schedd_8624_ecd7>
...
040 (9482027.000.000) 07/26 11:45:55 Started transferring input files
	Transferring to host: <188.184.163.49:9618?addrs=188.184.163.49-9618+[2001-1458-301-4d--100-2b]-9618&alias=b7s12p8079.cern.ch&noUDP&sock=slot1_31_148974_68e3_61801>
...
040 (9482027.000.000) 07/26 11:45:55 Finished transferring input files
...
001 (9482027.000.000) 07/26 11:45:56 Job executing on host: <188.184.163.49:9618?addrs=188.184.163.49-9618+[2001-1458-301-4d--100-2b]-9618&alias=b7s12p8079.cern.ch&noUDP&sock=startd_91404_1eac>
...
006 (9482027.000.000) 07/26 11:45:58 Image size of job updated: 1
	0  -  MemoryUsage of job (MB)
	0  -  ResidentSetSize of job (KB)
...
040 (9482027.000.000) 07/26 11:45:58 Started transferring output files
...
040 (9482027.000.000) 07/26 11:45:58 Finished transferring output files
...
005 (9482027.000.000) 07/26 11:45:58 Job terminated.
	(1) Normal termination (return value 2)
		Usr 0 00:00:00, Sys 0 00:00:00  -  Run Remote Usage
		Usr 0 00:00:00, Sys 0 00:00:00  -  Run Local Usage
		Usr 0 00:00:00, Sys 0 00:00:00  -  Total Remote Usage
		Usr 0 00:00:00, Sys 0 00:00:00  -  Total Local Usage
	191  -  Run Bytes Sent By Job
	11143  -  Run Bytes Received By Job
	191  -  Total Bytes Sent By Job
	11143  -  Total Bytes Received By Job
	Partitionable Resources :    Usage  Request Allocated 
	   Cpus                 :                 1         1 
	   Disk (KB)            :       28       12   2984653 
	   Memory (MB)          :        0     2000      2000 

	Job terminated of its own accord at 2023-07-26T09:45:58Z.
...
