000 (9482015.000.000) 07/26 11:44:11 Job submitted from host: <137.138.120.116:9618?addrs=137.138.120.116-9618+[2001-1458-d00-16--17b]-9618&alias=bigbird12.cern.ch&noUDP&sock=schedd_8624_ecd7>
...
040 (9482015.000.000) 07/26 11:44:49 Started transferring input files
	Transferring to host: <128.142.61.76:9618?addrs=128.142.61.76-9618+[2001-1458-301-23--100-4b]-9618&alias=b7s06p7266.cern.ch&noUDP&sock=slot1_19_3435_04a5_163700>
...
040 (9482015.000.000) 07/26 11:44:49 Finished transferring input files
...
001 (9482015.000.000) 07/26 11:44:50 Job executing on host: <128.142.61.76:9618?addrs=128.142.61.76-9618+[2001-1458-301-23--100-4b]-9618&alias=b7s06p7266.cern.ch&noUDP&sock=startd_2958_853b>
...
006 (9482015.000.000) 07/26 11:44:52 Image size of job updated: 285332
	0  -  MemoryUsage of job (MB)
	0  -  ResidentSetSize of job (KB)
...
040 (9482015.000.000) 07/26 11:44:52 Started transferring output files
...
040 (9482015.000.000) 07/26 11:44:52 Finished transferring output files
...
005 (9482015.000.000) 07/26 11:44:52 Job terminated.
	(1) Normal termination (return value 2)
		Usr 0 00:00:00, Sys 0 00:00:00  -  Run Remote Usage
		Usr 0 00:00:00, Sys 0 00:00:00  -  Run Local Usage
		Usr 0 00:00:00, Sys 0 00:00:00  -  Total Remote Usage
		Usr 0 00:00:00, Sys 0 00:00:00  -  Total Local Usage
	191  -  Run Bytes Sent By Job
	11143  -  Run Bytes Received By Job
	191  -  Total Bytes Sent By Job
	11143  -  Total Bytes Received By Job
	Partitionable Resources :    Usage  Request Allocated 
	   Cpus                 :                 1         1 
	   Disk (KB)            :       28       12   1348902 
	   Memory (MB)          :        0     2000      2000 

	Job terminated of its own accord at 2023-07-26T09:44:52Z.
...
