000 (9482025.000.000) 07/26 11:45:01 Job submitted from host: <137.138.120.116:9618?addrs=137.138.120.116-9618+[2001-1458-d00-16--17b]-9618&alias=bigbird12.cern.ch&noUDP&sock=schedd_8624_ecd7>
...
040 (9482025.000.000) 07/26 11:45:12 Started transferring input files
	Transferring to host: <128.142.61.76:9618?addrs=128.142.61.76-9618+[2001-1458-301-23--100-4b]-9618&alias=b7s06p7266.cern.ch&noUDP&sock=slot1_35_3435_04a5_163705>
...
040 (9482025.000.000) 07/26 11:45:12 Finished transferring input files
...
001 (9482025.000.000) 07/26 11:45:13 Job executing on host: <128.142.61.76:9618?addrs=128.142.61.76-9618+[2001-1458-301-23--100-4b]-9618&alias=b7s06p7266.cern.ch&noUDP&sock=startd_2958_853b>
...
006 (9482025.000.000) 07/26 11:45:21 Image size of job updated: 958764
	5  -  MemoryUsage of job (MB)
	5048  -  ResidentSetSize of job (KB)
...
040 (9482025.000.000) 07/26 11:45:22 Started transferring output files
...
040 (9482025.000.000) 07/26 11:45:22 Finished transferring output files
...
005 (9482025.000.000) 07/26 11:45:22 Job terminated.
	(1) Normal termination (return value 2)
		Usr 0 00:00:00, Sys 0 00:00:00  -  Run Remote Usage
		Usr 0 00:00:00, Sys 0 00:00:00  -  Run Local Usage
		Usr 0 00:00:00, Sys 0 00:00:00  -  Total Remote Usage
		Usr 0 00:00:00, Sys 0 00:00:00  -  Total Local Usage
	191  -  Run Bytes Sent By Job
	11143  -  Run Bytes Received By Job
	191  -  Total Bytes Sent By Job
	11143  -  Total Bytes Received By Job
	Partitionable Resources :    Usage  Request Allocated 
	   Cpus                 :                 1         1 
	   Disk (KB)            :       28       12   1348877 
	   Memory (MB)          :        5     2000      2000 

	Job terminated of its own accord at 2023-07-26T09:45:22Z.
...
