000 (9482039.000.000) 07/26 11:52:27 Job submitted from host: <137.138.120.116:9618?addrs=137.138.120.116-9618+[2001-1458-d00-16--17b]-9618&alias=bigbird12.cern.ch&noUDP&sock=schedd_8624_ecd7>
...
040 (9482039.000.000) 07/26 11:52:32 Started transferring input files
	Transferring to host: <188.184.163.79:9618?addrs=188.184.163.79-9618+[2001-1458-301-4d--100-49]-9618&alias=b7s12p2939.cern.ch&noUDP&sock=slot1_20_172068_38ce_51004>
...
040 (9482039.000.000) 07/26 11:52:32 Finished transferring input files
...
001 (9482039.000.000) 07/26 11:52:33 Job executing on host: <188.184.163.79:9618?addrs=188.184.163.79-9618+[2001-1458-301-4d--100-49]-9618&alias=b7s12p2939.cern.ch&noUDP&sock=startd_172030_d981>
...
006 (9482039.000.000) 07/26 11:52:35 Image size of job updated: 285324
	0  -  MemoryUsage of job (MB)
	0  -  ResidentSetSize of job (KB)
...
040 (9482039.000.000) 07/26 11:52:35 Started transferring output files
...
040 (9482039.000.000) 07/26 11:52:35 Finished transferring output files
...
005 (9482039.000.000) 07/26 11:52:35 Job terminated.
	(1) Normal termination (return value 2)
		Usr 0 00:00:01, Sys 0 00:00:00  -  Run Remote Usage
		Usr 0 00:00:00, Sys 0 00:00:00  -  Run Local Usage
		Usr 0 00:00:01, Sys 0 00:00:00  -  Total Remote Usage
		Usr 0 00:00:00, Sys 0 00:00:00  -  Total Local Usage
	191  -  Run Bytes Sent By Job
	11143  -  Run Bytes Received By Job
	191  -  Total Bytes Sent By Job
	11143  -  Total Bytes Received By Job
	Partitionable Resources :    Usage  Request Allocated 
	   Cpus                 :                 1         1 
	   Disk (KB)            :       28       12   3149397 
	   Memory (MB)          :        0     2000      2000 

	Job terminated of its own accord at 2023-07-26T09:52:35Z.
...
000 (9482059.000.000) 07/26 11:58:56 Job submitted from host: <137.138.120.116:9618?addrs=137.138.120.116-9618+[2001-1458-d00-16--17b]-9618&alias=bigbird12.cern.ch&noUDP&sock=schedd_8624_ecd7>
...
040 (9482059.000.000) 07/26 12:03:38 Started transferring input files
	Transferring to host: <128.142.62.180:9618?addrs=128.142.62.180-9618+[2001-1458-301-37--100-b3]-9618&alias=b7s07p2499.cern.ch&noUDP&sock=slot1_25_4494_2df0_101662>
...
040 (9482059.000.000) 07/26 12:03:38 Finished transferring input files
...
001 (9482059.000.000) 07/26 12:03:39 Job executing on host: <128.142.62.180:9618?addrs=128.142.62.180-9618+[2001-1458-301-37--100-b3]-9618&alias=b7s07p2499.cern.ch&noUDP&sock=startd_3179_1ba9>
...
006 (9482059.000.000) 07/26 12:03:48 Image size of job updated: 300816
	144  -  MemoryUsage of job (MB)
	146924  -  ResidentSetSize of job (KB)
...
006 (9482059.000.000) 07/26 12:04:42 Image size of job updated: 1226520
	144  -  MemoryUsage of job (MB)
	146924  -  ResidentSetSize of job (KB)
...
040 (9482059.000.000) 07/26 12:04:42 Started transferring output files
...
040 (9482059.000.000) 07/26 12:04:42 Finished transferring output files
...
005 (9482059.000.000) 07/26 12:04:42 Job terminated.
	(1) Normal termination (return value 0)
		Usr 0 00:00:10, Sys 0 00:00:01  -  Run Remote Usage
		Usr 0 00:00:00, Sys 0 00:00:00  -  Run Local Usage
		Usr 0 00:00:10, Sys 0 00:00:01  -  Total Remote Usage
		Usr 0 00:00:00, Sys 0 00:00:00  -  Total Local Usage
	7054  -  Run Bytes Sent By Job
	11146  -  Run Bytes Received By Job
	7054  -  Total Bytes Sent By Job
	11146  -  Total Bytes Received By Job
	Partitionable Resources :    Usage  Request Allocated 
	   Cpus                 :                 1         1 
	   Disk (KB)            :       32       12   1263425 
	   Memory (MB)          :      144     2000      2000 

	Job terminated of its own accord at 2023-07-26T10:04:42Z.
...
000 (9482174.000.000) 07/26 18:29:39 Job submitted from host: <137.138.120.116:9618?addrs=137.138.120.116-9618+[2001-1458-d00-16--17b]-9618&alias=bigbird12.cern.ch&noUDP&sock=schedd_8624_ecd7>
...
040 (9482174.000.000) 07/26 18:31:30 Started transferring input files
	Transferring to host: <188.184.160.105:9618?addrs=188.184.160.105-9618+[2001-1458-301-48--100-63]-9618&alias=b7s09p9818.cern.ch&noUDP&sock=slot1_1_3697_9eef_126680>
...
040 (9482174.000.000) 07/26 18:31:30 Finished transferring input files
...
001 (9482174.000.000) 07/26 18:31:31 Job executing on host: <188.184.160.105:9618?addrs=188.184.160.105-9618+[2001-1458-301-48--100-63]-9618&alias=b7s09p9818.cern.ch&noUDP&sock=startd_3064_3a45>
...
006 (9482174.000.000) 07/26 18:31:40 Image size of job updated: 287188
	108  -  MemoryUsage of job (MB)
	109840  -  ResidentSetSize of job (KB)
...
006 (9482174.000.000) 07/26 18:32:40 Image size of job updated: 1232428
	108  -  MemoryUsage of job (MB)
	109924  -  ResidentSetSize of job (KB)
...
040 (9482174.000.000) 07/26 18:32:40 Started transferring output files
...
040 (9482174.000.000) 07/26 18:32:40 Finished transferring output files
...
005 (9482174.000.000) 07/26 18:32:40 Job terminated.
	(1) Normal termination (return value 0)
		Usr 0 00:00:12, Sys 0 00:00:01  -  Run Remote Usage
		Usr 0 00:00:00, Sys 0 00:00:00  -  Run Local Usage
		Usr 0 00:00:12, Sys 0 00:00:01  -  Total Remote Usage
		Usr 0 00:00:00, Sys 0 00:00:00  -  Total Local Usage
	7064  -  Run Bytes Sent By Job
	11146  -  Run Bytes Received By Job
	7064  -  Total Bytes Sent By Job
	11146  -  Total Bytes Received By Job
	Partitionable Resources :    Usage  Request Allocated 
	   Cpus                 :     0.15        1         1 
	   Disk (KB)            :    39          12   3020272 
	   Memory (MB)          :   108        2000      2000 

	Job terminated of its own accord at 2023-07-26T16:32:40Z.
...
000 (9483788.000.000) 07/28 10:01:01 Job submitted from host: <137.138.120.116:9618?addrs=137.138.120.116-9618+[2001-1458-d00-16--17b]-9618&alias=bigbird12.cern.ch&noUDP&sock=schedd_8624_ecd7>
...
040 (9483788.000.000) 07/28 10:01:49 Started transferring input files
	Transferring to host: <128.142.61.127:9618?addrs=128.142.61.127-9618&alias=b7s06p4472.cern.ch&noUDP&sock=slot1_13_43050_5e90_2889>
...
040 (9483788.000.000) 07/28 10:01:49 Finished transferring input files
...
001 (9483788.000.000) 07/28 10:01:50 Job executing on host: <128.142.61.127:9618?addrs=128.142.61.127-9618&alias=b7s06p4472.cern.ch&noUDP&sock=startd_3942_766c>
...
006 (9483788.000.000) 07/28 10:01:59 Image size of job updated: 285324
	135  -  MemoryUsage of job (MB)
	137988  -  ResidentSetSize of job (KB)
...
006 (9483788.000.000) 07/28 10:02:55 Image size of job updated: 1233784
	135  -  MemoryUsage of job (MB)
	138008  -  ResidentSetSize of job (KB)
...
040 (9483788.000.000) 07/28 10:02:56 Started transferring output files
...
040 (9483788.000.000) 07/28 10:02:56 Finished transferring output files
...
005 (9483788.000.000) 07/28 10:02:56 Job terminated.
	(1) Normal termination (return value 1)
		Usr 0 00:00:09, Sys 0 00:00:01  -  Run Remote Usage
		Usr 0 00:00:00, Sys 0 00:00:00  -  Run Local Usage
		Usr 0 00:00:09, Sys 0 00:00:01  -  Total Remote Usage
		Usr 0 00:00:00, Sys 0 00:00:00  -  Total Local Usage
	1911  -  Run Bytes Sent By Job
	11150  -  Run Bytes Received By Job
	1911  -  Total Bytes Sent By Job
	11150  -  Total Bytes Received By Job
	Partitionable Resources :    Usage  Request Allocated 
	   Cpus                 :                 1         1 
	   Disk (KB)            :       29       12   2950679 
	   Memory (MB)          :      135     2000      2000 

	Job terminated of its own accord at 2023-07-28T08:02:55Z.
...
000 (9483810.000.000) 07/28 10:56:31 Job submitted from host: <137.138.120.116:9618?addrs=137.138.120.116-9618+[2001-1458-d00-16--17b]-9618&alias=bigbird12.cern.ch&noUDP&sock=schedd_8624_ecd7>
...
040 (9483810.000.000) 07/28 10:58:04 Started transferring input files
	Transferring to host: <128.142.63.37:9618?addrs=128.142.63.37-9618+[2001-1458-301-38--100-22]-9618&alias=b7s08p3742.cern.ch&noUDP&sock=slot1_29_4408_95ac_117626>
...
040 (9483810.000.000) 07/28 10:58:04 Finished transferring input files
...
001 (9483810.000.000) 07/28 10:58:05 Job executing on host: <128.142.63.37:9618?addrs=128.142.63.37-9618+[2001-1458-301-38--100-22]-9618&alias=b7s08p3742.cern.ch&noUDP&sock=startd_3190_a734>
...
006 (9483810.000.000) 07/28 10:58:13 Image size of job updated: 33780
	18  -  MemoryUsage of job (MB)
	17788  -  ResidentSetSize of job (KB)
...
006 (9483810.000.000) 07/28 10:59:17 Image size of job updated: 1233188
	18  -  MemoryUsage of job (MB)
	17788  -  ResidentSetSize of job (KB)
...
040 (9483810.000.000) 07/28 10:59:17 Started transferring output files
...
040 (9483810.000.000) 07/28 10:59:17 Finished transferring output files
...
005 (9483810.000.000) 07/28 10:59:17 Job terminated.
	(1) Normal termination (return value 0)
		Usr 0 00:00:11, Sys 0 00:00:01  -  Run Remote Usage
		Usr 0 00:00:00, Sys 0 00:00:00  -  Run Local Usage
		Usr 0 00:00:11, Sys 0 00:00:01  -  Total Remote Usage
		Usr 0 00:00:00, Sys 0 00:00:00  -  Total Local Usage
	7208  -  Run Bytes Sent By Job
	11150  -  Run Bytes Received By Job
	7208  -  Total Bytes Sent By Job
	11150  -  Total Bytes Received By Job
	Partitionable Resources :    Usage  Request Allocated 
	   Cpus                 :                 1         1 
	   Disk (KB)            :       32       12   1201293 
	   Memory (MB)          :       18     2000      2000 

	Job terminated of its own accord at 2023-07-28T08:59:17Z.
...
000 (9485843.000.000) 07/28 19:12:18 Job submitted from host: <137.138.120.116:9618?addrs=137.138.120.116-9618+[2001-1458-d00-16--17b]-9618&alias=bigbird12.cern.ch&noUDP&sock=schedd_8624_ecd7>
...
040 (9485843.000.000) 07/28 22:38:30 Started transferring input files
	Transferring to host: <128.142.60.130:9618?addrs=128.142.60.130-9618+[2001-1458-301-22--100-81]-9618&alias=b7s05p6831.cern.ch&noUDP&sock=slot1_14_4435_9bcd_1929>
...
040 (9485843.000.000) 07/28 22:38:30 Finished transferring input files
...
001 (9485843.000.000) 07/28 22:38:31 Job executing on host: <128.142.60.130:9618?addrs=128.142.60.130-9618+[2001-1458-301-22--100-81]-9618&alias=b7s05p6831.cern.ch&noUDP&sock=startd_3078_d498>
...
006 (9485843.000.000) 07/28 22:38:40 Image size of job updated: 629760
	137  -  MemoryUsage of job (MB)
	139644  -  ResidentSetSize of job (KB)
...
006 (9485843.000.000) 07/28 22:39:40 Image size of job updated: 1235048
	137  -  MemoryUsage of job (MB)
	139656  -  ResidentSetSize of job (KB)
...
040 (9485843.000.000) 07/28 22:39:40 Started transferring output files
...
040 (9485843.000.000) 07/28 22:39:40 Finished transferring output files
...
005 (9485843.000.000) 07/28 22:39:40 Job terminated.
	(1) Normal termination (return value 0)
		Usr 0 00:00:10, Sys 0 00:00:01  -  Run Remote Usage
		Usr 0 00:00:00, Sys 0 00:00:00  -  Run Local Usage
		Usr 0 00:00:10, Sys 0 00:00:01  -  Total Remote Usage
		Usr 0 00:00:00, Sys 0 00:00:00  -  Total Local Usage
	7227  -  Run Bytes Sent By Job
	11150  -  Run Bytes Received By Job
	7227  -  Total Bytes Sent By Job
	11150  -  Total Bytes Received By Job
	Partitionable Resources :    Usage  Request Allocated 
	   Cpus                 :                 1         1 
	   Disk (KB)            :       32       12   1215326 
	   Memory (MB)          :      137     2000      2000 

	Job terminated of its own accord at 2023-07-28T20:39:40Z.
...
