000 (9482047.000.000) 07/26 11:53:06 Job submitted from host: <137.138.120.116:9618?addrs=137.138.120.116-9618+[2001-1458-d00-16--17b]-9618&alias=bigbird12.cern.ch&noUDP&sock=schedd_8624_ecd7>
...
040 (9482047.000.000) 07/26 11:54:24 Started transferring input files
	Transferring to host: <128.142.192.169:9618?addrs=128.142.192.169-9618+[2001-1458-301-56--100-25]-9618&alias=b7g18p2318.cern.ch&noUDP&sock=slot1_46_50916_ad90_86511>
...
040 (9482047.000.000) 07/26 11:54:24 Finished transferring input files
...
001 (9482047.000.000) 07/26 11:54:26 Job executing on host: <128.142.192.169:9618?addrs=128.142.192.169-9618+[2001-1458-301-56--100-25]-9618&alias=b7g18p2318.cern.ch&noUDP&sock=startd_50862_ae11>
...
006 (9482047.000.000) 07/26 11:54:29 Image size of job updated: 578072
	0  -  MemoryUsage of job (MB)
	0  -  ResidentSetSize of job (KB)
...
040 (9482047.000.000) 07/26 11:54:29 Started transferring output files
...
040 (9482047.000.000) 07/26 11:54:29 Finished transferring output files
...
005 (9482047.000.000) 07/26 11:54:29 Job terminated.
	(1) Normal termination (return value 2)
		Usr 0 00:00:01, Sys 0 00:00:00  -  Run Remote Usage
		Usr 0 00:00:00, Sys 0 00:00:00  -  Run Local Usage
		Usr 0 00:00:01, Sys 0 00:00:00  -  Total Remote Usage
		Usr 0 00:00:00, Sys 0 00:00:00  -  Total Local Usage
	191  -  Run Bytes Sent By Job
	11143  -  Run Bytes Received By Job
	191  -  Total Bytes Sent By Job
	11143  -  Total Bytes Received By Job
	Partitionable Resources :    Usage  Request Allocated 
	   Cpus                 :                 1         1 
	   Disk (KB)            :       28       12   2980097 
	   Memory (MB)          :        0     2000      2000 

	Job terminated of its own accord at 2023-07-26T09:54:29Z.
...
000 (9482067.000.000) 07/26 11:59:37 Job submitted from host: <137.138.120.116:9618?addrs=137.138.120.116-9618+[2001-1458-d00-16--17b]-9618&alias=bigbird12.cern.ch&noUDP&sock=schedd_8624_ecd7>
...
040 (9482067.000.000) 07/26 12:03:41 Started transferring input files
	Transferring to host: <128.142.57.16:9618?addrs=128.142.57.16-9618+[2001-1458-301-7--100-f]-9618&alias=b7s02p1761.cern.ch&noUDP&sock=slot1_2_7926_557b_119054>
...
040 (9482067.000.000) 07/26 12:03:41 Finished transferring input files
...
001 (9482067.000.000) 07/26 12:03:42 Job executing on host: <128.142.57.16:9618?addrs=128.142.57.16-9618+[2001-1458-301-7--100-f]-9618&alias=b7s02p1761.cern.ch&noUDP&sock=startd_6121_134a>
...
006 (9482067.000.000) 07/26 12:03:51 Image size of job updated: 896824
	166  -  MemoryUsage of job (MB)
	169448  -  ResidentSetSize of job (KB)
...
006 (9482067.000.000) 07/26 12:05:18 Image size of job updated: 1249088
	166  -  MemoryUsage of job (MB)
	169448  -  ResidentSetSize of job (KB)
...
040 (9482067.000.000) 07/26 12:05:18 Started transferring output files
...
040 (9482067.000.000) 07/26 12:05:18 Finished transferring output files
...
005 (9482067.000.000) 07/26 12:05:18 Job terminated.
	(1) Normal termination (return value 0)
		Usr 0 00:00:28, Sys 0 00:00:01  -  Run Remote Usage
		Usr 0 00:00:00, Sys 0 00:00:00  -  Run Local Usage
		Usr 0 00:00:28, Sys 0 00:00:01  -  Total Remote Usage
		Usr 0 00:00:00, Sys 0 00:00:00  -  Total Local Usage
	6280  -  Run Bytes Sent By Job
	11146  -  Run Bytes Received By Job
	6280  -  Total Bytes Sent By Job
	11146  -  Total Bytes Received By Job
	Partitionable Resources :    Usage  Request Allocated 
	   Cpus                 :                 1         1 
	   Disk (KB)            :       31       12   1181244 
	   Memory (MB)          :      166     2000      2000 

	Job terminated of its own accord at 2023-07-26T10:05:18Z.
...
000 (9482182.000.000) 07/26 18:30:19 Job submitted from host: <137.138.120.116:9618?addrs=137.138.120.116-9618+[2001-1458-d00-16--17b]-9618&alias=bigbird12.cern.ch&noUDP&sock=schedd_8624_ecd7>
...
040 (9482182.000.000) 07/26 18:31:31 Started transferring input files
	Transferring to host: <188.184.163.167:9618?addrs=188.184.163.167-9618+[2001-1458-301-4d--100-a1]-9618&alias=b7s12p2509.cern.ch&noUDP&sock=slot1_3_156519_8b76_38278>
...
040 (9482182.000.000) 07/26 18:31:31 Finished transferring input files
...
001 (9482182.000.000) 07/26 18:31:32 Job executing on host: <188.184.163.167:9618?addrs=188.184.163.167-9618+[2001-1458-301-4d--100-a1]-9618&alias=b7s12p2509.cern.ch&noUDP&sock=startd_265913_c75e>
...
006 (9482182.000.000) 07/26 18:31:41 Image size of job updated: 178308
	172  -  MemoryUsage of job (MB)
	175132  -  ResidentSetSize of job (KB)
...
006 (9482182.000.000) 07/26 18:33:23 Image size of job updated: 1263964
	172  -  MemoryUsage of job (MB)
	175136  -  ResidentSetSize of job (KB)
...
040 (9482182.000.000) 07/26 18:33:23 Started transferring output files
...
040 (9482182.000.000) 07/26 18:33:23 Finished transferring output files
...
005 (9482182.000.000) 07/26 18:33:23 Job terminated.
	(1) Normal termination (return value 0)
		Usr 0 00:00:45, Sys 0 00:00:01  -  Run Remote Usage
		Usr 0 00:00:00, Sys 0 00:00:00  -  Run Local Usage
		Usr 0 00:00:45, Sys 0 00:00:01  -  Total Remote Usage
		Usr 0 00:00:00, Sys 0 00:00:00  -  Total Local Usage
	6291  -  Run Bytes Sent By Job
	11146  -  Run Bytes Received By Job
	6291  -  Total Bytes Sent By Job
	11146  -  Total Bytes Received By Job
	Partitionable Resources :    Usage  Request Allocated 
	   Cpus                 :                 1         1 
	   Disk (KB)            :       31       12   3097647 
	   Memory (MB)          :      172     2000      2000 

	Job terminated of its own accord at 2023-07-26T16:33:23Z.
...
000 (9483796.000.000) 07/28 10:01:40 Job submitted from host: <137.138.120.116:9618?addrs=137.138.120.116-9618+[2001-1458-d00-16--17b]-9618&alias=bigbird12.cern.ch&noUDP&sock=schedd_8624_ecd7>
...
040 (9483796.000.000) 07/28 10:01:51 Started transferring input files
	Transferring to host: <128.142.132.190:9618?addrs=128.142.132.190-9618+[2001-1458-301-5a--100-b2]-9618&alias=b7g12p1263.cern.ch&noUDP&sock=slot1_15_5366_9513_114459>
...
040 (9483796.000.000) 07/28 10:01:51 Finished transferring input files
...
001 (9483796.000.000) 07/28 10:01:52 Job executing on host: <128.142.132.190:9618?addrs=128.142.132.190-9618+[2001-1458-301-5a--100-b2]-9618&alias=b7g12p1263.cern.ch&noUDP&sock=startd_4596_0d5c>
...
006 (9483796.000.000) 07/28 10:02:01 Image size of job updated: 26696
	12  -  MemoryUsage of job (MB)
	11268  -  ResidentSetSize of job (KB)
...
006 (9483796.000.000) 07/28 10:05:21 Image size of job updated: 1269964
	12  -  MemoryUsage of job (MB)
	11268  -  ResidentSetSize of job (KB)
...
040 (9483796.000.000) 07/28 10:05:21 Started transferring output files
...
040 (9483796.000.000) 07/28 10:05:21 Finished transferring output files
...
005 (9483796.000.000) 07/28 10:05:22 Job terminated.
	(1) Normal termination (return value 0)
		Usr 0 00:01:53, Sys 0 00:00:02  -  Run Remote Usage
		Usr 0 00:00:00, Sys 0 00:00:00  -  Run Local Usage
		Usr 0 00:01:53, Sys 0 00:00:02  -  Total Remote Usage
		Usr 0 00:00:00, Sys 0 00:00:00  -  Total Local Usage
	6440  -  Run Bytes Sent By Job
	11150  -  Run Bytes Received By Job
	6440  -  Total Bytes Sent By Job
	11150  -  Total Bytes Received By Job
	Partitionable Resources :    Usage  Request Allocated 
	   Cpus                 :                 1         1 
	   Disk (KB)            :       31       12   1649892 
	   Memory (MB)          :       12     2000      2000 

	Job terminated of its own accord at 2023-07-28T08:05:21Z.
...
000 (9483818.000.000) 07/28 10:57:12 Job submitted from host: <137.138.120.116:9618?addrs=137.138.120.116-9618+[2001-1458-d00-16--17b]-9618&alias=bigbird12.cern.ch&noUDP&sock=schedd_8624_ecd7>
...
040 (9483818.000.000) 07/28 10:58:07 Started transferring input files
	Transferring to host: <128.142.61.29:9618?addrs=128.142.61.29-9618+[2001-1458-301-23--100-1c]-9618&alias=b7s06p7938.cern.ch&noUDP&sock=slot1_6_52402_b30c_32366>
...
040 (9483818.000.000) 07/28 10:58:07 Finished transferring input files
...
001 (9483818.000.000) 07/28 10:58:08 Job executing on host: <128.142.61.29:9618?addrs=128.142.61.29-9618+[2001-1458-301-23--100-1c]-9618&alias=b7s06p7938.cern.ch&noUDP&sock=startd_52362_8e21>
...
006 (9483818.000.000) 07/28 10:58:17 Image size of job updated: 299164
	144  -  MemoryUsage of job (MB)
	147064  -  ResidentSetSize of job (KB)
...
006 (9483818.000.000) 07/28 10:59:59 Image size of job updated: 1271192
	144  -  MemoryUsage of job (MB)
	147064  -  ResidentSetSize of job (KB)
...
040 (9483818.000.000) 07/28 10:59:59 Started transferring output files
...
040 (9483818.000.000) 07/28 10:59:59 Finished transferring output files
...
005 (9483818.000.000) 07/28 10:59:59 Job terminated.
	(1) Normal termination (return value 0)
		Usr 0 00:00:43, Sys 0 00:00:02  -  Run Remote Usage
		Usr 0 00:00:00, Sys 0 00:00:00  -  Run Local Usage
		Usr 0 00:00:43, Sys 0 00:00:02  -  Total Remote Usage
		Usr 0 00:00:00, Sys 0 00:00:00  -  Total Local Usage
	6450  -  Run Bytes Sent By Job
	11150  -  Run Bytes Received By Job
	6450  -  Total Bytes Sent By Job
	11150  -  Total Bytes Received By Job
	Partitionable Resources :    Usage  Request Allocated 
	   Cpus                 :                 1         1 
	   Disk (KB)            :       31       12   2888392 
	   Memory (MB)          :      144     2000      2000 

	Job terminated of its own accord at 2023-07-28T08:59:59Z.
...
000 (9485851.000.000) 07/28 19:12:58 Job submitted from host: <137.138.120.116:9618?addrs=137.138.120.116-9618+[2001-1458-d00-16--17b]-9618&alias=bigbird12.cern.ch&noUDP&sock=schedd_8624_ecd7>
...
040 (9485851.000.000) 07/28 22:38:31 Started transferring input files
	Transferring to host: <128.142.195.142:9618?addrs=128.142.195.142-9618+[2001-1458-301-50--100-7]-9618&alias=b7g33p9667.cern.ch&noUDP&sock=slot1_15_5376_a0d4_22551>
...
040 (9485851.000.000) 07/28 22:38:31 Finished transferring input files
...
001 (9485851.000.000) 07/28 22:38:32 Job executing on host: <128.142.195.142:9618?addrs=128.142.195.142-9618+[2001-1458-301-50--100-7]-9618&alias=b7g33p9667.cern.ch&noUDP&sock=startd_41940_ee18>
...
006 (9485851.000.000) 07/28 22:38:41 Image size of job updated: 447912
	144  -  MemoryUsage of job (MB)
	147072  -  ResidentSetSize of job (KB)
...
006 (9485851.000.000) 07/28 22:40:33 Image size of job updated: 1271860
	144  -  MemoryUsage of job (MB)
	147072  -  ResidentSetSize of job (KB)
...
040 (9485851.000.000) 07/28 22:40:33 Started transferring output files
...
040 (9485851.000.000) 07/28 22:40:33 Finished transferring output files
...
005 (9485851.000.000) 07/28 22:40:33 Job terminated.
	(1) Normal termination (return value 0)
		Usr 0 00:00:47, Sys 0 00:00:01  -  Run Remote Usage
		Usr 0 00:00:00, Sys 0 00:00:00  -  Run Local Usage
		Usr 0 00:00:47, Sys 0 00:00:01  -  Total Remote Usage
		Usr 0 00:00:00, Sys 0 00:00:00  -  Total Local Usage
	6468  -  Run Bytes Sent By Job
	11150  -  Run Bytes Received By Job
	6468  -  Total Bytes Sent By Job
	11150  -  Total Bytes Received By Job
	Partitionable Resources :    Usage  Request Allocated 
	   Cpus                 :     0.03        1         1 
	   Disk (KB)            :    39          12   2898303 
	   Memory (MB)          :   144        2000      2000 

	Job terminated of its own accord at 2023-07-28T20:40:33Z.
...
