000 (9482038.000.000) 07/26 11:52:21 Job submitted from host: <137.138.120.116:9618?addrs=137.138.120.116-9618+[2001-1458-d00-16--17b]-9618&alias=bigbird12.cern.ch&noUDP&sock=schedd_8624_ecd7>
...
040 (9482038.000.000) 07/26 11:52:32 Started transferring input files
	Transferring to host: <188.184.162.105:9618?addrs=188.184.162.105-9618+[2001-1458-301-4a--100-63]-9618&alias=b7s11p8419.cern.ch&noUDP&sock=slot1_12_4288_08a7_132811>
...
040 (9482038.000.000) 07/26 11:52:32 Finished transferring input files
...
001 (9482038.000.000) 07/26 11:52:33 Job executing on host: <188.184.162.105:9618?addrs=188.184.162.105-9618+[2001-1458-301-4a--100-63]-9618&alias=b7s11p8419.cern.ch&noUDP&sock=startd_3342_e999>
...
006 (9482038.000.000) 07/26 11:52:35 Image size of job updated: 1
	0  -  MemoryUsage of job (MB)
	0  -  ResidentSetSize of job (KB)
...
040 (9482038.000.000) 07/26 11:52:35 Started transferring output files
...
040 (9482038.000.000) 07/26 11:52:35 Finished transferring output files
...
005 (9482038.000.000) 07/26 11:52:35 Job terminated.
	(1) Normal termination (return value 2)
		Usr 0 00:00:00, Sys 0 00:00:00  -  Run Remote Usage
		Usr 0 00:00:00, Sys 0 00:00:00  -  Run Local Usage
		Usr 0 00:00:00, Sys 0 00:00:00  -  Total Remote Usage
		Usr 0 00:00:00, Sys 0 00:00:00  -  Total Local Usage
	191  -  Run Bytes Sent By Job
	11143  -  Run Bytes Received By Job
	191  -  Total Bytes Sent By Job
	11143  -  Total Bytes Received By Job
	Partitionable Resources :    Usage  Request Allocated 
	   Cpus                 :                 1         1 
	   Disk (KB)            :       28       12   3151440 
	   Memory (MB)          :        0     2000      2000 

	Job terminated of its own accord at 2023-07-26T09:52:35Z.
...
000 (9482058.000.000) 07/26 11:58:51 Job submitted from host: <137.138.120.116:9618?addrs=137.138.120.116-9618+[2001-1458-d00-16--17b]-9618&alias=bigbird12.cern.ch&noUDP&sock=schedd_8624_ecd7>
...
040 (9482058.000.000) 07/26 12:03:38 Started transferring input files
	Transferring to host: <128.142.195.52:9618?addrs=128.142.195.52-9618+[2001-1458-301-26--100-34]-9618&alias=b7g31p7703.cern.ch&noUDP&sock=slot1_12_3639_c12d_115690>
...
040 (9482058.000.000) 07/26 12:03:38 Finished transferring input files
...
001 (9482058.000.000) 07/26 12:03:39 Job executing on host: <128.142.195.52:9618?addrs=128.142.195.52-9618+[2001-1458-301-26--100-34]-9618&alias=b7g31p7703.cern.ch&noUDP&sock=startd_2877_f60f>
...
006 (9482058.000.000) 07/26 12:03:48 Image size of job updated: 824224
	169  -  MemoryUsage of job (MB)
	172252  -  ResidentSetSize of job (KB)
...
006 (9482058.000.000) 07/26 12:08:49 Image size of job updated: 1296808
	247  -  MemoryUsage of job (MB)
	252084  -  ResidentSetSize of job (KB)
...
006 (9482058.000.000) 07/26 12:13:50 Image size of job updated: 1347424
	291  -  MemoryUsage of job (MB)
	296992  -  ResidentSetSize of job (KB)
...
006 (9482058.000.000) 07/26 12:18:50 Image size of job updated: 1384596
	336  -  MemoryUsage of job (MB)
	343804  -  ResidentSetSize of job (KB)
...
006 (9482058.000.000) 07/26 12:23:50 Image size of job updated: 1413572
	348  -  MemoryUsage of job (MB)
	355896  -  ResidentSetSize of job (KB)
...
006 (9482058.000.000) 07/26 12:28:51 Image size of job updated: 1460832
	385  -  MemoryUsage of job (MB)
	393380  -  ResidentSetSize of job (KB)
...
006 (9482058.000.000) 07/26 12:33:52 Image size of job updated: 1472920
	399  -  MemoryUsage of job (MB)
	408388  -  ResidentSetSize of job (KB)
...
006 (9482058.000.000) 07/26 12:38:52 Image size of job updated: 1538924
	452  -  MemoryUsage of job (MB)
	462128  -  ResidentSetSize of job (KB)
...
006 (9482058.000.000) 07/26 12:43:52 Image size of job updated: 1557348
	457  -  MemoryUsage of job (MB)
	467132  -  ResidentSetSize of job (KB)
...
006 (9482058.000.000) 07/26 12:48:53 Image size of job updated: 1559636
	470  -  MemoryUsage of job (MB)
	480288  -  ResidentSetSize of job (KB)
...
006 (9482058.000.000) 07/26 12:53:54 Image size of job updated: 1595648
	474  -  MemoryUsage of job (MB)
	484944  -  ResidentSetSize of job (KB)
...
006 (9482058.000.000) 07/26 12:58:54 Image size of job updated: 1607340
	477  -  MemoryUsage of job (MB)
	487660  -  ResidentSetSize of job (KB)
...
006 (9482058.000.000) 07/26 13:03:54 Image size of job updated: 1637184
	482  -  MemoryUsage of job (MB)
	493492  -  ResidentSetSize of job (KB)
...
006 (9482058.000.000) 07/26 13:13:56 Image size of job updated: 1638348
	491  -  MemoryUsage of job (MB)
	501960  -  ResidentSetSize of job (KB)
...
006 (9482058.000.000) 07/26 13:18:56 Image size of job updated: 1638348
	536  -  MemoryUsage of job (MB)
	548056  -  ResidentSetSize of job (KB)
...
006 (9482058.000.000) 07/26 13:23:56 Image size of job updated: 1641532
	541  -  MemoryUsage of job (MB)
	553524  -  ResidentSetSize of job (KB)
...
006 (9482058.000.000) 07/26 13:33:57 Image size of job updated: 1651820
	541  -  MemoryUsage of job (MB)
	553524  -  ResidentSetSize of job (KB)
...
006 (9482058.000.000) 07/26 13:43:58 Image size of job updated: 1696504
	545  -  MemoryUsage of job (MB)
	557864  -  ResidentSetSize of job (KB)
...
006 (9482058.000.000) 07/26 13:48:59 Image size of job updated: 1696504
	552  -  MemoryUsage of job (MB)
	564512  -  ResidentSetSize of job (KB)
...
040 (9482058.000.000) 07/26 13:51:47 Started transferring output files
...
040 (9482058.000.000) 07/26 13:51:47 Finished transferring output files
...
005 (9482058.000.000) 07/26 13:51:47 Job terminated.
	(1) Normal termination (return value 0)
		Usr 0 00:48:30, Sys 0 00:44:23  -  Run Remote Usage
		Usr 0 00:00:00, Sys 0 00:00:00  -  Run Local Usage
		Usr 0 00:48:30, Sys 0 00:44:23  -  Total Remote Usage
		Usr 0 00:00:00, Sys 0 00:00:00  -  Total Local Usage
	14518  -  Run Bytes Sent By Job
	11146  -  Run Bytes Received By Job
	14518  -  Total Bytes Sent By Job
	11146  -  Total Bytes Received By Job
	Partitionable Resources :    Usage  Request Allocated 
	   Cpus                 :     0.95        1         1 
	   Disk (KB)            :    46          12   1132313 
	   Memory (MB)          :   552        2000      2000 

	Job terminated of its own accord at 2023-07-26T11:51:47Z.
...
000 (9482173.000.000) 07/26 18:29:35 Job submitted from host: <137.138.120.116:9618?addrs=137.138.120.116-9618+[2001-1458-d00-16--17b]-9618&alias=bigbird12.cern.ch&noUDP&sock=schedd_8624_ecd7>
...
040 (9482173.000.000) 07/26 18:31:28 Started transferring input files
	Transferring to host: <188.184.163.16:9618?addrs=188.184.163.16-9618+[2001-1458-301-4d--100-a]-9618&alias=b7s12p6866.cern.ch&noUDP&sock=slot1_1_8159_80e5_139417>
...
040 (9482173.000.000) 07/26 18:31:28 Finished transferring input files
...
001 (9482173.000.000) 07/26 18:31:29 Job executing on host: <188.184.163.16:9618?addrs=188.184.163.16-9618+[2001-1458-301-4d--100-a]-9618&alias=b7s12p6866.cern.ch&noUDP&sock=startd_6418_caeb>
...
006 (9482173.000.000) 07/26 18:31:38 Image size of job updated: 527516
	144  -  MemoryUsage of job (MB)
	147100  -  ResidentSetSize of job (KB)
...
006 (9482173.000.000) 07/26 18:36:39 Image size of job updated: 1294556
	238  -  MemoryUsage of job (MB)
	243012  -  ResidentSetSize of job (KB)
...
006 (9482173.000.000) 07/26 18:41:39 Image size of job updated: 1324888
	254  -  MemoryUsage of job (MB)
	259424  -  ResidentSetSize of job (KB)
...
006 (9482173.000.000) 07/26 18:46:39 Image size of job updated: 1349596
	292  -  MemoryUsage of job (MB)
	298024  -  ResidentSetSize of job (KB)
...
006 (9482173.000.000) 07/26 18:51:40 Image size of job updated: 1373380
	315  -  MemoryUsage of job (MB)
	321864  -  ResidentSetSize of job (KB)
...
006 (9482173.000.000) 07/26 18:56:41 Image size of job updated: 1412504
	350  -  MemoryUsage of job (MB)
	358364  -  ResidentSetSize of job (KB)
...
006 (9482173.000.000) 07/26 19:01:41 Image size of job updated: 1421248
	357  -  MemoryUsage of job (MB)
	364628  -  ResidentSetSize of job (KB)
...
006 (9482173.000.000) 07/26 19:06:41 Image size of job updated: 1433656
	357  -  MemoryUsage of job (MB)
	364628  -  ResidentSetSize of job (KB)
...
006 (9482173.000.000) 07/26 19:11:43 Image size of job updated: 1454616
	379  -  MemoryUsage of job (MB)
	387296  -  ResidentSetSize of job (KB)
...
006 (9482173.000.000) 07/26 19:16:43 Image size of job updated: 1465220
	404  -  MemoryUsage of job (MB)
	413504  -  ResidentSetSize of job (KB)
...
006 (9482173.000.000) 07/26 19:21:43 Image size of job updated: 1478032
	404  -  MemoryUsage of job (MB)
	413504  -  ResidentSetSize of job (KB)
...
006 (9482173.000.000) 07/26 19:26:44 Image size of job updated: 1482396
	421  -  MemoryUsage of job (MB)
	430788  -  ResidentSetSize of job (KB)
...
006 (9482173.000.000) 07/26 19:31:45 Image size of job updated: 1509340
	421  -  MemoryUsage of job (MB)
	430788  -  ResidentSetSize of job (KB)
...
006 (9482173.000.000) 07/26 19:36:45 Image size of job updated: 1514712
	452  -  MemoryUsage of job (MB)
	462056  -  ResidentSetSize of job (KB)
...
006 (9482173.000.000) 07/26 19:41:45 Image size of job updated: 1546832
	457  -  MemoryUsage of job (MB)
	467736  -  ResidentSetSize of job (KB)
...
006 (9482173.000.000) 07/26 19:46:46 Image size of job updated: 1551772
	484  -  MemoryUsage of job (MB)
	495540  -  ResidentSetSize of job (KB)
...
006 (9482173.000.000) 07/26 19:51:47 Image size of job updated: 1580736
	517  -  MemoryUsage of job (MB)
	529044  -  ResidentSetSize of job (KB)
...
006 (9482173.000.000) 07/26 19:56:47 Image size of job updated: 1582468
	519  -  MemoryUsage of job (MB)
	530900  -  ResidentSetSize of job (KB)
...
006 (9482173.000.000) 07/26 20:01:48 Image size of job updated: 1612936
	522  -  MemoryUsage of job (MB)
	534216  -  ResidentSetSize of job (KB)
...
006 (9482173.000.000) 07/26 20:06:49 Image size of job updated: 1612936
	528  -  MemoryUsage of job (MB)
	540068  -  ResidentSetSize of job (KB)
...
006 (9482173.000.000) 07/26 20:11:49 Image size of job updated: 1612936
	554  -  MemoryUsage of job (MB)
	566892  -  ResidentSetSize of job (KB)
...
006 (9482173.000.000) 07/26 20:16:49 Image size of job updated: 1626144
	562  -  MemoryUsage of job (MB)
	574648  -  ResidentSetSize of job (KB)
...
006 (9482173.000.000) 07/26 20:21:50 Image size of job updated: 1660712
	562  -  MemoryUsage of job (MB)
	574996  -  ResidentSetSize of job (KB)
...
006 (9482173.000.000) 07/26 20:26:50 Image size of job updated: 1661536
	562  -  MemoryUsage of job (MB)
	574996  -  ResidentSetSize of job (KB)
...
006 (9482173.000.000) 07/26 20:31:33 Image size of job updated: 1693760
	562  -  MemoryUsage of job (MB)
	574996  -  ResidentSetSize of job (KB)
...
040 (9482173.000.000) 07/26 20:31:33 Started transferring output files
...
040 (9482173.000.000) 07/26 20:31:33 Finished transferring output files
...
009 (9482173.000.000) 07/26 20:31:33 Job was aborted.
	Job removed by SYSTEM_PERIODIC_REMOVE due to wall time exceeded allowed max.
...
000 (9483787.000.000) 07/28 10:00:55 Job submitted from host: <137.138.120.116:9618?addrs=137.138.120.116-9618+[2001-1458-d00-16--17b]-9618&alias=bigbird12.cern.ch&noUDP&sock=schedd_8624_ecd7>
...
040 (9483787.000.000) 07/28 10:01:49 Started transferring input files
	Transferring to host: <128.142.61.39:9618?addrs=128.142.61.39-9618+[2001-1458-301-23--100-26]-9618&alias=b7s06p7473.cern.ch&noUDP&sock=slot1_8_12172_0668_28889>
...
040 (9483787.000.000) 07/28 10:01:49 Finished transferring input files
...
001 (9483787.000.000) 07/28 10:01:50 Job executing on host: <128.142.61.39:9618?addrs=128.142.61.39-9618+[2001-1458-301-23--100-26]-9618&alias=b7s06p7473.cern.ch&noUDP&sock=startd_12135_2ddb>
...
006 (9483787.000.000) 07/28 10:01:58 Image size of job updated: 240268
	108  -  MemoryUsage of job (MB)
	110196  -  ResidentSetSize of job (KB)
...
006 (9483787.000.000) 07/28 10:06:58 Image size of job updated: 1306716
	252  -  MemoryUsage of job (MB)
	257776  -  ResidentSetSize of job (KB)
...
006 (9483787.000.000) 07/28 10:11:59 Image size of job updated: 1349608
	290  -  MemoryUsage of job (MB)
	295996  -  ResidentSetSize of job (KB)
...
006 (9483787.000.000) 07/28 10:17:00 Image size of job updated: 1373892
	303  -  MemoryUsage of job (MB)
	310000  -  ResidentSetSize of job (KB)
...
006 (9483787.000.000) 07/28 10:22:00 Image size of job updated: 1418372
	334  -  MemoryUsage of job (MB)
	341576  -  ResidentSetSize of job (KB)
...
006 (9483787.000.000) 07/28 10:27:01 Image size of job updated: 1451000
	366  -  MemoryUsage of job (MB)
	374688  -  ResidentSetSize of job (KB)
...
006 (9483787.000.000) 07/28 10:32:02 Image size of job updated: 1464712
	379  -  MemoryUsage of job (MB)
	387692  -  ResidentSetSize of job (KB)
...
006 (9483787.000.000) 07/28 10:37:02 Image size of job updated: 1501000
	411  -  MemoryUsage of job (MB)
	419884  -  ResidentSetSize of job (KB)
...
006 (9483787.000.000) 07/28 10:42:02 Image size of job updated: 1505988
	412  -  MemoryUsage of job (MB)
	421200  -  ResidentSetSize of job (KB)
...
006 (9483787.000.000) 07/28 10:47:03 Image size of job updated: 1536272
	439  -  MemoryUsage of job (MB)
	449448  -  ResidentSetSize of job (KB)
...
006 (9483787.000.000) 07/28 10:52:03 Image size of job updated: 1559436
	445  -  MemoryUsage of job (MB)
	455436  -  ResidentSetSize of job (KB)
...
006 (9483787.000.000) 07/28 10:55:17 Image size of job updated: 1563352
	445  -  MemoryUsage of job (MB)
	455436  -  ResidentSetSize of job (KB)
...
040 (9483787.000.000) 07/28 10:55:17 Started transferring output files
...
040 (9483787.000.000) 07/28 10:55:17 Finished transferring output files
...
004 (9483787.000.000) 07/28 10:55:17 Job was evicted.
	(0) CPU times
		Usr 0 00:34:06, Sys 0 00:10:04  -  Run Remote Usage
		Usr 0 00:00:00, Sys 0 00:00:00  -  Run Local Usage
	0  -  Run Bytes Sent By Job
	11150  -  Run Bytes Received By Job
	Partitionable Resources :    Usage  Request Allocated 
	   Cpus                 :     0.77        1         1 
	   Disk (KB)            :    35          12   1159482 
	   Memory (MB)          :   445        2000      2000 
...
009 (9483787.000.000) 07/28 10:55:18 Job was aborted.
	via condor_rm (by user jbonetti)
...
000 (9483809.000.000) 07/28 10:56:26 Job submitted from host: <137.138.120.116:9618?addrs=137.138.120.116-9618+[2001-1458-d00-16--17b]-9618&alias=bigbird12.cern.ch&noUDP&sock=schedd_8624_ecd7>
...
040 (9483809.000.000) 07/28 10:58:04 Started transferring input files
	Transferring to host: <128.142.195.64:9618?addrs=128.142.195.64-9618+[2001-1458-301-26--100-40]-9618&alias=b7g31p1837.cern.ch&noUDP&sock=slot1_8_4515_f9d1_118614>
...
040 (9483809.000.000) 07/28 10:58:04 Finished transferring input files
...
001 (9483809.000.000) 07/28 10:58:05 Job executing on host: <128.142.195.64:9618?addrs=128.142.195.64-9618+[2001-1458-301-26--100-40]-9618&alias=b7g31p1837.cern.ch&noUDP&sock=startd_3095_7db5>
...
006 (9483809.000.000) 07/28 10:58:13 Image size of job updated: 279424
	132  -  MemoryUsage of job (MB)
	134736  -  ResidentSetSize of job (KB)
...
006 (9483809.000.000) 07/28 11:03:13 Image size of job updated: 1310812
	259  -  MemoryUsage of job (MB)
	265200  -  ResidentSetSize of job (KB)
...
006 (9483809.000.000) 07/28 11:08:14 Image size of job updated: 1354544
	297  -  MemoryUsage of job (MB)
	303828  -  ResidentSetSize of job (KB)
...
006 (9483809.000.000) 07/28 11:13:14 Image size of job updated: 1379976
	326  -  MemoryUsage of job (MB)
	333504  -  ResidentSetSize of job (KB)
...
006 (9483809.000.000) 07/28 11:18:14 Image size of job updated: 1422444
	354  -  MemoryUsage of job (MB)
	361540  -  ResidentSetSize of job (KB)
...
006 (9483809.000.000) 07/28 11:23:15 Image size of job updated: 1444916
	382  -  MemoryUsage of job (MB)
	390296  -  ResidentSetSize of job (KB)
...
006 (9483809.000.000) 07/28 11:28:16 Image size of job updated: 1463988
	382  -  MemoryUsage of job (MB)
	390296  -  ResidentSetSize of job (KB)
...
006 (9483809.000.000) 07/28 11:33:16 Image size of job updated: 1488704
	391  -  MemoryUsage of job (MB)
	399688  -  ResidentSetSize of job (KB)
...
006 (9483809.000.000) 07/28 11:38:17 Image size of job updated: 1503040
	431  -  MemoryUsage of job (MB)
	440592  -  ResidentSetSize of job (KB)
...
006 (9483809.000.000) 07/28 11:43:18 Image size of job updated: 1539940
	464  -  MemoryUsage of job (MB)
	474796  -  ResidentSetSize of job (KB)
...
006 (9483809.000.000) 07/28 11:48:18 Image size of job updated: 1540704
	464  -  MemoryUsage of job (MB)
	474796  -  ResidentSetSize of job (KB)
...
006 (9483809.000.000) 07/28 11:53:18 Image size of job updated: 1561900
	464  -  MemoryUsage of job (MB)
	474796  -  ResidentSetSize of job (KB)
...
006 (9483809.000.000) 07/28 11:58:19 Image size of job updated: 1592132
	466  -  MemoryUsage of job (MB)
	476348  -  ResidentSetSize of job (KB)
...
006 (9483809.000.000) 07/28 12:03:19 Image size of job updated: 1592384
	524  -  MemoryUsage of job (MB)
	536324  -  ResidentSetSize of job (KB)
...
006 (9483809.000.000) 07/28 12:08:19 Image size of job updated: 1620940
	540  -  MemoryUsage of job (MB)
	552440  -  ResidentSetSize of job (KB)
...
006 (9483809.000.000) 07/28 12:13:20 Image size of job updated: 1628928
	540  -  MemoryUsage of job (MB)
	552440  -  ResidentSetSize of job (KB)
...
006 (9483809.000.000) 07/28 12:18:21 Image size of job updated: 1646696
	549  -  MemoryUsage of job (MB)
	561536  -  ResidentSetSize of job (KB)
...
006 (9483809.000.000) 07/28 12:23:21 Image size of job updated: 1650696
	549  -  MemoryUsage of job (MB)
	561536  -  ResidentSetSize of job (KB)
...
006 (9483809.000.000) 07/28 12:28:22 Image size of job updated: 1685844
	549  -  MemoryUsage of job (MB)
	561536  -  ResidentSetSize of job (KB)
...
006 (9483809.000.000) 07/28 12:33:23 Image size of job updated: 1685844
	598  -  MemoryUsage of job (MB)
	612200  -  ResidentSetSize of job (KB)
...
006 (9483809.000.000) 07/28 12:38:23 Image size of job updated: 1685844
	601  -  MemoryUsage of job (MB)
	614540  -  ResidentSetSize of job (KB)
...
006 (9483809.000.000) 07/28 12:43:24 Image size of job updated: 1691516
	601  -  MemoryUsage of job (MB)
	614540  -  ResidentSetSize of job (KB)
...
006 (9483809.000.000) 07/28 12:48:25 Image size of job updated: 1714768
	601  -  MemoryUsage of job (MB)
	614540  -  ResidentSetSize of job (KB)
...
006 (9483809.000.000) 07/28 12:53:25 Image size of job updated: 1714768
	605  -  MemoryUsage of job (MB)
	618616  -  ResidentSetSize of job (KB)
...
040 (9483809.000.000) 07/28 12:58:08 Started transferring output files
...
040 (9483809.000.000) 07/28 12:58:08 Finished transferring output files
...
009 (9483809.000.000) 07/28 12:58:08 Job was aborted.
	Job removed by SYSTEM_PERIODIC_REMOVE due to wall time exceeded allowed max.
...
000 (9484503.000.000) 07/28 15:26:55 Job submitted from host: <137.138.120.116:9618?addrs=137.138.120.116-9618+[2001-1458-d00-16--17b]-9618&alias=bigbird12.cern.ch&noUDP&sock=schedd_8624_ecd7>
...
040 (9484503.000.000) 07/28 15:35:18 Started transferring input files
	Transferring to host: <128.142.63.12:9618?addrs=128.142.63.12-9618+[2001-1458-301-38--100-9]-9618&alias=b7s08p2970.cern.ch&noUDP&sock=slot1_18_10905_4f15_124104>
...
040 (9484503.000.000) 07/28 15:35:18 Finished transferring input files
...
001 (9484503.000.000) 07/28 15:35:19 Job executing on host: <128.142.63.12:9618?addrs=128.142.63.12-9618+[2001-1458-301-38--100-9]-9618&alias=b7s08p2970.cern.ch&noUDP&sock=startd_10597_3d32>
...
006 (9484503.000.000) 07/28 15:35:27 Image size of job updated: 370696
	73  -  MemoryUsage of job (MB)
	73828  -  ResidentSetSize of job (KB)
...
006 (9484503.000.000) 07/28 15:40:27 Image size of job updated: 1313256
	246  -  MemoryUsage of job (MB)
	251576  -  ResidentSetSize of job (KB)
...
006 (9484503.000.000) 07/28 15:45:28 Image size of job updated: 1353420
	291  -  MemoryUsage of job (MB)
	297356  -  ResidentSetSize of job (KB)
...
006 (9484503.000.000) 07/28 15:50:29 Image size of job updated: 1385756
	331  -  MemoryUsage of job (MB)
	338120  -  ResidentSetSize of job (KB)
...
006 (9484503.000.000) 07/28 15:55:29 Image size of job updated: 1417260
	331  -  MemoryUsage of job (MB)
	338768  -  ResidentSetSize of job (KB)
...
006 (9484503.000.000) 07/28 16:00:29 Image size of job updated: 1431696
	339  -  MemoryUsage of job (MB)
	347056  -  ResidentSetSize of job (KB)
...
006 (9484503.000.000) 07/28 16:05:30 Image size of job updated: 1464448
	347  -  MemoryUsage of job (MB)
	354808  -  ResidentSetSize of job (KB)
...
006 (9484503.000.000) 07/28 16:10:30 Image size of job updated: 1481348
	418  -  MemoryUsage of job (MB)
	427280  -  ResidentSetSize of job (KB)
...
006 (9484503.000.000) 07/28 16:15:30 Image size of job updated: 1493952
	433  -  MemoryUsage of job (MB)
	442976  -  ResidentSetSize of job (KB)
...
006 (9484503.000.000) 07/28 16:20:31 Image size of job updated: 1526236
	460  -  MemoryUsage of job (MB)
	470324  -  ResidentSetSize of job (KB)
...
006 (9484503.000.000) 07/28 16:25:32 Image size of job updated: 1551188
	465  -  MemoryUsage of job (MB)
	475808  -  ResidentSetSize of job (KB)
...
006 (9484503.000.000) 07/28 16:30:32 Image size of job updated: 1567024
	500  -  MemoryUsage of job (MB)
	511688  -  ResidentSetSize of job (KB)
...
006 (9484503.000.000) 07/28 16:35:33 Image size of job updated: 1567652
	500  -  MemoryUsage of job (MB)
	511688  -  ResidentSetSize of job (KB)
...
006 (9484503.000.000) 07/28 16:40:34 Image size of job updated: 1608792
	500  -  MemoryUsage of job (MB)
	511688  -  ResidentSetSize of job (KB)
...
006 (9484503.000.000) 07/28 16:45:34 Image size of job updated: 1632724
	507  -  MemoryUsage of job (MB)
	518692  -  ResidentSetSize of job (KB)
...
006 (9484503.000.000) 07/28 16:50:34 Image size of job updated: 1647316
	541  -  MemoryUsage of job (MB)
	553668  -  ResidentSetSize of job (KB)
...
006 (9484503.000.000) 07/28 16:55:35 Image size of job updated: 1647316
	566  -  MemoryUsage of job (MB)
	579580  -  ResidentSetSize of job (KB)
...
006 (9484503.000.000) 07/28 17:05:35 Image size of job updated: 1696596
	566  -  MemoryUsage of job (MB)
	579580  -  ResidentSetSize of job (KB)
...
006 (9484503.000.000) 07/28 17:20:36 Image size of job updated: 1725288
	586  -  MemoryUsage of job (MB)
	599716  -  ResidentSetSize of job (KB)
...
006 (9484503.000.000) 07/28 17:25:37 Image size of job updated: 1725288
	611  -  MemoryUsage of job (MB)
	624820  -  ResidentSetSize of job (KB)
...
006 (9484503.000.000) 07/28 17:40:38 Image size of job updated: 1768216
	629  -  MemoryUsage of job (MB)
	643572  -  ResidentSetSize of job (KB)
...
006 (9484503.000.000) 07/28 17:45:39 Image size of job updated: 1768216
	665  -  MemoryUsage of job (MB)
	680828  -  ResidentSetSize of job (KB)
...
006 (9484503.000.000) 07/28 17:50:39 Image size of job updated: 1778860
	688  -  MemoryUsage of job (MB)
	704488  -  ResidentSetSize of job (KB)
...
006 (9484503.000.000) 07/28 18:15:42 Image size of job updated: 1793000
	688  -  MemoryUsage of job (MB)
	704488  -  ResidentSetSize of job (KB)
...
006 (9484503.000.000) 07/28 18:25:42 Image size of job updated: 1820752
	704  -  MemoryUsage of job (MB)
	720144  -  ResidentSetSize of job (KB)
...
006 (9484503.000.000) 07/28 18:35:44 Image size of job updated: 1849228
	704  -  MemoryUsage of job (MB)
	720144  -  ResidentSetSize of job (KB)
...
006 (9484503.000.000) 07/28 18:40:44 Image size of job updated: 1849228
	744  -  MemoryUsage of job (MB)
	761544  -  ResidentSetSize of job (KB)
...
006 (9484503.000.000) 07/28 18:45:45 Image size of job updated: 1849228
	752  -  MemoryUsage of job (MB)
	769556  -  ResidentSetSize of job (KB)
...
006 (9484503.000.000) 07/28 18:50:46 Image size of job updated: 1849516
	752  -  MemoryUsage of job (MB)
	769556  -  ResidentSetSize of job (KB)
...
006 (9484503.000.000) 07/28 19:05:48 Image size of job updated: 1850336
	752  -  MemoryUsage of job (MB)
	769556  -  ResidentSetSize of job (KB)
...
006 (9484503.000.000) 07/28 19:09:20 Image size of job updated: 1878648
	752  -  MemoryUsage of job (MB)
	769556  -  ResidentSetSize of job (KB)
...
040 (9484503.000.000) 07/28 19:09:20 Started transferring output files
...
040 (9484503.000.000) 07/28 19:09:20 Finished transferring output files
...
004 (9484503.000.000) 07/28 19:09:20 Job was evicted.
	(0) CPU times
		Usr 0 01:43:57, Sys 0 01:33:20  -  Run Remote Usage
		Usr 0 00:00:00, Sys 0 00:00:00  -  Run Local Usage
	8182  -  Run Bytes Sent By Job
	11150  -  Run Bytes Received By Job
	Partitionable Resources :    Usage  Request Allocated 
	   Cpus                 :     0.98        1         1 
	   Disk (KB)            :    43          12   1215522 
	   Memory (MB)          :   752        2000      2000 
...
009 (9484503.000.000) 07/28 19:09:20 Job was aborted.
	via condor_rm (by user jbonetti)
...
000 (9485842.000.000) 07/28 19:12:13 Job submitted from host: <137.138.120.116:9618?addrs=137.138.120.116-9618+[2001-1458-d00-16--17b]-9618&alias=bigbird12.cern.ch&noUDP&sock=schedd_8624_ecd7>
...
040 (9485842.000.000) 07/28 22:38:30 Started transferring input files
	Transferring to host: <128.142.58.167:9618?addrs=128.142.58.167-9618+[2001-1458-301-16--100-a6]-9618&alias=b7s03p9212.cern.ch&noUDP&sock=slot1_37_6302_1439_122409>
...
040 (9485842.000.000) 07/28 22:38:30 Finished transferring input files
...
001 (9485842.000.000) 07/28 22:38:31 Job executing on host: <128.142.58.167:9618?addrs=128.142.58.167-9618+[2001-1458-301-16--100-a6]-9618&alias=b7s03p9212.cern.ch&noUDP&sock=startd_5364_d618>
...
006 (9485842.000.000) 07/28 22:38:40 Image size of job updated: 287188
	19  -  MemoryUsage of job (MB)
	18508  -  ResidentSetSize of job (KB)
...
006 (9485842.000.000) 07/28 22:43:41 Image size of job updated: 1298080
	238  -  MemoryUsage of job (MB)
	243700  -  ResidentSetSize of job (KB)
...
006 (9485842.000.000) 07/28 22:48:42 Image size of job updated: 1341120
	258  -  MemoryUsage of job (MB)
	264060  -  ResidentSetSize of job (KB)
...
006 (9485842.000.000) 07/28 22:53:42 Image size of job updated: 1373796
	289  -  MemoryUsage of job (MB)
	295052  -  ResidentSetSize of job (KB)
...
006 (9485842.000.000) 07/28 22:58:43 Image size of job updated: 1399880
	320  -  MemoryUsage of job (MB)
	326864  -  ResidentSetSize of job (KB)
...
006 (9485842.000.000) 07/28 23:03:44 Image size of job updated: 1421908
	377  -  MemoryUsage of job (MB)
	385664  -  ResidentSetSize of job (KB)
...
006 (9485842.000.000) 07/28 23:08:44 Image size of job updated: 1451552
	385  -  MemoryUsage of job (MB)
	393268  -  ResidentSetSize of job (KB)
...
006 (9485842.000.000) 07/28 23:13:44 Image size of job updated: 1475696
	395  -  MemoryUsage of job (MB)
	404344  -  ResidentSetSize of job (KB)
...
006 (9485842.000.000) 07/28 23:18:45 Image size of job updated: 1497656
	400  -  MemoryUsage of job (MB)
	409424  -  ResidentSetSize of job (KB)
...
006 (9485842.000.000) 07/28 23:23:45 Image size of job updated: 1508520
	407  -  MemoryUsage of job (MB)
	415984  -  ResidentSetSize of job (KB)
...
006 (9485842.000.000) 07/28 23:28:45 Image size of job updated: 1523556
	423  -  MemoryUsage of job (MB)
	432804  -  ResidentSetSize of job (KB)
...
006 (9485842.000.000) 07/28 23:33:46 Image size of job updated: 1556016
	441  -  MemoryUsage of job (MB)
	451520  -  ResidentSetSize of job (KB)
...
006 (9485842.000.000) 07/28 23:38:46 Image size of job updated: 1562708
	446  -  MemoryUsage of job (MB)
	456584  -  ResidentSetSize of job (KB)
...
006 (9485842.000.000) 07/28 23:43:46 Image size of job updated: 1563552
	463  -  MemoryUsage of job (MB)
	473388  -  ResidentSetSize of job (KB)
...
006 (9485842.000.000) 07/28 23:48:47 Image size of job updated: 1574756
	468  -  MemoryUsage of job (MB)
	478496  -  ResidentSetSize of job (KB)
...
006 (9485842.000.000) 07/28 23:53:48 Image size of job updated: 1581640
	468  -  MemoryUsage of job (MB)
	478496  -  ResidentSetSize of job (KB)
...
006 (9485842.000.000) 07/28 23:58:48 Image size of job updated: 1593936
	504  -  MemoryUsage of job (MB)
	515436  -  ResidentSetSize of job (KB)
...
006 (9485842.000.000) 07/29 00:03:49 Image size of job updated: 1609984
	523  -  MemoryUsage of job (MB)
	534772  -  ResidentSetSize of job (KB)
...
006 (9485842.000.000) 07/29 00:08:50 Image size of job updated: 1612032
	523  -  MemoryUsage of job (MB)
	534772  -  ResidentSetSize of job (KB)
...
006 (9485842.000.000) 07/29 00:13:50 Image size of job updated: 1639380
	530  -  MemoryUsage of job (MB)
	541828  -  ResidentSetSize of job (KB)
...
006 (9485842.000.000) 07/29 00:23:51 Image size of job updated: 1660476
	581  -  MemoryUsage of job (MB)
	594308  -  ResidentSetSize of job (KB)
...
006 (9485842.000.000) 07/29 00:28:51 Image size of job updated: 1684500
	586  -  MemoryUsage of job (MB)
	599300  -  ResidentSetSize of job (KB)
...
006 (9485842.000.000) 07/29 00:38:52 Image size of job updated: 1684500
	621  -  MemoryUsage of job (MB)
	635360  -  ResidentSetSize of job (KB)
...
006 (9485842.000.000) 07/29 00:53:54 Image size of job updated: 1703656
	621  -  MemoryUsage of job (MB)
	635360  -  ResidentSetSize of job (KB)
...
006 (9485842.000.000) 07/29 01:03:54 Image size of job updated: 1729104
	621  -  MemoryUsage of job (MB)
	635360  -  ResidentSetSize of job (KB)
...
006 (9485842.000.000) 07/29 01:08:55 Image size of job updated: 1729104
	626  -  MemoryUsage of job (MB)
	640692  -  ResidentSetSize of job (KB)
...
006 (9485842.000.000) 07/29 01:23:57 Image size of job updated: 1737896
	626  -  MemoryUsage of job (MB)
	640692  -  ResidentSetSize of job (KB)
...
006 (9485842.000.000) 07/29 01:48:59 Image size of job updated: 1754124
	626  -  MemoryUsage of job (MB)
	640692  -  ResidentSetSize of job (KB)
...
006 (9485842.000.000) 07/29 01:53:59 Image size of job updated: 1767752
	626  -  MemoryUsage of job (MB)
	640692  -  ResidentSetSize of job (KB)
...
006 (9485842.000.000) 07/29 02:04:01 Image size of job updated: 1770892
	626  -  MemoryUsage of job (MB)
	640692  -  ResidentSetSize of job (KB)
...
006 (9485842.000.000) 07/29 02:09:01 Image size of job updated: 1770892
	629  -  MemoryUsage of job (MB)
	643152  -  ResidentSetSize of job (KB)
...
006 (9485842.000.000) 07/29 02:24:03 Image size of job updated: 1799340
	629  -  MemoryUsage of job (MB)
	643152  -  ResidentSetSize of job (KB)
...
006 (9485842.000.000) 07/29 02:29:04 Image size of job updated: 1799340
	639  -  MemoryUsage of job (MB)
	653888  -  ResidentSetSize of job (KB)
...
006 (9485842.000.000) 07/29 02:34:05 Image size of job updated: 1799340
	643  -  MemoryUsage of job (MB)
	658196  -  ResidentSetSize of job (KB)
...
006 (9485842.000.000) 07/29 02:39:05 Image size of job updated: 1834468
	643  -  MemoryUsage of job (MB)
	658196  -  ResidentSetSize of job (KB)
...
006 (9485842.000.000) 07/29 02:44:06 Image size of job updated: 1834468
	656  -  MemoryUsage of job (MB)
	670732  -  ResidentSetSize of job (KB)
...
006 (9485842.000.000) 07/29 02:49:07 Image size of job updated: 1834468
	665  -  MemoryUsage of job (MB)
	680476  -  ResidentSetSize of job (KB)
...
006 (9485842.000.000) 07/29 02:52:30 Image size of job updated: 1845384
	672  -  MemoryUsage of job (MB)
	687128  -  ResidentSetSize of job (KB)
...
040 (9485842.000.000) 07/29 02:52:30 Started transferring output files
...
040 (9485842.000.000) 07/29 02:52:31 Finished transferring output files
...
005 (9485842.000.000) 07/29 02:52:31 Job terminated.
	(1) Normal termination (return value 0)
		Usr 0 01:56:43, Sys 0 01:49:25  -  Run Remote Usage
		Usr 0 00:00:00, Sys 0 00:00:00  -  Run Local Usage
		Usr 0 01:56:43, Sys 0 01:49:25  -  Total Remote Usage
		Usr 0 00:00:00, Sys 0 00:00:00  -  Total Local Usage
	14719  -  Run Bytes Sent By Job
	11150  -  Run Bytes Received By Job
	14719  -  Total Bytes Sent By Job
	11150  -  Total Bytes Received By Job
	Partitionable Resources :    Usage  Request Allocated 
	   Cpus                 :     0.95        1         1 
	   Disk (KB)            :    47          12   1340962 
	   Memory (MB)          :   672        2000      2000 

	Job terminated of its own accord at 2023-07-29T00:52:30Z.
...
