000 (9482032.000.000) 07/26 11:51:52 Job submitted from host: <137.138.120.116:9618?addrs=137.138.120.116-9618+[2001-1458-d00-16--17b]-9618&alias=bigbird12.cern.ch&noUDP&sock=schedd_8624_ecd7>
...
040 (9482032.000.000) 07/26 11:52:32 Started transferring input files
	Transferring to host: <128.142.248.118:9618?addrs=128.142.248.118-9618+[2001-1458-301-73--100-166]-9618&alias=b7g23p2143.cern.ch&noUDP&sock=slot1_32_172234_2f15_51807>
...
040 (9482032.000.000) 07/26 11:52:32 Finished transferring input files
...
001 (9482032.000.000) 07/26 11:52:33 Job executing on host: <128.142.248.118:9618?addrs=128.142.248.118-9618+[2001-1458-301-73--100-166]-9618&alias=b7g23p2143.cern.ch&noUDP&sock=startd_172192_f7d9>
...
006 (9482032.000.000) 07/26 11:52:35 Image size of job updated: 20504
	0  -  MemoryUsage of job (MB)
	0  -  ResidentSetSize of job (KB)
...
040 (9482032.000.000) 07/26 11:52:35 Started transferring output files
...
040 (9482032.000.000) 07/26 11:52:35 Finished transferring output files
...
005 (9482032.000.000) 07/26 11:52:35 Job terminated.
	(1) Normal termination (return value 2)
		Usr 0 00:00:01, Sys 0 00:00:01  -  Run Remote Usage
		Usr 0 00:00:00, Sys 0 00:00:00  -  Run Local Usage
		Usr 0 00:00:01, Sys 0 00:00:01  -  Total Remote Usage
		Usr 0 00:00:00, Sys 0 00:00:00  -  Total Local Usage
	191  -  Run Bytes Sent By Job
	11143  -  Run Bytes Received By Job
	191  -  Total Bytes Sent By Job
	11143  -  Total Bytes Received By Job
	Partitionable Resources :    Usage  Request Allocated 
	   Cpus                 :                 1         1 
	   Disk (KB)            :       28       12   3048350 
	   Memory (MB)          :        0     2000      2000 

	Job terminated of its own accord at 2023-07-26T09:52:35Z.
...
000 (9482052.000.000) 07/26 11:58:22 Job submitted from host: <137.138.120.116:9618?addrs=137.138.120.116-9618+[2001-1458-d00-16--17b]-9618&alias=bigbird12.cern.ch&noUDP&sock=schedd_8624_ecd7>
...
040 (9482052.000.000) 07/26 12:03:36 Started transferring input files
	Transferring to host: <128.142.59.130:9618?addrs=128.142.59.130-9618+[2001-1458-301-21--100-81]-9618&alias=b7s04p1504.cern.ch&noUDP&sock=slot1_10_18538_72ab_45474>
...
040 (9482052.000.000) 07/26 12:03:36 Finished transferring input files
...
001 (9482052.000.000) 07/26 12:03:37 Job executing on host: <128.142.59.130:9618?addrs=128.142.59.130-9618+[2001-1458-301-21--100-81]-9618&alias=b7s04p1504.cern.ch&noUDP&sock=startd_18494_ec99>
...
006 (9482052.000.000) 07/26 12:03:46 Image size of job updated: 343796
	167  -  MemoryUsage of job (MB)
	170408  -  ResidentSetSize of job (KB)
...
006 (9482052.000.000) 07/26 12:06:11 Image size of job updated: 1259416
	167  -  MemoryUsage of job (MB)
	170408  -  ResidentSetSize of job (KB)
...
040 (9482052.000.000) 07/26 12:06:11 Started transferring output files
...
040 (9482052.000.000) 07/26 12:06:11 Finished transferring output files
...
005 (9482052.000.000) 07/26 12:06:11 Job terminated.
	(1) Normal termination (return value 0)
		Usr 0 00:00:50, Sys 0 00:00:01  -  Run Remote Usage
		Usr 0 00:00:00, Sys 0 00:00:00  -  Run Local Usage
		Usr 0 00:00:50, Sys 0 00:00:01  -  Total Remote Usage
		Usr 0 00:00:00, Sys 0 00:00:00  -  Total Local Usage
	6190  -  Run Bytes Sent By Job
	11146  -  Run Bytes Received By Job
	6190  -  Total Bytes Sent By Job
	11146  -  Total Bytes Received By Job
	Partitionable Resources :    Usage  Request Allocated 
	   Cpus                 :                 1         1 
	   Disk (KB)            :       31       12   1268394 
	   Memory (MB)          :      167     2000      2000 

	Job terminated of its own accord at 2023-07-26T10:06:11Z.
...
000 (9482167.000.000) 07/26 18:29:04 Job submitted from host: <137.138.120.116:9618?addrs=137.138.120.116-9618+[2001-1458-d00-16--17b]-9618&alias=bigbird12.cern.ch&noUDP&sock=schedd_8624_ecd7>
...
040 (9482167.000.000) 07/26 18:31:29 Started transferring input files
	Transferring to host: <188.184.163.116:9618?addrs=188.184.163.116-9618+[2001-1458-301-4d--100-6e]-9618&alias=b7s12p1202.cern.ch&noUDP&sock=slot1_13_140890_801a_29605>
...
040 (9482167.000.000) 07/26 18:31:29 Finished transferring input files
...
001 (9482167.000.000) 07/26 18:31:30 Job executing on host: <188.184.163.116:9618?addrs=188.184.163.116-9618+[2001-1458-301-4d--100-6e]-9618&alias=b7s12p1202.cern.ch&noUDP&sock=startd_140852_55bc>
...
006 (9482167.000.000) 07/26 18:31:39 Image size of job updated: 337440
	162  -  MemoryUsage of job (MB)
	165464  -  ResidentSetSize of job (KB)
...
006 (9482167.000.000) 07/26 18:35:07 Image size of job updated: 1277200
	162  -  MemoryUsage of job (MB)
	165476  -  ResidentSetSize of job (KB)
...
040 (9482167.000.000) 07/26 18:35:07 Started transferring output files
...
040 (9482167.000.000) 07/26 18:35:07 Finished transferring output files
...
005 (9482167.000.000) 07/26 18:35:07 Job terminated.
	(1) Normal termination (return value 0)
		Usr 0 00:01:48, Sys 0 00:00:02  -  Run Remote Usage
		Usr 0 00:00:00, Sys 0 00:00:00  -  Run Local Usage
		Usr 0 00:01:48, Sys 0 00:00:02  -  Total Remote Usage
		Usr 0 00:00:00, Sys 0 00:00:00  -  Total Local Usage
	6201  -  Run Bytes Sent By Job
	11146  -  Run Bytes Received By Job
	6201  -  Total Bytes Sent By Job
	11146  -  Total Bytes Received By Job
	Partitionable Resources :    Usage  Request Allocated 
	   Cpus                 :     0.48        1         1 
	   Disk (KB)            :    38          12   3102275 
	   Memory (MB)          :   162        2000      2000 

	Job terminated of its own accord at 2023-07-26T16:35:07Z.
...
000 (9483803.000.000) 07/28 10:55:56 Job submitted from host: <137.138.120.116:9618?addrs=137.138.120.116-9618+[2001-1458-d00-16--17b]-9618&alias=bigbird12.cern.ch&noUDP&sock=schedd_8624_ecd7>
...
040 (9483803.000.000) 07/28 10:58:02 Started transferring input files
	Transferring to host: <128.142.137.214:9618?addrs=128.142.137.214-9618+[2001-1458-301-5e--100-ca]-9618&alias=b7g19p0105.cern.ch&noUDP&sock=slot1_10_7366_c365_111112>
...
040 (9483803.000.000) 07/28 10:58:02 Finished transferring input files
...
001 (9483803.000.000) 07/28 10:58:03 Job executing on host: <128.142.137.214:9618?addrs=128.142.137.214-9618+[2001-1458-301-5e--100-ca]-9618&alias=b7g19p0105.cern.ch&noUDP&sock=startd_5802_4494>
...
006 (9483803.000.000) 07/28 10:58:12 Image size of job updated: 143864
	8  -  MemoryUsage of job (MB)
	7512  -  ResidentSetSize of job (KB)
...
006 (9483803.000.000) 07/28 11:03:13 Image size of job updated: 1282968
	225  -  MemoryUsage of job (MB)
	229672  -  ResidentSetSize of job (KB)
...
006 (9483803.000.000) 07/28 11:04:12 Image size of job updated: 1291232
	225  -  MemoryUsage of job (MB)
	229672  -  ResidentSetSize of job (KB)
...
040 (9483803.000.000) 07/28 11:04:12 Started transferring output files
...
040 (9483803.000.000) 07/28 11:04:12 Finished transferring output files
...
005 (9483803.000.000) 07/28 11:04:12 Job terminated.
	(1) Normal termination (return value 0)
		Usr 0 00:03:39, Sys 0 00:00:09  -  Run Remote Usage
		Usr 0 00:00:00, Sys 0 00:00:00  -  Run Local Usage
		Usr 0 00:03:39, Sys 0 00:00:09  -  Total Remote Usage
		Usr 0 00:00:00, Sys 0 00:00:00  -  Total Local Usage
	6360  -  Run Bytes Sent By Job
	11150  -  Run Bytes Received By Job
	6360  -  Total Bytes Sent By Job
	11150  -  Total Bytes Received By Job
	Partitionable Resources :    Usage  Request Allocated 
	   Cpus                 :     0.15        1         1 
	   Disk (KB)            :    38          12   1629427 
	   Memory (MB)          :   225        2000      2000 

	Job terminated of its own accord at 2023-07-28T09:04:12Z.
...
000 (9485836.000.000) 07/28 19:11:44 Job submitted from host: <137.138.120.116:9618?addrs=137.138.120.116-9618+[2001-1458-d00-16--17b]-9618&alias=bigbird12.cern.ch&noUDP&sock=schedd_8624_ecd7>
...
040 (9485836.000.000) 07/28 22:38:28 Started transferring input files
	Transferring to host: <128.142.59.118:9618?addrs=128.142.59.118-9618+[2001-1458-301-21--100-75]-9618&alias=b7s04p9635.cern.ch&noUDP&sock=slot1_32_3976_339b_105257>
...
040 (9485836.000.000) 07/28 22:38:29 Finished transferring input files
...
001 (9485836.000.000) 07/28 22:38:29 Job executing on host: <128.142.59.118:9618?addrs=128.142.59.118-9618+[2001-1458-301-21--100-75]-9618&alias=b7s04p9635.cern.ch&noUDP&sock=startd_2933_5f5d>
...
006 (9485836.000.000) 07/28 22:38:38 Image size of job updated: 285332
	53  -  MemoryUsage of job (MB)
	53696  -  ResidentSetSize of job (KB)
...
006 (9485836.000.000) 07/28 22:42:37 Image size of job updated: 1286376
	53  -  MemoryUsage of job (MB)
	53696  -  ResidentSetSize of job (KB)
...
040 (9485836.000.000) 07/28 22:42:37 Started transferring output files
...
040 (9485836.000.000) 07/28 22:42:37 Finished transferring output files
...
005 (9485836.000.000) 07/28 22:42:37 Job terminated.
	(1) Normal termination (return value 0)
		Usr 0 00:02:02, Sys 0 00:00:04  -  Run Remote Usage
		Usr 0 00:00:00, Sys 0 00:00:00  -  Run Local Usage
		Usr 0 00:02:02, Sys 0 00:00:04  -  Total Remote Usage
		Usr 0 00:00:00, Sys 0 00:00:00  -  Total Local Usage
	6378  -  Run Bytes Sent By Job
	11150  -  Run Bytes Received By Job
	6378  -  Total Bytes Sent By Job
	11150  -  Total Bytes Received By Job
	Partitionable Resources :    Usage  Request Allocated 
	   Cpus                 :                 1         1 
	   Disk (KB)            :       31       12   1181822 
	   Memory (MB)          :       53     2000      2000 

	Job terminated of its own accord at 2023-07-28T20:42:37Z.
...
