000 (9482029.000.000) 07/26 11:51:37 Job submitted from host: <137.138.120.116:9618?addrs=137.138.120.116-9618+[2001-1458-d00-16--17b]-9618&alias=bigbird12.cern.ch&noUDP&sock=schedd_8624_ecd7>
...
040 (9482029.000.000) 07/26 11:52:31 Started transferring input files
	Transferring to host: <188.184.162.172:9618?addrs=188.184.162.172-9618+[2001-1458-301-4a--100-a6]-9618&alias=b7s11p8469.cern.ch&noUDP&sock=slot1_27_122961_e5e1_200580>
...
040 (9482029.000.000) 07/26 11:52:31 Finished transferring input files
...
001 (9482029.000.000) 07/26 11:52:32 Job executing on host: <188.184.162.172:9618?addrs=188.184.162.172-9618+[2001-1458-301-4a--100-a6]-9618&alias=b7s11p8469.cern.ch&noUDP&sock=startd_28736_1595>
...
006 (9482029.000.000) 07/26 11:52:34 Image size of job updated: 994100
	0  -  MemoryUsage of job (MB)
	0  -  ResidentSetSize of job (KB)
...
040 (9482029.000.000) 07/26 11:52:34 Started transferring output files
...
040 (9482029.000.000) 07/26 11:52:34 Finished transferring output files
...
005 (9482029.000.000) 07/26 11:52:34 Job terminated.
	(1) Normal termination (return value 2)
		Usr 0 00:00:00, Sys 0 00:00:00  -  Run Remote Usage
		Usr 0 00:00:00, Sys 0 00:00:00  -  Run Local Usage
		Usr 0 00:00:00, Sys 0 00:00:00  -  Total Remote Usage
		Usr 0 00:00:00, Sys 0 00:00:00  -  Total Local Usage
	191  -  Run Bytes Sent By Job
	11143  -  Run Bytes Received By Job
	191  -  Total Bytes Sent By Job
	11143  -  Total Bytes Received By Job
	Partitionable Resources :    Usage  Request Allocated 
	   Cpus                 :                 1         1 
	   Disk (KB)            :       28       12   3116184 
	   Memory (MB)          :        0     2000      2000 

	Job terminated of its own accord at 2023-07-26T09:52:34Z.
...
000 (9482049.000.000) 07/26 11:58:06 Job submitted from host: <137.138.120.116:9618?addrs=137.138.120.116-9618+[2001-1458-d00-16--17b]-9618&alias=bigbird12.cern.ch&noUDP&sock=schedd_8624_ecd7>
...
040 (9482049.000.000) 07/26 12:03:35 Started transferring input files
	Transferring to host: <128.142.63.91:9618?addrs=128.142.63.91-9618+[2001-1458-301-38--100-58]-9618&alias=b7s08p6337.cern.ch&noUDP&sock=slot1_9_4489_a810_111026>
...
040 (9482049.000.000) 07/26 12:03:35 Finished transferring input files
...
001 (9482049.000.000) 07/26 12:03:36 Job executing on host: <128.142.63.91:9618?addrs=128.142.63.91-9618+[2001-1458-301-38--100-58]-9618&alias=b7s08p6337.cern.ch&noUDP&sock=startd_2828_59eb>
...
006 (9482049.000.000) 07/26 12:03:45 Image size of job updated: 300008
	144  -  MemoryUsage of job (MB)
	146572  -  ResidentSetSize of job (KB)
...
006 (9482049.000.000) 07/26 12:08:46 Image size of job updated: 1268352
	216  -  MemoryUsage of job (MB)
	220404  -  ResidentSetSize of job (KB)
...
006 (9482049.000.000) 07/26 12:13:46 Image size of job updated: 1303192
	216  -  MemoryUsage of job (MB)
	220404  -  ResidentSetSize of job (KB)
...
006 (9482049.000.000) 07/26 12:18:46 Image size of job updated: 1381096
	323  -  MemoryUsage of job (MB)
	330348  -  ResidentSetSize of job (KB)
...
006 (9482049.000.000) 07/26 12:23:47 Image size of job updated: 1391976
	323  -  MemoryUsage of job (MB)
	330348  -  ResidentSetSize of job (KB)
...
006 (9482049.000.000) 07/26 12:28:47 Image size of job updated: 1398884
	333  -  MemoryUsage of job (MB)
	340868  -  ResidentSetSize of job (KB)
...
006 (9482049.000.000) 07/26 12:33:47 Image size of job updated: 1407468
	339  -  MemoryUsage of job (MB)
	346800  -  ResidentSetSize of job (KB)
...
006 (9482049.000.000) 07/26 12:38:48 Image size of job updated: 1420124
	339  -  MemoryUsage of job (MB)
	346800  -  ResidentSetSize of job (KB)
...
006 (9482049.000.000) 07/26 12:43:49 Image size of job updated: 1423988
	350  -  MemoryUsage of job (MB)
	358200  -  ResidentSetSize of job (KB)
...
006 (9482049.000.000) 07/26 12:48:49 Image size of job updated: 1469432
	381  -  MemoryUsage of job (MB)
	389352  -  ResidentSetSize of job (KB)
...
006 (9482049.000.000) 07/26 12:53:49 Image size of job updated: 1503912
	411  -  MemoryUsage of job (MB)
	420152  -  ResidentSetSize of job (KB)
...
006 (9482049.000.000) 07/26 12:58:50 Image size of job updated: 1503912
	415  -  MemoryUsage of job (MB)
	424876  -  ResidentSetSize of job (KB)
...
006 (9482049.000.000) 07/26 13:03:50 Image size of job updated: 1511052
	420  -  MemoryUsage of job (MB)
	429848  -  ResidentSetSize of job (KB)
...
006 (9482049.000.000) 07/26 13:08:50 Image size of job updated: 1514984
	441  -  MemoryUsage of job (MB)
	451412  -  ResidentSetSize of job (KB)
...
006 (9482049.000.000) 07/26 13:13:51 Image size of job updated: 1547352
	448  -  MemoryUsage of job (MB)
	458516  -  ResidentSetSize of job (KB)
...
006 (9482049.000.000) 07/26 13:33:54 Image size of job updated: 1564568
	448  -  MemoryUsage of job (MB)
	458516  -  ResidentSetSize of job (KB)
...
006 (9482049.000.000) 07/26 13:38:54 Image size of job updated: 1569016
	470  -  MemoryUsage of job (MB)
	480316  -  ResidentSetSize of job (KB)
...
006 (9482049.000.000) 07/26 13:43:54 Image size of job updated: 1571640
	491  -  MemoryUsage of job (MB)
	502420  -  ResidentSetSize of job (KB)
...
006 (9482049.000.000) 07/26 13:48:55 Image size of job updated: 1573152
	491  -  MemoryUsage of job (MB)
	502420  -  ResidentSetSize of job (KB)
...
006 (9482049.000.000) 07/26 13:53:55 Image size of job updated: 1574912
	510  -  MemoryUsage of job (MB)
	521524  -  ResidentSetSize of job (KB)
...
006 (9482049.000.000) 07/26 13:58:55 Image size of job updated: 1576152
	510  -  MemoryUsage of job (MB)
	521976  -  ResidentSetSize of job (KB)
...
006 (9482049.000.000) 07/26 14:03:41 Image size of job updated: 1577776
	510  -  MemoryUsage of job (MB)
	521976  -  ResidentSetSize of job (KB)
...
040 (9482049.000.000) 07/26 14:03:41 Started transferring output files
...
040 (9482049.000.000) 07/26 14:03:41 Finished transferring output files
...
009 (9482049.000.000) 07/26 14:03:41 Job was aborted.
	Job removed by SYSTEM_PERIODIC_REMOVE due to wall time exceeded allowed max.
...
000 (9482164.000.000) 07/26 18:28:49 Job submitted from host: <137.138.120.116:9618?addrs=137.138.120.116-9618+[2001-1458-d00-16--17b]-9618&alias=bigbird12.cern.ch&noUDP&sock=schedd_8624_ecd7>
...
040 (9482164.000.000) 07/26 18:31:28 Started transferring input files
	Transferring to host: <188.184.162.39:9618?addrs=188.184.162.39-9618+[2001-1458-301-4a--100-21]-9618&alias=b7s11p8284.cern.ch&noUDP&sock=slot1_1_40422_b4a5_35828>
...
040 (9482164.000.000) 07/26 18:31:28 Finished transferring input files
...
001 (9482164.000.000) 07/26 18:31:29 Job executing on host: <188.184.162.39:9618?addrs=188.184.162.39-9618+[2001-1458-301-4a--100-21]-9618&alias=b7s11p8284.cern.ch&noUDP&sock=startd_3280_62ba>
...
006 (9482164.000.000) 07/26 18:31:38 Image size of job updated: 1121604
	171  -  MemoryUsage of job (MB)
	174992  -  ResidentSetSize of job (KB)
...
006 (9482164.000.000) 07/26 18:36:39 Image size of job updated: 1268948
	212  -  MemoryUsage of job (MB)
	216556  -  ResidentSetSize of job (KB)
...
006 (9482164.000.000) 07/26 18:41:39 Image size of job updated: 1287304
	231  -  MemoryUsage of job (MB)
	235928  -  ResidentSetSize of job (KB)
...
006 (9482164.000.000) 07/26 18:46:39 Image size of job updated: 1302964
	245  -  MemoryUsage of job (MB)
	250488  -  ResidentSetSize of job (KB)
...
006 (9482164.000.000) 07/26 18:51:40 Image size of job updated: 1317308
	259  -  MemoryUsage of job (MB)
	264836  -  ResidentSetSize of job (KB)
...
006 (9482164.000.000) 07/26 18:56:41 Image size of job updated: 1327068
	269  -  MemoryUsage of job (MB)
	274596  -  ResidentSetSize of job (KB)
...
006 (9482164.000.000) 07/26 19:01:41 Image size of job updated: 1336080
	278  -  MemoryUsage of job (MB)
	283660  -  ResidentSetSize of job (KB)
...
006 (9482164.000.000) 07/26 19:06:42 Image size of job updated: 1425140
	365  -  MemoryUsage of job (MB)
	373088  -  ResidentSetSize of job (KB)
...
006 (9482164.000.000) 07/26 19:11:43 Image size of job updated: 1432528
	373  -  MemoryUsage of job (MB)
	381060  -  ResidentSetSize of job (KB)
...
006 (9482164.000.000) 07/26 19:16:43 Image size of job updated: 1439712
	380  -  MemoryUsage of job (MB)
	388188  -  ResidentSetSize of job (KB)
...
006 (9482164.000.000) 07/26 19:21:43 Image size of job updated: 1455776
	386  -  MemoryUsage of job (MB)
	395148  -  ResidentSetSize of job (KB)
...
006 (9482164.000.000) 07/26 19:26:44 Image size of job updated: 1455776
	393  -  MemoryUsage of job (MB)
	401932  -  ResidentSetSize of job (KB)
...
006 (9482164.000.000) 07/26 19:31:45 Image size of job updated: 1459808
	399  -  MemoryUsage of job (MB)
	408268  -  ResidentSetSize of job (KB)
...
006 (9482164.000.000) 07/26 19:36:45 Image size of job updated: 1490812
	405  -  MemoryUsage of job (MB)
	414392  -  ResidentSetSize of job (KB)
...
006 (9482164.000.000) 07/26 19:41:46 Image size of job updated: 1490812
	411  -  MemoryUsage of job (MB)
	420184  -  ResidentSetSize of job (KB)
...
006 (9482164.000.000) 07/26 19:46:47 Image size of job updated: 1490812
	416  -  MemoryUsage of job (MB)
	425588  -  ResidentSetSize of job (KB)
...
006 (9482164.000.000) 07/26 19:51:47 Image size of job updated: 1496420
	416  -  MemoryUsage of job (MB)
	425588  -  ResidentSetSize of job (KB)
...
006 (9482164.000.000) 07/26 19:56:47 Image size of job updated: 1499552
	416  -  MemoryUsage of job (MB)
	425588  -  ResidentSetSize of job (KB)
...
006 (9482164.000.000) 07/26 20:01:48 Image size of job updated: 1500768
	416  -  MemoryUsage of job (MB)
	425588  -  ResidentSetSize of job (KB)
...
006 (9482164.000.000) 07/26 20:06:49 Image size of job updated: 1504260
	416  -  MemoryUsage of job (MB)
	425588  -  ResidentSetSize of job (KB)
...
006 (9482164.000.000) 07/26 20:11:49 Image size of job updated: 1506908
	445  -  MemoryUsage of job (MB)
	455184  -  ResidentSetSize of job (KB)
...
006 (9482164.000.000) 07/26 20:16:50 Image size of job updated: 1509364
	445  -  MemoryUsage of job (MB)
	455184  -  ResidentSetSize of job (KB)
...
006 (9482164.000.000) 07/26 20:21:51 Image size of job updated: 1511636
	445  -  MemoryUsage of job (MB)
	455184  -  ResidentSetSize of job (KB)
...
006 (9482164.000.000) 07/26 20:26:51 Image size of job updated: 1522684
	445  -  MemoryUsage of job (MB)
	455184  -  ResidentSetSize of job (KB)
...
006 (9482164.000.000) 07/26 20:31:32 Image size of job updated: 1524028
	445  -  MemoryUsage of job (MB)
	455184  -  ResidentSetSize of job (KB)
...
040 (9482164.000.000) 07/26 20:31:32 Started transferring output files
...
040 (9482164.000.000) 07/26 20:31:32 Finished transferring output files
...
009 (9482164.000.000) 07/26 20:31:33 Job was aborted.
	Job removed by SYSTEM_PERIODIC_REMOVE due to wall time exceeded allowed max.
...
000 (9483778.000.000) 07/28 10:00:10 Job submitted from host: <137.138.120.116:9618?addrs=137.138.120.116-9618+[2001-1458-d00-16--17b]-9618&alias=bigbird12.cern.ch&noUDP&sock=schedd_8624_ecd7>
...
040 (9483778.000.000) 07/28 10:00:44 Started transferring input files
	Transferring to host: <128.142.63.10:9618?addrs=128.142.63.10-9618+[2001-1458-301-38--100-7]-9618&alias=b7s08p7357.cern.ch&noUDP&sock=slot1_23_50371_ad19_22766>
...
040 (9483778.000.000) 07/28 10:00:44 Finished transferring input files
...
001 (9483778.000.000) 07/28 10:00:45 Job executing on host: <128.142.63.10:9618?addrs=128.142.63.10-9618+[2001-1458-301-38--100-7]-9618&alias=b7s08p7357.cern.ch&noUDP&sock=startd_53129_a744>
...
006 (9483778.000.000) 07/28 10:00:54 Image size of job updated: 26700
	12  -  MemoryUsage of job (MB)
	11272  -  ResidentSetSize of job (KB)
...
006 (9483778.000.000) 07/28 10:05:55 Image size of job updated: 1308256
	255  -  MemoryUsage of job (MB)
	260512  -  ResidentSetSize of job (KB)
...
006 (9483778.000.000) 07/28 10:10:55 Image size of job updated: 1353976
	291  -  MemoryUsage of job (MB)
	297792  -  ResidentSetSize of job (KB)
...
006 (9483778.000.000) 07/28 10:15:56 Image size of job updated: 1382272
	317  -  MemoryUsage of job (MB)
	323628  -  ResidentSetSize of job (KB)
...
006 (9483778.000.000) 07/28 10:20:57 Image size of job updated: 1421460
	329  -  MemoryUsage of job (MB)
	336116  -  ResidentSetSize of job (KB)
...
006 (9483778.000.000) 07/28 10:25:57 Image size of job updated: 1432248
	362  -  MemoryUsage of job (MB)
	369872  -  ResidentSetSize of job (KB)
...
006 (9483778.000.000) 07/28 10:30:57 Image size of job updated: 1448068
	378  -  MemoryUsage of job (MB)
	386648  -  ResidentSetSize of job (KB)
...
006 (9483778.000.000) 07/28 10:35:58 Image size of job updated: 1479424
	417  -  MemoryUsage of job (MB)
	426936  -  ResidentSetSize of job (KB)
...
006 (9483778.000.000) 07/28 10:40:58 Image size of job updated: 1501628
	427  -  MemoryUsage of job (MB)
	436580  -  ResidentSetSize of job (KB)
...
006 (9483778.000.000) 07/28 10:45:58 Image size of job updated: 1533460
	427  -  MemoryUsage of job (MB)
	436580  -  ResidentSetSize of job (KB)
...
006 (9483778.000.000) 07/28 10:50:59 Image size of job updated: 1536544
	437  -  MemoryUsage of job (MB)
	446556  -  ResidentSetSize of job (KB)
...
006 (9483778.000.000) 07/28 10:55:17 Image size of job updated: 1558968
	437  -  MemoryUsage of job (MB)
	446556  -  ResidentSetSize of job (KB)
...
040 (9483778.000.000) 07/28 10:55:17 Started transferring output files
...
040 (9483778.000.000) 07/28 10:55:17 Finished transferring output files
...
004 (9483778.000.000) 07/28 10:55:17 Job was evicted.
	(0) CPU times
		Usr 0 00:40:48, Sys 0 00:09:34  -  Run Remote Usage
		Usr 0 00:00:00, Sys 0 00:00:00  -  Run Local Usage
	0  -  Run Bytes Sent By Job
	11150  -  Run Bytes Received By Job
	Partitionable Resources :    Usage  Request Allocated 
	   Cpus                 :     0.98        1         1 
	   Disk (KB)            :    35          12   1246623 
	   Memory (MB)          :   437        2000      2000 
...
009 (9483778.000.000) 07/28 10:55:18 Job was aborted.
	via condor_rm (by user jbonetti)
...
000 (9483800.000.000) 07/28 10:55:41 Job submitted from host: <137.138.120.116:9618?addrs=137.138.120.116-9618+[2001-1458-d00-16--17b]-9618&alias=bigbird12.cern.ch&noUDP&sock=schedd_8624_ecd7>
...
040 (9483800.000.000) 07/28 10:58:01 Started transferring input files
	Transferring to host: <128.142.132.77:9618?addrs=128.142.132.77-9618+[2001-1458-301-5a--100-41]-9618&alias=b7g12p8185.cern.ch&noUDP&sock=slot1_30_6689_c169_111614>
...
040 (9483800.000.000) 07/28 10:58:01 Finished transferring input files
...
001 (9483800.000.000) 07/28 10:58:02 Job executing on host: <128.142.132.77:9618?addrs=128.142.132.77-9618+[2001-1458-301-5a--100-41]-9618&alias=b7g12p8185.cern.ch&noUDP&sock=startd_5311_7b93>
...
006 (9483800.000.000) 07/28 10:58:11 Image size of job updated: 27916
	15  -  MemoryUsage of job (MB)
	15140  -  ResidentSetSize of job (KB)
...
006 (9483800.000.000) 07/28 11:03:12 Image size of job updated: 1298956
	243  -  MemoryUsage of job (MB)
	247884  -  ResidentSetSize of job (KB)
...
006 (9483800.000.000) 07/28 11:08:13 Image size of job updated: 1328140
	272  -  MemoryUsage of job (MB)
	277596  -  ResidentSetSize of job (KB)
...
006 (9483800.000.000) 07/28 11:13:13 Image size of job updated: 1352420
	284  -  MemoryUsage of job (MB)
	290660  -  ResidentSetSize of job (KB)
...
006 (9483800.000.000) 07/28 11:18:14 Image size of job updated: 1376536
	296  -  MemoryUsage of job (MB)
	302124  -  ResidentSetSize of job (KB)
...
006 (9483800.000.000) 07/28 11:23:15 Image size of job updated: 1387620
	318  -  MemoryUsage of job (MB)
	325480  -  ResidentSetSize of job (KB)
...
006 (9483800.000.000) 07/28 11:28:15 Image size of job updated: 1415004
	322  -  MemoryUsage of job (MB)
	329128  -  ResidentSetSize of job (KB)
...
006 (9483800.000.000) 07/28 11:33:16 Image size of job updated: 1436732
	364  -  MemoryUsage of job (MB)
	372580  -  ResidentSetSize of job (KB)
...
006 (9483800.000.000) 07/28 11:38:17 Image size of job updated: 1441064
	364  -  MemoryUsage of job (MB)
	372580  -  ResidentSetSize of job (KB)
...
006 (9483800.000.000) 07/28 11:43:17 Image size of job updated: 1458756
	381  -  MemoryUsage of job (MB)
	389864  -  ResidentSetSize of job (KB)
...
006 (9483800.000.000) 07/28 11:48:17 Image size of job updated: 1482964
	387  -  MemoryUsage of job (MB)
	395452  -  ResidentSetSize of job (KB)
...
006 (9483800.000.000) 07/28 11:58:18 Image size of job updated: 1495600
	408  -  MemoryUsage of job (MB)
	417248  -  ResidentSetSize of job (KB)
...
006 (9483800.000.000) 07/28 12:03:18 Image size of job updated: 1508144
	409  -  MemoryUsage of job (MB)
	418004  -  ResidentSetSize of job (KB)
...
006 (9483800.000.000) 07/28 12:08:19 Image size of job updated: 1516564
	441  -  MemoryUsage of job (MB)
	450672  -  ResidentSetSize of job (KB)
...
006 (9483800.000.000) 07/28 12:13:19 Image size of job updated: 1538188
	448  -  MemoryUsage of job (MB)
	458640  -  ResidentSetSize of job (KB)
...
006 (9483800.000.000) 07/28 12:18:19 Image size of job updated: 1565524
	451  -  MemoryUsage of job (MB)
	461772  -  ResidentSetSize of job (KB)
...
006 (9483800.000.000) 07/28 12:38:22 Image size of job updated: 1579816
	475  -  MemoryUsage of job (MB)
	486100  -  ResidentSetSize of job (KB)
...
006 (9483800.000.000) 07/28 12:43:23 Image size of job updated: 1579816
	478  -  MemoryUsage of job (MB)
	489168  -  ResidentSetSize of job (KB)
...
006 (9483800.000.000) 07/28 12:48:23 Image size of job updated: 1594344
	491  -  MemoryUsage of job (MB)
	501892  -  ResidentSetSize of job (KB)
...
006 (9483800.000.000) 07/28 12:53:24 Image size of job updated: 1599556
	494  -  MemoryUsage of job (MB)
	505024  -  ResidentSetSize of job (KB)
...
040 (9483800.000.000) 07/28 12:58:08 Started transferring output files
...
040 (9483800.000.000) 07/28 12:58:08 Finished transferring output files
...
009 (9483800.000.000) 07/28 12:58:08 Job was aborted.
	Job removed by SYSTEM_PERIODIC_REMOVE due to wall time exceeded allowed max.
...
000 (9484510.000.000) 07/28 15:27:04 Job submitted from host: <137.138.120.116:9618?addrs=137.138.120.116-9618+[2001-1458-d00-16--17b]-9618&alias=bigbird12.cern.ch&noUDP&sock=schedd_8624_ecd7>
...
040 (9484510.000.000) 07/28 15:35:18 Started transferring input files
	Transferring to host: <128.142.63.19:9618?addrs=128.142.63.19-9618+[2001-1458-301-38--100-10]-9618&alias=b7s08p2590.cern.ch&noUDP&sock=slot1_13_9844_bd09_118743>
...
040 (9484510.000.000) 07/28 15:35:18 Finished transferring input files
...
001 (9484510.000.000) 07/28 15:35:19 Job executing on host: <128.142.63.19:9618?addrs=128.142.63.19-9618+[2001-1458-301-38--100-10]-9618&alias=b7s08p2590.cern.ch&noUDP&sock=startd_8670_7a32>
...
006 (9484510.000.000) 07/28 15:35:28 Image size of job updated: 288008
	141  -  MemoryUsage of job (MB)
	143396  -  ResidentSetSize of job (KB)
...
006 (9484510.000.000) 07/28 15:40:29 Image size of job updated: 1322524
	255  -  MemoryUsage of job (MB)
	260588  -  ResidentSetSize of job (KB)
...
006 (9484510.000.000) 07/28 15:45:30 Image size of job updated: 1365172
	308  -  MemoryUsage of job (MB)
	314816  -  ResidentSetSize of job (KB)
...
006 (9484510.000.000) 07/28 15:50:30 Image size of job updated: 1408868
	335  -  MemoryUsage of job (MB)
	342944  -  ResidentSetSize of job (KB)
...
006 (9484510.000.000) 07/28 15:55:30 Image size of job updated: 1432288
	342  -  MemoryUsage of job (MB)
	349588  -  ResidentSetSize of job (KB)
...
006 (9484510.000.000) 07/28 16:00:31 Image size of job updated: 1451972
	368  -  MemoryUsage of job (MB)
	375952  -  ResidentSetSize of job (KB)
...
006 (9484510.000.000) 07/28 16:05:31 Image size of job updated: 1475016
	405  -  MemoryUsage of job (MB)
	414304  -  ResidentSetSize of job (KB)
...
006 (9484510.000.000) 07/28 16:10:31 Image size of job updated: 1492792
	405  -  MemoryUsage of job (MB)
	414304  -  ResidentSetSize of job (KB)
...
006 (9484510.000.000) 07/28 16:15:32 Image size of job updated: 1544320
	444  -  MemoryUsage of job (MB)
	454236  -  ResidentSetSize of job (KB)
...
006 (9484510.000.000) 07/28 16:20:33 Image size of job updated: 1554080
	467  -  MemoryUsage of job (MB)
	477284  -  ResidentSetSize of job (KB)
...
006 (9484510.000.000) 07/28 16:25:33 Image size of job updated: 1578828
	484  -  MemoryUsage of job (MB)
	495512  -  ResidentSetSize of job (KB)
...
006 (9484510.000.000) 07/28 16:30:34 Image size of job updated: 1582188
	508  -  MemoryUsage of job (MB)
	519208  -  ResidentSetSize of job (KB)
...
006 (9484510.000.000) 07/28 16:35:35 Image size of job updated: 1594200
	508  -  MemoryUsage of job (MB)
	519208  -  ResidentSetSize of job (KB)
...
006 (9484510.000.000) 07/28 16:40:35 Image size of job updated: 1612104
	508  -  MemoryUsage of job (MB)
	519208  -  ResidentSetSize of job (KB)
...
006 (9484510.000.000) 07/28 16:45:35 Image size of job updated: 1636124
	525  -  MemoryUsage of job (MB)
	537060  -  ResidentSetSize of job (KB)
...
006 (9484510.000.000) 07/28 16:50:37 Image size of job updated: 1685836
	532  -  MemoryUsage of job (MB)
	544160  -  ResidentSetSize of job (KB)
...
006 (9484510.000.000) 07/28 16:55:37 Image size of job updated: 1685836
	555  -  MemoryUsage of job (MB)
	568084  -  ResidentSetSize of job (KB)
...
006 (9484510.000.000) 07/28 17:10:39 Image size of job updated: 1686852
	571  -  MemoryUsage of job (MB)
	584412  -  ResidentSetSize of job (KB)
...
006 (9484510.000.000) 07/28 17:15:39 Image size of job updated: 1720340
	578  -  MemoryUsage of job (MB)
	591000  -  ResidentSetSize of job (KB)
...
006 (9484510.000.000) 07/28 17:20:39 Image size of job updated: 1720340
	579  -  MemoryUsage of job (MB)
	592044  -  ResidentSetSize of job (KB)
...
006 (9484510.000.000) 07/28 17:25:40 Image size of job updated: 1720340
	583  -  MemoryUsage of job (MB)
	596540  -  ResidentSetSize of job (KB)
...
006 (9484510.000.000) 07/28 17:30:40 Image size of job updated: 1739320
	592  -  MemoryUsage of job (MB)
	606120  -  ResidentSetSize of job (KB)
...
006 (9484510.000.000) 07/28 17:35:40 Image size of job updated: 1739320
	655  -  MemoryUsage of job (MB)
	670432  -  ResidentSetSize of job (KB)
...
006 (9484510.000.000) 07/28 17:50:42 Image size of job updated: 1791820
	655  -  MemoryUsage of job (MB)
	670432  -  ResidentSetSize of job (KB)
...
006 (9484510.000.000) 07/28 18:00:44 Image size of job updated: 1791820
	659  -  MemoryUsage of job (MB)
	673920  -  ResidentSetSize of job (KB)
...
006 (9484510.000.000) 07/28 18:10:44 Image size of job updated: 1792536
	659  -  MemoryUsage of job (MB)
	673920  -  ResidentSetSize of job (KB)
...
006 (9484510.000.000) 07/28 18:20:45 Image size of job updated: 1812588
	659  -  MemoryUsage of job (MB)
	673920  -  ResidentSetSize of job (KB)
...
006 (9484510.000.000) 07/28 18:30:46 Image size of job updated: 1827544
	659  -  MemoryUsage of job (MB)
	673920  -  ResidentSetSize of job (KB)
...
006 (9484510.000.000) 07/28 18:40:47 Image size of job updated: 1836676
	659  -  MemoryUsage of job (MB)
	673920  -  ResidentSetSize of job (KB)
...
006 (9484510.000.000) 07/28 18:45:48 Image size of job updated: 1836676
	670  -  MemoryUsage of job (MB)
	685964  -  ResidentSetSize of job (KB)
...
006 (9484510.000.000) 07/28 18:50:49 Image size of job updated: 1836676
	677  -  MemoryUsage of job (MB)
	693056  -  ResidentSetSize of job (KB)
...
006 (9484510.000.000) 07/28 19:00:49 Image size of job updated: 1836676
	680  -  MemoryUsage of job (MB)
	695312  -  ResidentSetSize of job (KB)
...
006 (9484510.000.000) 07/28 19:05:50 Image size of job updated: 1836676
	697  -  MemoryUsage of job (MB)
	713628  -  ResidentSetSize of job (KB)
...
006 (9484510.000.000) 07/28 19:09:20 Image size of job updated: 1836676
	705  -  MemoryUsage of job (MB)
	721664  -  ResidentSetSize of job (KB)
...
040 (9484510.000.000) 07/28 19:09:20 Started transferring output files
...
040 (9484510.000.000) 07/28 19:09:20 Finished transferring output files
...
004 (9484510.000.000) 07/28 19:09:20 Job was evicted.
	(0) CPU times
		Usr 0 01:46:02, Sys 0 01:40:36  -  Run Remote Usage
		Usr 0 00:00:00, Sys 0 00:00:00  -  Run Local Usage
	0  -  Run Bytes Sent By Job
	11150  -  Run Bytes Received By Job
	Partitionable Resources :    Usage  Request Allocated 
	   Cpus                 :     0.98        1         1 
	   Disk (KB)            :    35          12   1229992 
	   Memory (MB)          :   705        2000      2000 
...
009 (9484510.000.000) 07/28 19:09:20 Job was aborted.
	via condor_rm (by user jbonetti)
...
000 (9485833.000.000) 07/28 19:11:28 Job submitted from host: <137.138.120.116:9618?addrs=137.138.120.116-9618+[2001-1458-d00-16--17b]-9618&alias=bigbird12.cern.ch&noUDP&sock=schedd_8624_ecd7>
...
040 (9485833.000.000) 07/28 22:38:28 Started transferring input files
	Transferring to host: <128.142.33.200:9618?addrs=128.142.33.200-9618+[2001-1458-301-39--100-5]-9618&alias=b7g24p5933.cern.ch&noUDP&sock=slot1_18_4218_b665_60742>
...
040 (9485833.000.000) 07/28 22:38:29 Finished transferring input files
...
001 (9485833.000.000) 07/28 22:38:29 Job executing on host: <128.142.33.200:9618?addrs=128.142.33.200-9618+[2001-1458-301-39--100-5]-9618&alias=b7g24p5933.cern.ch&noUDP&sock=startd_2954_c6da>
...
006 (9485833.000.000) 07/28 22:38:38 Image size of job updated: 937460
	124  -  MemoryUsage of job (MB)
	126908  -  ResidentSetSize of job (KB)
...
006 (9485833.000.000) 07/28 22:43:38 Image size of job updated: 1315820
	255  -  MemoryUsage of job (MB)
	260584  -  ResidentSetSize of job (KB)
...
006 (9485833.000.000) 07/28 22:48:38 Image size of job updated: 1350560
	280  -  MemoryUsage of job (MB)
	286180  -  ResidentSetSize of job (KB)
...
006 (9485833.000.000) 07/28 22:53:39 Image size of job updated: 1382228
	294  -  MemoryUsage of job (MB)
	300068  -  ResidentSetSize of job (KB)
...
006 (9485833.000.000) 07/28 22:58:40 Image size of job updated: 1425456
	335  -  MemoryUsage of job (MB)
	343004  -  ResidentSetSize of job (KB)
...
006 (9485833.000.000) 07/28 23:03:40 Image size of job updated: 1435684
	366  -  MemoryUsage of job (MB)
	373832  -  ResidentSetSize of job (KB)
...
006 (9485833.000.000) 07/28 23:08:41 Image size of job updated: 1461648
	402  -  MemoryUsage of job (MB)
	410672  -  ResidentSetSize of job (KB)
...
006 (9485833.000.000) 07/28 23:13:42 Image size of job updated: 1494368
	427  -  MemoryUsage of job (MB)
	437204  -  ResidentSetSize of job (KB)
...
006 (9485833.000.000) 07/28 23:18:42 Image size of job updated: 1524168
	464  -  MemoryUsage of job (MB)
	474836  -  ResidentSetSize of job (KB)
...
006 (9485833.000.000) 07/28 23:28:43 Image size of job updated: 1531656
	465  -  MemoryUsage of job (MB)
	475400  -  ResidentSetSize of job (KB)
...
006 (9485833.000.000) 07/28 23:33:43 Image size of job updated: 1557808
	465  -  MemoryUsage of job (MB)
	475400  -  ResidentSetSize of job (KB)
...
006 (9485833.000.000) 07/28 23:38:43 Image size of job updated: 1570048
	497  -  MemoryUsage of job (MB)
	508760  -  ResidentSetSize of job (KB)
...
006 (9485833.000.000) 07/28 23:43:44 Image size of job updated: 1583392
	497  -  MemoryUsage of job (MB)
	508760  -  ResidentSetSize of job (KB)
...
006 (9485833.000.000) 07/28 23:48:45 Image size of job updated: 1592640
	497  -  MemoryUsage of job (MB)
	508760  -  ResidentSetSize of job (KB)
...
006 (9485833.000.000) 07/28 23:53:45 Image size of job updated: 1615288
	497  -  MemoryUsage of job (MB)
	508760  -  ResidentSetSize of job (KB)
...
006 (9485833.000.000) 07/29 00:03:47 Image size of job updated: 1626144
	519  -  MemoryUsage of job (MB)
	531316  -  ResidentSetSize of job (KB)
...
006 (9485833.000.000) 07/29 00:08:47 Image size of job updated: 1657172
	531  -  MemoryUsage of job (MB)
	543676  -  ResidentSetSize of job (KB)
...
006 (9485833.000.000) 07/29 00:13:47 Image size of job updated: 1659724
	558  -  MemoryUsage of job (MB)
	571132  -  ResidentSetSize of job (KB)
...
006 (9485833.000.000) 07/29 00:18:48 Image size of job updated: 1662140
	558  -  MemoryUsage of job (MB)
	571132  -  ResidentSetSize of job (KB)
...
006 (9485833.000.000) 07/29 00:23:48 Image size of job updated: 1662448
	558  -  MemoryUsage of job (MB)
	571132  -  ResidentSetSize of job (KB)
...
006 (9485833.000.000) 07/29 00:28:48 Image size of job updated: 1671128
	558  -  MemoryUsage of job (MB)
	571132  -  ResidentSetSize of job (KB)
...
006 (9485833.000.000) 07/29 00:38:50 Image size of job updated: 1673480
	595  -  MemoryUsage of job (MB)
	608716  -  ResidentSetSize of job (KB)
...
006 (9485833.000.000) 07/29 00:43:50 Image size of job updated: 1688060
	595  -  MemoryUsage of job (MB)
	608716  -  ResidentSetSize of job (KB)
...
006 (9485833.000.000) 07/29 00:48:51 Image size of job updated: 1691852
	595  -  MemoryUsage of job (MB)
	608716  -  ResidentSetSize of job (KB)
...
006 (9485833.000.000) 07/29 00:58:52 Image size of job updated: 1715892
	595  -  MemoryUsage of job (MB)
	608716  -  ResidentSetSize of job (KB)
...
006 (9485833.000.000) 07/29 01:03:52 Image size of job updated: 1722952
	595  -  MemoryUsage of job (MB)
	608716  -  ResidentSetSize of job (KB)
...
006 (9485833.000.000) 07/29 01:23:54 Image size of job updated: 1737100
	595  -  MemoryUsage of job (MB)
	608716  -  ResidentSetSize of job (KB)
...
006 (9485833.000.000) 07/29 01:48:57 Image size of job updated: 1738336
	595  -  MemoryUsage of job (MB)
	608716  -  ResidentSetSize of job (KB)
...
006 (9485833.000.000) 07/29 01:53:57 Image size of job updated: 1765916
	649  -  MemoryUsage of job (MB)
	663816  -  ResidentSetSize of job (KB)
...
006 (9485833.000.000) 07/29 01:58:58 Image size of job updated: 1765916
	656  -  MemoryUsage of job (MB)
	671304  -  ResidentSetSize of job (KB)
...
006 (9485833.000.000) 07/29 02:34:01 Image size of job updated: 1766336
	678  -  MemoryUsage of job (MB)
	694264  -  ResidentSetSize of job (KB)
...
006 (9485833.000.000) 07/29 02:39:01 Image size of job updated: 1776328
	678  -  MemoryUsage of job (MB)
	694264  -  ResidentSetSize of job (KB)
...
006 (9485833.000.000) 07/29 02:44:01 Image size of job updated: 1784100
	678  -  MemoryUsage of job (MB)
	694264  -  ResidentSetSize of job (KB)
...
006 (9485833.000.000) 07/29 02:59:03 Image size of job updated: 1801784
	678  -  MemoryUsage of job (MB)
	694264  -  ResidentSetSize of job (KB)
...
006 (9485833.000.000) 07/29 03:04:04 Image size of job updated: 1816536
	678  -  MemoryUsage of job (MB)
	694264  -  ResidentSetSize of job (KB)
...
006 (9485833.000.000) 07/29 03:44:08 Image size of job updated: 1816536
	705  -  MemoryUsage of job (MB)
	721368  -  ResidentSetSize of job (KB)
...
006 (9485833.000.000) 07/29 04:34:13 Image size of job updated: 1819452
	705  -  MemoryUsage of job (MB)
	721368  -  ResidentSetSize of job (KB)
...
006 (9485833.000.000) 07/29 04:44:13 Image size of job updated: 1831216
	705  -  MemoryUsage of job (MB)
	721368  -  ResidentSetSize of job (KB)
...
006 (9485833.000.000) 07/29 04:49:14 Image size of job updated: 1831216
	755  -  MemoryUsage of job (MB)
	773072  -  ResidentSetSize of job (KB)
...
006 (9485833.000.000) 07/29 04:54:15 Image size of job updated: 1831216
	759  -  MemoryUsage of job (MB)
	777112  -  ResidentSetSize of job (KB)
...
006 (9485833.000.000) 07/29 05:04:15 Image size of job updated: 1841556
	759  -  MemoryUsage of job (MB)
	777112  -  ResidentSetSize of job (KB)
...
006 (9485833.000.000) 07/29 05:34:18 Image size of job updated: 1842552
	759  -  MemoryUsage of job (MB)
	777112  -  ResidentSetSize of job (KB)
...
006 (9485833.000.000) 07/29 06:04:22 Image size of job updated: 1853356
	759  -  MemoryUsage of job (MB)
	777112  -  ResidentSetSize of job (KB)
...
006 (9485833.000.000) 07/29 06:14:23 Image size of job updated: 1874992
	759  -  MemoryUsage of job (MB)
	777112  -  ResidentSetSize of job (KB)
...
006 (9485833.000.000) 07/29 06:39:25 Image size of job updated: 1877508
	759  -  MemoryUsage of job (MB)
	777112  -  ResidentSetSize of job (KB)
...
006 (9485833.000.000) 07/29 07:04:29 Image size of job updated: 1890080
	759  -  MemoryUsage of job (MB)
	777112  -  ResidentSetSize of job (KB)
...
006 (9485833.000.000) 07/29 07:09:29 Image size of job updated: 1890080
	761  -  MemoryUsage of job (MB)
	778924  -  ResidentSetSize of job (KB)
...
006 (9485833.000.000) 07/29 08:09:35 Image size of job updated: 1890080
	774  -  MemoryUsage of job (MB)
	791740  -  ResidentSetSize of job (KB)
...
006 (9485833.000.000) 07/29 08:34:37 Image size of job updated: 1893576
	774  -  MemoryUsage of job (MB)
	791740  -  ResidentSetSize of job (KB)
...
006 (9485833.000.000) 07/29 09:14:42 Image size of job updated: 1909500
	774  -  MemoryUsage of job (MB)
	791740  -  ResidentSetSize of job (KB)
...
006 (9485833.000.000) 07/29 09:39:44 Image size of job updated: 1909500
	794  -  MemoryUsage of job (MB)
	812728  -  ResidentSetSize of job (KB)
...
006 (9485833.000.000) 07/29 09:44:45 Image size of job updated: 1909500
	800  -  MemoryUsage of job (MB)
	818464  -  ResidentSetSize of job (KB)
...
006 (9485833.000.000) 07/29 10:04:47 Image size of job updated: 1912972
	800  -  MemoryUsage of job (MB)
	818464  -  ResidentSetSize of job (KB)
...
006 (9485833.000.000) 07/29 10:34:50 Image size of job updated: 1918576
	814  -  MemoryUsage of job (MB)
	832888  -  ResidentSetSize of job (KB)
...
006 (9485833.000.000) 07/29 10:54:52 Image size of job updated: 1930240
	814  -  MemoryUsage of job (MB)
	832888  -  ResidentSetSize of job (KB)
...
006 (9485833.000.000) 07/29 11:09:53 Image size of job updated: 1933424
	814  -  MemoryUsage of job (MB)
	832888  -  ResidentSetSize of job (KB)
...
006 (9485833.000.000) 07/29 11:44:56 Image size of job updated: 1950428
	814  -  MemoryUsage of job (MB)
	832888  -  ResidentSetSize of job (KB)
...
006 (9485833.000.000) 07/29 11:54:56 Image size of job updated: 1980508
	814  -  MemoryUsage of job (MB)
	832888  -  ResidentSetSize of job (KB)
...
006 (9485833.000.000) 07/29 12:14:58 Image size of job updated: 1981372
	831  -  MemoryUsage of job (MB)
	850872  -  ResidentSetSize of job (KB)
...
006 (9485833.000.000) 07/29 12:19:59 Image size of job updated: 1981372
	838  -  MemoryUsage of job (MB)
	857764  -  ResidentSetSize of job (KB)
...
006 (9485833.000.000) 07/29 12:24:59 Image size of job updated: 1981372
	848  -  MemoryUsage of job (MB)
	868120  -  ResidentSetSize of job (KB)
...
006 (9485833.000.000) 07/29 12:29:59 Image size of job updated: 1981372
	854  -  MemoryUsage of job (MB)
	873824  -  ResidentSetSize of job (KB)
...
006 (9485833.000.000) 07/29 13:10:04 Image size of job updated: 1989280
	854  -  MemoryUsage of job (MB)
	873824  -  ResidentSetSize of job (KB)
...
006 (9485833.000.000) 07/29 13:45:08 Image size of job updated: 1994392
	854  -  MemoryUsage of job (MB)
	873824  -  ResidentSetSize of job (KB)
...
006 (9485833.000.000) 07/29 14:15:11 Image size of job updated: 2002304
	855  -  MemoryUsage of job (MB)
	874548  -  ResidentSetSize of job (KB)
...
006 (9485833.000.000) 07/29 14:35:12 Image size of job updated: 2002304
	857  -  MemoryUsage of job (MB)
	877180  -  ResidentSetSize of job (KB)
...
006 (9485833.000.000) 07/29 14:40:12 Image size of job updated: 2002304
	862  -  MemoryUsage of job (MB)
	882368  -  ResidentSetSize of job (KB)
...
006 (9485833.000.000) 07/29 15:45:19 Image size of job updated: 2034948
	864  -  MemoryUsage of job (MB)
	884232  -  ResidentSetSize of job (KB)
...
006 (9485833.000.000) 07/29 15:55:21 Image size of job updated: 2034948
	874  -  MemoryUsage of job (MB)
	894520  -  ResidentSetSize of job (KB)
...
006 (9485833.000.000) 07/29 18:15:36 Image size of job updated: 2034948
	909  -  MemoryUsage of job (MB)
	930448  -  ResidentSetSize of job (KB)
...
006 (9485833.000.000) 07/29 18:20:36 Image size of job updated: 2034948
	918  -  MemoryUsage of job (MB)
	939588  -  ResidentSetSize of job (KB)
...
006 (9485833.000.000) 07/29 18:35:38 Image size of job updated: 2034948
	939  -  MemoryUsage of job (MB)
	960692  -  ResidentSetSize of job (KB)
...
006 (9485833.000.000) 07/29 18:40:39 Image size of job updated: 2034948
	948  -  MemoryUsage of job (MB)
	970388  -  ResidentSetSize of job (KB)
...
006 (9485833.000.000) 07/29 19:15:43 Image size of job updated: 2041984
	948  -  MemoryUsage of job (MB)
	970388  -  ResidentSetSize of job (KB)
...
006 (9485833.000.000) 07/29 20:20:49 Image size of job updated: 2041984
	980  -  MemoryUsage of job (MB)
	1002540  -  ResidentSetSize of job (KB)
...
006 (9485833.000.000) 07/29 20:25:50 Image size of job updated: 2057052
	992  -  MemoryUsage of job (MB)
	1015424  -  ResidentSetSize of job (KB)
...
006 (9485833.000.000) 07/29 20:35:51 Image size of job updated: 2069952
	992  -  MemoryUsage of job (MB)
	1015424  -  ResidentSetSize of job (KB)
...
006 (9485833.000.000) 07/29 20:50:52 Image size of job updated: 2093564
	992  -  MemoryUsage of job (MB)
	1015424  -  ResidentSetSize of job (KB)
...
040 (9485833.000.000) 07/29 22:39:20 Started transferring output files
...
040 (9485833.000.000) 07/29 22:39:20 Finished transferring output files
...
009 (9485833.000.000) 07/29 22:39:21 Job was aborted.
	Job removed by SYSTEM_PERIODIC_REMOVE due to wall time exceeded allowed max.
...
000 (9487245.000.000) 07/29 23:34:57 Job submitted from host: <137.138.120.116:9618?addrs=137.138.120.116-9618+[2001-1458-d00-16--17b]-9618&alias=bigbird12.cern.ch&noUDP&sock=schedd_8624_ecd7>
...
040 (9487245.000.000) 07/29 23:36:16 Started transferring input files
	Transferring to host: <188.184.163.142:9618?addrs=188.184.163.142-9618+[2001-1458-301-4d--100-88]-9618&alias=b7s12p2376.cern.ch&noUDP&sock=slot1_2_229587_8f91_128776>
...
040 (9487245.000.000) 07/29 23:36:16 Finished transferring input files
...
001 (9487245.000.000) 07/29 23:36:17 Job executing on host: <188.184.163.142:9618?addrs=188.184.163.142-9618+[2001-1458-301-4d--100-88]-9618&alias=b7s12p2376.cern.ch&noUDP&sock=startd_3229_6765>
...
006 (9487245.000.000) 07/29 23:36:26 Image size of job updated: 370112
	74  -  MemoryUsage of job (MB)
	74824  -  ResidentSetSize of job (KB)
...
006 (9487245.000.000) 07/29 23:41:26 Image size of job updated: 1286504
	230  -  MemoryUsage of job (MB)
	235088  -  ResidentSetSize of job (KB)
...
006 (9487245.000.000) 07/29 23:45:39 Image size of job updated: 1314244
	230  -  MemoryUsage of job (MB)
	235088  -  ResidentSetSize of job (KB)
...
040 (9487245.000.000) 07/29 23:45:39 Started transferring output files
...
040 (9487245.000.000) 07/29 23:45:39 Finished transferring output files
...
004 (9487245.000.000) 07/29 23:45:39 Job was evicted.
	(0) CPU times
		Usr 0 00:07:21, Sys 0 00:00:34  -  Run Remote Usage
		Usr 0 00:00:00, Sys 0 00:00:00  -  Run Local Usage
	0  -  Run Bytes Sent By Job
	11182  -  Run Bytes Received By Job
	Partitionable Resources :    Usage  Request Allocated 
	   Cpus                 :     0.88        1         1 
	   Disk (KB)            :    35          12   2900666 
	   Memory (MB)          :   230        2000      2000 
...
009 (9487245.000.000) 07/29 23:45:39 Job was aborted.
	via condor_rm (by user jbonetti)
...
000 (9487247.000.000) 07/29 23:45:56 Job submitted from host: <137.138.120.116:9618?addrs=137.138.120.116-9618+[2001-1458-d00-16--17b]-9618&alias=bigbird12.cern.ch&noUDP&sock=schedd_8624_ecd7>
...
040 (9487247.000.000) 07/29 23:48:31 Started transferring input files
	Transferring to host: <128.142.58.82:9618?addrs=128.142.58.82-9618+[2001-1458-301-16--100-51]-9618&alias=b7s03p1515.cern.ch&noUDP&sock=slot1_35_4627_e3d5_117138>
...
040 (9487247.000.000) 07/29 23:48:31 Finished transferring input files
...
001 (9487247.000.000) 07/29 23:48:32 Job executing on host: <128.142.58.82:9618?addrs=128.142.58.82-9618+[2001-1458-301-16--100-51]-9618&alias=b7s03p1515.cern.ch&noUDP&sock=startd_3308_9761>
...
006 (9487247.000.000) 07/29 23:48:41 Image size of job updated: 201952
	83  -  MemoryUsage of job (MB)
	84456  -  ResidentSetSize of job (KB)
...
006 (9487247.000.000) 07/29 23:53:41 Image size of job updated: 1304464
	241  -  MemoryUsage of job (MB)
	246148  -  ResidentSetSize of job (KB)
...
006 (9487247.000.000) 07/29 23:58:41 Image size of job updated: 1335232
	276  -  MemoryUsage of job (MB)
	281712  -  ResidentSetSize of job (KB)
...
006 (9487247.000.000) 07/30 00:03:42 Image size of job updated: 1365284
	294  -  MemoryUsage of job (MB)
	300268  -  ResidentSetSize of job (KB)
...
006 (9487247.000.000) 07/30 00:08:42 Image size of job updated: 1383336
	318  -  MemoryUsage of job (MB)
	325268  -  ResidentSetSize of job (KB)
...
006 (9487247.000.000) 07/30 00:13:43 Image size of job updated: 1419628
	336  -  MemoryUsage of job (MB)
	343620  -  ResidentSetSize of job (KB)
...
006 (9487247.000.000) 07/30 00:18:44 Image size of job updated: 1429048
	351  -  MemoryUsage of job (MB)
	359364  -  ResidentSetSize of job (KB)
...
006 (9487247.000.000) 07/30 00:23:44 Image size of job updated: 1443120
	351  -  MemoryUsage of job (MB)
	359364  -  ResidentSetSize of job (KB)
...
006 (9487247.000.000) 07/30 00:28:44 Image size of job updated: 1464612
	359  -  MemoryUsage of job (MB)
	366732  -  ResidentSetSize of job (KB)
...
006 (9487247.000.000) 07/30 00:33:45 Image size of job updated: 1500788
	421  -  MemoryUsage of job (MB)
	431000  -  ResidentSetSize of job (KB)
...
006 (9487247.000.000) 07/30 00:38:45 Image size of job updated: 1516716
	421  -  MemoryUsage of job (MB)
	431000  -  ResidentSetSize of job (KB)
...
006 (9487247.000.000) 07/30 00:43:45 Image size of job updated: 1528364
	454  -  MemoryUsage of job (MB)
	463896  -  ResidentSetSize of job (KB)
...
006 (9487247.000.000) 07/30 00:48:46 Image size of job updated: 1547464
	494  -  MemoryUsage of job (MB)
	505372  -  ResidentSetSize of job (KB)
...
006 (9487247.000.000) 07/30 00:53:47 Image size of job updated: 1548004
	494  -  MemoryUsage of job (MB)
	505372  -  ResidentSetSize of job (KB)
...
006 (9487247.000.000) 07/30 00:58:47 Image size of job updated: 1561728
	494  -  MemoryUsage of job (MB)
	505372  -  ResidentSetSize of job (KB)
...
006 (9487247.000.000) 07/30 01:03:48 Image size of job updated: 1580460
	494  -  MemoryUsage of job (MB)
	505372  -  ResidentSetSize of job (KB)
...
006 (9487247.000.000) 07/30 01:08:49 Image size of job updated: 1582940
	528  -  MemoryUsage of job (MB)
	539724  -  ResidentSetSize of job (KB)
...
006 (9487247.000.000) 07/30 01:13:49 Image size of job updated: 1608980
	528  -  MemoryUsage of job (MB)
	539724  -  ResidentSetSize of job (KB)
...
006 (9487247.000.000) 07/30 01:18:49 Image size of job updated: 1614492
	528  -  MemoryUsage of job (MB)
	539724  -  ResidentSetSize of job (KB)
...
006 (9487247.000.000) 07/30 01:23:50 Image size of job updated: 1621224
	564  -  MemoryUsage of job (MB)
	577244  -  ResidentSetSize of job (KB)
...
006 (9487247.000.000) 07/30 01:28:51 Image size of job updated: 1641404
	573  -  MemoryUsage of job (MB)
	586296  -  ResidentSetSize of job (KB)
...
006 (9487247.000.000) 07/30 01:33:51 Image size of job updated: 1641912
	573  -  MemoryUsage of job (MB)
	586296  -  ResidentSetSize of job (KB)
...
006 (9487247.000.000) 07/30 01:38:52 Image size of job updated: 1654128
	573  -  MemoryUsage of job (MB)
	586296  -  ResidentSetSize of job (KB)
...
006 (9487247.000.000) 07/30 01:43:53 Image size of job updated: 1668284
	573  -  MemoryUsage of job (MB)
	586296  -  ResidentSetSize of job (KB)
...
006 (9487247.000.000) 07/30 02:03:55 Image size of job updated: 1674716
	573  -  MemoryUsage of job (MB)
	586296  -  ResidentSetSize of job (KB)
...
006 (9487247.000.000) 07/30 02:08:55 Image size of job updated: 1695668
	573  -  MemoryUsage of job (MB)
	586296  -  ResidentSetSize of job (KB)
...
006 (9487247.000.000) 07/30 02:23:57 Image size of job updated: 1704352
	573  -  MemoryUsage of job (MB)
	586296  -  ResidentSetSize of job (KB)
...
006 (9487247.000.000) 07/30 02:38:58 Image size of job updated: 1734304
	573  -  MemoryUsage of job (MB)
	586296  -  ResidentSetSize of job (KB)
...
006 (9487247.000.000) 07/30 02:54:00 Image size of job updated: 1734304
	619  -  MemoryUsage of job (MB)
	633668  -  ResidentSetSize of job (KB)
...
006 (9487247.000.000) 07/30 02:59:00 Image size of job updated: 1776940
	619  -  MemoryUsage of job (MB)
	633668  -  ResidentSetSize of job (KB)
...
006 (9487247.000.000) 07/30 03:24:03 Image size of job updated: 1776940
	641  -  MemoryUsage of job (MB)
	656316  -  ResidentSetSize of job (KB)
...
006 (9487247.000.000) 07/30 03:29:04 Image size of job updated: 1776940
	645  -  MemoryUsage of job (MB)
	660056  -  ResidentSetSize of job (KB)
...
006 (9487247.000.000) 07/30 03:59:07 Image size of job updated: 1795452
	645  -  MemoryUsage of job (MB)
	660056  -  ResidentSetSize of job (KB)
...
006 (9487247.000.000) 07/30 04:14:08 Image size of job updated: 1795452
	648  -  MemoryUsage of job (MB)
	663384  -  ResidentSetSize of job (KB)
...
006 (9487247.000.000) 07/30 04:24:10 Image size of job updated: 1800668
	648  -  MemoryUsage of job (MB)
	663384  -  ResidentSetSize of job (KB)
...
006 (9487247.000.000) 07/30 04:39:12 Image size of job updated: 1800668
	651  -  MemoryUsage of job (MB)
	666568  -  ResidentSetSize of job (KB)
...
006 (9487247.000.000) 07/30 04:44:12 Image size of job updated: 1801956
	651  -  MemoryUsage of job (MB)
	666568  -  ResidentSetSize of job (KB)
...
006 (9487247.000.000) 07/30 04:59:14 Image size of job updated: 1801956
	661  -  MemoryUsage of job (MB)
	676228  -  ResidentSetSize of job (KB)
...
006 (9487247.000.000) 07/30 05:04:16 Image size of job updated: 1801956
	667  -  MemoryUsage of job (MB)
	682380  -  ResidentSetSize of job (KB)
...
006 (9487247.000.000) 07/30 05:09:16 Image size of job updated: 1801956
	698  -  MemoryUsage of job (MB)
	713876  -  ResidentSetSize of job (KB)
...
006 (9487247.000.000) 07/30 05:14:16 Image size of job updated: 1801956
	703  -  MemoryUsage of job (MB)
	719204  -  ResidentSetSize of job (KB)
...
006 (9487247.000.000) 07/30 05:24:18 Image size of job updated: 1801956
	704  -  MemoryUsage of job (MB)
	720316  -  ResidentSetSize of job (KB)
...
006 (9487247.000.000) 07/30 05:29:18 Image size of job updated: 1803748
	704  -  MemoryUsage of job (MB)
	720316  -  ResidentSetSize of job (KB)
...
006 (9487247.000.000) 07/30 05:39:20 Image size of job updated: 1809188
	704  -  MemoryUsage of job (MB)
	720316  -  ResidentSetSize of job (KB)
...
006 (9487247.000.000) 07/30 05:54:22 Image size of job updated: 1836860
	704  -  MemoryUsage of job (MB)
	720316  -  ResidentSetSize of job (KB)
...
006 (9487247.000.000) 07/30 06:49:26 Image size of job updated: 1836860
	768  -  MemoryUsage of job (MB)
	785588  -  ResidentSetSize of job (KB)
...
006 (9487247.000.000) 07/30 06:54:27 Image size of job updated: 1836860
	771  -  MemoryUsage of job (MB)
	788512  -  ResidentSetSize of job (KB)
...
006 (9487247.000.000) 07/30 07:04:27 Image size of job updated: 1848952
	771  -  MemoryUsage of job (MB)
	788512  -  ResidentSetSize of job (KB)
...
006 (9487247.000.000) 07/30 07:49:32 Image size of job updated: 1852888
	771  -  MemoryUsage of job (MB)
	788512  -  ResidentSetSize of job (KB)
...
006 (9487247.000.000) 07/30 08:34:37 Image size of job updated: 1864636
	771  -  MemoryUsage of job (MB)
	788512  -  ResidentSetSize of job (KB)
...
006 (9487247.000.000) 07/30 08:44:38 Image size of job updated: 1880808
	771  -  MemoryUsage of job (MB)
	788512  -  ResidentSetSize of job (KB)
...
006 (9487247.000.000) 07/30 09:04:40 Image size of job updated: 1880808
	773  -  MemoryUsage of job (MB)
	790676  -  ResidentSetSize of job (KB)
...
006 (9487247.000.000) 07/30 09:09:41 Image size of job updated: 1916764
	778  -  MemoryUsage of job (MB)
	795832  -  ResidentSetSize of job (KB)
...
006 (9487247.000.000) 07/30 10:44:52 Image size of job updated: 1916764
	796  -  MemoryUsage of job (MB)
	815040  -  ResidentSetSize of job (KB)
...
006 (9487247.000.000) 07/30 11:24:54 Image size of job updated: 1934820
	807  -  MemoryUsage of job (MB)
	825932  -  ResidentSetSize of job (KB)
...
006 (9487247.000.000) 07/30 11:29:55 Image size of job updated: 1934820
	816  -  MemoryUsage of job (MB)
	834688  -  ResidentSetSize of job (KB)
...
006 (9487247.000.000) 07/30 13:40:05 Image size of job updated: 1934820
	818  -  MemoryUsage of job (MB)
	836752  -  ResidentSetSize of job (KB)
...
006 (9487247.000.000) 07/30 14:20:10 Image size of job updated: 1936920
	818  -  MemoryUsage of job (MB)
	836752  -  ResidentSetSize of job (KB)
...
006 (9487247.000.000) 07/30 14:50:14 Image size of job updated: 1937704
	818  -  MemoryUsage of job (MB)
	836752  -  ResidentSetSize of job (KB)
...
006 (9487247.000.000) 07/30 15:00:16 Image size of job updated: 1943748
	818  -  MemoryUsage of job (MB)
	836752  -  ResidentSetSize of job (KB)
...
006 (9487247.000.000) 07/30 15:05:16 Image size of job updated: 1966824
	818  -  MemoryUsage of job (MB)
	836752  -  ResidentSetSize of job (KB)
...
040 (9487247.000.000) 07/30 15:11:59 Started transferring output files
...
040 (9487247.000.000) 07/30 15:11:59 Finished transferring output files
...
004 (9487247.000.000) 07/30 15:11:59 Job was evicted.
	(0) CPU times
		Usr 0 04:47:02, Sys 0 10:08:58  -  Run Remote Usage
		Usr 0 00:00:00, Sys 0 00:00:00  -  Run Local Usage
	51827  -  Run Bytes Sent By Job
	11182  -  Run Bytes Received By Job
	Partitionable Resources :    Usage  Request Allocated 
	   Cpus                 :     0.94        1         1 
	   Disk (KB)            :    83          12   2982416 
	   Memory (MB)          :   818        2000      2000 
...
009 (9487247.000.000) 07/30 15:11:59 Job was aborted.
	via condor_rm (by user jbonetti)
...
000 (9488282.000.000) 07/30 15:12:50 Job submitted from host: <137.138.120.116:9618?addrs=137.138.120.116-9618+[2001-1458-d00-16--17b]-9618&alias=bigbird12.cern.ch&noUDP&sock=schedd_8624_ecd7>
...
040 (9488282.000.000) 07/30 15:17:53 Started transferring input files
	Transferring to host: <188.184.160.45:9618?addrs=188.184.160.45-9618+[2001-1458-301-48--100-27]-9618&alias=b7s09p4830.cern.ch&noUDP&sock=slot1_23_239032_6af1_49326>
...
040 (9488282.000.000) 07/30 15:17:53 Finished transferring input files
...
001 (9488282.000.000) 07/30 15:17:54 Job executing on host: <188.184.160.45:9618?addrs=188.184.160.45-9618+[2001-1458-301-48--100-27]-9618&alias=b7s09p4830.cern.ch&noUDP&sock=startd_28407_6aed>
...
006 (9488282.000.000) 07/30 15:18:03 Image size of job updated: 26704
	12  -  MemoryUsage of job (MB)
	11276  -  ResidentSetSize of job (KB)
...
006 (9488282.000.000) 07/30 15:23:04 Image size of job updated: 1279948
	223  -  MemoryUsage of job (MB)
	227916  -  ResidentSetSize of job (KB)
...
006 (9488282.000.000) 07/30 15:28:04 Image size of job updated: 1304864
	243  -  MemoryUsage of job (MB)
	248564  -  ResidentSetSize of job (KB)
...
006 (9488282.000.000) 07/30 15:33:04 Image size of job updated: 1327512
	270  -  MemoryUsage of job (MB)
	275660  -  ResidentSetSize of job (KB)
...
006 (9488282.000.000) 07/30 15:38:05 Image size of job updated: 1337020
	270  -  MemoryUsage of job (MB)
	275660  -  ResidentSetSize of job (KB)
...
006 (9488282.000.000) 07/30 15:43:06 Image size of job updated: 1351416
	288  -  MemoryUsage of job (MB)
	294368  -  ResidentSetSize of job (KB)
...
006 (9488282.000.000) 07/30 15:48:06 Image size of job updated: 1364796
	301  -  MemoryUsage of job (MB)
	307588  -  ResidentSetSize of job (KB)
...
006 (9488282.000.000) 07/30 15:53:07 Image size of job updated: 1382440
	302  -  MemoryUsage of job (MB)
	308656  -  ResidentSetSize of job (KB)
...
006 (9488282.000.000) 07/30 15:58:08 Image size of job updated: 1398424
	302  -  MemoryUsage of job (MB)
	308656  -  ResidentSetSize of job (KB)
...
006 (9488282.000.000) 07/30 16:03:08 Image size of job updated: 1401228
	316  -  MemoryUsage of job (MB)
	323288  -  ResidentSetSize of job (KB)
...
006 (9488282.000.000) 07/30 16:08:09 Image size of job updated: 1412940
	330  -  MemoryUsage of job (MB)
	336928  -  ResidentSetSize of job (KB)
...
006 (9488282.000.000) 07/30 16:13:10 Image size of job updated: 1415996
	353  -  MemoryUsage of job (MB)
	360612  -  ResidentSetSize of job (KB)
...
006 (9488282.000.000) 07/30 16:18:10 Image size of job updated: 1430352
	353  -  MemoryUsage of job (MB)
	361088  -  ResidentSetSize of job (KB)
...
006 (9488282.000.000) 07/30 16:23:11 Image size of job updated: 1436568
	353  -  MemoryUsage of job (MB)
	361088  -  ResidentSetSize of job (KB)
...
006 (9488282.000.000) 07/30 16:28:12 Image size of job updated: 1438772
	358  -  MemoryUsage of job (MB)
	366412  -  ResidentSetSize of job (KB)
...
006 (9488282.000.000) 07/30 16:33:12 Image size of job updated: 1451960
	396  -  MemoryUsage of job (MB)
	405484  -  ResidentSetSize of job (KB)
...
006 (9488282.000.000) 07/30 16:38:12 Image size of job updated: 1471844
	396  -  MemoryUsage of job (MB)
	405484  -  ResidentSetSize of job (KB)
...
006 (9488282.000.000) 07/30 16:43:13 Image size of job updated: 1472016
	396  -  MemoryUsage of job (MB)
	405484  -  ResidentSetSize of job (KB)
...
006 (9488282.000.000) 07/30 16:48:13 Image size of job updated: 1490164
	415  -  MemoryUsage of job (MB)
	424240  -  ResidentSetSize of job (KB)
...
006 (9488282.000.000) 07/30 16:53:13 Image size of job updated: 1501604
	415  -  MemoryUsage of job (MB)
	424240  -  ResidentSetSize of job (KB)
...
006 (9488282.000.000) 07/30 16:58:14 Image size of job updated: 1513000
	415  -  MemoryUsage of job (MB)
	424240  -  ResidentSetSize of job (KB)
...
006 (9488282.000.000) 07/30 17:03:14 Image size of job updated: 1513000
	423  -  MemoryUsage of job (MB)
	432564  -  ResidentSetSize of job (KB)
...
006 (9488282.000.000) 07/30 17:08:14 Image size of job updated: 1528948
	452  -  MemoryUsage of job (MB)
	462268  -  ResidentSetSize of job (KB)
...
006 (9488282.000.000) 07/30 17:13:14 Image size of job updated: 1531028
	452  -  MemoryUsage of job (MB)
	462268  -  ResidentSetSize of job (KB)
...
006 (9488282.000.000) 07/30 17:18:14 Image size of job updated: 1531028
	466  -  MemoryUsage of job (MB)
	476644  -  ResidentSetSize of job (KB)
...
006 (9488282.000.000) 07/30 17:23:15 Image size of job updated: 1560544
	469  -  MemoryUsage of job (MB)
	479508  -  ResidentSetSize of job (KB)
...
006 (9488282.000.000) 07/30 17:38:17 Image size of job updated: 1560544
	471  -  MemoryUsage of job (MB)
	482028  -  ResidentSetSize of job (KB)
...
006 (9488282.000.000) 07/30 17:48:18 Image size of job updated: 1576376
	479  -  MemoryUsage of job (MB)
	489480  -  ResidentSetSize of job (KB)
...
006 (9488282.000.000) 07/30 17:53:18 Image size of job updated: 1579796
	479  -  MemoryUsage of job (MB)
	489480  -  ResidentSetSize of job (KB)
...
006 (9488282.000.000) 07/30 17:58:19 Image size of job updated: 1606124
	479  -  MemoryUsage of job (MB)
	489480  -  ResidentSetSize of job (KB)
...
006 (9488282.000.000) 07/30 18:03:19 Image size of job updated: 1606124
	479  -  MemoryUsage of job (MB)
	489680  -  ResidentSetSize of job (KB)
...
006 (9488282.000.000) 07/30 18:08:19 Image size of job updated: 1606124
	490  -  MemoryUsage of job (MB)
	501392  -  ResidentSetSize of job (KB)
...
006 (9488282.000.000) 07/30 18:13:20 Image size of job updated: 1606124
	514  -  MemoryUsage of job (MB)
	525936  -  ResidentSetSize of job (KB)
...
006 (9488282.000.000) 07/30 18:18:20 Image size of job updated: 1606124
	531  -  MemoryUsage of job (MB)
	543364  -  ResidentSetSize of job (KB)
...
006 (9488282.000.000) 07/30 18:23:20 Image size of job updated: 1606264
	531  -  MemoryUsage of job (MB)
	543364  -  ResidentSetSize of job (KB)
...
006 (9488282.000.000) 07/30 18:28:21 Image size of job updated: 1618400
	531  -  MemoryUsage of job (MB)
	543364  -  ResidentSetSize of job (KB)
...
006 (9488282.000.000) 07/30 18:33:22 Image size of job updated: 1621680
	531  -  MemoryUsage of job (MB)
	543364  -  ResidentSetSize of job (KB)
...
006 (9488282.000.000) 07/30 18:38:22 Image size of job updated: 1625700
	548  -  MemoryUsage of job (MB)
	560820  -  ResidentSetSize of job (KB)
...
006 (9488282.000.000) 07/30 18:43:23 Image size of job updated: 1625700
	551  -  MemoryUsage of job (MB)
	563984  -  ResidentSetSize of job (KB)
...
006 (9488282.000.000) 07/30 18:48:24 Image size of job updated: 1626116
	551  -  MemoryUsage of job (MB)
	563984  -  ResidentSetSize of job (KB)
...
006 (9488282.000.000) 07/30 18:53:24 Image size of job updated: 1627800
	551  -  MemoryUsage of job (MB)
	563984  -  ResidentSetSize of job (KB)
...
006 (9488282.000.000) 07/30 18:58:24 Image size of job updated: 1647048
	551  -  MemoryUsage of job (MB)
	563984  -  ResidentSetSize of job (KB)
...
006 (9488282.000.000) 07/30 19:13:25 Image size of job updated: 1647104
	551  -  MemoryUsage of job (MB)
	563984  -  ResidentSetSize of job (KB)
...
006 (9488282.000.000) 07/30 19:28:27 Image size of job updated: 1651884
	551  -  MemoryUsage of job (MB)
	563984  -  ResidentSetSize of job (KB)
...
006 (9488282.000.000) 07/30 19:33:28 Image size of job updated: 1657108
	551  -  MemoryUsage of job (MB)
	563984  -  ResidentSetSize of job (KB)
...
006 (9488282.000.000) 07/30 19:38:29 Image size of job updated: 1670064
	601  -  MemoryUsage of job (MB)
	615336  -  ResidentSetSize of job (KB)
...
006 (9488282.000.000) 07/30 19:43:29 Image size of job updated: 1715420
	604  -  MemoryUsage of job (MB)
	617576  -  ResidentSetSize of job (KB)
...
006 (9488282.000.000) 07/30 20:03:30 Image size of job updated: 1715420
	612  -  MemoryUsage of job (MB)
	626620  -  ResidentSetSize of job (KB)
...
006 (9488282.000.000) 07/30 20:53:36 Image size of job updated: 1724072
	612  -  MemoryUsage of job (MB)
	626620  -  ResidentSetSize of job (KB)
...
006 (9488282.000.000) 07/30 21:53:43 Image size of job updated: 1731792
	612  -  MemoryUsage of job (MB)
	626620  -  ResidentSetSize of job (KB)
...
006 (9488282.000.000) 07/30 21:58:43 Image size of job updated: 1731792
	614  -  MemoryUsage of job (MB)
	628404  -  ResidentSetSize of job (KB)
...
006 (9488282.000.000) 07/30 22:13:44 Image size of job updated: 1734088
	614  -  MemoryUsage of job (MB)
	628404  -  ResidentSetSize of job (KB)
...
006 (9488282.000.000) 07/30 22:23:46 Image size of job updated: 1734088
	641  -  MemoryUsage of job (MB)
	656000  -  ResidentSetSize of job (KB)
...
006 (9488282.000.000) 07/30 22:28:46 Image size of job updated: 1734088
	644  -  MemoryUsage of job (MB)
	659232  -  ResidentSetSize of job (KB)
...
006 (9488282.000.000) 07/30 22:38:48 Image size of job updated: 1739424
	644  -  MemoryUsage of job (MB)
	659232  -  ResidentSetSize of job (KB)
...
006 (9488282.000.000) 07/30 22:43:48 Image size of job updated: 1742672
	644  -  MemoryUsage of job (MB)
	659232  -  ResidentSetSize of job (KB)
...
006 (9488282.000.000) 07/30 22:48:48 Image size of job updated: 1758220
	644  -  MemoryUsage of job (MB)
	659232  -  ResidentSetSize of job (KB)
...
006 (9488282.000.000) 07/30 23:13:50 Image size of job updated: 1758220
	660  -  MemoryUsage of job (MB)
	675212  -  ResidentSetSize of job (KB)
...
006 (9488282.000.000) 07/30 23:18:50 Image size of job updated: 1758220
	663  -  MemoryUsage of job (MB)
	678584  -  ResidentSetSize of job (KB)
...
006 (9488282.000.000) 07/31 00:38:59 Image size of job updated: 1762752
	667  -  MemoryUsage of job (MB)
	682620  -  ResidentSetSize of job (KB)
...
006 (9488282.000.000) 07/31 00:43:59 Image size of job updated: 1773568
	696  -  MemoryUsage of job (MB)
	712568  -  ResidentSetSize of job (KB)
...
006 (9488282.000.000) 07/31 01:24:03 Image size of job updated: 1796232
	696  -  MemoryUsage of job (MB)
	712568  -  ResidentSetSize of job (KB)
...
006 (9488282.000.000) 07/31 01:39:05 Image size of job updated: 1796836
	696  -  MemoryUsage of job (MB)
	712568  -  ResidentSetSize of job (KB)
...
006 (9488282.000.000) 07/31 02:44:11 Image size of job updated: 1797144
	696  -  MemoryUsage of job (MB)
	712568  -  ResidentSetSize of job (KB)
...
006 (9488282.000.000) 07/31 02:49:11 Image size of job updated: 1801404
	696  -  MemoryUsage of job (MB)
	712568  -  ResidentSetSize of job (KB)
...
006 (9488282.000.000) 07/31 02:54:12 Image size of job updated: 1807280
	696  -  MemoryUsage of job (MB)
	712568  -  ResidentSetSize of job (KB)
...
006 (9488282.000.000) 07/31 03:04:12 Image size of job updated: 1809060
	696  -  MemoryUsage of job (MB)
	712568  -  ResidentSetSize of job (KB)
...
006 (9488282.000.000) 07/31 03:14:14 Image size of job updated: 1828816
	696  -  MemoryUsage of job (MB)
	712568  -  ResidentSetSize of job (KB)
...
006 (9488282.000.000) 07/31 04:34:23 Image size of job updated: 1831888
	696  -  MemoryUsage of job (MB)
	712568  -  ResidentSetSize of job (KB)
...
006 (9488282.000.000) 07/31 04:59:26 Image size of job updated: 1831888
	699  -  MemoryUsage of job (MB)
	714756  -  ResidentSetSize of job (KB)
...
006 (9488282.000.000) 07/31 05:54:32 Image size of job updated: 1835120
	699  -  MemoryUsage of job (MB)
	714756  -  ResidentSetSize of job (KB)
...
006 (9488282.000.000) 07/31 05:59:33 Image size of job updated: 1835120
	732  -  MemoryUsage of job (MB)
	749044  -  ResidentSetSize of job (KB)
...
006 (9488282.000.000) 07/31 06:04:33 Image size of job updated: 1835120
	736  -  MemoryUsage of job (MB)
	752712  -  ResidentSetSize of job (KB)
...
006 (9488282.000.000) 07/31 06:09:33 Image size of job updated: 1839324
	736  -  MemoryUsage of job (MB)
	752712  -  ResidentSetSize of job (KB)
...
006 (9488282.000.000) 07/31 06:14:34 Image size of job updated: 1848608
	736  -  MemoryUsage of job (MB)
	752712  -  ResidentSetSize of job (KB)
...
006 (9488282.000.000) 07/31 07:24:40 Image size of job updated: 1850932
	736  -  MemoryUsage of job (MB)
	752712  -  ResidentSetSize of job (KB)
...
006 (9488282.000.000) 07/31 07:44:42 Image size of job updated: 1870428
	736  -  MemoryUsage of job (MB)
	752712  -  ResidentSetSize of job (KB)
...
006 (9488282.000.000) 07/31 08:49:48 Image size of job updated: 1870428
	758  -  MemoryUsage of job (MB)
	775964  -  ResidentSetSize of job (KB)
...
006 (9488282.000.000) 07/31 08:54:48 Image size of job updated: 1884476
	758  -  MemoryUsage of job (MB)
	775964  -  ResidentSetSize of job (KB)
...
006 (9488282.000.000) 07/31 09:09:50 Image size of job updated: 1890596
	758  -  MemoryUsage of job (MB)
	775964  -  ResidentSetSize of job (KB)
...
006 (9488282.000.000) 07/31 10:19:58 Image size of job updated: 1916076
	758  -  MemoryUsage of job (MB)
	775964  -  ResidentSetSize of job (KB)
...
006 (9488282.000.000) 07/31 12:55:14 Image size of job updated: 1916076
	787  -  MemoryUsage of job (MB)
	805816  -  ResidentSetSize of job (KB)
...
006 (9488282.000.000) 07/31 14:30:22 Image size of job updated: 1946124
	787  -  MemoryUsage of job (MB)
	805816  -  ResidentSetSize of job (KB)
...
006 (9488282.000.000) 07/31 14:50:25 Image size of job updated: 1946124
	793  -  MemoryUsage of job (MB)
	811992  -  ResidentSetSize of job (KB)
...
006 (9488282.000.000) 07/31 14:55:26 Image size of job updated: 1946124
	797  -  MemoryUsage of job (MB)
	815380  -  ResidentSetSize of job (KB)
...
006 (9488282.000.000) 07/31 15:15:28 Image size of job updated: 1946124
	799  -  MemoryUsage of job (MB)
	817824  -  ResidentSetSize of job (KB)
...
006 (9488282.000.000) 07/31 15:40:30 Image size of job updated: 1946124
	809  -  MemoryUsage of job (MB)
	828284  -  ResidentSetSize of job (KB)
...
006 (9488282.000.000) 07/31 15:45:31 Image size of job updated: 1946124
	812  -  MemoryUsage of job (MB)
	831132  -  ResidentSetSize of job (KB)
...
006 (9488282.000.000) 07/31 16:05:33 Image size of job updated: 1946124
	818  -  MemoryUsage of job (MB)
	836868  -  ResidentSetSize of job (KB)
...
006 (9488282.000.000) 07/31 17:55:44 Image size of job updated: 1946620
	818  -  MemoryUsage of job (MB)
	836868  -  ResidentSetSize of job (KB)
...
006 (9488282.000.000) 07/31 18:20:46 Image size of job updated: 1951288
	818  -  MemoryUsage of job (MB)
	836868  -  ResidentSetSize of job (KB)
...
006 (9488282.000.000) 07/31 18:45:48 Image size of job updated: 1951288
	839  -  MemoryUsage of job (MB)
	858624  -  ResidentSetSize of job (KB)
...
006 (9488282.000.000) 07/31 18:50:49 Image size of job updated: 1951288
	843  -  MemoryUsage of job (MB)
	862316  -  ResidentSetSize of job (KB)
...
006 (9488282.000.000) 07/31 19:55:56 Image size of job updated: 1952780
	843  -  MemoryUsage of job (MB)
	862316  -  ResidentSetSize of job (KB)
...
006 (9488282.000.000) 07/31 21:56:08 Image size of job updated: 1975392
	843  -  MemoryUsage of job (MB)
	862316  -  ResidentSetSize of job (KB)
...
006 (9488282.000.000) 07/31 23:16:16 Image size of job updated: 1975392
	903  -  MemoryUsage of job (MB)
	924328  -  ResidentSetSize of job (KB)
...
006 (9488282.000.000) 07/31 23:21:17 Image size of job updated: 1977608
	920  -  MemoryUsage of job (MB)
	941636  -  ResidentSetSize of job (KB)
...
006 (9488282.000.000) 08/01 01:41:31 Image size of job updated: 1994780
	920  -  MemoryUsage of job (MB)
	941636  -  ResidentSetSize of job (KB)
...
006 (9488282.000.000) 08/01 02:16:35 Image size of job updated: 2001992
	920  -  MemoryUsage of job (MB)
	941636  -  ResidentSetSize of job (KB)
...
006 (9488282.000.000) 08/01 02:56:39 Image size of job updated: 2003104
	920  -  MemoryUsage of job (MB)
	941636  -  ResidentSetSize of job (KB)
...
006 (9488282.000.000) 08/01 04:01:45 Image size of job updated: 2003492
	920  -  MemoryUsage of job (MB)
	941636  -  ResidentSetSize of job (KB)
...
006 (9488282.000.000) 08/01 04:21:47 Image size of job updated: 2007572
	920  -  MemoryUsage of job (MB)
	941636  -  ResidentSetSize of job (KB)
...
006 (9488282.000.000) 08/01 05:01:51 Image size of job updated: 2032472
	920  -  MemoryUsage of job (MB)
	941636  -  ResidentSetSize of job (KB)
...
006 (9488282.000.000) 08/01 06:26:59 Image size of job updated: 2038660
	920  -  MemoryUsage of job (MB)
	941636  -  ResidentSetSize of job (KB)
...
006 (9488282.000.000) 08/01 07:32:06 Image size of job updated: 2041160
	920  -  MemoryUsage of job (MB)
	941636  -  ResidentSetSize of job (KB)
...
006 (9488282.000.000) 08/01 08:02:10 Image size of job updated: 2045584
	920  -  MemoryUsage of job (MB)
	941636  -  ResidentSetSize of job (KB)
...
006 (9488282.000.000) 08/01 09:37:21 Image size of job updated: 2059288
	920  -  MemoryUsage of job (MB)
	941636  -  ResidentSetSize of job (KB)
...
006 (9488282.000.000) 08/01 12:02:35 Image size of job updated: 2059288
	937  -  MemoryUsage of job (MB)
	959128  -  ResidentSetSize of job (KB)
...
006 (9488282.000.000) 08/01 12:07:35 Image size of job updated: 2059288
	941  -  MemoryUsage of job (MB)
	963252  -  ResidentSetSize of job (KB)
...
006 (9488282.000.000) 08/01 12:17:37 Image size of job updated: 2060476
	941  -  MemoryUsage of job (MB)
	963252  -  ResidentSetSize of job (KB)
...
006 (9488282.000.000) 08/01 12:47:41 Image size of job updated: 2063340
	941  -  MemoryUsage of job (MB)
	963252  -  ResidentSetSize of job (KB)
...
006 (9488282.000.000) 08/01 13:02:42 Image size of job updated: 2078992
	941  -  MemoryUsage of job (MB)
	963252  -  ResidentSetSize of job (KB)
...
006 (9488282.000.000) 08/01 13:17:43 Image size of job updated: 2088508
	941  -  MemoryUsage of job (MB)
	963252  -  ResidentSetSize of job (KB)
...
006 (9488282.000.000) 08/01 14:52:54 Image size of job updated: 2122704
	941  -  MemoryUsage of job (MB)
	963252  -  ResidentSetSize of job (KB)
...
006 (9488282.000.000) 08/01 19:43:23 Image size of job updated: 2122704
	944  -  MemoryUsage of job (MB)
	966300  -  ResidentSetSize of job (KB)
...
006 (9488282.000.000) 08/01 20:13:27 Image size of job updated: 2122704
	962  -  MemoryUsage of job (MB)
	984688  -  ResidentSetSize of job (KB)
...
006 (9488282.000.000) 08/01 20:18:28 Image size of job updated: 2122704
	965  -  MemoryUsage of job (MB)
	988004  -  ResidentSetSize of job (KB)
...
006 (9488282.000.000) 08/01 22:28:40 Image size of job updated: 2122704
	966  -  MemoryUsage of job (MB)
	988520  -  ResidentSetSize of job (KB)
...
006 (9488282.000.000) 08/01 23:18:45 Image size of job updated: 2122704
	986  -  MemoryUsage of job (MB)
	1009312  -  ResidentSetSize of job (KB)
...
006 (9488282.000.000) 08/01 23:23:46 Image size of job updated: 2122704
	989  -  MemoryUsage of job (MB)
	1012236  -  ResidentSetSize of job (KB)
...
006 (9488282.000.000) 08/01 23:58:50 Image size of job updated: 2128100
	989  -  MemoryUsage of job (MB)
	1012236  -  ResidentSetSize of job (KB)
...
006 (9488282.000.000) 08/02 01:34:00 Image size of job updated: 2135712
	989  -  MemoryUsage of job (MB)
	1012236  -  ResidentSetSize of job (KB)
...
006 (9488282.000.000) 08/02 04:04:16 Image size of job updated: 2135712
	996  -  MemoryUsage of job (MB)
	1019364  -  ResidentSetSize of job (KB)
...
006 (9488282.000.000) 08/02 04:29:18 Image size of job updated: 2135712
	1031  -  MemoryUsage of job (MB)
	1055220  -  ResidentSetSize of job (KB)
...
006 (9488282.000.000) 08/02 05:24:23 Image size of job updated: 2146156
	1031  -  MemoryUsage of job (MB)
	1055220  -  ResidentSetSize of job (KB)
...
006 (9488282.000.000) 08/02 06:34:30 Image size of job updated: 2148188
	1031  -  MemoryUsage of job (MB)
	1055220  -  ResidentSetSize of job (KB)
...
006 (9488282.000.000) 08/02 07:14:33 Image size of job updated: 2156556
	1031  -  MemoryUsage of job (MB)
	1055220  -  ResidentSetSize of job (KB)
...
006 (9488282.000.000) 08/02 08:14:41 Image size of job updated: 2165276
	1031  -  MemoryUsage of job (MB)
	1055220  -  ResidentSetSize of job (KB)
...
006 (9488282.000.000) 08/02 09:04:46 Image size of job updated: 2167872
	1031  -  MemoryUsage of job (MB)
	1055220  -  ResidentSetSize of job (KB)
...
006 (9488282.000.000) 08/02 10:49:56 Image size of job updated: 2168388
	1031  -  MemoryUsage of job (MB)
	1055220  -  ResidentSetSize of job (KB)
...
006 (9488282.000.000) 08/02 11:14:58 Image size of job updated: 2168388
	1036  -  MemoryUsage of job (MB)
	1060204  -  ResidentSetSize of job (KB)
...
006 (9488282.000.000) 08/02 11:19:59 Image size of job updated: 2179348
	1036  -  MemoryUsage of job (MB)
	1060204  -  ResidentSetSize of job (KB)
...
006 (9488282.000.000) 08/02 13:30:11 Image size of job updated: 2196948
	1036  -  MemoryUsage of job (MB)
	1060204  -  ResidentSetSize of job (KB)
...
006 (9488282.000.000) 08/02 13:55:14 Image size of job updated: 2196948
	1037  -  MemoryUsage of job (MB)
	1061752  -  ResidentSetSize of job (KB)
...
006 (9488282.000.000) 08/02 14:00:15 Image size of job updated: 2196948
	1040  -  MemoryUsage of job (MB)
	1064428  -  ResidentSetSize of job (KB)
...
040 (9488282.000.000) 08/02 15:18:12 Started transferring output files
...
040 (9488282.000.000) 08/02 15:18:12 Finished transferring output files
...
009 (9488282.000.000) 08/02 15:18:13 Job was aborted.
	Job removed by SYSTEM_PERIODIC_REMOVE due to wall time exceeded allowed max.
...
