000 (9482034.000.000) 07/26 11:52:01 Job submitted from host: <137.138.120.116:9618?addrs=137.138.120.116-9618+[2001-1458-d00-16--17b]-9618&alias=bigbird12.cern.ch&noUDP&sock=schedd_8624_ecd7>
...
040 (9482034.000.000) 07/26 11:52:32 Started transferring input files
	Transferring to host: <188.184.163.209:9618?addrs=188.184.163.209-9618+[2001-1458-301-4d--100-cb]-9618&alias=b7s12p8199.cern.ch&noUDP&sock=slot1_39_288833_ba3a_27606>
...
040 (9482034.000.000) 07/26 11:52:32 Finished transferring input files
...
001 (9482034.000.000) 07/26 11:52:33 Job executing on host: <188.184.163.209:9618?addrs=188.184.163.209-9618+[2001-1458-301-4d--100-cb]-9618&alias=b7s12p8199.cern.ch&noUDP&sock=startd_173471_417a>
...
006 (9482034.000.000) 07/26 11:52:35 Image size of job updated: 285328
	0  -  MemoryUsage of job (MB)
	0  -  ResidentSetSize of job (KB)
...
040 (9482034.000.000) 07/26 11:52:35 Started transferring output files
...
040 (9482034.000.000) 07/26 11:52:35 Finished transferring output files
...
005 (9482034.000.000) 07/26 11:52:35 Job terminated.
	(1) Normal termination (return value 2)
		Usr 0 00:00:01, Sys 0 00:00:01  -  Run Remote Usage
		Usr 0 00:00:00, Sys 0 00:00:00  -  Run Local Usage
		Usr 0 00:00:01, Sys 0 00:00:01  -  Total Remote Usage
		Usr 0 00:00:00, Sys 0 00:00:00  -  Total Local Usage
	191  -  Run Bytes Sent By Job
	11143  -  Run Bytes Received By Job
	191  -  Total Bytes Sent By Job
	11143  -  Total Bytes Received By Job
	Partitionable Resources :    Usage  Request Allocated 
	   Cpus                 :                 1         1 
	   Disk (KB)            :       28       12   2960818 
	   Memory (MB)          :        0     2000      2000 

	Job terminated of its own accord at 2023-07-26T09:52:35Z.
...
000 (9482054.000.000) 07/26 11:58:31 Job submitted from host: <137.138.120.116:9618?addrs=137.138.120.116-9618+[2001-1458-d00-16--17b]-9618&alias=bigbird12.cern.ch&noUDP&sock=schedd_8624_ecd7>
...
040 (9482054.000.000) 07/26 12:03:37 Started transferring input files
	Transferring to host: <128.142.192.148:9618?addrs=128.142.192.148-9618+[2001-1458-301-56--100-10]-9618&alias=b7g18p3236.cern.ch&noUDP&sock=slot1_6_20745_7aa5_19452>
...
040 (9482054.000.000) 07/26 12:03:37 Finished transferring input files
...
001 (9482054.000.000) 07/26 12:03:38 Job executing on host: <128.142.192.148:9618?addrs=128.142.192.148-9618+[2001-1458-301-56--100-10]-9618&alias=b7g18p3236.cern.ch&noUDP&sock=startd_20673_8976>
...
006 (9482054.000.000) 07/26 12:03:47 Image size of job updated: 438508
	124  -  MemoryUsage of job (MB)
	126560  -  ResidentSetSize of job (KB)
...
006 (9482054.000.000) 07/26 12:04:18 Image size of job updated: 1225204
	124  -  MemoryUsage of job (MB)
	126560  -  ResidentSetSize of job (KB)
...
040 (9482054.000.000) 07/26 12:04:18 Started transferring output files
...
040 (9482054.000.000) 07/26 12:04:18 Finished transferring output files
...
005 (9482054.000.000) 07/26 12:04:18 Job terminated.
	(1) Normal termination (return value 0)
		Usr 0 00:00:09, Sys 0 00:00:02  -  Run Remote Usage
		Usr 0 00:00:00, Sys 0 00:00:00  -  Run Local Usage
		Usr 0 00:00:09, Sys 0 00:00:02  -  Total Remote Usage
		Usr 0 00:00:00, Sys 0 00:00:00  -  Total Local Usage
	6610  -  Run Bytes Sent By Job
	11146  -  Run Bytes Received By Job
	6610  -  Total Bytes Sent By Job
	11146  -  Total Bytes Received By Job
	Partitionable Resources :    Usage  Request Allocated 
	   Cpus                 :                 1         1 
	   Disk (KB)            :       31       12   3018894 
	   Memory (MB)          :      124     2000      2000 

	Job terminated of its own accord at 2023-07-26T10:04:18Z.
...
000 (9482169.000.000) 07/26 18:29:16 Job submitted from host: <137.138.120.116:9618?addrs=137.138.120.116-9618+[2001-1458-d00-16--17b]-9618&alias=bigbird12.cern.ch&noUDP&sock=schedd_8624_ecd7>
...
040 (9482169.000.000) 07/26 18:31:29 Started transferring input files
	Transferring to host: <128.142.56.48:9618?addrs=128.142.56.48-9618+[2001-1458-301-6--100-2f]-9618&alias=b7s01p7062.cern.ch&noUDP&sock=slot1_5_5534_f41a_118347>
...
040 (9482169.000.000) 07/26 18:31:29 Finished transferring input files
...
001 (9482169.000.000) 07/26 18:31:30 Job executing on host: <128.142.56.48:9618?addrs=128.142.56.48-9618+[2001-1458-301-6--100-2f]-9618&alias=b7s01p7062.cern.ch&noUDP&sock=startd_4687_787b>
...
006 (9482169.000.000) 07/26 18:31:39 Image size of job updated: 308024
	149  -  MemoryUsage of job (MB)
	151676  -  ResidentSetSize of job (KB)
...
006 (9482169.000.000) 07/26 18:32:14 Image size of job updated: 1239468
	149  -  MemoryUsage of job (MB)
	151676  -  ResidentSetSize of job (KB)
...
040 (9482169.000.000) 07/26 18:32:14 Started transferring output files
...
040 (9482169.000.000) 07/26 18:32:14 Finished transferring output files
...
005 (9482169.000.000) 07/26 18:32:14 Job terminated.
	(1) Normal termination (return value 0)
		Usr 0 00:00:09, Sys 0 00:00:01  -  Run Remote Usage
		Usr 0 00:00:00, Sys 0 00:00:00  -  Run Local Usage
		Usr 0 00:00:09, Sys 0 00:00:01  -  Total Remote Usage
		Usr 0 00:00:00, Sys 0 00:00:00  -  Total Local Usage
	6625  -  Run Bytes Sent By Job
	11146  -  Run Bytes Received By Job
	6625  -  Total Bytes Sent By Job
	11146  -  Total Bytes Received By Job
	Partitionable Resources :    Usage  Request Allocated 
	   Cpus                 :                 1         1 
	   Disk (KB)            :       31       12   1208257 
	   Memory (MB)          :      149     2000      2000 

	Job terminated of its own accord at 2023-07-26T16:32:14Z.
...
000 (9483783.000.000) 07/28 10:00:35 Job submitted from host: <137.138.120.116:9618?addrs=137.138.120.116-9618+[2001-1458-d00-16--17b]-9618&alias=bigbird12.cern.ch&noUDP&sock=schedd_8624_ecd7>
...
040 (9483783.000.000) 07/28 10:00:45 Started transferring input files
	Transferring to host: <128.142.58.163:9618?addrs=128.142.58.163-9618+[2001-1458-301-16--100-a2]-9618&alias=b7s03p9641.cern.ch&noUDP&sock=slot1_9_4219_6ac5_46410>
...
040 (9483783.000.000) 07/28 10:00:45 Finished transferring input files
...
001 (9483783.000.000) 07/28 10:00:46 Job executing on host: <128.142.58.163:9618?addrs=128.142.58.163-9618+[2001-1458-301-16--100-a2]-9618&alias=b7s03p9641.cern.ch&noUDP&sock=startd_2929_a0fc>
...
006 (9483783.000.000) 07/28 10:00:55 Image size of job updated: 578072
	12  -  MemoryUsage of job (MB)
	11280  -  ResidentSetSize of job (KB)
...
006 (9483783.000.000) 07/28 10:02:07 Image size of job updated: 1251056
	12  -  MemoryUsage of job (MB)
	11280  -  ResidentSetSize of job (KB)
...
040 (9483783.000.000) 07/28 10:02:07 Started transferring output files
...
040 (9483783.000.000) 07/28 10:02:07 Finished transferring output files
...
005 (9483783.000.000) 07/28 10:02:07 Job terminated.
	(1) Normal termination (return value 0)
		Usr 0 00:00:17, Sys 0 00:00:01  -  Run Remote Usage
		Usr 0 00:00:00, Sys 0 00:00:00  -  Run Local Usage
		Usr 0 00:00:17, Sys 0 00:00:01  -  Total Remote Usage
		Usr 0 00:00:00, Sys 0 00:00:00  -  Total Local Usage
	6774  -  Run Bytes Sent By Job
	11150  -  Run Bytes Received By Job
	6774  -  Total Bytes Sent By Job
	11150  -  Total Bytes Received By Job
	Partitionable Resources :    Usage  Request Allocated 
	   Cpus                 :                 1         1 
	   Disk (KB)            :       31       12   1325344 
	   Memory (MB)          :       12     2000      2000 

	Job terminated of its own accord at 2023-07-28T08:02:07Z.
...
000 (9483805.000.000) 07/28 10:56:06 Job submitted from host: <137.138.120.116:9618?addrs=137.138.120.116-9618+[2001-1458-d00-16--17b]-9618&alias=bigbird12.cern.ch&noUDP&sock=schedd_8624_ecd7>
...
040 (9483805.000.000) 07/28 10:58:03 Started transferring input files
	Transferring to host: <128.142.61.146:9618?addrs=128.142.61.146-9618+[2001-1458-301-23--100-91]-9618&alias=b7s06p8457.cern.ch&noUDP&sock=slot1_22_4518_16f1_110032>
...
040 (9483805.000.000) 07/28 10:58:03 Finished transferring input files
...
001 (9483805.000.000) 07/28 10:58:04 Job executing on host: <128.142.61.146:9618?addrs=128.142.61.146-9618+[2001-1458-301-23--100-91]-9618&alias=b7s06p8457.cern.ch&noUDP&sock=startd_3265_18ce>
...
006 (9483805.000.000) 07/28 10:58:13 Image size of job updated: 261324
	121  -  MemoryUsage of job (MB)
	123036  -  ResidentSetSize of job (KB)
...
006 (9483805.000.000) 07/28 10:58:56 Image size of job updated: 1246756
	121  -  MemoryUsage of job (MB)
	123036  -  ResidentSetSize of job (KB)
...
040 (9483805.000.000) 07/28 10:58:56 Started transferring output files
...
040 (9483805.000.000) 07/28 10:58:56 Finished transferring output files
...
005 (9483805.000.000) 07/28 10:58:56 Job terminated.
	(1) Normal termination (return value 0)
		Usr 0 00:00:16, Sys 0 00:00:01  -  Run Remote Usage
		Usr 0 00:00:00, Sys 0 00:00:00  -  Run Local Usage
		Usr 0 00:00:16, Sys 0 00:00:01  -  Total Remote Usage
		Usr 0 00:00:00, Sys 0 00:00:00  -  Total Local Usage
	6779  -  Run Bytes Sent By Job
	11150  -  Run Bytes Received By Job
	6779  -  Total Bytes Sent By Job
	11150  -  Total Bytes Received By Job
	Partitionable Resources :    Usage  Request Allocated 
	   Cpus                 :                 1         1 
	   Disk (KB)            :       31       12   2807398 
	   Memory (MB)          :      121     2000      2000 

	Job terminated of its own accord at 2023-07-28T08:58:56Z.
...
000 (9485838.000.000) 07/28 19:11:53 Job submitted from host: <137.138.120.116:9618?addrs=137.138.120.116-9618+[2001-1458-d00-16--17b]-9618&alias=bigbird12.cern.ch&noUDP&sock=schedd_8624_ecd7>
...
040 (9485838.000.000) 07/28 22:38:29 Started transferring input files
	Transferring to host: <128.142.60.138:9618?addrs=128.142.60.138-9618+[2001-1458-301-22--100-89]-9618&alias=b7s05p7467.cern.ch&noUDP&sock=slot1_13_4378_726b_112410>
...
040 (9485838.000.000) 07/28 22:38:29 Finished transferring input files
...
001 (9485838.000.000) 07/28 22:38:30 Job executing on host: <128.142.60.138:9618?addrs=128.142.60.138-9618+[2001-1458-301-22--100-89]-9618&alias=b7s05p7467.cern.ch&noUDP&sock=startd_3100_ebae>
...
006 (9485838.000.000) 07/28 22:38:39 Image size of job updated: 347364
	170  -  MemoryUsage of job (MB)
	173184  -  ResidentSetSize of job (KB)
...
006 (9485838.000.000) 07/28 22:39:16 Image size of job updated: 1244512
	170  -  MemoryUsage of job (MB)
	173184  -  ResidentSetSize of job (KB)
...
040 (9485838.000.000) 07/28 22:39:16 Started transferring output files
...
040 (9485838.000.000) 07/28 22:39:16 Finished transferring output files
...
005 (9485838.000.000) 07/28 22:39:16 Job terminated.
	(1) Normal termination (return value 0)
		Usr 0 00:00:13, Sys 0 00:00:01  -  Run Remote Usage
		Usr 0 00:00:00, Sys 0 00:00:00  -  Run Local Usage
		Usr 0 00:00:13, Sys 0 00:00:01  -  Total Remote Usage
		Usr 0 00:00:00, Sys 0 00:00:00  -  Total Local Usage
	6799  -  Run Bytes Sent By Job
	11150  -  Run Bytes Received By Job
	6799  -  Total Bytes Sent By Job
	11150  -  Total Bytes Received By Job
	Partitionable Resources :    Usage  Request Allocated 
	   Cpus                 :        0        1         1 
	   Disk (KB)            :       39       12   1195313 
	   Memory (MB)          :      170     2000      2000 

	Job terminated of its own accord at 2023-07-28T20:39:16Z.
...
