Completamento cluster 0.0%

 Starting dataset: QCDHT_2000toInf_2018
Events in batch: 299
Completamento batch: 0.0%
Events in batch: 38
Completamento batch: 0.0%
Events in batch: 88
Completamento batch: 0.0%
Events in batch: 22
Completamento batch: 0.0%
Events in batch: 13
Completamento batch: 0.0%
Events in batch: 95
Completamento batch: 0.0%
Events in batch: 110
Completamento batch: 0.0%
Events in batch: 247
Completamento batch: 0.0%
Events in batch: 49
Completamento batch: 0.0%
Events in batch: 109
Completamento batch: 0.0%
Events in batch: 42
Completamento batch: 0.0%
Events in batch: 29
Completamento batch: 0.0%
Events in batch: 7
Completamento batch: 0.0%
Events in batch: 84
Completamento batch: 0.0%
Events in batch: 78
Completamento batch: 0.0%
Events in batch: 195
Completamento batch: 0.0%
Events in batch: 32
Completamento batch: 0.0%
Events in batch: 67
Completamento batch: 0.0%
Events in batch: 51
Completamento batch: 0.0%
Events in batch: 38
Completamento batch: 0.0%
Events in batch: 24
Completamento batch: 0.0%
Events in batch: 15
Completamento batch: 0.0%
Events in batch: 2
Completamento batch: 0.0%
Events in batch: 16
Completamento batch: 0.0%
Events in batch: 16
Completamento batch: 0.0%
Events in batch: 9
Completamento batch: 0.0%
Events in batch: 27
Completamento batch: 0.0%
Events in batch: 41
Completamento batch: 0.0%
Events in batch: 32
Completamento batch: 0.0%
Events in batch: 20
Completamento batch: 0.0%
Events in batch: 11
Completamento batch: 0.0%
Events in batch: 10
Completamento batch: 0.0%
Events in batch: 29
Completamento batch: 0.0%
Events in batch: 308
Completamento batch: 0.0%
Events in batch: 6
Completamento batch: 0.0%
Events in batch: 2
Completamento batch: 0.0%
Events in batch: 73
Completamento batch: 0.0%
Events in batch: 55
Completamento batch: 0.0%
Events in batch: 61
Completamento batch: 0.0%
Events in batch: 27
Completamento batch: 0.0%
Events in batch: 14
Completamento batch: 0.0%
Events in batch: 1
Completamento batch: 0.0%
Events in batch: 3
Completamento batch: 0.0%
Plot successfully saved
