Completamento cluster 0.0%

 Starting dataset: ZJetsToNuNu_HT200to400_2018
Events in batch: 106886
Completamento batch: 0.0%
Completamento batch: 0.94%
Completamento batch: 1.87%
Completamento batch: 2.81%
Completamento batch: 3.74%
Completamento batch: 4.68%
Completamento batch: 5.61%
Completamento batch: 6.55%
Completamento batch: 7.48%
Completamento batch: 8.42%
Completamento batch: 9.36%
Completamento batch: 10.29%
Completamento batch: 11.23%
Completamento batch: 12.16%
Completamento batch: 13.1%
Completamento batch: 14.03%
Completamento batch: 14.97%
Completamento batch: 15.9%
Completamento batch: 16.84%
Completamento batch: 17.78%
Completamento batch: 18.71%
Completamento batch: 19.65%
Completamento batch: 20.58%
Completamento batch: 21.52%
Completamento batch: 22.45%
Completamento batch: 23.39%
Completamento batch: 24.32%
Completamento batch: 25.26%
Completamento batch: 26.2%
Completamento batch: 27.13%
Completamento batch: 28.07%
Completamento batch: 29.0%
Completamento batch: 29.94%
Completamento batch: 30.87%
Completamento batch: 31.81%
Completamento batch: 32.75%
Completamento batch: 33.68%
Completamento batch: 34.62%
Completamento batch: 35.55%
Completamento batch: 36.49%
Completamento batch: 37.42%
Completamento batch: 38.36%
Completamento batch: 39.29%
Completamento batch: 40.23%
Completamento batch: 41.17%
Completamento batch: 42.1%
Completamento batch: 43.04%
Completamento batch: 43.97%
Completamento batch: 44.91%
Completamento batch: 45.84%
Completamento batch: 46.78%
Completamento batch: 47.71%
Completamento batch: 48.65%
Completamento batch: 49.59%
Completamento batch: 50.52%
Completamento batch: 51.46%
Completamento batch: 52.39%
Completamento batch: 53.33%
Completamento batch: 54.26%
Completamento batch: 55.2%
Completamento batch: 56.13%
Completamento batch: 57.07%
Completamento batch: 58.01%
Completamento batch: 58.94%
Completamento batch: 59.88%
Completamento batch: 60.81%
Completamento batch: 61.75%
Completamento batch: 62.68%
Completamento batch: 63.62%
Completamento batch: 64.55%
Completamento batch: 65.49%
Completamento batch: 66.43%
Completamento batch: 67.36%
Completamento batch: 68.3%
Completamento batch: 69.23%
Completamento batch: 70.17%
Completamento batch: 71.1%
Completamento batch: 72.04%
Completamento batch: 72.97%
Completamento batch: 73.91%
Completamento batch: 74.85%
Completamento batch: 75.78%
Completamento batch: 76.72%
Completamento batch: 77.65%
Completamento batch: 78.59%
Completamento batch: 79.52%
Completamento batch: 80.46%
Completamento batch: 81.4%
Completamento batch: 82.33%
Completamento batch: 83.27%
Completamento batch: 84.2%
Completamento batch: 85.14%
Completamento batch: 86.07%
Completamento batch: 87.01%
Completamento batch: 87.94%
Completamento batch: 88.88%
Completamento batch: 89.82%
Completamento batch: 90.75%
Completamento batch: 91.69%
Completamento batch: 92.62%
Completamento batch: 93.56%
Completamento batch: 94.49%
Completamento batch: 95.43%
Completamento batch: 96.36%
Completamento batch: 97.3%
Completamento batch: 98.24%
Completamento batch: 99.17%
Events in batch: 98795
Completamento batch: 0.0%
Completamento batch: 1.01%
Completamento batch: 2.02%
Completamento batch: 3.04%
Completamento batch: 4.05%
Completamento batch: 5.06%
Completamento batch: 6.07%
Completamento batch: 7.09%
Completamento batch: 8.1%
Completamento batch: 9.11%
Completamento batch: 10.12%
Completamento batch: 11.13%
Completamento batch: 12.15%
Completamento batch: 13.16%
Completamento batch: 14.17%
Completamento batch: 15.18%
Completamento batch: 16.2%
Completamento batch: 17.21%
Completamento batch: 18.22%
Completamento batch: 19.23%
Completamento batch: 20.24%
Completamento batch: 21.26%
Completamento batch: 22.27%
Completamento batch: 23.28%
Completamento batch: 24.29%
Completamento batch: 25.3%
Completamento batch: 26.32%
Completamento batch: 27.33%
Completamento batch: 28.34%
Completamento batch: 29.35%
Completamento batch: 30.37%
Completamento batch: 31.38%
Completamento batch: 32.39%
Completamento batch: 33.4%
Completamento batch: 34.41%
Completamento batch: 35.43%
Completamento batch: 36.44%
Completamento batch: 37.45%
Completamento batch: 38.46%
Completamento batch: 39.48%
Completamento batch: 40.49%
Completamento batch: 41.5%
Completamento batch: 42.51%
Completamento batch: 43.52%
Completamento batch: 44.54%
Completamento batch: 45.55%
Completamento batch: 46.56%
Completamento batch: 47.57%
Completamento batch: 48.59%
Completamento batch: 49.6%
Completamento batch: 50.61%
Completamento batch: 51.62%
Completamento batch: 52.63%
Completamento batch: 53.65%
Completamento batch: 54.66%
Completamento batch: 55.67%
Completamento batch: 56.68%
Completamento batch: 57.7%
Completamento batch: 58.71%
Completamento batch: 59.72%
Completamento batch: 60.73%
Completamento batch: 61.74%
Completamento batch: 62.76%
Completamento batch: 63.77%
Completamento batch: 64.78%
Completamento batch: 65.79%
Completamento batch: 66.81%
Completamento batch: 67.82%
Completamento batch: 68.83%
Completamento batch: 69.84%
Completamento batch: 70.85%
Completamento batch: 71.87%
Completamento batch: 72.88%
Completamento batch: 73.89%
Completamento batch: 74.9%
Completamento batch: 75.91%
Completamento batch: 76.93%
Completamento batch: 77.94%
Completamento batch: 78.95%
Completamento batch: 79.96%
Completamento batch: 80.98%
Completamento batch: 81.99%
Completamento batch: 83.0%
Completamento batch: 84.01%
Completamento batch: 85.02%
Completamento batch: 86.04%
Completamento batch: 87.05%
Completamento batch: 88.06%
Completamento batch: 89.07%
Completamento batch: 90.09%
Completamento batch: 91.1%
Completamento batch: 92.11%
Completamento batch: 93.12%
Completamento batch: 94.13%
Completamento batch: 95.15%
Completamento batch: 96.16%
Completamento batch: 97.17%
Completamento batch: 98.18%
Completamento batch: 99.2%
Events in batch: 93226
Completamento batch: 0.0%
Completamento batch: 1.07%
Completamento batch: 2.15%
Completamento batch: 3.22%
Completamento batch: 4.29%
Completamento batch: 5.36%
Completamento batch: 6.44%
Completamento batch: 7.51%
Completamento batch: 8.58%
Completamento batch: 9.65%
Completamento batch: 10.73%
Completamento batch: 11.8%
Completamento batch: 12.87%
Completamento batch: 13.94%
Completamento batch: 15.02%
Completamento batch: 16.09%
Completamento batch: 17.16%
Completamento batch: 18.24%
Completamento batch: 19.31%
Completamento batch: 20.38%
Completamento batch: 21.45%
Completamento batch: 22.53%
Completamento batch: 23.6%
Completamento batch: 24.67%
Completamento batch: 25.74%
Completamento batch: 26.82%
Completamento batch: 27.89%
Completamento batch: 28.96%
Completamento batch: 30.03%
Completamento batch: 31.11%
Completamento batch: 32.18%
Completamento batch: 33.25%
Completamento batch: 34.33%
Completamento batch: 35.4%
Completamento batch: 36.47%
Completamento batch: 37.54%
Completamento batch: 38.62%
Completamento batch: 39.69%
Completamento batch: 40.76%
Completamento batch: 41.83%
Completamento batch: 42.91%
Completamento batch: 43.98%
Completamento batch: 45.05%
Completamento batch: 46.12%
Completamento batch: 47.2%
Completamento batch: 48.27%
Completamento batch: 49.34%
Completamento batch: 50.42%
Completamento batch: 51.49%
Completamento batch: 52.56%
Completamento batch: 53.63%
Completamento batch: 54.71%
Completamento batch: 55.78%
Completamento batch: 56.85%
Completamento batch: 57.92%
Completamento batch: 59.0%
Completamento batch: 60.07%
Completamento batch: 61.14%
Completamento batch: 62.21%
Completamento batch: 63.29%
Completamento batch: 64.36%
Completamento batch: 65.43%
Completamento batch: 66.51%
Completamento batch: 67.58%
Completamento batch: 68.65%
Completamento batch: 69.72%
Completamento batch: 70.8%
Completamento batch: 71.87%
Completamento batch: 72.94%
Completamento batch: 74.01%
Completamento batch: 75.09%
Completamento batch: 76.16%
Completamento batch: 77.23%
Completamento batch: 78.3%
Completamento batch: 79.38%
Completamento batch: 80.45%
Completamento batch: 81.52%
Completamento batch: 82.59%
Completamento batch: 83.67%
Completamento batch: 84.74%
Completamento batch: 85.81%
Completamento batch: 86.89%
Completamento batch: 87.96%
Completamento batch: 89.03%
Completamento batch: 90.1%
Completamento batch: 91.18%
Completamento batch: 92.25%
Completamento batch: 93.32%
Completamento batch: 94.39%
Completamento batch: 95.47%
Completamento batch: 96.54%
Completamento batch: 97.61%
Completamento batch: 98.68%
Completamento batch: 99.76%
Events in batch: 52899
Completamento batch: 0.0%
Completamento batch: 1.89%
Completamento batch: 3.78%
Completamento batch: 5.67%
Completamento batch: 7.56%
Completamento batch: 9.45%
Completamento batch: 11.34%
Completamento batch: 13.23%
Completamento batch: 15.12%
Completamento batch: 17.01%
Completamento batch: 18.9%
Completamento batch: 20.79%
Completamento batch: 22.68%
Completamento batch: 24.58%
Completamento batch: 26.47%
Completamento batch: 28.36%
Completamento batch: 30.25%
Completamento batch: 32.14%
Completamento batch: 34.03%
Completamento batch: 35.92%
Completamento batch: 37.81%
Completamento batch: 39.7%
Completamento batch: 41.59%
Completamento batch: 43.48%
Completamento batch: 45.37%
Completamento batch: 47.26%
Completamento batch: 49.15%
Completamento batch: 51.04%
Completamento batch: 52.93%
Completamento batch: 54.82%
Completamento batch: 56.71%
Completamento batch: 58.6%
Completamento batch: 60.49%
Completamento batch: 62.38%
Completamento batch: 64.27%
Completamento batch: 66.16%
Completamento batch: 68.05%
Completamento batch: 69.94%
Completamento batch: 71.84%
Completamento batch: 73.73%
Completamento batch: 75.62%
Completamento batch: 77.51%
Completamento batch: 79.4%
Completamento batch: 81.29%
Completamento batch: 83.18%
Completamento batch: 85.07%
Completamento batch: 86.96%
Completamento batch: 88.85%
Completamento batch: 90.74%
Completamento batch: 92.63%
Completamento batch: 94.52%
Completamento batch: 96.41%
Completamento batch: 98.3%
Events in batch: 26620
Completamento batch: 0.0%
Completamento batch: 3.76%
Completamento batch: 7.51%
Completamento batch: 11.27%
Completamento batch: 15.03%
Completamento batch: 18.78%
Completamento batch: 22.54%
Completamento batch: 26.3%
Completamento batch: 30.05%
Completamento batch: 33.81%
Completamento batch: 37.57%
Completamento batch: 41.32%
Completamento batch: 45.08%
Completamento batch: 48.84%
Completamento batch: 52.59%
Completamento batch: 56.35%
Completamento batch: 60.11%
Completamento batch: 63.86%
Completamento batch: 67.62%
Completamento batch: 71.37%
Completamento batch: 75.13%
Completamento batch: 78.89%
Completamento batch: 82.64%
Completamento batch: 86.4%
Completamento batch: 90.16%
Completamento batch: 93.91%
Completamento batch: 97.67%
Events in batch: 134087
Completamento batch: 0.0%
Completamento batch: 0.75%
Completamento batch: 1.49%
Completamento batch: 2.24%
Completamento batch: 2.98%
Completamento batch: 3.73%
Completamento batch: 4.47%
Completamento batch: 5.22%
Completamento batch: 5.97%
Completamento batch: 6.71%
Completamento batch: 7.46%
Completamento batch: 8.2%
Completamento batch: 8.95%
Completamento batch: 9.7%
Completamento batch: 10.44%
Completamento batch: 11.19%
Completamento batch: 11.93%
Completamento batch: 12.68%
Completamento batch: 13.42%
Completamento batch: 14.17%
Completamento batch: 14.92%
Completamento batch: 15.66%
Completamento batch: 16.41%
Completamento batch: 17.15%
Completamento batch: 17.9%
Completamento batch: 18.64%
Completamento batch: 19.39%
Completamento batch: 20.14%
Completamento batch: 20.88%
Completamento batch: 21.63%
Completamento batch: 22.37%
Completamento batch: 23.12%
Completamento batch: 23.87%
Completamento batch: 24.61%
Completamento batch: 25.36%
Completamento batch: 26.1%
Completamento batch: 26.85%
Completamento batch: 27.59%
Completamento batch: 28.34%
Completamento batch: 29.09%
Completamento batch: 29.83%
Completamento batch: 30.58%
Completamento batch: 31.32%
Completamento batch: 32.07%
Completamento batch: 32.81%
Completamento batch: 33.56%
Completamento batch: 34.31%
Completamento batch: 35.05%
Completamento batch: 35.8%
Completamento batch: 36.54%
Completamento batch: 37.29%
Completamento batch: 38.04%
Completamento batch: 38.78%
Completamento batch: 39.53%
Completamento batch: 40.27%
Completamento batch: 41.02%
Completamento batch: 41.76%
Completamento batch: 42.51%
Completamento batch: 43.26%
Completamento batch: 44.0%
Completamento batch: 44.75%
Completamento batch: 45.49%
Completamento batch: 46.24%
Completamento batch: 46.98%
Completamento batch: 47.73%
Completamento batch: 48.48%
Completamento batch: 49.22%
Completamento batch: 49.97%
Completamento batch: 50.71%
Completamento batch: 51.46%
Completamento batch: 52.2%
Completamento batch: 52.95%
Completamento batch: 53.7%
Completamento batch: 54.44%
Completamento batch: 55.19%
Completamento batch: 55.93%
Completamento batch: 56.68%
Completamento batch: 57.43%
Completamento batch: 58.17%
Completamento batch: 58.92%
Completamento batch: 59.66%
Completamento batch: 60.41%
Completamento batch: 61.15%
Completamento batch: 61.9%
Completamento batch: 62.65%
Completamento batch: 63.39%
Completamento batch: 64.14%
Completamento batch: 64.88%
Completamento batch: 65.63%
Completamento batch: 66.37%
Completamento batch: 67.12%
Completamento batch: 67.87%
Completamento batch: 68.61%
Completamento batch: 69.36%
Completamento batch: 70.1%
Completamento batch: 70.85%
Completamento batch: 71.6%
Completamento batch: 72.34%
Completamento batch: 73.09%
Completamento batch: 73.83%
Completamento batch: 74.58%
Completamento batch: 75.32%
Completamento batch: 76.07%
Completamento batch: 76.82%
Completamento batch: 77.56%
Completamento batch: 78.31%
Completamento batch: 79.05%
Completamento batch: 79.8%
Completamento batch: 80.54%
Completamento batch: 81.29%
Completamento batch: 82.04%
Completamento batch: 82.78%
Completamento batch: 83.53%
Completamento batch: 84.27%
Completamento batch: 85.02%
Completamento batch: 85.77%
Completamento batch: 86.51%
Completamento batch: 87.26%
Completamento batch: 88.0%
Completamento batch: 88.75%
Completamento batch: 89.49%
Completamento batch: 90.24%
Completamento batch: 90.99%
Completamento batch: 91.73%
Completamento batch: 92.48%
Completamento batch: 93.22%
Completamento batch: 93.97%
Completamento batch: 94.71%
Completamento batch: 95.46%
Completamento batch: 96.21%
Completamento batch: 96.95%
Completamento batch: 97.7%
Completamento batch: 98.44%
Completamento batch: 99.19%
Completamento batch: 99.94%
Events in batch: 109865
Completamento batch: 0.0%
Completamento batch: 0.91%
Completamento batch: 1.82%
Completamento batch: 2.73%
Completamento batch: 3.64%
Completamento batch: 4.55%
Completamento batch: 5.46%
Completamento batch: 6.37%
Completamento batch: 7.28%
Completamento batch: 8.19%
Completamento batch: 9.1%
Completamento batch: 10.01%
Completamento batch: 10.92%
Completamento batch: 11.83%
Completamento batch: 12.74%
Completamento batch: 13.65%
Completamento batch: 14.56%
Completamento batch: 15.47%
Completamento batch: 16.38%
Completamento batch: 17.29%
Completamento batch: 18.2%
Completamento batch: 19.11%
Completamento batch: 20.02%
Completamento batch: 20.93%
Completamento batch: 21.84%
Completamento batch: 22.76%
Completamento batch: 23.67%
Completamento batch: 24.58%
Completamento batch: 25.49%
Completamento batch: 26.4%
Completamento batch: 27.31%
Completamento batch: 28.22%
Completamento batch: 29.13%
Completamento batch: 30.04%
Completamento batch: 30.95%
Completamento batch: 31.86%
Completamento batch: 32.77%
Completamento batch: 33.68%
Completamento batch: 34.59%
Completamento batch: 35.5%
Completamento batch: 36.41%
Completamento batch: 37.32%
Completamento batch: 38.23%
Completamento batch: 39.14%
Completamento batch: 40.05%
Completamento batch: 40.96%
Completamento batch: 41.87%
Completamento batch: 42.78%
Completamento batch: 43.69%
Completamento batch: 44.6%
Completamento batch: 45.51%
Completamento batch: 46.42%
Completamento batch: 47.33%
Completamento batch: 48.24%
Completamento batch: 49.15%
Completamento batch: 50.06%
Completamento batch: 50.97%
Completamento batch: 51.88%
Completamento batch: 52.79%
Completamento batch: 53.7%
Completamento batch: 54.61%
Completamento batch: 55.52%
Completamento batch: 56.43%
Completamento batch: 57.34%
Completamento batch: 58.25%
Completamento batch: 59.16%
Completamento batch: 60.07%
Completamento batch: 60.98%
Completamento batch: 61.89%
Completamento batch: 62.8%
Completamento batch: 63.71%
Completamento batch: 64.62%
Completamento batch: 65.53%
Completamento batch: 66.45%
Completamento batch: 67.36%
Completamento batch: 68.27%
Completamento batch: 69.18%
Completamento batch: 70.09%
Completamento batch: 71.0%
Completamento batch: 71.91%
Completamento batch: 72.82%
Completamento batch: 73.73%
Completamento batch: 74.64%
Completamento batch: 75.55%
Completamento batch: 76.46%
Completamento batch: 77.37%
Completamento batch: 78.28%
Completamento batch: 79.19%
Completamento batch: 80.1%
Completamento batch: 81.01%
Completamento batch: 81.92%
Completamento batch: 82.83%
Completamento batch: 83.74%
Completamento batch: 84.65%
Completamento batch: 85.56%
Completamento batch: 86.47%
Completamento batch: 87.38%
Completamento batch: 88.29%
Completamento batch: 89.2%
Completamento batch: 90.11%
Completamento batch: 91.02%
Completamento batch: 91.93%
Completamento batch: 92.84%
Completamento batch: 93.75%
Completamento batch: 94.66%
Completamento batch: 95.57%
Completamento batch: 96.48%
Completamento batch: 97.39%
Completamento batch: 98.3%
Completamento batch: 99.21%
Events in batch: 53032
Completamento batch: 0.0%
Completamento batch: 1.89%
Completamento batch: 3.77%
Completamento batch: 5.66%
Completamento batch: 7.54%
Completamento batch: 9.43%
Completamento batch: 11.31%
Completamento batch: 13.2%
Completamento batch: 15.09%
Completamento batch: 16.97%
Completamento batch: 18.86%
Completamento batch: 20.74%
Completamento batch: 22.63%
Completamento batch: 24.51%
Completamento batch: 26.4%
Completamento batch: 28.28%
Completamento batch: 30.17%
Completamento batch: 32.06%
Completamento batch: 33.94%
Completamento batch: 35.83%
Completamento batch: 37.71%
Completamento batch: 39.6%
Completamento batch: 41.48%
Completamento batch: 43.37%
Completamento batch: 45.26%
Completamento batch: 47.14%
Completamento batch: 49.03%
Completamento batch: 50.91%
Completamento batch: 52.8%
Completamento batch: 54.68%
Completamento batch: 56.57%
Completamento batch: 58.46%
Completamento batch: 60.34%
Completamento batch: 62.23%
Completamento batch: 64.11%
Completamento batch: 66.0%
Completamento batch: 67.88%
Completamento batch: 69.77%
Completamento batch: 71.65%
Completamento batch: 73.54%
Completamento batch: 75.43%
Completamento batch: 77.31%
Completamento batch: 79.2%
Completamento batch: 81.08%
Completamento batch: 82.97%
Completamento batch: 84.85%
Completamento batch: 86.74%
Completamento batch: 88.63%
Completamento batch: 90.51%
Completamento batch: 92.4%
Completamento batch: 94.28%
Completamento batch: 96.17%
Completamento batch: 98.05%
Completamento batch: 99.94%
Events in batch: 13161
Completamento batch: 0.0%
Completamento batch: 7.6%
Completamento batch: 15.2%
Completamento batch: 22.79%
Completamento batch: 30.39%
Completamento batch: 37.99%
Completamento batch: 45.59%
Completamento batch: 53.19%
Completamento batch: 60.79%
Completamento batch: 68.38%
Completamento batch: 75.98%
Completamento batch: 83.58%
Completamento batch: 91.18%
Completamento batch: 98.78%
Events in batch: 3199
Completamento batch: 0.0%
Completamento batch: 31.26%
Completamento batch: 62.52%
Completamento batch: 93.78%
Events in batch: 108364
Completamento batch: 0.0%
Completamento batch: 0.92%
Completamento batch: 1.85%
Completamento batch: 2.77%
Completamento batch: 3.69%
Completamento batch: 4.61%
Completamento batch: 5.54%
Completamento batch: 6.46%
Completamento batch: 7.38%
Completamento batch: 8.31%
Completamento batch: 9.23%
Completamento batch: 10.15%
Completamento batch: 11.07%
Completamento batch: 12.0%
Completamento batch: 12.92%
Completamento batch: 13.84%
Completamento batch: 14.77%
Completamento batch: 15.69%
Completamento batch: 16.61%
Completamento batch: 17.53%
Completamento batch: 18.46%
Completamento batch: 19.38%
Completamento batch: 20.3%
Completamento batch: 21.22%
Completamento batch: 22.15%
Completamento batch: 23.07%
Completamento batch: 23.99%
Completamento batch: 24.92%
Completamento batch: 25.84%
Completamento batch: 26.76%
Completamento batch: 27.68%
Completamento batch: 28.61%
Completamento batch: 29.53%
Completamento batch: 30.45%
Completamento batch: 31.38%
Completamento batch: 32.3%
Completamento batch: 33.22%
Completamento batch: 34.14%
Completamento batch: 35.07%
Completamento batch: 35.99%
Completamento batch: 36.91%
Completamento batch: 37.84%
Completamento batch: 38.76%
Completamento batch: 39.68%
Completamento batch: 40.6%
Completamento batch: 41.53%
Completamento batch: 42.45%
Completamento batch: 43.37%
Completamento batch: 44.3%
Completamento batch: 45.22%
Completamento batch: 46.14%
Completamento batch: 47.06%
Completamento batch: 47.99%
Completamento batch: 48.91%
Completamento batch: 49.83%
Completamento batch: 50.75%
Completamento batch: 51.68%
Completamento batch: 52.6%
Completamento batch: 53.52%
Completamento batch: 54.45%
Completamento batch: 55.37%
Completamento batch: 56.29%
Completamento batch: 57.21%
Completamento batch: 58.14%
Completamento batch: 59.06%
Completamento batch: 59.98%
Completamento batch: 60.91%
Completamento batch: 61.83%
Completamento batch: 62.75%
Completamento batch: 63.67%
Completamento batch: 64.6%
Completamento batch: 65.52%
Completamento batch: 66.44%
Completamento batch: 67.37%
Completamento batch: 68.29%
Completamento batch: 69.21%
Completamento batch: 70.13%
Completamento batch: 71.06%
Completamento batch: 71.98%
Completamento batch: 72.9%
Completamento batch: 73.83%
Completamento batch: 74.75%
Completamento batch: 75.67%
Completamento batch: 76.59%
Completamento batch: 77.52%
Completamento batch: 78.44%
Completamento batch: 79.36%
Completamento batch: 80.28%
Completamento batch: 81.21%
Completamento batch: 82.13%
Completamento batch: 83.05%
Completamento batch: 83.98%
Completamento batch: 84.9%
Completamento batch: 85.82%
Completamento batch: 86.74%
Completamento batch: 87.67%
Completamento batch: 88.59%
Completamento batch: 89.51%
Completamento batch: 90.44%
Completamento batch: 91.36%
Completamento batch: 92.28%
Completamento batch: 93.2%
Completamento batch: 94.13%
Completamento batch: 95.05%
Completamento batch: 95.97%
Completamento batch: 96.9%
Completamento batch: 97.82%
Completamento batch: 98.74%
Completamento batch: 99.66%
Events in batch: 127878
Completamento batch: 0.0%
Completamento batch: 0.78%
Completamento batch: 1.56%
Completamento batch: 2.35%
Completamento batch: 3.13%
Completamento batch: 3.91%
Completamento batch: 4.69%
Completamento batch: 5.47%
Completamento batch: 6.26%
Completamento batch: 7.04%
Completamento batch: 7.82%
Completamento batch: 8.6%
Completamento batch: 9.38%
Completamento batch: 10.17%
Completamento batch: 10.95%
Completamento batch: 11.73%
Completamento batch: 12.51%
Completamento batch: 13.29%
Completamento batch: 14.08%
Completamento batch: 14.86%
Completamento batch: 15.64%
Completamento batch: 16.42%
Completamento batch: 17.2%
Completamento batch: 17.99%
Completamento batch: 18.77%
Completamento batch: 19.55%
Completamento batch: 20.33%
Completamento batch: 21.11%
Completamento batch: 21.9%
Completamento batch: 22.68%
Completamento batch: 23.46%
Completamento batch: 24.24%
Completamento batch: 25.02%
Completamento batch: 25.81%
Completamento batch: 26.59%
Completamento batch: 27.37%
Completamento batch: 28.15%
Completamento batch: 28.93%
Completamento batch: 29.72%
Completamento batch: 30.5%
Completamento batch: 31.28%
Completamento batch: 32.06%
Completamento batch: 32.84%
Completamento batch: 33.63%
Completamento batch: 34.41%
Completamento batch: 35.19%
Completamento batch: 35.97%
Completamento batch: 36.75%
Completamento batch: 37.54%
Completamento batch: 38.32%
Completamento batch: 39.1%
Completamento batch: 39.88%
Completamento batch: 40.66%
Completamento batch: 41.45%
Completamento batch: 42.23%
Completamento batch: 43.01%
Completamento batch: 43.79%
Completamento batch: 44.57%
Completamento batch: 45.36%
Completamento batch: 46.14%
Completamento batch: 46.92%
Completamento batch: 47.7%
Completamento batch: 48.48%
Completamento batch: 49.27%
Completamento batch: 50.05%
Completamento batch: 50.83%
Completamento batch: 51.61%
Completamento batch: 52.39%
Completamento batch: 53.18%
Completamento batch: 53.96%
Completamento batch: 54.74%
Completamento batch: 55.52%
Completamento batch: 56.3%
Completamento batch: 57.09%
Completamento batch: 57.87%
Completamento batch: 58.65%
Completamento batch: 59.43%
Completamento batch: 60.21%
Completamento batch: 61.0%
Completamento batch: 61.78%
Completamento batch: 62.56%
Completamento batch: 63.34%
Completamento batch: 64.12%
Completamento batch: 64.91%
Completamento batch: 65.69%
Completamento batch: 66.47%
Completamento batch: 67.25%
Completamento batch: 68.03%
Completamento batch: 68.82%
Completamento batch: 69.6%
Completamento batch: 70.38%
Completamento batch: 71.16%
Completamento batch: 71.94%
Completamento batch: 72.73%
Completamento batch: 73.51%
Completamento batch: 74.29%
Completamento batch: 75.07%
Completamento batch: 75.85%
Completamento batch: 76.64%
Completamento batch: 77.42%
Completamento batch: 78.2%
Completamento batch: 78.98%
Completamento batch: 79.76%
Completamento batch: 80.55%
Completamento batch: 81.33%
Completamento batch: 82.11%
Completamento batch: 82.89%
Completamento batch: 83.67%
Completamento batch: 84.46%
Completamento batch: 85.24%
Completamento batch: 86.02%
Completamento batch: 86.8%
Completamento batch: 87.58%
Completamento batch: 88.37%
Completamento batch: 89.15%
Completamento batch: 89.93%
Completamento batch: 90.71%
Completamento batch: 91.49%
Completamento batch: 92.28%
Completamento batch: 93.06%
Completamento batch: 93.84%
Completamento batch: 94.62%
Completamento batch: 95.4%
Completamento batch: 96.19%
Completamento batch: 96.97%
Completamento batch: 97.75%
Completamento batch: 98.53%
Completamento batch: 99.31%
Events in batch: 152237
Completamento batch: 0.0%
Completamento batch: 0.66%
Completamento batch: 1.31%
Completamento batch: 1.97%
Completamento batch: 2.63%
Completamento batch: 3.28%
Completamento batch: 3.94%
Completamento batch: 4.6%
Completamento batch: 5.25%
Completamento batch: 5.91%
Completamento batch: 6.57%
Completamento batch: 7.23%
Completamento batch: 7.88%
Completamento batch: 8.54%
Completamento batch: 9.2%
Completamento batch: 9.85%
Completamento batch: 10.51%
Completamento batch: 11.17%
Completamento batch: 11.82%
Completamento batch: 12.48%
Completamento batch: 13.14%
Completamento batch: 13.79%
Completamento batch: 14.45%
Completamento batch: 15.11%
Completamento batch: 15.76%
Completamento batch: 16.42%
Completamento batch: 17.08%
Completamento batch: 17.74%
Completamento batch: 18.39%
Completamento batch: 19.05%
Completamento batch: 19.71%
Completamento batch: 20.36%
Completamento batch: 21.02%
Completamento batch: 21.68%
Completamento batch: 22.33%
Completamento batch: 22.99%
Completamento batch: 23.65%
Completamento batch: 24.3%
Completamento batch: 24.96%
Completamento batch: 25.62%
Completamento batch: 26.27%
Completamento batch: 26.93%
Completamento batch: 27.59%
Completamento batch: 28.25%
Completamento batch: 28.9%
Completamento batch: 29.56%
Completamento batch: 30.22%
Completamento batch: 30.87%
Completamento batch: 31.53%
Completamento batch: 32.19%
Completamento batch: 32.84%
Completamento batch: 33.5%
Completamento batch: 34.16%
Completamento batch: 34.81%
Completamento batch: 35.47%
Completamento batch: 36.13%
Completamento batch: 36.78%
Completamento batch: 37.44%
Completamento batch: 38.1%
Completamento batch: 38.76%
Completamento batch: 39.41%
Completamento batch: 40.07%
Completamento batch: 40.73%
Completamento batch: 41.38%
Completamento batch: 42.04%
Completamento batch: 42.7%
Completamento batch: 43.35%
Completamento batch: 44.01%
Completamento batch: 44.67%
Completamento batch: 45.32%
Completamento batch: 45.98%
Completamento batch: 46.64%
Completamento batch: 47.29%
Completamento batch: 47.95%
Completamento batch: 48.61%
Completamento batch: 49.27%
Completamento batch: 49.92%
Completamento batch: 50.58%
Completamento batch: 51.24%
Completamento batch: 51.89%
Completamento batch: 52.55%
Completamento batch: 53.21%
Completamento batch: 53.86%
Completamento batch: 54.52%
Completamento batch: 55.18%
Completamento batch: 55.83%
Completamento batch: 56.49%
Completamento batch: 57.15%
Completamento batch: 57.8%
Completamento batch: 58.46%
Completamento batch: 59.12%
Completamento batch: 59.78%
Completamento batch: 60.43%
Completamento batch: 61.09%
Completamento batch: 61.75%
Completamento batch: 62.4%
Completamento batch: 63.06%
Completamento batch: 63.72%
Completamento batch: 64.37%
Completamento batch: 65.03%
Completamento batch: 65.69%
Completamento batch: 66.34%
Completamento batch: 67.0%
Completamento batch: 67.66%
Completamento batch: 68.31%
Completamento batch: 68.97%
Completamento batch: 69.63%
Completamento batch: 70.29%
Completamento batch: 70.94%
Completamento batch: 71.6%
Completamento batch: 72.26%
Completamento batch: 72.91%
Completamento batch: 73.57%
Completamento batch: 74.23%
Completamento batch: 74.88%
Completamento batch: 75.54%
Completamento batch: 76.2%
Completamento batch: 76.85%
Completamento batch: 77.51%
Completamento batch: 78.17%
Completamento batch: 78.82%
Completamento batch: 79.48%
Completamento batch: 80.14%
Completamento batch: 80.8%
Completamento batch: 81.45%
Completamento batch: 82.11%
Completamento batch: 82.77%
Completamento batch: 83.42%
Completamento batch: 84.08%
Completamento batch: 84.74%
Completamento batch: 85.39%
Completamento batch: 86.05%
Completamento batch: 86.71%
Completamento batch: 87.36%
Completamento batch: 88.02%
Completamento batch: 88.68%
Completamento batch: 89.33%
Completamento batch: 89.99%
Completamento batch: 90.65%
Completamento batch: 91.31%
Completamento batch: 91.96%
Completamento batch: 92.62%
Completamento batch: 93.28%
Completamento batch: 93.93%
Completamento batch: 94.59%
Completamento batch: 95.25%
Completamento batch: 95.9%
Completamento batch: 96.56%
Completamento batch: 97.22%
Completamento batch: 97.87%
Completamento batch: 98.53%
Completamento batch: 99.19%
Completamento batch: 99.84%
Events in batch: 152908
Completamento batch: 0.0%
Completamento batch: 0.65%
Completamento batch: 1.31%
Completamento batch: 1.96%
Completamento batch: 2.62%
Completamento batch: 3.27%
Completamento batch: 3.92%
Completamento batch: 4.58%
Completamento batch: 5.23%
Completamento batch: 5.89%
Completamento batch: 6.54%
Completamento batch: 7.19%
Completamento batch: 7.85%
Completamento batch: 8.5%
Completamento batch: 9.16%
Completamento batch: 9.81%
Completamento batch: 10.46%
Completamento batch: 11.12%
Completamento batch: 11.77%
Completamento batch: 12.43%
Completamento batch: 13.08%
Completamento batch: 13.73%
Completamento batch: 14.39%
Completamento batch: 15.04%
Completamento batch: 15.7%
Completamento batch: 16.35%
Completamento batch: 17.0%
Completamento batch: 17.66%
Completamento batch: 18.31%
Completamento batch: 18.97%
Completamento batch: 19.62%
Completamento batch: 20.27%
Completamento batch: 20.93%
Completamento batch: 21.58%
Completamento batch: 22.24%
Completamento batch: 22.89%
Completamento batch: 23.54%
Completamento batch: 24.2%
Completamento batch: 24.85%
Completamento batch: 25.51%
Completamento batch: 26.16%
Completamento batch: 26.81%
Completamento batch: 27.47%
Completamento batch: 28.12%
Completamento batch: 28.78%
Completamento batch: 29.43%
Completamento batch: 30.08%
Completamento batch: 30.74%
Completamento batch: 31.39%
Completamento batch: 32.05%
Completamento batch: 32.7%
Completamento batch: 33.35%
Completamento batch: 34.01%
Completamento batch: 34.66%
Completamento batch: 35.32%
Completamento batch: 35.97%
Completamento batch: 36.62%
Completamento batch: 37.28%
Completamento batch: 37.93%
Completamento batch: 38.59%
Completamento batch: 39.24%
Completamento batch: 39.89%
Completamento batch: 40.55%
Completamento batch: 41.2%
Completamento batch: 41.86%
Completamento batch: 42.51%
Completamento batch: 43.16%
Completamento batch: 43.82%
Completamento batch: 44.47%
Completamento batch: 45.13%
Completamento batch: 45.78%
Completamento batch: 46.43%
Completamento batch: 47.09%
Completamento batch: 47.74%
Completamento batch: 48.4%
Completamento batch: 49.05%
Completamento batch: 49.7%
Completamento batch: 50.36%
Completamento batch: 51.01%
Completamento batch: 51.67%
Completamento batch: 52.32%
Completamento batch: 52.97%
Completamento batch: 53.63%
Completamento batch: 54.28%
Completamento batch: 54.93%
Completamento batch: 55.59%
Completamento batch: 56.24%
Completamento batch: 56.9%
Completamento batch: 57.55%
Completamento batch: 58.2%
Completamento batch: 58.86%
Completamento batch: 59.51%
Completamento batch: 60.17%
Completamento batch: 60.82%
Completamento batch: 61.47%
Completamento batch: 62.13%
Completamento batch: 62.78%
Completamento batch: 63.44%
Completamento batch: 64.09%
Completamento batch: 64.74%
Completamento batch: 65.4%
Completamento batch: 66.05%
Completamento batch: 66.71%
Completamento batch: 67.36%
Completamento batch: 68.01%
Completamento batch: 68.67%
Completamento batch: 69.32%
Completamento batch: 69.98%
Completamento batch: 70.63%
Completamento batch: 71.28%
Completamento batch: 71.94%
Completamento batch: 72.59%
Completamento batch: 73.25%
Completamento batch: 73.9%
Completamento batch: 74.55%
Completamento batch: 75.21%
Completamento batch: 75.86%
Completamento batch: 76.52%
Completamento batch: 77.17%
Completamento batch: 77.82%
Completamento batch: 78.48%
Completamento batch: 79.13%
Completamento batch: 79.79%
Completamento batch: 80.44%
Completamento batch: 81.09%
Completamento batch: 81.75%
Completamento batch: 82.4%
Completamento batch: 83.06%
Completamento batch: 83.71%
Completamento batch: 84.36%
Completamento batch: 85.02%
Completamento batch: 85.67%
Completamento batch: 86.33%
Completamento batch: 86.98%
Completamento batch: 87.63%
Completamento batch: 88.29%
Completamento batch: 88.94%
Completamento batch: 89.6%
Completamento batch: 90.25%
Completamento batch: 90.9%
Completamento batch: 91.56%
Completamento batch: 92.21%
Completamento batch: 92.87%
Completamento batch: 93.52%
Completamento batch: 94.17%
Completamento batch: 94.83%
Completamento batch: 95.48%
Completamento batch: 96.14%
Completamento batch: 96.79%
Completamento batch: 97.44%
Completamento batch: 98.1%
Completamento batch: 98.75%
Completamento batch: 99.41%
Events in batch: 148889
Completamento batch: 0.0%
Completamento batch: 0.67%
Completamento batch: 1.34%
Completamento batch: 2.01%
Completamento batch: 2.69%
Completamento batch: 3.36%
Completamento batch: 4.03%
Completamento batch: 4.7%
Completamento batch: 5.37%
Completamento batch: 6.04%
Completamento batch: 6.72%
Completamento batch: 7.39%
Completamento batch: 8.06%
Completamento batch: 8.73%
Completamento batch: 9.4%
Completamento batch: 10.07%
Completamento batch: 10.75%
Completamento batch: 11.42%
Completamento batch: 12.09%
Completamento batch: 12.76%
Completamento batch: 13.43%
Completamento batch: 14.1%
Completamento batch: 14.78%
Completamento batch: 15.45%
Completamento batch: 16.12%
Completamento batch: 16.79%
Completamento batch: 17.46%
Completamento batch: 18.13%
Completamento batch: 18.81%
Completamento batch: 19.48%
Completamento batch: 20.15%
Completamento batch: 20.82%
Completamento batch: 21.49%
Completamento batch: 22.16%
Completamento batch: 22.84%
Completamento batch: 23.51%
Completamento batch: 24.18%
Completamento batch: 24.85%
Completamento batch: 25.52%
Completamento batch: 26.19%
Completamento batch: 26.87%
Completamento batch: 27.54%
Completamento batch: 28.21%
Completamento batch: 28.88%
Completamento batch: 29.55%
Completamento batch: 30.22%
Completamento batch: 30.9%
Completamento batch: 31.57%
Completamento batch: 32.24%
Completamento batch: 32.91%
Completamento batch: 33.58%
Completamento batch: 34.25%
Completamento batch: 34.93%
Completamento batch: 35.6%
Completamento batch: 36.27%
Completamento batch: 36.94%
Completamento batch: 37.61%
Completamento batch: 38.28%
Completamento batch: 38.96%
Completamento batch: 39.63%
Completamento batch: 40.3%
Completamento batch: 40.97%
Completamento batch: 41.64%
Completamento batch: 42.31%
Completamento batch: 42.99%
Completamento batch: 43.66%
Completamento batch: 44.33%
Completamento batch: 45.0%
Completamento batch: 45.67%
Completamento batch: 46.34%
Completamento batch: 47.01%
Completamento batch: 47.69%
Completamento batch: 48.36%
Completamento batch: 49.03%
Completamento batch: 49.7%
Completamento batch: 50.37%
Completamento batch: 51.04%
Completamento batch: 51.72%
Completamento batch: 52.39%
Completamento batch: 53.06%
Completamento batch: 53.73%
Completamento batch: 54.4%
Completamento batch: 55.07%
Completamento batch: 55.75%
Completamento batch: 56.42%
Completamento batch: 57.09%
Completamento batch: 57.76%
Completamento batch: 58.43%
Completamento batch: 59.1%
Completamento batch: 59.78%
Completamento batch: 60.45%
Completamento batch: 61.12%
Completamento batch: 61.79%
Completamento batch: 62.46%
Completamento batch: 63.13%
Completamento batch: 63.81%
Completamento batch: 64.48%
Completamento batch: 65.15%
Completamento batch: 65.82%
Completamento batch: 66.49%
Completamento batch: 67.16%
Completamento batch: 67.84%
Completamento batch: 68.51%
Completamento batch: 69.18%
Completamento batch: 69.85%
Completamento batch: 70.52%
Completamento batch: 71.19%
Completamento batch: 71.87%
Completamento batch: 72.54%
Completamento batch: 73.21%
Completamento batch: 73.88%
Completamento batch: 74.55%
Completamento batch: 75.22%
Completamento batch: 75.9%
Completamento batch: 76.57%
Completamento batch: 77.24%
Completamento batch: 77.91%
Completamento batch: 78.58%
Completamento batch: 79.25%
Completamento batch: 79.93%
Completamento batch: 80.6%
Completamento batch: 81.27%
Completamento batch: 81.94%
Completamento batch: 82.61%
Completamento batch: 83.28%
Completamento batch: 83.96%
Completamento batch: 84.63%
Completamento batch: 85.3%
Completamento batch: 85.97%
Completamento batch: 86.64%
Completamento batch: 87.31%
Completamento batch: 87.99%
Completamento batch: 88.66%
Completamento batch: 89.33%
Completamento batch: 90.0%
Completamento batch: 90.67%
Completamento batch: 91.34%
Completamento batch: 92.01%
Completamento batch: 92.69%
Completamento batch: 93.36%
Completamento batch: 94.03%
Completamento batch: 94.7%
Completamento batch: 95.37%
Completamento batch: 96.04%
Completamento batch: 96.72%
Completamento batch: 97.39%
Completamento batch: 98.06%
Completamento batch: 98.73%
Completamento batch: 99.4%
Events in batch: 69074
Completamento batch: 0.0%
Completamento batch: 1.45%
Completamento batch: 2.9%
Completamento batch: 4.34%
Completamento batch: 5.79%
Completamento batch: 7.24%
Completamento batch: 8.69%
Completamento batch: 10.13%
Completamento batch: 11.58%
Completamento batch: 13.03%
Completamento batch: 14.48%
Completamento batch: 15.92%
Completamento batch: 17.37%
Completamento batch: 18.82%
Completamento batch: 20.27%
Completamento batch: 21.72%
Completamento batch: 23.16%
Completamento batch: 24.61%
Completamento batch: 26.06%
Completamento batch: 27.51%
Completamento batch: 28.95%
Completamento batch: 30.4%
Completamento batch: 31.85%
Completamento batch: 33.3%
Completamento batch: 34.75%
Completamento batch: 36.19%
Completamento batch: 37.64%
Completamento batch: 39.09%
Completamento batch: 40.54%
Completamento batch: 41.98%
Completamento batch: 43.43%
Completamento batch: 44.88%
Completamento batch: 46.33%
Completamento batch: 47.77%
Completamento batch: 49.22%
Completamento batch: 50.67%
Completamento batch: 52.12%
Completamento batch: 53.57%
Completamento batch: 55.01%
Completamento batch: 56.46%
Completamento batch: 57.91%
Completamento batch: 59.36%
Completamento batch: 60.8%
Completamento batch: 62.25%
Completamento batch: 63.7%
Completamento batch: 65.15%
Completamento batch: 66.6%
Completamento batch: 68.04%
Completamento batch: 69.49%
Completamento batch: 70.94%
Completamento batch: 72.39%
Completamento batch: 73.83%
Completamento batch: 75.28%
Completamento batch: 76.73%
Completamento batch: 78.18%
Completamento batch: 79.62%
Completamento batch: 81.07%
Completamento batch: 82.52%
Completamento batch: 83.97%
Completamento batch: 85.42%
Completamento batch: 86.86%
Completamento batch: 88.31%
Completamento batch: 89.76%
Completamento batch: 91.21%
Completamento batch: 92.65%
Completamento batch: 94.1%
Completamento batch: 95.55%
Completamento batch: 97.0%
Completamento batch: 98.45%
Completamento batch: 99.89%
Events in batch: 99403
Completamento batch: 0.0%
Completamento batch: 1.01%
Completamento batch: 2.01%
Completamento batch: 3.02%
Completamento batch: 4.02%
Completamento batch: 5.03%
Completamento batch: 6.04%
Completamento batch: 7.04%
Completamento batch: 8.05%
Completamento batch: 9.05%
Completamento batch: 10.06%
Completamento batch: 11.07%
Completamento batch: 12.07%
Completamento batch: 13.08%
Completamento batch: 14.08%
Completamento batch: 15.09%
Completamento batch: 16.1%
Completamento batch: 17.1%
Completamento batch: 18.11%
Completamento batch: 19.11%
Completamento batch: 20.12%
Completamento batch: 21.13%
Completamento batch: 22.13%
Completamento batch: 23.14%
Completamento batch: 24.14%
Completamento batch: 25.15%
Completamento batch: 26.16%
Completamento batch: 27.16%
Completamento batch: 28.17%
Completamento batch: 29.17%
Completamento batch: 30.18%
Completamento batch: 31.19%
Completamento batch: 32.19%
Completamento batch: 33.2%
Completamento batch: 34.2%
Completamento batch: 35.21%
Completamento batch: 36.22%
Completamento batch: 37.22%
Completamento batch: 38.23%
Completamento batch: 39.23%
Completamento batch: 40.24%
Completamento batch: 41.25%
Completamento batch: 42.25%
Completamento batch: 43.26%
Completamento batch: 44.26%
Completamento batch: 45.27%
Completamento batch: 46.28%
Completamento batch: 47.28%
Completamento batch: 48.29%
Completamento batch: 49.29%
Completamento batch: 50.3%
Completamento batch: 51.31%
Completamento batch: 52.31%
Completamento batch: 53.32%
Completamento batch: 54.32%
Completamento batch: 55.33%
Completamento batch: 56.34%
Completamento batch: 57.34%
Completamento batch: 58.35%
Completamento batch: 59.35%
Completamento batch: 60.36%
Completamento batch: 61.37%
Completamento batch: 62.37%
Completamento batch: 63.38%
Completamento batch: 64.38%
Completamento batch: 65.39%
Completamento batch: 66.4%
Completamento batch: 67.4%
Completamento batch: 68.41%
Completamento batch: 69.41%
Completamento batch: 70.42%
Completamento batch: 71.43%
Completamento batch: 72.43%
Completamento batch: 73.44%
Completamento batch: 74.44%
Completamento batch: 75.45%
Completamento batch: 76.46%
Completamento batch: 77.46%
Completamento batch: 78.47%
Completamento batch: 79.47%
Completamento batch: 80.48%
Completamento batch: 81.49%
Completamento batch: 82.49%
Completamento batch: 83.5%
Completamento batch: 84.5%
Completamento batch: 85.51%
Completamento batch: 86.52%
Completamento batch: 87.52%
Completamento batch: 88.53%
Completamento batch: 89.53%
Completamento batch: 90.54%
Completamento batch: 91.55%
Completamento batch: 92.55%
Completamento batch: 93.56%
Completamento batch: 94.56%
Completamento batch: 95.57%
Completamento batch: 96.58%
Completamento batch: 97.58%
Completamento batch: 98.59%
Completamento batch: 99.59%
Events in batch: 68363
Completamento batch: 0.0%
Completamento batch: 1.46%
Completamento batch: 2.93%
Completamento batch: 4.39%
Completamento batch: 5.85%
Completamento batch: 7.31%
Completamento batch: 8.78%
Completamento batch: 10.24%
Completamento batch: 11.7%
Completamento batch: 13.17%
Completamento batch: 14.63%
Completamento batch: 16.09%
Completamento batch: 17.55%
Completamento batch: 19.02%
Completamento batch: 20.48%
Completamento batch: 21.94%
Completamento batch: 23.4%
Completamento batch: 24.87%
Completamento batch: 26.33%
Completamento batch: 27.79%
Completamento batch: 29.26%
Completamento batch: 30.72%
Completamento batch: 32.18%
Completamento batch: 33.64%
Completamento batch: 35.11%
Completamento batch: 36.57%
Completamento batch: 38.03%
Completamento batch: 39.5%
Completamento batch: 40.96%
Completamento batch: 42.42%
Completamento batch: 43.88%
Completamento batch: 45.35%
Completamento batch: 46.81%
Completamento batch: 48.27%
Completamento batch: 49.73%
Completamento batch: 51.2%
Completamento batch: 52.66%
Completamento batch: 54.12%
Completamento batch: 55.59%
Completamento batch: 57.05%
Completamento batch: 58.51%
Completamento batch: 59.97%
Completamento batch: 61.44%
Completamento batch: 62.9%
Completamento batch: 64.36%
Completamento batch: 65.83%
Completamento batch: 67.29%
Completamento batch: 68.75%
Completamento batch: 70.21%
Completamento batch: 71.68%
Completamento batch: 73.14%
Completamento batch: 74.6%
Completamento batch: 76.06%
Completamento batch: 77.53%
Completamento batch: 78.99%
Completamento batch: 80.45%
Completamento batch: 81.92%
Completamento batch: 83.38%
Completamento batch: 84.84%
Completamento batch: 86.3%
Completamento batch: 87.77%
Completamento batch: 89.23%
Completamento batch: 90.69%
Completamento batch: 92.16%
Completamento batch: 93.62%
Completamento batch: 95.08%
Completamento batch: 96.54%
Completamento batch: 98.01%
Completamento batch: 99.47%
Events in batch: 45370
Completamento batch: 0.0%
Completamento batch: 2.2%
Completamento batch: 4.41%
Completamento batch: 6.61%
Completamento batch: 8.82%
Completamento batch: 11.02%
Completamento batch: 13.22%
Completamento batch: 15.43%
Completamento batch: 17.63%
Completamento batch: 19.84%
Completamento batch: 22.04%
Completamento batch: 24.25%
Completamento batch: 26.45%
Completamento batch: 28.65%
Completamento batch: 30.86%
Completamento batch: 33.06%
Completamento batch: 35.27%
Completamento batch: 37.47%
Completamento batch: 39.67%
Completamento batch: 41.88%
Completamento batch: 44.08%
Completamento batch: 46.29%
Completamento batch: 48.49%
Completamento batch: 50.69%
Completamento batch: 52.9%
Completamento batch: 55.1%
Completamento batch: 57.31%
Completamento batch: 59.51%
Completamento batch: 61.71%
Completamento batch: 63.92%
Completamento batch: 66.12%
Completamento batch: 68.33%
Completamento batch: 70.53%
Completamento batch: 72.74%
Completamento batch: 74.94%
Completamento batch: 77.14%
Completamento batch: 79.35%
Completamento batch: 81.55%
Completamento batch: 83.76%
Completamento batch: 85.96%
Completamento batch: 88.16%
Completamento batch: 90.37%
Completamento batch: 92.57%
Completamento batch: 94.78%
Completamento batch: 96.98%
Completamento batch: 99.18%
Events in batch: 84130
Completamento batch: 0.0%
Completamento batch: 1.19%
Completamento batch: 2.38%
Completamento batch: 3.57%
Completamento batch: 4.75%
Completamento batch: 5.94%
Completamento batch: 7.13%
Completamento batch: 8.32%
Completamento batch: 9.51%
Completamento batch: 10.7%
Completamento batch: 11.89%
Completamento batch: 13.08%
Completamento batch: 14.26%
Completamento batch: 15.45%
Completamento batch: 16.64%
Completamento batch: 17.83%
Completamento batch: 19.02%
Completamento batch: 20.21%
Completamento batch: 21.4%
Completamento batch: 22.58%
Completamento batch: 23.77%
Completamento batch: 24.96%
Completamento batch: 26.15%
Completamento batch: 27.34%
Completamento batch: 28.53%
Completamento batch: 29.72%
Completamento batch: 30.9%
Completamento batch: 32.09%
Completamento batch: 33.28%
Completamento batch: 34.47%
Completamento batch: 35.66%
Completamento batch: 36.85%
Completamento batch: 38.04%
Completamento batch: 39.23%
Completamento batch: 40.41%
Completamento batch: 41.6%
Completamento batch: 42.79%
Completamento batch: 43.98%
Completamento batch: 45.17%
Completamento batch: 46.36%
Completamento batch: 47.55%
Completamento batch: 48.73%
Completamento batch: 49.92%
Completamento batch: 51.11%
Completamento batch: 52.3%
Completamento batch: 53.49%
Completamento batch: 54.68%
Completamento batch: 55.87%
Completamento batch: 57.05%
Completamento batch: 58.24%
Completamento batch: 59.43%
Completamento batch: 60.62%
Completamento batch: 61.81%
Completamento batch: 63.0%
Completamento batch: 64.19%
Completamento batch: 65.38%
Completamento batch: 66.56%
Completamento batch: 67.75%
Completamento batch: 68.94%
Completamento batch: 70.13%
Completamento batch: 71.32%
Completamento batch: 72.51%
Completamento batch: 73.7%
Completamento batch: 74.88%
Completamento batch: 76.07%
Completamento batch: 77.26%
Completamento batch: 78.45%
Completamento batch: 79.64%
Completamento batch: 80.83%
Completamento batch: 82.02%
Completamento batch: 83.2%
Completamento batch: 84.39%
Completamento batch: 85.58%
Completamento batch: 86.77%
Completamento batch: 87.96%
Completamento batch: 89.15%
Completamento batch: 90.34%
Completamento batch: 91.53%
Completamento batch: 92.71%
Completamento batch: 93.9%
Completamento batch: 95.09%
Completamento batch: 96.28%
Completamento batch: 97.47%
Completamento batch: 98.66%
Completamento batch: 99.85%
Events in batch: 85154
Completamento batch: 0.0%
Completamento batch: 1.17%
Completamento batch: 2.35%
Completamento batch: 3.52%
Completamento batch: 4.7%
Completamento batch: 5.87%
Completamento batch: 7.05%
Completamento batch: 8.22%
Completamento batch: 9.39%
Completamento batch: 10.57%
Completamento batch: 11.74%
Completamento batch: 12.92%
Completamento batch: 14.09%
Completamento batch: 15.27%
Completamento batch: 16.44%
Completamento batch: 17.62%
Completamento batch: 18.79%
Completamento batch: 19.96%
Completamento batch: 21.14%
Completamento batch: 22.31%
Completamento batch: 23.49%
Completamento batch: 24.66%
Completamento batch: 25.84%
Completamento batch: 27.01%
Completamento batch: 28.18%
Completamento batch: 29.36%
Completamento batch: 30.53%
Completamento batch: 31.71%
Completamento batch: 32.88%
Completamento batch: 34.06%
Completamento batch: 35.23%
Completamento batch: 36.4%
Completamento batch: 37.58%
Completamento batch: 38.75%
Completamento batch: 39.93%
Completamento batch: 41.1%
Completamento batch: 42.28%
Completamento batch: 43.45%
Completamento batch: 44.63%
Completamento batch: 45.8%
Completamento batch: 46.97%
Completamento batch: 48.15%
Completamento batch: 49.32%
Completamento batch: 50.5%
Completamento batch: 51.67%
Completamento batch: 52.85%
Completamento batch: 54.02%
Completamento batch: 55.19%
Completamento batch: 56.37%
Completamento batch: 57.54%
Completamento batch: 58.72%
Completamento batch: 59.89%
Completamento batch: 61.07%
Completamento batch: 62.24%
Completamento batch: 63.41%
Completamento batch: 64.59%
Completamento batch: 65.76%
Completamento batch: 66.94%
Completamento batch: 68.11%
Completamento batch: 69.29%
Completamento batch: 70.46%
Completamento batch: 71.63%
Completamento batch: 72.81%
Completamento batch: 73.98%
Completamento batch: 75.16%
Completamento batch: 76.33%
Completamento batch: 77.51%
Completamento batch: 78.68%
Completamento batch: 79.86%
Completamento batch: 81.03%
Completamento batch: 82.2%
Completamento batch: 83.38%
Completamento batch: 84.55%
Completamento batch: 85.73%
Completamento batch: 86.9%
Completamento batch: 88.08%
Completamento batch: 89.25%
Completamento batch: 90.42%
Completamento batch: 91.6%
Completamento batch: 92.77%
Completamento batch: 93.95%
Completamento batch: 95.12%
Completamento batch: 96.3%
Completamento batch: 97.47%
Completamento batch: 98.64%
Completamento batch: 99.82%
Events in batch: 23017
Completamento batch: 0.0%
Completamento batch: 4.34%
Completamento batch: 8.69%
Completamento batch: 13.03%
Completamento batch: 17.38%
Completamento batch: 21.72%
Completamento batch: 26.07%
Completamento batch: 30.41%
Completamento batch: 34.76%
Completamento batch: 39.1%
Completamento batch: 43.45%
Completamento batch: 47.79%
Completamento batch: 52.14%
Completamento batch: 56.48%
Completamento batch: 60.82%
Completamento batch: 65.17%
Completamento batch: 69.51%
Completamento batch: 73.86%
Completamento batch: 78.2%
Completamento batch: 82.55%
Completamento batch: 86.89%
Completamento batch: 91.24%
Completamento batch: 95.58%
Completamento batch: 99.93%
Plot successfully saved
