Completamento cluster 0.0%

 Starting dataset: TT_semilep_2018
Events in batch: 8241
Completamento batch: 0.0%
Completamento batch: 12.13%
Completamento batch: 24.27%
Completamento batch: 36.4%
Completamento batch: 48.54%
Completamento batch: 60.67%
Completamento batch: 72.81%
Completamento batch: 84.94%
Completamento batch: 97.08%
Events in batch: 8022
Completamento batch: 0.0%
Completamento batch: 12.47%
Completamento batch: 24.93%
Completamento batch: 37.4%
Completamento batch: 49.86%
Completamento batch: 62.33%
Completamento batch: 74.79%
Completamento batch: 87.26%
Completamento batch: 99.73%
Events in batch: 5498
Completamento batch: 0.0%
Completamento batch: 18.19%
Completamento batch: 36.38%
Completamento batch: 54.57%
Completamento batch: 72.75%
Completamento batch: 90.94%
Events in batch: 8150
Completamento batch: 0.0%
Completamento batch: 12.27%
Completamento batch: 24.54%
Completamento batch: 36.81%
Completamento batch: 49.08%
Completamento batch: 61.35%
Completamento batch: 73.62%
Completamento batch: 85.89%
Completamento batch: 98.16%
Events in batch: 5354
Completamento batch: 0.0%
Completamento batch: 18.68%
Completamento batch: 37.36%
Completamento batch: 56.03%
Completamento batch: 74.71%
Completamento batch: 93.39%
Events in batch: 5371
Completamento batch: 0.0%
Completamento batch: 18.62%
Completamento batch: 37.24%
Completamento batch: 55.86%
Completamento batch: 74.47%
Completamento batch: 93.09%
Events in batch: 4970
Completamento batch: 0.0%
Completamento batch: 20.12%
Completamento batch: 40.24%
Completamento batch: 60.36%
Completamento batch: 80.48%
Events in batch: 8271
Completamento batch: 0.0%
Completamento batch: 12.09%
Completamento batch: 24.18%
Completamento batch: 36.27%
Completamento batch: 48.36%
Completamento batch: 60.45%
Completamento batch: 72.54%
Completamento batch: 84.63%
Completamento batch: 96.72%
Events in batch: 8079
Completamento batch: 0.0%
Completamento batch: 12.38%
Completamento batch: 24.76%
Completamento batch: 37.13%
Completamento batch: 49.51%
Completamento batch: 61.89%
Completamento batch: 74.27%
Completamento batch: 86.64%
Completamento batch: 99.02%
Events in batch: 7036
Completamento batch: 0.0%
Completamento batch: 14.21%
Completamento batch: 28.43%
Completamento batch: 42.64%
Completamento batch: 56.85%
Completamento batch: 71.06%
Completamento batch: 85.28%
Completamento batch: 99.49%
Events in batch: 6897
Completamento batch: 0.0%
Completamento batch: 14.5%
Completamento batch: 29.0%
Completamento batch: 43.5%
Completamento batch: 58.0%
Completamento batch: 72.5%
Completamento batch: 86.99%
Events in batch: 8281
Completamento batch: 0.0%
Completamento batch: 12.08%
Completamento batch: 24.15%
Completamento batch: 36.23%
Completamento batch: 48.3%
Completamento batch: 60.38%
Completamento batch: 72.46%
Completamento batch: 84.53%
Completamento batch: 96.61%
Events in batch: 8177
Completamento batch: 0.0%
Completamento batch: 12.23%
Completamento batch: 24.46%
Completamento batch: 36.69%
Completamento batch: 48.92%
Completamento batch: 61.15%
Completamento batch: 73.38%
Completamento batch: 85.61%
Completamento batch: 97.84%
Events in batch: 6511
Completamento batch: 0.0%
Completamento batch: 15.36%
Completamento batch: 30.72%
Completamento batch: 46.08%
Completamento batch: 61.43%
Completamento batch: 76.79%
Completamento batch: 92.15%
Events in batch: 4951
Completamento batch: 0.0%
Completamento batch: 20.2%
Completamento batch: 40.4%
Completamento batch: 60.59%
Completamento batch: 80.79%
Events in batch: 5961
Completamento batch: 0.0%
Completamento batch: 16.78%
Completamento batch: 33.55%
Completamento batch: 50.33%
Completamento batch: 67.1%
Completamento batch: 83.88%
Events in batch: 4726
Completamento batch: 0.0%
Completamento batch: 21.16%
Completamento batch: 42.32%
Completamento batch: 63.48%
Completamento batch: 84.64%
Events in batch: 5439
Completamento batch: 0.0%
Completamento batch: 18.39%
Completamento batch: 36.77%
Completamento batch: 55.16%
Completamento batch: 73.54%
Completamento batch: 91.93%
Events in batch: 5419
Completamento batch: 0.0%
Completamento batch: 18.45%
Completamento batch: 36.91%
Completamento batch: 55.36%
Completamento batch: 73.81%
Completamento batch: 92.27%
Events in batch: 4378
Completamento batch: 0.0%
Completamento batch: 22.84%
Completamento batch: 45.68%
Completamento batch: 68.52%
Completamento batch: 91.37%
Events in batch: 4404
Completamento batch: 0.0%
Completamento batch: 22.71%
Completamento batch: 45.41%
Completamento batch: 68.12%
Completamento batch: 90.83%
Events in batch: 4806
Completamento batch: 0.0%
Completamento batch: 20.81%
Completamento batch: 41.61%
Completamento batch: 62.42%
Completamento batch: 83.23%
Events in batch: 1621
Completamento batch: 0.0%
Completamento batch: 61.69%
Events in batch: 7498
Completamento batch: 0.0%
Completamento batch: 13.34%
Completamento batch: 26.67%
Completamento batch: 40.01%
Completamento batch: 53.35%
Completamento batch: 66.68%
Completamento batch: 80.02%
Completamento batch: 93.36%
Events in batch: 8117
Completamento batch: 0.0%
Completamento batch: 12.32%
Completamento batch: 24.64%
Completamento batch: 36.96%
Completamento batch: 49.28%
Completamento batch: 61.6%
Completamento batch: 73.92%
Completamento batch: 86.24%
Completamento batch: 98.56%
Events in batch: 8334
Completamento batch: 0.0%
Completamento batch: 12.0%
Completamento batch: 24.0%
Completamento batch: 36.0%
Completamento batch: 48.0%
Completamento batch: 60.0%
Completamento batch: 71.99%
Completamento batch: 83.99%
Completamento batch: 95.99%
Events in batch: 8094
Completamento batch: 0.0%
Completamento batch: 12.35%
Completamento batch: 24.71%
Completamento batch: 37.06%
Completamento batch: 49.42%
Completamento batch: 61.77%
Completamento batch: 74.13%
Completamento batch: 86.48%
Completamento batch: 98.84%
Events in batch: 7794
Completamento batch: 0.0%
Completamento batch: 12.83%
Completamento batch: 25.66%
Completamento batch: 38.49%
Completamento batch: 51.32%
Completamento batch: 64.15%
Completamento batch: 76.98%
Completamento batch: 89.81%
Events in batch: 8228
Completamento batch: 0.0%
Completamento batch: 12.15%
Completamento batch: 24.31%
Completamento batch: 36.46%
Completamento batch: 48.61%
Completamento batch: 60.77%
Completamento batch: 72.92%
Completamento batch: 85.08%
Completamento batch: 97.23%
Events in batch: 8178
Completamento batch: 0.0%
Completamento batch: 12.23%
Completamento batch: 24.46%
Completamento batch: 36.68%
Completamento batch: 48.91%
Completamento batch: 61.14%
Completamento batch: 73.37%
Completamento batch: 85.6%
Completamento batch: 97.82%
Events in batch: 8072
Completamento batch: 0.0%
Completamento batch: 12.39%
Completamento batch: 24.78%
Completamento batch: 37.17%
Completamento batch: 49.55%
Completamento batch: 61.94%
Completamento batch: 74.33%
Completamento batch: 86.72%
Completamento batch: 99.11%
Events in batch: 5435
Completamento batch: 0.0%
Completamento batch: 18.4%
Completamento batch: 36.8%
Completamento batch: 55.2%
Completamento batch: 73.6%
Completamento batch: 92.0%
Events in batch: 5512
Completamento batch: 0.0%
Completamento batch: 18.14%
Completamento batch: 36.28%
Completamento batch: 54.43%
Completamento batch: 72.57%
Completamento batch: 90.71%
Events in batch: 7095
Completamento batch: 0.0%
Completamento batch: 14.09%
Completamento batch: 28.19%
Completamento batch: 42.28%
Completamento batch: 56.38%
Completamento batch: 70.47%
Completamento batch: 84.57%
Completamento batch: 98.66%
Events in batch: 8283
Completamento batch: 0.0%
Completamento batch: 12.07%
Completamento batch: 24.15%
Completamento batch: 36.22%
Completamento batch: 48.29%
Completamento batch: 60.36%
Completamento batch: 72.44%
Completamento batch: 84.51%
Completamento batch: 96.58%
Events in batch: 6748
Completamento batch: 0.0%
Completamento batch: 14.82%
Completamento batch: 29.64%
Completamento batch: 44.46%
Completamento batch: 59.28%
Completamento batch: 74.1%
Completamento batch: 88.92%
Events in batch: 6579
Completamento batch: 0.0%
Completamento batch: 15.2%
Completamento batch: 30.4%
Completamento batch: 45.6%
Completamento batch: 60.8%
Completamento batch: 76.0%
Completamento batch: 91.2%
Events in batch: 6104
Completamento batch: 0.0%
Completamento batch: 16.38%
Completamento batch: 32.77%
Completamento batch: 49.15%
Completamento batch: 65.53%
Completamento batch: 81.91%
Completamento batch: 98.3%
Events in batch: 7078
Completamento batch: 0.0%
Completamento batch: 14.13%
Completamento batch: 28.26%
Completamento batch: 42.38%
Completamento batch: 56.51%
Completamento batch: 70.64%
Completamento batch: 84.77%
Completamento batch: 98.9%
Events in batch: 7108
Completamento batch: 0.0%
Completamento batch: 14.07%
Completamento batch: 28.14%
Completamento batch: 42.21%
Completamento batch: 56.27%
Completamento batch: 70.34%
Completamento batch: 84.41%
Completamento batch: 98.48%
Events in batch: 7077
Completamento batch: 0.0%
Completamento batch: 14.13%
Completamento batch: 28.26%
Completamento batch: 42.39%
Completamento batch: 56.52%
Completamento batch: 70.65%
Completamento batch: 84.78%
Completamento batch: 98.91%
Events in batch: 7658
Completamento batch: 0.0%
Completamento batch: 13.06%
Completamento batch: 26.12%
Completamento batch: 39.17%
Completamento batch: 52.23%
Completamento batch: 65.29%
Completamento batch: 78.35%
Completamento batch: 91.41%
Events in batch: 8116
Completamento batch: 0.0%
Completamento batch: 12.32%
Completamento batch: 24.64%
Completamento batch: 36.96%
Completamento batch: 49.29%
Completamento batch: 61.61%
Completamento batch: 73.93%
Completamento batch: 86.25%
Completamento batch: 98.57%
Events in batch: 4923
Completamento batch: 0.0%
Completamento batch: 20.31%
Completamento batch: 40.63%
Completamento batch: 60.94%
Completamento batch: 81.25%
Events in batch: 7832
Completamento batch: 0.0%
Completamento batch: 12.77%
Completamento batch: 25.54%
Completamento batch: 38.3%
Completamento batch: 51.07%
Completamento batch: 63.84%
Completamento batch: 76.61%
Completamento batch: 89.38%
Events in batch: 8336
Completamento batch: 0.0%
Completamento batch: 12.0%
Completamento batch: 23.99%
Completamento batch: 35.99%
Completamento batch: 47.98%
Completamento batch: 59.98%
Completamento batch: 71.98%
Completamento batch: 83.97%
Completamento batch: 95.97%
Events in batch: 6566
Completamento batch: 0.0%
Completamento batch: 15.23%
Completamento batch: 30.46%
Completamento batch: 45.69%
Completamento batch: 60.92%
Completamento batch: 76.15%
Completamento batch: 91.38%
Events in batch: 7569
Completamento batch: 0.0%
Completamento batch: 13.21%
Completamento batch: 26.42%
Completamento batch: 39.64%
Completamento batch: 52.85%
Completamento batch: 66.06%
Completamento batch: 79.27%
Completamento batch: 92.48%
Events in batch: 8216
Completamento batch: 0.0%
Completamento batch: 12.17%
Completamento batch: 24.34%
Completamento batch: 36.51%
Completamento batch: 48.69%
Completamento batch: 60.86%
Completamento batch: 73.03%
Completamento batch: 85.2%
Completamento batch: 97.37%
Events in batch: 6597
Completamento batch: 0.0%
Completamento batch: 15.16%
Completamento batch: 30.32%
Completamento batch: 45.48%
Completamento batch: 60.63%
Completamento batch: 75.79%
Completamento batch: 90.95%
Events in batch: 6662
Completamento batch: 0.0%
Completamento batch: 15.01%
Completamento batch: 30.02%
Completamento batch: 45.03%
Completamento batch: 60.04%
Completamento batch: 75.05%
Completamento batch: 90.06%
Events in batch: 4333
Completamento batch: 0.0%
Completamento batch: 23.08%
Completamento batch: 46.16%
Completamento batch: 69.24%
Completamento batch: 92.31%
Events in batch: 5625
Completamento batch: 0.0%
Completamento batch: 17.78%
Completamento batch: 35.56%
Completamento batch: 53.33%
Completamento batch: 71.11%
Completamento batch: 88.89%
Events in batch: 4394
Completamento batch: 0.0%
Completamento batch: 22.76%
Completamento batch: 45.52%
Completamento batch: 68.27%
Completamento batch: 91.03%
Events in batch: 8071
Completamento batch: 0.0%
Completamento batch: 12.39%
Completamento batch: 24.78%
Completamento batch: 37.17%
Completamento batch: 49.56%
Completamento batch: 61.95%
Completamento batch: 74.34%
Completamento batch: 86.73%
Completamento batch: 99.12%
Events in batch: 4215
Completamento batch: 0.0%
Completamento batch: 23.72%
Completamento batch: 47.45%
Completamento batch: 71.17%
Completamento batch: 94.9%
Events in batch: 6897
Completamento batch: 0.0%
Completamento batch: 14.5%
Completamento batch: 29.0%
Completamento batch: 43.5%
Completamento batch: 58.0%
Completamento batch: 72.5%
Completamento batch: 86.99%
Events in batch: 5986
Completamento batch: 0.0%
Completamento batch: 16.71%
Completamento batch: 33.41%
Completamento batch: 50.12%
Completamento batch: 66.82%
Completamento batch: 83.53%
Events in batch: 5637
Completamento batch: 0.0%
Completamento batch: 17.74%
Completamento batch: 35.48%
Completamento batch: 53.22%
Completamento batch: 70.96%
Completamento batch: 88.7%
Events in batch: 4853
Completamento batch: 0.0%
Completamento batch: 20.61%
Completamento batch: 41.21%
Completamento batch: 61.82%
Completamento batch: 82.42%
Events in batch: 5508
Completamento batch: 0.0%
Completamento batch: 18.16%
Completamento batch: 36.31%
Completamento batch: 54.47%
Completamento batch: 72.62%
Completamento batch: 90.78%
Events in batch: 4344
Completamento batch: 0.0%
Completamento batch: 23.02%
Completamento batch: 46.04%
Completamento batch: 69.06%
Completamento batch: 92.08%
Events in batch: 5983
Completamento batch: 0.0%
Completamento batch: 16.71%
Completamento batch: 33.43%
Completamento batch: 50.14%
Completamento batch: 66.86%
Completamento batch: 83.57%
Events in batch: 5430
Completamento batch: 0.0%
Completamento batch: 18.42%
Completamento batch: 36.83%
Completamento batch: 55.25%
Completamento batch: 73.66%
Completamento batch: 92.08%
Events in batch: 5896
Completamento batch: 0.0%
Completamento batch: 16.96%
Completamento batch: 33.92%
Completamento batch: 50.88%
Completamento batch: 67.84%
Completamento batch: 84.8%
Events in batch: 8215
Completamento batch: 0.0%
Completamento batch: 12.17%
Completamento batch: 24.35%
Completamento batch: 36.52%
Completamento batch: 48.69%
Completamento batch: 60.86%
Completamento batch: 73.04%
Completamento batch: 85.21%
Completamento batch: 97.38%
Events in batch: 4877
Completamento batch: 0.0%
Completamento batch: 20.5%
Completamento batch: 41.01%
Completamento batch: 61.51%
Completamento batch: 82.02%
Events in batch: 5471
Completamento batch: 0.0%
Completamento batch: 18.28%
Completamento batch: 36.56%
Completamento batch: 54.83%
Completamento batch: 73.11%
Completamento batch: 91.39%
Events in batch: 4308
Completamento batch: 0.0%
Completamento batch: 23.21%
Completamento batch: 46.43%
Completamento batch: 69.64%
Completamento batch: 92.85%
Events in batch: 4988
Completamento batch: 0.0%
Completamento batch: 20.05%
Completamento batch: 40.1%
Completamento batch: 60.14%
Completamento batch: 80.19%
Events in batch: 6582
Completamento batch: 0.0%
Completamento batch: 15.19%
Completamento batch: 30.39%
Completamento batch: 45.58%
Completamento batch: 60.77%
Completamento batch: 75.96%
Completamento batch: 91.16%
Events in batch: 5493
Completamento batch: 0.0%
Completamento batch: 18.2%
Completamento batch: 36.41%
Completamento batch: 54.61%
Completamento batch: 72.82%
Completamento batch: 91.02%
Events in batch: 5389
Completamento batch: 0.0%
Completamento batch: 18.56%
Completamento batch: 37.11%
Completamento batch: 55.67%
Completamento batch: 74.23%
Completamento batch: 92.78%
Events in batch: 4195
Completamento batch: 0.0%
Completamento batch: 23.84%
Completamento batch: 47.68%
Completamento batch: 71.51%
Completamento batch: 95.35%
Events in batch: 5900
Completamento batch: 0.0%
Completamento batch: 16.95%
Completamento batch: 33.9%
Completamento batch: 50.85%
Completamento batch: 67.8%
Completamento batch: 84.75%
Events in batch: 4440
Completamento batch: 0.0%
Completamento batch: 22.52%
Completamento batch: 45.05%
Completamento batch: 67.57%
Completamento batch: 90.09%
Events in batch: 4881
Completamento batch: 0.0%
Completamento batch: 20.49%
Completamento batch: 40.98%
Completamento batch: 61.46%
Completamento batch: 81.95%
Events in batch: 4446
Completamento batch: 0.0%
Completamento batch: 22.49%
Completamento batch: 44.98%
Completamento batch: 67.48%
Completamento batch: 89.97%
Events in batch: 4362
Completamento batch: 0.0%
Completamento batch: 22.93%
Completamento batch: 45.85%
Completamento batch: 68.78%
Completamento batch: 91.7%
Events in batch: 6573
Completamento batch: 0.0%
Completamento batch: 15.21%
Completamento batch: 30.43%
Completamento batch: 45.64%
Completamento batch: 60.86%
Completamento batch: 76.07%
Completamento batch: 91.28%
Events in batch: 2806
Completamento batch: 0.0%
Completamento batch: 35.64%
Completamento batch: 71.28%
Events in batch: 3946
Completamento batch: 0.0%
Completamento batch: 25.34%
Completamento batch: 50.68%
Completamento batch: 76.03%
Events in batch: 4465
Completamento batch: 0.0%
Completamento batch: 22.4%
Completamento batch: 44.79%
Completamento batch: 67.19%
Completamento batch: 89.59%
Events in batch: 2677
Completamento batch: 0.0%
Completamento batch: 37.36%
Completamento batch: 74.71%
Events in batch: 3339
Completamento batch: 0.0%
Completamento batch: 29.95%
Completamento batch: 59.9%
Completamento batch: 89.85%
Events in batch: 4391
Completamento batch: 0.0%
Completamento batch: 22.77%
Completamento batch: 45.55%
Completamento batch: 68.32%
Completamento batch: 91.1%
Events in batch: 587
Completamento batch: 0.0%
Plot successfully saved
