Completamento cluster 0.0%

 Starting dataset: TprimeToTZ_1000_2018
Events in batch: 8213
Completamento batch: 0.0%
Completamento batch: 12.18%
Completamento batch: 24.35%
Completamento batch: 36.53%
Completamento batch: 48.7%
Completamento batch: 60.88%
Completamento batch: 73.05%
Completamento batch: 85.23%
Completamento batch: 97.41%
Events in batch: 4965
Completamento batch: 0.0%
Completamento batch: 20.14%
Completamento batch: 40.28%
Completamento batch: 60.42%
Completamento batch: 80.56%
Events in batch: 1196
Completamento batch: 0.0%
Completamento batch: 83.61%
Events in batch: 603
Completamento batch: 0.0%
Events in batch: 6287
Completamento batch: 0.0%
Completamento batch: 15.91%
Completamento batch: 31.81%
Completamento batch: 47.72%
Completamento batch: 63.62%
Completamento batch: 79.53%
Completamento batch: 95.44%
Events in batch: 6012
Completamento batch: 0.0%
Completamento batch: 16.63%
Completamento batch: 33.27%
Completamento batch: 49.9%
Completamento batch: 66.53%
Completamento batch: 83.17%
Completamento batch: 99.8%
Events in batch: 3968
Completamento batch: 0.0%
Completamento batch: 25.2%
Completamento batch: 50.4%
Completamento batch: 75.6%
Events in batch: 4639
Completamento batch: 0.0%
Completamento batch: 21.56%
Completamento batch: 43.11%
Completamento batch: 64.67%
Completamento batch: 86.23%
Events in batch: 1543
Completamento batch: 0.0%
Completamento batch: 64.81%
Events in batch: 1207
Completamento batch: 0.0%
Completamento batch: 82.85%
Events in batch: 598
Completamento batch: 0.0%
Events in batch: 211
Completamento batch: 0.0%
Plot successfully saved
