Completamento cluster 0.0%

 Starting dataset: ZJetsToNuNu_HT800to1200_2018
Events in batch: 155950
Completamento batch: 0.0%
Completamento batch: 0.64%
Completamento batch: 1.28%
Completamento batch: 1.92%
Completamento batch: 2.56%
Completamento batch: 3.21%
Completamento batch: 3.85%
Completamento batch: 4.49%
Completamento batch: 5.13%
Completamento batch: 5.77%
Completamento batch: 6.41%
Completamento batch: 7.05%
Completamento batch: 7.69%
Completamento batch: 8.34%
Completamento batch: 8.98%
Completamento batch: 9.62%
Completamento batch: 10.26%
Completamento batch: 10.9%
Completamento batch: 11.54%
Completamento batch: 12.18%
Completamento batch: 12.82%
Completamento batch: 13.47%
Completamento batch: 14.11%
Completamento batch: 14.75%
Completamento batch: 15.39%
Completamento batch: 16.03%
Completamento batch: 16.67%
Completamento batch: 17.31%
Completamento batch: 17.95%
Completamento batch: 18.6%
Completamento batch: 19.24%
Completamento batch: 19.88%
Completamento batch: 20.52%
Completamento batch: 21.16%
Completamento batch: 21.8%
Completamento batch: 22.44%
Completamento batch: 23.08%
Completamento batch: 23.73%
Completamento batch: 24.37%
Completamento batch: 25.01%
Completamento batch: 25.65%
Completamento batch: 26.29%
Completamento batch: 26.93%
Completamento batch: 27.57%
Completamento batch: 28.21%
Completamento batch: 28.86%
Completamento batch: 29.5%
Completamento batch: 30.14%
Completamento batch: 30.78%
Completamento batch: 31.42%
Completamento batch: 32.06%
Completamento batch: 32.7%
Completamento batch: 33.34%
Completamento batch: 33.99%
Completamento batch: 34.63%
Completamento batch: 35.27%
Completamento batch: 35.91%
Completamento batch: 36.55%
Completamento batch: 37.19%
Completamento batch: 37.83%
Completamento batch: 38.47%
Completamento batch: 39.12%
Completamento batch: 39.76%
Completamento batch: 40.4%
Completamento batch: 41.04%
Completamento batch: 41.68%
Completamento batch: 42.32%
Completamento batch: 42.96%
Completamento batch: 43.6%
Completamento batch: 44.24%
Completamento batch: 44.89%
Completamento batch: 45.53%
Completamento batch: 46.17%
Completamento batch: 46.81%
Completamento batch: 47.45%
Completamento batch: 48.09%
Completamento batch: 48.73%
Completamento batch: 49.37%
Completamento batch: 50.02%
Completamento batch: 50.66%
Completamento batch: 51.3%
Completamento batch: 51.94%
Completamento batch: 52.58%
Completamento batch: 53.22%
Completamento batch: 53.86%
Completamento batch: 54.5%
Completamento batch: 55.15%
Completamento batch: 55.79%
Completamento batch: 56.43%
Completamento batch: 57.07%
Completamento batch: 57.71%
Completamento batch: 58.35%
Completamento batch: 58.99%
Completamento batch: 59.63%
Completamento batch: 60.28%
Completamento batch: 60.92%
Completamento batch: 61.56%
Completamento batch: 62.2%
Completamento batch: 62.84%
Completamento batch: 63.48%
Completamento batch: 64.12%
Completamento batch: 64.76%
Completamento batch: 65.41%
Completamento batch: 66.05%
Completamento batch: 66.69%
Completamento batch: 67.33%
Completamento batch: 67.97%
Completamento batch: 68.61%
Completamento batch: 69.25%
Completamento batch: 69.89%
Completamento batch: 70.54%
Completamento batch: 71.18%
Completamento batch: 71.82%
Completamento batch: 72.46%
Completamento batch: 73.1%
Completamento batch: 73.74%
Completamento batch: 74.38%
Completamento batch: 75.02%
Completamento batch: 75.67%
Completamento batch: 76.31%
Completamento batch: 76.95%
Completamento batch: 77.59%
Completamento batch: 78.23%
Completamento batch: 78.87%
Completamento batch: 79.51%
Completamento batch: 80.15%
Completamento batch: 80.8%
Completamento batch: 81.44%
Completamento batch: 82.08%
Completamento batch: 82.72%
Completamento batch: 83.36%
Completamento batch: 84.0%
Completamento batch: 84.64%
Completamento batch: 85.28%
Completamento batch: 85.92%
Completamento batch: 86.57%
Completamento batch: 87.21%
Completamento batch: 87.85%
Completamento batch: 88.49%
Completamento batch: 89.13%
Completamento batch: 89.77%
Completamento batch: 90.41%
Completamento batch: 91.05%
Completamento batch: 91.7%
Completamento batch: 92.34%
Completamento batch: 92.98%
Completamento batch: 93.62%
Completamento batch: 94.26%
Completamento batch: 94.9%
Completamento batch: 95.54%
Completamento batch: 96.18%
Completamento batch: 96.83%
Completamento batch: 97.47%
Completamento batch: 98.11%
Completamento batch: 98.75%
Completamento batch: 99.39%
Events in batch: 40530
Completamento batch: 0.0%
Completamento batch: 2.47%
Completamento batch: 4.93%
Completamento batch: 7.4%
Completamento batch: 9.87%
Completamento batch: 12.34%
Completamento batch: 14.8%
Completamento batch: 17.27%
Completamento batch: 19.74%
Completamento batch: 22.21%
Completamento batch: 24.67%
Completamento batch: 27.14%
Completamento batch: 29.61%
Completamento batch: 32.08%
Completamento batch: 34.54%
Completamento batch: 37.01%
Completamento batch: 39.48%
Completamento batch: 41.94%
Completamento batch: 44.41%
Completamento batch: 46.88%
Completamento batch: 49.35%
Completamento batch: 51.81%
Completamento batch: 54.28%
Completamento batch: 56.75%
Completamento batch: 59.22%
Completamento batch: 61.68%
Completamento batch: 64.15%
Completamento batch: 66.62%
Completamento batch: 69.08%
Completamento batch: 71.55%
Completamento batch: 74.02%
Completamento batch: 76.49%
Completamento batch: 78.95%
Completamento batch: 81.42%
Completamento batch: 83.89%
Completamento batch: 86.36%
Completamento batch: 88.82%
Completamento batch: 91.29%
Completamento batch: 93.76%
Completamento batch: 96.23%
Completamento batch: 98.69%
Events in batch: 95235
Completamento batch: 0.0%
Completamento batch: 1.05%
Completamento batch: 2.1%
Completamento batch: 3.15%
Completamento batch: 4.2%
Completamento batch: 5.25%
Completamento batch: 6.3%
Completamento batch: 7.35%
Completamento batch: 8.4%
Completamento batch: 9.45%
Completamento batch: 10.5%
Completamento batch: 11.55%
Completamento batch: 12.6%
Completamento batch: 13.65%
Completamento batch: 14.7%
Completamento batch: 15.75%
Completamento batch: 16.8%
Completamento batch: 17.85%
Completamento batch: 18.9%
Completamento batch: 19.95%
Completamento batch: 21.0%
Completamento batch: 22.05%
Completamento batch: 23.1%
Completamento batch: 24.15%
Completamento batch: 25.2%
Completamento batch: 26.25%
Completamento batch: 27.3%
Completamento batch: 28.35%
Completamento batch: 29.4%
Completamento batch: 30.45%
Completamento batch: 31.5%
Completamento batch: 32.55%
Completamento batch: 33.6%
Completamento batch: 34.65%
Completamento batch: 35.7%
Completamento batch: 36.75%
Completamento batch: 37.8%
Completamento batch: 38.85%
Completamento batch: 39.9%
Completamento batch: 40.95%
Completamento batch: 42.0%
Completamento batch: 43.05%
Completamento batch: 44.1%
Completamento batch: 45.15%
Completamento batch: 46.2%
Completamento batch: 47.25%
Completamento batch: 48.3%
Completamento batch: 49.35%
Completamento batch: 50.4%
Completamento batch: 51.45%
Completamento batch: 52.5%
Completamento batch: 53.55%
Completamento batch: 54.6%
Completamento batch: 55.65%
Completamento batch: 56.7%
Completamento batch: 57.75%
Completamento batch: 58.8%
Completamento batch: 59.85%
Completamento batch: 60.9%
Completamento batch: 61.95%
Completamento batch: 63.0%
Completamento batch: 64.05%
Completamento batch: 65.1%
Completamento batch: 66.15%
Completamento batch: 67.2%
Completamento batch: 68.25%
Completamento batch: 69.3%
Completamento batch: 70.35%
Completamento batch: 71.4%
Completamento batch: 72.45%
Completamento batch: 73.5%
Completamento batch: 74.55%
Completamento batch: 75.6%
Completamento batch: 76.65%
Completamento batch: 77.7%
Completamento batch: 78.75%
Completamento batch: 79.8%
Completamento batch: 80.85%
Completamento batch: 81.9%
Completamento batch: 82.95%
Completamento batch: 84.0%
Completamento batch: 85.05%
Completamento batch: 86.1%
Completamento batch: 87.15%
Completamento batch: 88.2%
Completamento batch: 89.25%
Completamento batch: 90.3%
Completamento batch: 91.35%
Completamento batch: 92.4%
Completamento batch: 93.45%
Completamento batch: 94.5%
Completamento batch: 95.55%
Completamento batch: 96.6%
Completamento batch: 97.65%
Completamento batch: 98.7%
Completamento batch: 99.75%
Events in batch: 47605
Completamento batch: 0.0%
Completamento batch: 2.1%
Completamento batch: 4.2%
Completamento batch: 6.3%
Completamento batch: 8.4%
Completamento batch: 10.5%
Completamento batch: 12.6%
Completamento batch: 14.7%
Completamento batch: 16.8%
Completamento batch: 18.91%
Completamento batch: 21.01%
Completamento batch: 23.11%
Completamento batch: 25.21%
Completamento batch: 27.31%
Completamento batch: 29.41%
Completamento batch: 31.51%
Completamento batch: 33.61%
Completamento batch: 35.71%
Completamento batch: 37.81%
Completamento batch: 39.91%
Completamento batch: 42.01%
Completamento batch: 44.11%
Completamento batch: 46.21%
Completamento batch: 48.31%
Completamento batch: 50.41%
Completamento batch: 52.52%
Completamento batch: 54.62%
Completamento batch: 56.72%
Completamento batch: 58.82%
Completamento batch: 60.92%
Completamento batch: 63.02%
Completamento batch: 65.12%
Completamento batch: 67.22%
Completamento batch: 69.32%
Completamento batch: 71.42%
Completamento batch: 73.52%
Completamento batch: 75.62%
Completamento batch: 77.72%
Completamento batch: 79.82%
Completamento batch: 81.92%
Completamento batch: 84.02%
Completamento batch: 86.13%
Completamento batch: 88.23%
Completamento batch: 90.33%
Completamento batch: 92.43%
Completamento batch: 94.53%
Completamento batch: 96.63%
Completamento batch: 98.73%
Events in batch: 2571
Completamento batch: 0.0%
Completamento batch: 38.9%
Completamento batch: 77.79%
Plot successfully saved
